#
# There is insufficient memory for the Java Runtime Environment to continue.
# Native memory allocation (malloc) failed to allocate 1165456 bytes for Chunk::new
# Possible reasons:
#   The system is out of physical RAM or swap space
#   The process is running with CompressedOops enabled, and the Java Heap may be blocking the growth of the native heap
# Possible solutions:
#   Reduce memory load on the system
#   Increase physical memory or swap space
#   Check if swap backing store is full
#   Decrease Java heap size (-Xmx/-Xms)
#   Decrease number of Java threads
#   Decrease Java thread stack sizes (-Xss)
#   Set larger code cache with -XX:ReservedCodeCacheSize=
#   JVM is running with Zero Based Compressed Oops mode in which the Java heap is
#     placed in the first 32GB address space. The Java Heap base address is the
#     maximum limit for the native heap growth. Please use -XX:HeapBaseMinAddress
#     to set the Java Heap base and to place the Java Heap above 32GB virtual address.
# This output file may be truncated or incomplete.
#
#  Out of Memory Error (arena.cpp:197), pid=36420, tid=37096
#
# JRE version: OpenJDK Runtime Environment Corretto-11.0.25.9.1 (11.0.25+9) (build 11.0.25+9-LTS)
# Java VM: OpenJDK 64-Bit Server VM Corretto-11.0.25.9.1 (11.0.25+9-LTS, mixed mode, tiered, compressed oops, g1 gc, windows-amd64)
# No core dump will be written. Minidumps are not enabled by default on client versions of Windows
#

---------------  S U M M A R Y ------------

Command Line: C:\Users\22183\AppData\Local\Temp\surefire4037962578897841438\surefirebooter-20251008021400774_3.jar C:\Users\22183\AppData\Local\Temp\surefire4037962578897841438 2025-10-08T02-14-00_142-jvmRun1 surefire-20251008021400774_1tmp surefire_0-20251008021400774_2tmp

Host: 12th Gen Intel(R) Core(TM) i7-1255U, 12 cores, 15G,  Windows 11 , 64 bit Build 22000 (10.0.22000.2538)
Time: Wed Oct  8 02:14:15 2025  Windows 11 , 64 bit Build 22000 (10.0.22000.2538) elapsed time: 14.151705 seconds (0d 0h 0m 14s)

---------------  T H R E A D  ---------------

Current thread (0x000002206b9ef000):  JavaThread "C2 CompilerThread0" daemon [_thread_in_native, id=37096, stack(0x0000004553900000,0x0000004553a00000)]


Current CompileTask:
C2:  14151 5902       4       org.springframework.boot.context.properties.source.ConfigurationPropertyName::isAncestorOf (25 bytes)

Stack: [0x0000004553900000,0x0000004553a00000]
Native frames: (J=compiled Java code, j=interpreted, Vv=VM code, C=native code)
V  [jvm.dll+0x64644a]
V  [jvm.dll+0x7daca9]
V  [jvm.dll+0x7dc3a9]
V  [jvm.dll+0x7dca93]
V  [jvm.dll+0x269da5]
V  [jvm.dll+0xc217c]
V  [jvm.dll+0xc272c]
V  [jvm.dll+0x2dc162]
V  [jvm.dll+0x55130b]
V  [jvm.dll+0x22a7e1]
V  [jvm.dll+0x224179]
V  [jvm.dll+0x220cf4]
V  [jvm.dll+0x19ea01]
V  [jvm.dll+0x230cb9]
V  [jvm.dll+0x22ee2f]
V  [jvm.dll+0x79bed1]
V  [jvm.dll+0x794ba4]
V  [jvm.dll+0x645205]
C  [ucrtbase.dll+0x26c0c]
C  [KERNEL32.DLL+0x153e0]
C  [ntdll.dll+0x485b]


---------------  P R O C E S S  ---------------

Threads class SMR info:
_java_thread_list=0x000002206f202990, length=15, elements={
0x00000220465c4800, 0x000002206b967800, 0x000002206b98b800, 0x000002206b9a0800,
0x000002206b9a4000, 0x000002206b9e8800, 0x000002206b9ef000, 0x000002206b9f2000,
0x000002206b9fb800, 0x000002206bb64800, 0x000002206bb8c800, 0x000002206c40d800,
0x00000220707fd800, 0x000002207075f800, 0x00000220715b0800
}

Java Threads: ( => current thread )
  0x00000220465c4800 JavaThread "main" [_thread_in_native, id=36984, stack(0x0000004552d00000,0x0000004552e00000)]
  0x000002206b967800 JavaThread "Reference Handler" daemon [_thread_blocked, id=18172, stack(0x0000004553400000,0x0000004553500000)]
  0x000002206b98b800 JavaThread "Finalizer" daemon [_thread_blocked, id=13276, stack(0x0000004553500000,0x0000004553600000)]
  0x000002206b9a0800 JavaThread "Signal Dispatcher" daemon [_thread_blocked, id=29936, stack(0x0000004553600000,0x0000004553700000)]
  0x000002206b9a4000 JavaThread "Attach Listener" daemon [_thread_blocked, id=37480, stack(0x0000004553700000,0x0000004553800000)]
  0x000002206b9e8800 JavaThread "Service Thread" daemon [_thread_blocked, id=36876, stack(0x0000004553800000,0x0000004553900000)]
=>0x000002206b9ef000 JavaThread "C2 CompilerThread0" daemon [_thread_in_native, id=37096, stack(0x0000004553900000,0x0000004553a00000)]
  0x000002206b9f2000 JavaThread "C1 CompilerThread0" daemon [_thread_blocked, id=37276, stack(0x0000004553a00000,0x0000004553b00000)]
  0x000002206b9fb800 JavaThread "Sweeper thread" daemon [_thread_blocked, id=27228, stack(0x0000004553b00000,0x0000004553c00000)]
  0x000002206bb64800 JavaThread "Common-Cleaner" daemon [_thread_blocked, id=21924, stack(0x0000004553d00000,0x0000004553e00000)]
  0x000002206bb8c800 JavaThread "surefire-forkedjvm-stream-flusher" daemon [_thread_blocked, id=1116, stack(0x0000004554a00000,0x0000004554b00000)]
  0x000002206c40d800 JavaThread "surefire-forkedjvm-command-thread" daemon [_thread_in_native, id=37232, stack(0x0000004554c00000,0x0000004554d00000)]
  0x00000220707fd800 JavaThread "mysql-cj-abandoned-connection-cleanup" daemon [_thread_blocked, id=2940, stack(0x0000004555500000,0x0000004555600000)]
  0x000002207075f800 JavaThread "Thread-2" daemon [_thread_blocked, id=37120, stack(0x0000004554d00000,0x0000004554e00000)]
  0x00000220715b0800 JavaThread "lettuce-timer-3-1" daemon [_thread_blocked, id=37464, stack(0x0000004555600000,0x0000004555700000)]

Other Threads:
  0x000002206b966000 VMThread "VM Thread" [stack: 0x0000004553300000,0x0000004553400000] [id=37500]
  0x000002206bb5e800 WatcherThread [stack: 0x0000004553c00000,0x0000004553d00000] [id=34272]
  0x00000220465de000 GCTaskThread "GC Thread#0" [stack: 0x0000004552e00000,0x0000004552f00000] [id=37248]
  0x000002206d0a8000 GCTaskThread "GC Thread#1" [stack: 0x0000004554e00000,0x0000004554f00000] [id=32832]
  0x000002206cef2800 GCTaskThread "GC Thread#2" [stack: 0x0000004554f00000,0x0000004555000000] [id=372]
  0x000002206cb6a800 GCTaskThread "GC Thread#3" [stack: 0x0000004555000000,0x0000004555100000] [id=32704]
  0x000002206cef4800 GCTaskThread "GC Thread#4" [stack: 0x0000004555100000,0x0000004555200000] [id=23520]
  0x000002206cef5000 GCTaskThread "GC Thread#5" [stack: 0x0000004555200000,0x0000004555300000] [id=33072]
  0x000002206e850800 GCTaskThread "GC Thread#6" [stack: 0x0000004555700000,0x0000004555800000] [id=16416]
  0x0000022046638000 ConcurrentGCThread "G1 Main Marker" [stack: 0x0000004552f00000,0x0000004553000000] [id=2876]
  0x0000022046639800 ConcurrentGCThread "G1 Conc#0" [stack: 0x0000004553000000,0x0000004553100000] [id=13404]
  0x000002206d465800 ConcurrentGCThread "G1 Conc#1" [stack: 0x0000004555300000,0x0000004555400000] [id=34996]
  0x000002206d451000 ConcurrentGCThread "G1 Conc#2" [stack: 0x0000004555400000,0x0000004555500000] [id=35068]
  0x000002206ab8c800 ConcurrentGCThread "G1 Refine#0" [stack: 0x0000004553100000,0x0000004553200000] [id=5632]
  0x000002206ab8d800 ConcurrentGCThread "G1 Young RemSet Sampling" [stack: 0x0000004553200000,0x0000004553300000] [id=4564]

Threads with active compile tasks:
C2 CompilerThread0    14213 5902       4       org.springframework.boot.context.properties.source.ConfigurationPropertyName::isAncestorOf (25 bytes)

VM state:not at safepoint (normal execution)

VM Mutex/Monitor currently owned by a thread: None

Heap address: 0x0000000704800000, size: 4024 MB, Compressed Oops mode: Zero based, Oop shift amount: 3
Narrow klass base: 0x0000000800000000, Narrow klass shift: 0
Compressed class space size: 1073741824 Address: 0x0000000800000000

Heap:
 garbage-first heap   total 310272K, used 154352K [0x0000000704800000, 0x0000000800000000)
  region size 1024K, 132 young (135168K), 17 survivors (17408K)
 Metaspace       used 72250K, capacity 74257K, committed 74496K, reserved 1114112K
  class space    used 8619K, capacity 9445K, committed 9472K, reserved 1048576K
Heap Regions: E=young(eden), S=young(survivor), O=old, HS=humongous(starts), HC=humongous(continues), CS=collection set, F=free, A=archive, TAMS=top-at-mark-start (previous, next)
|   0|0x0000000704800000, 0x0000000704900000, 0x0000000704900000|100%| O|  |TAMS 0x0000000704900000, 0x0000000704800000| Untracked 
|   1|0x0000000704900000, 0x0000000704a00000, 0x0000000704a00000|100%| O|  |TAMS 0x0000000704a00000, 0x0000000704900000| Untracked 
|   2|0x0000000704a00000, 0x0000000704b00000, 0x0000000704b00000|100%| O|  |TAMS 0x0000000704b00000, 0x0000000704a00000| Untracked 
|   3|0x0000000704b00000, 0x0000000704c00000, 0x0000000704c00000|100%| O|  |TAMS 0x0000000704c00000, 0x0000000704b00000| Untracked 
|   4|0x0000000704c00000, 0x0000000704d00000, 0x0000000704d00000|100%| O|  |TAMS 0x0000000704d00000, 0x0000000704c00000| Untracked 
|   5|0x0000000704d00000, 0x0000000704e00000, 0x0000000704e00000|100%| O|  |TAMS 0x0000000704e00000, 0x0000000704d00000| Untracked 
|   6|0x0000000704e00000, 0x0000000704f00000, 0x0000000704f00000|100%| O|  |TAMS 0x0000000704f00000, 0x0000000704e00000| Untracked 
|   7|0x0000000704f00000, 0x0000000705000000, 0x0000000705000000|100%| O|  |TAMS 0x0000000705000000, 0x0000000704f00000| Untracked 
|   8|0x0000000705000000, 0x0000000705100000, 0x0000000705100000|100%| O|  |TAMS 0x0000000705100000, 0x0000000705000000| Untracked 
|   9|0x0000000705100000, 0x0000000705200000, 0x0000000705200000|100%| O|  |TAMS 0x00000007051c2400, 0x0000000705100000| Untracked 
|  10|0x0000000705200000, 0x0000000705300000, 0x0000000705300000|100%| O|  |TAMS 0x0000000705200000, 0x0000000705200000| Untracked 
|  11|0x0000000705300000, 0x0000000705400000, 0x0000000705400000|100%| O|  |TAMS 0x0000000705300000, 0x0000000705300000| Untracked 
|  12|0x0000000705400000, 0x0000000705500000, 0x0000000705500000|100%| O|  |TAMS 0x0000000705400000, 0x0000000705400000| Untracked 
|  13|0x0000000705500000, 0x0000000705600000, 0x0000000705600000|100%| O|  |TAMS 0x0000000705500000, 0x0000000705500000| Untracked 
|  14|0x0000000705600000, 0x0000000705700000, 0x0000000705700000|100%| O|  |TAMS 0x0000000705600000, 0x0000000705600000| Untracked 
|  15|0x0000000705700000, 0x0000000705800000, 0x0000000705800000|100%| O|  |TAMS 0x0000000705700000, 0x0000000705700000| Untracked 
|  16|0x0000000705800000, 0x0000000705900000, 0x0000000705900000|100%| O|  |TAMS 0x0000000705800000, 0x0000000705800000| Untracked 
|  17|0x0000000705900000, 0x0000000705a00000, 0x0000000705a00000|100%| O|  |TAMS 0x0000000705900000, 0x0000000705900000| Untracked 
|  18|0x0000000705a00000, 0x0000000705b00000, 0x0000000705b00000|100%| O|  |TAMS 0x0000000705a00000, 0x0000000705a00000| Untracked 
|  19|0x0000000705b00000, 0x0000000705c00000, 0x0000000705c00000|100%| O|  |TAMS 0x0000000705b00000, 0x0000000705b00000| Untracked 
|  20|0x0000000705c00000, 0x0000000705c4b600, 0x0000000705d00000| 29%| O|  |TAMS 0x0000000705c00000, 0x0000000705c00000| Untracked 
|  21|0x0000000705d00000, 0x0000000705d00000, 0x0000000705e00000|  0%| F|  |TAMS 0x0000000705d00000, 0x0000000705d00000| Untracked 
|  22|0x0000000705e00000, 0x0000000705e00000, 0x0000000705f00000|  0%| F|  |TAMS 0x0000000705e00000, 0x0000000705e00000| Untracked 
|  23|0x0000000705f00000, 0x0000000705f00000, 0x0000000706000000|  0%| F|  |TAMS 0x0000000705f00000, 0x0000000705f00000| Untracked 
|  24|0x0000000706000000, 0x0000000706000000, 0x0000000706100000|  0%| F|  |TAMS 0x0000000706000000, 0x0000000706000000| Untracked 
|  25|0x0000000706100000, 0x0000000706100000, 0x0000000706200000|  0%| F|  |TAMS 0x0000000706100000, 0x0000000706100000| Untracked 
|  26|0x0000000706200000, 0x0000000706200000, 0x0000000706300000|  0%| F|  |TAMS 0x0000000706200000, 0x0000000706200000| Untracked 
|  27|0x0000000706300000, 0x0000000706300000, 0x0000000706400000|  0%| F|  |TAMS 0x0000000706300000, 0x0000000706300000| Untracked 
|  28|0x0000000706400000, 0x0000000706400000, 0x0000000706500000|  0%| F|  |TAMS 0x0000000706400000, 0x0000000706400000| Untracked 
|  29|0x0000000706500000, 0x0000000706500000, 0x0000000706600000|  0%| F|  |TAMS 0x0000000706500000, 0x0000000706500000| Untracked 
|  30|0x0000000706600000, 0x0000000706600000, 0x0000000706700000|  0%| F|  |TAMS 0x0000000706600000, 0x0000000706600000| Untracked 
|  31|0x0000000706700000, 0x0000000706700000, 0x0000000706800000|  0%| F|  |TAMS 0x0000000706700000, 0x0000000706700000| Untracked 
|  32|0x0000000706800000, 0x0000000706800000, 0x0000000706900000|  0%| F|  |TAMS 0x0000000706800000, 0x0000000706800000| Untracked 
|  33|0x0000000706900000, 0x0000000706900000, 0x0000000706a00000|  0%| F|  |TAMS 0x0000000706900000, 0x0000000706900000| Untracked 
|  34|0x0000000706a00000, 0x0000000706a00000, 0x0000000706b00000|  0%| F|  |TAMS 0x0000000706a00000, 0x0000000706a00000| Untracked 
|  35|0x0000000706b00000, 0x0000000706b00000, 0x0000000706c00000|  0%| F|  |TAMS 0x0000000706b00000, 0x0000000706b00000| Untracked 
|  36|0x0000000706c00000, 0x0000000706c00000, 0x0000000706d00000|  0%| F|  |TAMS 0x0000000706c00000, 0x0000000706c00000| Untracked 
|  37|0x0000000706d00000, 0x0000000706d00000, 0x0000000706e00000|  0%| F|  |TAMS 0x0000000706d00000, 0x0000000706d00000| Untracked 
|  38|0x0000000706e00000, 0x0000000706e00000, 0x0000000706f00000|  0%| F|  |TAMS 0x0000000706e00000, 0x0000000706e00000| Untracked 
|  39|0x0000000706f00000, 0x0000000706f00000, 0x0000000707000000|  0%| F|  |TAMS 0x0000000706f00000, 0x0000000706f00000| Untracked 
|  40|0x0000000707000000, 0x0000000707000000, 0x0000000707100000|  0%| F|  |TAMS 0x0000000707000000, 0x0000000707000000| Untracked 
|  41|0x0000000707100000, 0x0000000707100000, 0x0000000707200000|  0%| F|  |TAMS 0x0000000707100000, 0x0000000707100000| Untracked 
|  42|0x0000000707200000, 0x0000000707200000, 0x0000000707300000|  0%| F|  |TAMS 0x0000000707200000, 0x0000000707200000| Untracked 
|  43|0x0000000707300000, 0x0000000707300000, 0x0000000707400000|  0%| F|  |TAMS 0x0000000707300000, 0x0000000707300000| Untracked 
|  44|0x0000000707400000, 0x0000000707400000, 0x0000000707500000|  0%| F|  |TAMS 0x0000000707400000, 0x0000000707400000| Untracked 
|  45|0x0000000707500000, 0x0000000707500000, 0x0000000707600000|  0%| F|  |TAMS 0x0000000707500000, 0x0000000707500000| Untracked 
|  46|0x0000000707600000, 0x0000000707600000, 0x0000000707700000|  0%| F|  |TAMS 0x0000000707600000, 0x0000000707600000| Untracked 
|  47|0x0000000707700000, 0x0000000707700000, 0x0000000707800000|  0%| F|  |TAMS 0x0000000707700000, 0x0000000707700000| Untracked 
|  48|0x0000000707800000, 0x0000000707800000, 0x0000000707900000|  0%| F|  |TAMS 0x0000000707800000, 0x0000000707800000| Untracked 
|  49|0x0000000707900000, 0x0000000707900000, 0x0000000707a00000|  0%| F|  |TAMS 0x0000000707900000, 0x0000000707900000| Untracked 
|  50|0x0000000707a00000, 0x0000000707a00000, 0x0000000707b00000|  0%| F|  |TAMS 0x0000000707a00000, 0x0000000707a00000| Untracked 
|  51|0x0000000707b00000, 0x0000000707b00000, 0x0000000707c00000|  0%| F|  |TAMS 0x0000000707b00000, 0x0000000707b00000| Untracked 
|  52|0x0000000707c00000, 0x0000000707c00000, 0x0000000707d00000|  0%| F|  |TAMS 0x0000000707c00000, 0x0000000707c00000| Untracked 
|  53|0x0000000707d00000, 0x0000000707d00000, 0x0000000707e00000|  0%| F|  |TAMS 0x0000000707d00000, 0x0000000707d00000| Untracked 
|  54|0x0000000707e00000, 0x0000000707e00000, 0x0000000707f00000|  0%| F|  |TAMS 0x0000000707e00000, 0x0000000707e00000| Untracked 
|  55|0x0000000707f00000, 0x0000000707f00000, 0x0000000708000000|  0%| F|  |TAMS 0x0000000707f00000, 0x0000000707f00000| Untracked 
|  56|0x0000000708000000, 0x0000000708000000, 0x0000000708100000|  0%| F|  |TAMS 0x0000000708000000, 0x0000000708000000| Untracked 
|  57|0x0000000708100000, 0x0000000708100000, 0x0000000708200000|  0%| F|  |TAMS 0x0000000708100000, 0x0000000708100000| Untracked 
|  58|0x0000000708200000, 0x0000000708200000, 0x0000000708300000|  0%| F|  |TAMS 0x0000000708200000, 0x0000000708200000| Untracked 
|  59|0x0000000708300000, 0x0000000708300000, 0x0000000708400000|  0%| F|  |TAMS 0x0000000708300000, 0x0000000708300000| Untracked 
|  60|0x0000000708400000, 0x0000000708400000, 0x0000000708500000|  0%| F|  |TAMS 0x0000000708400000, 0x0000000708400000| Untracked 
|  61|0x0000000708500000, 0x0000000708500000, 0x0000000708600000|  0%| F|  |TAMS 0x0000000708500000, 0x0000000708500000| Untracked 
|  62|0x0000000708600000, 0x0000000708600000, 0x0000000708700000|  0%| F|  |TAMS 0x0000000708600000, 0x0000000708600000| Untracked 
|  63|0x0000000708700000, 0x0000000708700000, 0x0000000708800000|  0%| F|  |TAMS 0x0000000708700000, 0x0000000708700000| Untracked 
|  64|0x0000000708800000, 0x0000000708800000, 0x0000000708900000|  0%| F|  |TAMS 0x0000000708800000, 0x0000000708800000| Untracked 
|  65|0x0000000708900000, 0x0000000708900000, 0x0000000708a00000|  0%| F|  |TAMS 0x0000000708900000, 0x0000000708900000| Untracked 
|  66|0x0000000708a00000, 0x0000000708a00000, 0x0000000708b00000|  0%| F|  |TAMS 0x0000000708a00000, 0x0000000708a00000| Untracked 
|  67|0x0000000708b00000, 0x0000000708b00000, 0x0000000708c00000|  0%| F|  |TAMS 0x0000000708b00000, 0x0000000708b00000| Untracked 
|  68|0x0000000708c00000, 0x0000000708c00000, 0x0000000708d00000|  0%| F|  |TAMS 0x0000000708c00000, 0x0000000708c00000| Untracked 
|  69|0x0000000708d00000, 0x0000000708d00000, 0x0000000708e00000|  0%| F|  |TAMS 0x0000000708d00000, 0x0000000708d00000| Untracked 
|  70|0x0000000708e00000, 0x0000000708e00000, 0x0000000708f00000|  0%| F|  |TAMS 0x0000000708e00000, 0x0000000708e00000| Untracked 
|  71|0x0000000708f00000, 0x0000000708f00000, 0x0000000709000000|  0%| F|  |TAMS 0x0000000708f00000, 0x0000000708f00000| Untracked 
|  72|0x0000000709000000, 0x0000000709000000, 0x0000000709100000|  0%| F|  |TAMS 0x0000000709000000, 0x0000000709000000| Untracked 
|  73|0x0000000709100000, 0x0000000709100000, 0x0000000709200000|  0%| F|  |TAMS 0x0000000709100000, 0x0000000709100000| Untracked 
|  74|0x0000000709200000, 0x0000000709200000, 0x0000000709300000|  0%| F|  |TAMS 0x0000000709200000, 0x0000000709200000| Untracked 
|  75|0x0000000709300000, 0x0000000709300000, 0x0000000709400000|  0%| F|  |TAMS 0x0000000709300000, 0x0000000709300000| Untracked 
|  76|0x0000000709400000, 0x0000000709400000, 0x0000000709500000|  0%| F|  |TAMS 0x0000000709400000, 0x0000000709400000| Untracked 
|  77|0x0000000709500000, 0x0000000709500000, 0x0000000709600000|  0%| F|  |TAMS 0x0000000709500000, 0x0000000709500000| Untracked 
|  78|0x0000000709600000, 0x0000000709600000, 0x0000000709700000|  0%| F|  |TAMS 0x0000000709600000, 0x0000000709600000| Untracked 
|  79|0x0000000709700000, 0x0000000709700000, 0x0000000709800000|  0%| F|  |TAMS 0x0000000709700000, 0x0000000709700000| Untracked 
|  80|0x0000000709800000, 0x0000000709800000, 0x0000000709900000|  0%| F|  |TAMS 0x0000000709800000, 0x0000000709800000| Untracked 
|  81|0x0000000709900000, 0x0000000709900000, 0x0000000709a00000|  0%| F|  |TAMS 0x0000000709900000, 0x0000000709900000| Untracked 
|  82|0x0000000709a00000, 0x0000000709a00000, 0x0000000709b00000|  0%| F|  |TAMS 0x0000000709a00000, 0x0000000709a00000| Untracked 
|  83|0x0000000709b00000, 0x0000000709b00000, 0x0000000709c00000|  0%| F|  |TAMS 0x0000000709b00000, 0x0000000709b00000| Untracked 
|  84|0x0000000709c00000, 0x0000000709c00000, 0x0000000709d00000|  0%| F|  |TAMS 0x0000000709c00000, 0x0000000709c00000| Untracked 
|  85|0x0000000709d00000, 0x0000000709d00000, 0x0000000709e00000|  0%| F|  |TAMS 0x0000000709d00000, 0x0000000709d00000| Untracked 
|  86|0x0000000709e00000, 0x0000000709e00000, 0x0000000709f00000|  0%| F|  |TAMS 0x0000000709e00000, 0x0000000709e00000| Untracked 
|  87|0x0000000709f00000, 0x0000000709f00000, 0x000000070a000000|  0%| F|  |TAMS 0x0000000709f00000, 0x0000000709f00000| Untracked 
|  88|0x000000070a000000, 0x000000070a000000, 0x000000070a100000|  0%| F|  |TAMS 0x000000070a000000, 0x000000070a000000| Untracked 
|  89|0x000000070a100000, 0x000000070a100000, 0x000000070a200000|  0%| F|  |TAMS 0x000000070a100000, 0x000000070a100000| Untracked 
|  90|0x000000070a200000, 0x000000070a200000, 0x000000070a300000|  0%| F|  |TAMS 0x000000070a200000, 0x000000070a200000| Untracked 
|  91|0x000000070a300000, 0x000000070a300000, 0x000000070a400000|  0%| F|  |TAMS 0x000000070a300000, 0x000000070a300000| Untracked 
|  92|0x000000070a400000, 0x000000070a400000, 0x000000070a500000|  0%| F|  |TAMS 0x000000070a400000, 0x000000070a400000| Untracked 
|  93|0x000000070a500000, 0x000000070a500000, 0x000000070a600000|  0%| F|  |TAMS 0x000000070a500000, 0x000000070a500000| Untracked 
|  94|0x000000070a600000, 0x000000070a600000, 0x000000070a700000|  0%| F|  |TAMS 0x000000070a600000, 0x000000070a600000| Untracked 
|  95|0x000000070a700000, 0x000000070a700000, 0x000000070a800000|  0%| F|  |TAMS 0x000000070a700000, 0x000000070a700000| Untracked 
|  96|0x000000070a800000, 0x000000070a800000, 0x000000070a900000|  0%| F|  |TAMS 0x000000070a800000, 0x000000070a800000| Untracked 
|  97|0x000000070a900000, 0x000000070a900000, 0x000000070aa00000|  0%| F|  |TAMS 0x000000070a900000, 0x000000070a900000| Untracked 
|  98|0x000000070aa00000, 0x000000070aa00000, 0x000000070ab00000|  0%| F|  |TAMS 0x000000070aa00000, 0x000000070aa00000| Untracked 
|  99|0x000000070ab00000, 0x000000070ab00000, 0x000000070ac00000|  0%| F|  |TAMS 0x000000070ab00000, 0x000000070ab00000| Untracked 
| 100|0x000000070ac00000, 0x000000070ac00000, 0x000000070ad00000|  0%| F|  |TAMS 0x000000070ac00000, 0x000000070ac00000| Untracked 
| 101|0x000000070ad00000, 0x000000070ad00000, 0x000000070ae00000|  0%| F|  |TAMS 0x000000070ad00000, 0x000000070ad00000| Untracked 
| 102|0x000000070ae00000, 0x000000070ae00000, 0x000000070af00000|  0%| F|  |TAMS 0x000000070ae00000, 0x000000070ae00000| Untracked 
| 103|0x000000070af00000, 0x000000070af00000, 0x000000070b000000|  0%| F|  |TAMS 0x000000070af00000, 0x000000070af00000| Untracked 
| 104|0x000000070b000000, 0x000000070b000000, 0x000000070b100000|  0%| F|  |TAMS 0x000000070b000000, 0x000000070b000000| Untracked 
| 105|0x000000070b100000, 0x000000070b170a40, 0x000000070b200000| 44%| S|CS|TAMS 0x000000070b100000, 0x000000070b100000| Complete 
| 106|0x000000070b200000, 0x000000070b300000, 0x000000070b300000|100%| S|CS|TAMS 0x000000070b200000, 0x000000070b200000| Complete 
| 107|0x000000070b300000, 0x000000070b400000, 0x000000070b400000|100%| S|CS|TAMS 0x000000070b300000, 0x000000070b300000| Complete 
| 108|0x000000070b400000, 0x000000070b500000, 0x000000070b500000|100%| S|CS|TAMS 0x000000070b400000, 0x000000070b400000| Complete 
| 109|0x000000070b500000, 0x000000070b600000, 0x000000070b600000|100%| S|CS|TAMS 0x000000070b500000, 0x000000070b500000| Complete 
| 110|0x000000070b600000, 0x000000070b700000, 0x000000070b700000|100%| S|CS|TAMS 0x000000070b600000, 0x000000070b600000| Complete 
| 111|0x000000070b700000, 0x000000070b800000, 0x000000070b800000|100%| S|CS|TAMS 0x000000070b700000, 0x000000070b700000| Complete 
| 112|0x000000070b800000, 0x000000070b900000, 0x000000070b900000|100%| S|CS|TAMS 0x000000070b800000, 0x000000070b800000| Complete 
| 113|0x000000070b900000, 0x000000070ba00000, 0x000000070ba00000|100%| S|CS|TAMS 0x000000070b900000, 0x000000070b900000| Complete 
| 114|0x000000070ba00000, 0x000000070bb00000, 0x000000070bb00000|100%| S|CS|TAMS 0x000000070ba00000, 0x000000070ba00000| Complete 
| 115|0x000000070bb00000, 0x000000070bc00000, 0x000000070bc00000|100%| S|CS|TAMS 0x000000070bb00000, 0x000000070bb00000| Complete 
| 116|0x000000070bc00000, 0x000000070bd00000, 0x000000070bd00000|100%| S|CS|TAMS 0x000000070bc00000, 0x000000070bc00000| Complete 
| 117|0x000000070bd00000, 0x000000070be00000, 0x000000070be00000|100%| S|CS|TAMS 0x000000070bd00000, 0x000000070bd00000| Complete 
| 118|0x000000070be00000, 0x000000070bf00000, 0x000000070bf00000|100%| S|CS|TAMS 0x000000070be00000, 0x000000070be00000| Complete 
| 119|0x000000070bf00000, 0x000000070c000000, 0x000000070c000000|100%| S|CS|TAMS 0x000000070bf00000, 0x000000070bf00000| Complete 
| 120|0x000000070c000000, 0x000000070c100000, 0x000000070c100000|100%| S|CS|TAMS 0x000000070c000000, 0x000000070c000000| Complete 
| 121|0x000000070c100000, 0x000000070c200000, 0x000000070c200000|100%| S|CS|TAMS 0x000000070c100000, 0x000000070c100000| Complete 
| 122|0x000000070c200000, 0x000000070c200000, 0x000000070c300000|  0%| F|  |TAMS 0x000000070c200000, 0x000000070c200000| Untracked 
| 123|0x000000070c300000, 0x000000070c300000, 0x000000070c400000|  0%| F|  |TAMS 0x000000070c300000, 0x000000070c300000| Untracked 
| 124|0x000000070c400000, 0x000000070c400000, 0x000000070c500000|  0%| F|  |TAMS 0x000000070c400000, 0x000000070c400000| Untracked 
| 125|0x000000070c500000, 0x000000070c500000, 0x000000070c600000|  0%| F|  |TAMS 0x000000070c500000, 0x000000070c500000| Untracked 
| 126|0x000000070c600000, 0x000000070c600000, 0x000000070c700000|  0%| F|  |TAMS 0x000000070c600000, 0x000000070c600000| Untracked 
| 127|0x000000070c700000, 0x000000070c700000, 0x000000070c800000|  0%| F|  |TAMS 0x000000070c700000, 0x000000070c700000| Untracked 
| 128|0x000000070c800000, 0x000000070c800000, 0x000000070c900000|  0%| F|  |TAMS 0x000000070c800000, 0x000000070c800000| Untracked 
| 129|0x000000070c900000, 0x000000070c900000, 0x000000070ca00000|  0%| F|  |TAMS 0x000000070c900000, 0x000000070c900000| Untracked 
| 130|0x000000070ca00000, 0x000000070ca00000, 0x000000070cb00000|  0%| F|  |TAMS 0x000000070ca00000, 0x000000070ca00000| Untracked 
| 131|0x000000070cb00000, 0x000000070cb00000, 0x000000070cc00000|  0%| F|  |TAMS 0x000000070cb00000, 0x000000070cb00000| Untracked 
| 132|0x000000070cc00000, 0x000000070cc00000, 0x000000070cd00000|  0%| F|  |TAMS 0x000000070cc00000, 0x000000070cc00000| Untracked 
| 133|0x000000070cd00000, 0x000000070cd00000, 0x000000070ce00000|  0%| F|  |TAMS 0x000000070cd00000, 0x000000070cd00000| Untracked 
| 134|0x000000070ce00000, 0x000000070ce00000, 0x000000070cf00000|  0%| F|  |TAMS 0x000000070ce00000, 0x000000070ce00000| Untracked 
| 135|0x000000070cf00000, 0x000000070cf00000, 0x000000070d000000|  0%| F|  |TAMS 0x000000070cf00000, 0x000000070cf00000| Untracked 
| 136|0x000000070d000000, 0x000000070d000000, 0x000000070d100000|  0%| F|  |TAMS 0x000000070d000000, 0x000000070d000000| Untracked 
| 137|0x000000070d100000, 0x000000070d100000, 0x000000070d200000|  0%| F|  |TAMS 0x000000070d100000, 0x000000070d100000| Untracked 
| 138|0x000000070d200000, 0x000000070d200000, 0x000000070d300000|  0%| F|  |TAMS 0x000000070d200000, 0x000000070d200000| Untracked 
| 139|0x000000070d300000, 0x000000070d300000, 0x000000070d400000|  0%| F|  |TAMS 0x000000070d300000, 0x000000070d300000| Untracked 
| 140|0x000000070d400000, 0x000000070d400000, 0x000000070d500000|  0%| F|  |TAMS 0x000000070d400000, 0x000000070d400000| Untracked 
| 141|0x000000070d500000, 0x000000070d500000, 0x000000070d600000|  0%| F|  |TAMS 0x000000070d500000, 0x000000070d500000| Untracked 
| 142|0x000000070d600000, 0x000000070d600000, 0x000000070d700000|  0%| F|  |TAMS 0x000000070d600000, 0x000000070d600000| Untracked 
| 143|0x000000070d700000, 0x000000070d700000, 0x000000070d800000|  0%| F|  |TAMS 0x000000070d700000, 0x000000070d700000| Untracked 
| 144|0x000000070d800000, 0x000000070d800000, 0x000000070d900000|  0%| F|  |TAMS 0x000000070d800000, 0x000000070d800000| Untracked 
| 145|0x000000070d900000, 0x000000070d900000, 0x000000070da00000|  0%| F|  |TAMS 0x000000070d900000, 0x000000070d900000| Untracked 
| 146|0x000000070da00000, 0x000000070da00000, 0x000000070db00000|  0%| F|  |TAMS 0x000000070da00000, 0x000000070da00000| Untracked 
| 147|0x000000070db00000, 0x000000070db00000, 0x000000070dc00000|  0%| F|  |TAMS 0x000000070db00000, 0x000000070db00000| Untracked 
| 148|0x000000070dc00000, 0x000000070dc00000, 0x000000070dd00000|  0%| F|  |TAMS 0x000000070dc00000, 0x000000070dc00000| Untracked 
| 149|0x000000070dd00000, 0x000000070dd00000, 0x000000070de00000|  0%| F|  |TAMS 0x000000070dd00000, 0x000000070dd00000| Untracked 
| 150|0x000000070de00000, 0x000000070de00000, 0x000000070df00000|  0%| F|  |TAMS 0x000000070de00000, 0x000000070de00000| Untracked 
| 151|0x000000070df00000, 0x000000070df00000, 0x000000070e000000|  0%| F|  |TAMS 0x000000070df00000, 0x000000070df00000| Untracked 
| 152|0x000000070e000000, 0x000000070e000000, 0x000000070e100000|  0%| F|  |TAMS 0x000000070e000000, 0x000000070e000000| Untracked 
| 153|0x000000070e100000, 0x000000070e100000, 0x000000070e200000|  0%| F|  |TAMS 0x000000070e100000, 0x000000070e100000| Untracked 
| 154|0x000000070e200000, 0x000000070e200000, 0x000000070e300000|  0%| F|  |TAMS 0x000000070e200000, 0x000000070e200000| Untracked 
| 155|0x000000070e300000, 0x000000070e300000, 0x000000070e400000|  0%| F|  |TAMS 0x000000070e300000, 0x000000070e300000| Untracked 
| 156|0x000000070e400000, 0x000000070e400000, 0x000000070e500000|  0%| F|  |TAMS 0x000000070e400000, 0x000000070e400000| Untracked 
| 157|0x000000070e500000, 0x000000070e500000, 0x000000070e600000|  0%| F|  |TAMS 0x000000070e500000, 0x000000070e500000| Untracked 
| 158|0x000000070e600000, 0x000000070e600000, 0x000000070e700000|  0%| F|  |TAMS 0x000000070e600000, 0x000000070e600000| Untracked 
| 159|0x000000070e700000, 0x000000070e700000, 0x000000070e800000|  0%| F|  |TAMS 0x000000070e700000, 0x000000070e700000| Untracked 
| 160|0x000000070e800000, 0x000000070e800000, 0x000000070e900000|  0%| F|  |TAMS 0x000000070e800000, 0x000000070e800000| Untracked 
| 161|0x000000070e900000, 0x000000070e900000, 0x000000070ea00000|  0%| F|  |TAMS 0x000000070e900000, 0x000000070e900000| Untracked 
| 162|0x000000070ea00000, 0x000000070ea00000, 0x000000070eb00000|  0%| F|  |TAMS 0x000000070ea00000, 0x000000070ea00000| Untracked 
| 163|0x000000070eb00000, 0x000000070eb00000, 0x000000070ec00000|  0%| F|  |TAMS 0x000000070eb00000, 0x000000070eb00000| Untracked 
| 164|0x000000070ec00000, 0x000000070ec00000, 0x000000070ed00000|  0%| F|  |TAMS 0x000000070ec00000, 0x000000070ec00000| Untracked 
| 165|0x000000070ed00000, 0x000000070ed00000, 0x000000070ee00000|  0%| F|  |TAMS 0x000000070ed00000, 0x000000070ed00000| Untracked 
| 166|0x000000070ee00000, 0x000000070ee00000, 0x000000070ef00000|  0%| F|  |TAMS 0x000000070ee00000, 0x000000070ee00000| Untracked 
| 167|0x000000070ef00000, 0x000000070ef00000, 0x000000070f000000|  0%| F|  |TAMS 0x000000070ef00000, 0x000000070ef00000| Untracked 
| 168|0x000000070f000000, 0x000000070f000000, 0x000000070f100000|  0%| F|  |TAMS 0x000000070f000000, 0x000000070f000000| Untracked 
| 169|0x000000070f100000, 0x000000070f100000, 0x000000070f200000|  0%| F|  |TAMS 0x000000070f100000, 0x000000070f100000| Untracked 
| 170|0x000000070f200000, 0x000000070f200000, 0x000000070f300000|  0%| F|  |TAMS 0x000000070f200000, 0x000000070f200000| Untracked 
| 171|0x000000070f300000, 0x000000070f300000, 0x000000070f400000|  0%| F|  |TAMS 0x000000070f300000, 0x000000070f300000| Untracked 
| 172|0x000000070f400000, 0x000000070f400000, 0x000000070f500000|  0%| F|  |TAMS 0x000000070f400000, 0x000000070f400000| Untracked 
| 173|0x000000070f500000, 0x000000070f500000, 0x000000070f600000|  0%| F|  |TAMS 0x000000070f500000, 0x000000070f500000| Untracked 
| 174|0x000000070f600000, 0x000000070f600000, 0x000000070f700000|  0%| F|  |TAMS 0x000000070f600000, 0x000000070f600000| Untracked 
| 175|0x000000070f700000, 0x000000070f700000, 0x000000070f800000|  0%| F|  |TAMS 0x000000070f700000, 0x000000070f700000| Untracked 
| 176|0x000000070f800000, 0x000000070f800000, 0x000000070f900000|  0%| F|  |TAMS 0x000000070f800000, 0x000000070f800000| Untracked 
| 177|0x000000070f900000, 0x000000070f900000, 0x000000070fa00000|  0%| F|  |TAMS 0x000000070f900000, 0x000000070f900000| Untracked 
| 178|0x000000070fa00000, 0x000000070fa00000, 0x000000070fb00000|  0%| F|  |TAMS 0x000000070fa00000, 0x000000070fa00000| Untracked 
| 179|0x000000070fb00000, 0x000000070fb00000, 0x000000070fc00000|  0%| F|  |TAMS 0x000000070fb00000, 0x000000070fb00000| Untracked 
| 180|0x000000070fc00000, 0x000000070fc00000, 0x000000070fd00000|  0%| F|  |TAMS 0x000000070fc00000, 0x000000070fc00000| Untracked 
| 181|0x000000070fd00000, 0x000000070fd00000, 0x000000070fe00000|  0%| F|  |TAMS 0x000000070fd00000, 0x000000070fd00000| Untracked 
| 182|0x000000070fe00000, 0x000000070fe00000, 0x000000070ff00000|  0%| F|  |TAMS 0x000000070fe00000, 0x000000070fe00000| Untracked 
| 183|0x000000070ff00000, 0x000000070ff00000, 0x0000000710000000|  0%| F|  |TAMS 0x000000070ff00000, 0x000000070ff00000| Untracked 
| 184|0x0000000710000000, 0x0000000710000000, 0x0000000710100000|  0%| F|  |TAMS 0x0000000710000000, 0x0000000710000000| Untracked 
| 185|0x0000000710100000, 0x0000000710100000, 0x0000000710200000|  0%| F|  |TAMS 0x0000000710100000, 0x0000000710100000| Untracked 
| 186|0x0000000710200000, 0x0000000710200000, 0x0000000710300000|  0%| F|  |TAMS 0x0000000710200000, 0x0000000710200000| Untracked 
| 187|0x0000000710300000, 0x0000000710300000, 0x0000000710400000|  0%| F|  |TAMS 0x0000000710300000, 0x0000000710300000| Untracked 
| 188|0x0000000710400000, 0x0000000710400800, 0x0000000710500000|  0%| E|  |TAMS 0x0000000710400000, 0x0000000710400000| Complete 
| 189|0x0000000710500000, 0x0000000710600000, 0x0000000710600000|100%| E|CS|TAMS 0x0000000710500000, 0x0000000710500000| Complete 
| 190|0x0000000710600000, 0x0000000710700000, 0x0000000710700000|100%| E|CS|TAMS 0x0000000710600000, 0x0000000710600000| Complete 
| 191|0x0000000710700000, 0x0000000710800000, 0x0000000710800000|100%| E|CS|TAMS 0x0000000710700000, 0x0000000710700000| Complete 
| 192|0x0000000710800000, 0x0000000710900000, 0x0000000710900000|100%| E|CS|TAMS 0x0000000710800000, 0x0000000710800000| Complete 
| 193|0x0000000710900000, 0x0000000710a00000, 0x0000000710a00000|100%| E|CS|TAMS 0x0000000710900000, 0x0000000710900000| Complete 
| 194|0x0000000710a00000, 0x0000000710b00000, 0x0000000710b00000|100%| E|CS|TAMS 0x0000000710a00000, 0x0000000710a00000| Complete 
| 195|0x0000000710b00000, 0x0000000710c00000, 0x0000000710c00000|100%| E|CS|TAMS 0x0000000710b00000, 0x0000000710b00000| Complete 
| 196|0x0000000710c00000, 0x0000000710d00000, 0x0000000710d00000|100%| E|CS|TAMS 0x0000000710c00000, 0x0000000710c00000| Complete 
| 197|0x0000000710d00000, 0x0000000710e00000, 0x0000000710e00000|100%| E|CS|TAMS 0x0000000710d00000, 0x0000000710d00000| Complete 
| 198|0x0000000710e00000, 0x0000000710f00000, 0x0000000710f00000|100%| E|CS|TAMS 0x0000000710e00000, 0x0000000710e00000| Complete 
| 199|0x0000000710f00000, 0x0000000711000000, 0x0000000711000000|100%| E|CS|TAMS 0x0000000710f00000, 0x0000000710f00000| Complete 
| 200|0x0000000711000000, 0x0000000711100000, 0x0000000711100000|100%| E|CS|TAMS 0x0000000711000000, 0x0000000711000000| Complete 
| 201|0x0000000711100000, 0x0000000711200000, 0x0000000711200000|100%| E|CS|TAMS 0x0000000711100000, 0x0000000711100000| Complete 
| 202|0x0000000711200000, 0x0000000711300000, 0x0000000711300000|100%| E|CS|TAMS 0x0000000711200000, 0x0000000711200000| Complete 
| 203|0x0000000711300000, 0x0000000711400000, 0x0000000711400000|100%| E|CS|TAMS 0x0000000711300000, 0x0000000711300000| Complete 
| 204|0x0000000711400000, 0x0000000711500000, 0x0000000711500000|100%| E|CS|TAMS 0x0000000711400000, 0x0000000711400000| Complete 
| 205|0x0000000711500000, 0x0000000711600000, 0x0000000711600000|100%| E|CS|TAMS 0x0000000711500000, 0x0000000711500000| Complete 
| 206|0x0000000711600000, 0x0000000711700000, 0x0000000711700000|100%| E|CS|TAMS 0x0000000711600000, 0x0000000711600000| Complete 
| 207|0x0000000711700000, 0x0000000711800000, 0x0000000711800000|100%| E|CS|TAMS 0x0000000711700000, 0x0000000711700000| Complete 
| 208|0x0000000711800000, 0x0000000711900000, 0x0000000711900000|100%| E|CS|TAMS 0x0000000711800000, 0x0000000711800000| Complete 
| 209|0x0000000711900000, 0x0000000711a00000, 0x0000000711a00000|100%| E|CS|TAMS 0x0000000711900000, 0x0000000711900000| Complete 
| 210|0x0000000711a00000, 0x0000000711b00000, 0x0000000711b00000|100%| E|CS|TAMS 0x0000000711a00000, 0x0000000711a00000| Complete 
| 211|0x0000000711b00000, 0x0000000711c00000, 0x0000000711c00000|100%| E|CS|TAMS 0x0000000711b00000, 0x0000000711b00000| Complete 
| 212|0x0000000711c00000, 0x0000000711d00000, 0x0000000711d00000|100%| E|CS|TAMS 0x0000000711c00000, 0x0000000711c00000| Complete 
| 213|0x0000000711d00000, 0x0000000711e00000, 0x0000000711e00000|100%| E|CS|TAMS 0x0000000711d00000, 0x0000000711d00000| Complete 
| 214|0x0000000711e00000, 0x0000000711f00000, 0x0000000711f00000|100%| E|CS|TAMS 0x0000000711e00000, 0x0000000711e00000| Complete 
| 215|0x0000000711f00000, 0x0000000712000000, 0x0000000712000000|100%| E|CS|TAMS 0x0000000711f00000, 0x0000000711f00000| Complete 
| 216|0x0000000712000000, 0x0000000712100000, 0x0000000712100000|100%| E|CS|TAMS 0x0000000712000000, 0x0000000712000000| Complete 
| 217|0x0000000712100000, 0x0000000712200000, 0x0000000712200000|100%| E|CS|TAMS 0x0000000712100000, 0x0000000712100000| Complete 
| 218|0x0000000712200000, 0x0000000712300000, 0x0000000712300000|100%| E|CS|TAMS 0x0000000712200000, 0x0000000712200000| Complete 
| 219|0x0000000712300000, 0x0000000712400000, 0x0000000712400000|100%| E|CS|TAMS 0x0000000712300000, 0x0000000712300000| Complete 
| 220|0x0000000712400000, 0x0000000712500000, 0x0000000712500000|100%| E|CS|TAMS 0x0000000712400000, 0x0000000712400000| Complete 
| 221|0x0000000712500000, 0x0000000712600000, 0x0000000712600000|100%| E|CS|TAMS 0x0000000712500000, 0x0000000712500000| Complete 
| 222|0x0000000712600000, 0x0000000712700000, 0x0000000712700000|100%| E|CS|TAMS 0x0000000712600000, 0x0000000712600000| Complete 
| 223|0x0000000712700000, 0x0000000712800000, 0x0000000712800000|100%| E|CS|TAMS 0x0000000712700000, 0x0000000712700000| Complete 
| 224|0x0000000712800000, 0x0000000712900000, 0x0000000712900000|100%| E|CS|TAMS 0x0000000712800000, 0x0000000712800000| Complete 
| 225|0x0000000712900000, 0x0000000712a00000, 0x0000000712a00000|100%| E|CS|TAMS 0x0000000712900000, 0x0000000712900000| Complete 
| 226|0x0000000712a00000, 0x0000000712b00000, 0x0000000712b00000|100%| E|CS|TAMS 0x0000000712a00000, 0x0000000712a00000| Complete 
| 227|0x0000000712b00000, 0x0000000712c00000, 0x0000000712c00000|100%| E|CS|TAMS 0x0000000712b00000, 0x0000000712b00000| Complete 
| 228|0x0000000712c00000, 0x0000000712d00000, 0x0000000712d00000|100%| E|CS|TAMS 0x0000000712c00000, 0x0000000712c00000| Complete 
| 229|0x0000000712d00000, 0x0000000712e00000, 0x0000000712e00000|100%| E|CS|TAMS 0x0000000712d00000, 0x0000000712d00000| Complete 
| 230|0x0000000712e00000, 0x0000000712f00000, 0x0000000712f00000|100%| E|CS|TAMS 0x0000000712e00000, 0x0000000712e00000| Complete 
| 231|0x0000000712f00000, 0x0000000713000000, 0x0000000713000000|100%| E|CS|TAMS 0x0000000712f00000, 0x0000000712f00000| Complete 
| 232|0x0000000713000000, 0x0000000713100000, 0x0000000713100000|100%| E|CS|TAMS 0x0000000713000000, 0x0000000713000000| Complete 
| 233|0x0000000713100000, 0x0000000713200000, 0x0000000713200000|100%| E|CS|TAMS 0x0000000713100000, 0x0000000713100000| Complete 
| 234|0x0000000713200000, 0x0000000713300000, 0x0000000713300000|100%| E|CS|TAMS 0x0000000713200000, 0x0000000713200000| Complete 
| 235|0x0000000713300000, 0x0000000713400000, 0x0000000713400000|100%| E|CS|TAMS 0x0000000713300000, 0x0000000713300000| Complete 
| 236|0x0000000713400000, 0x0000000713500000, 0x0000000713500000|100%| E|CS|TAMS 0x0000000713400000, 0x0000000713400000| Complete 
| 237|0x0000000713500000, 0x0000000713600000, 0x0000000713600000|100%| E|CS|TAMS 0x0000000713500000, 0x0000000713500000| Complete 
| 238|0x0000000713600000, 0x0000000713700000, 0x0000000713700000|100%| E|CS|TAMS 0x0000000713600000, 0x0000000713600000| Complete 
| 239|0x0000000713700000, 0x0000000713800000, 0x0000000713800000|100%| E|CS|TAMS 0x0000000713700000, 0x0000000713700000| Complete 
| 240|0x0000000713800000, 0x0000000713900000, 0x0000000713900000|100%| E|CS|TAMS 0x0000000713800000, 0x0000000713800000| Complete 
| 241|0x0000000713900000, 0x0000000713a00000, 0x0000000713a00000|100%| E|CS|TAMS 0x0000000713900000, 0x0000000713900000| Complete 
| 242|0x0000000713a00000, 0x0000000713b00000, 0x0000000713b00000|100%| E|CS|TAMS 0x0000000713a00000, 0x0000000713a00000| Complete 
| 243|0x0000000713b00000, 0x0000000713c00000, 0x0000000713c00000|100%| E|CS|TAMS 0x0000000713b00000, 0x0000000713b00000| Complete 
| 244|0x0000000713c00000, 0x0000000713d00000, 0x0000000713d00000|100%| E|CS|TAMS 0x0000000713c00000, 0x0000000713c00000| Complete 
| 245|0x0000000713d00000, 0x0000000713e00000, 0x0000000713e00000|100%| E|CS|TAMS 0x0000000713d00000, 0x0000000713d00000| Complete 
| 246|0x0000000713e00000, 0x0000000713f00000, 0x0000000713f00000|100%| E|CS|TAMS 0x0000000713e00000, 0x0000000713e00000| Complete 
| 247|0x0000000713f00000, 0x0000000714000000, 0x0000000714000000|100%| E|CS|TAMS 0x0000000713f00000, 0x0000000713f00000| Complete 
| 248|0x0000000714000000, 0x0000000714100000, 0x0000000714100000|100%| E|CS|TAMS 0x0000000714000000, 0x0000000714000000| Complete 
| 249|0x0000000714100000, 0x0000000714200000, 0x0000000714200000|100%| E|CS|TAMS 0x0000000714100000, 0x0000000714100000| Complete 
| 250|0x0000000714200000, 0x0000000714300000, 0x0000000714300000|100%| E|CS|TAMS 0x0000000714200000, 0x0000000714200000| Complete 
| 251|0x0000000714300000, 0x0000000714400000, 0x0000000714400000|100%| E|CS|TAMS 0x0000000714300000, 0x0000000714300000| Complete 
| 252|0x0000000714400000, 0x0000000714500000, 0x0000000714500000|100%| E|CS|TAMS 0x0000000714400000, 0x0000000714400000| Complete 
| 253|0x0000000714500000, 0x0000000714600000, 0x0000000714600000|100%| E|CS|TAMS 0x0000000714500000, 0x0000000714500000| Complete 
| 254|0x0000000714600000, 0x0000000714700000, 0x0000000714700000|100%| E|CS|TAMS 0x0000000714600000, 0x0000000714600000| Complete 
| 255|0x0000000714700000, 0x0000000714800000, 0x0000000714800000|100%| E|CS|TAMS 0x0000000714700000, 0x0000000714700000| Complete 
| 256|0x0000000714800000, 0x0000000714900000, 0x0000000714900000|100%| E|CS|TAMS 0x0000000714800000, 0x0000000714800000| Complete 
| 257|0x0000000714900000, 0x0000000714a00000, 0x0000000714a00000|100%| E|CS|TAMS 0x0000000714900000, 0x0000000714900000| Complete 
| 258|0x0000000714a00000, 0x0000000714b00000, 0x0000000714b00000|100%| E|CS|TAMS 0x0000000714a00000, 0x0000000714a00000| Complete 
| 259|0x0000000714b00000, 0x0000000714c00000, 0x0000000714c00000|100%| E|CS|TAMS 0x0000000714b00000, 0x0000000714b00000| Complete 
| 260|0x0000000714c00000, 0x0000000714d00000, 0x0000000714d00000|100%| E|CS|TAMS 0x0000000714c00000, 0x0000000714c00000| Complete 
| 261|0x0000000714d00000, 0x0000000714e00000, 0x0000000714e00000|100%| E|CS|TAMS 0x0000000714d00000, 0x0000000714d00000| Complete 
| 262|0x0000000714e00000, 0x0000000714f00000, 0x0000000714f00000|100%| E|CS|TAMS 0x0000000714e00000, 0x0000000714e00000| Complete 
| 263|0x0000000714f00000, 0x0000000715000000, 0x0000000715000000|100%| E|CS|TAMS 0x0000000714f00000, 0x0000000714f00000| Complete 
| 264|0x0000000715000000, 0x0000000715100000, 0x0000000715100000|100%| E|CS|TAMS 0x0000000715000000, 0x0000000715000000| Complete 
| 265|0x0000000715100000, 0x0000000715200000, 0x0000000715200000|100%| E|CS|TAMS 0x0000000715100000, 0x0000000715100000| Complete 
| 266|0x0000000715200000, 0x0000000715300000, 0x0000000715300000|100%| E|CS|TAMS 0x0000000715200000, 0x0000000715200000| Complete 
| 267|0x0000000715300000, 0x0000000715400000, 0x0000000715400000|100%| E|CS|TAMS 0x0000000715300000, 0x0000000715300000| Complete 
| 268|0x0000000715400000, 0x0000000715500000, 0x0000000715500000|100%| E|CS|TAMS 0x0000000715400000, 0x0000000715400000| Complete 
| 269|0x0000000715500000, 0x0000000715600000, 0x0000000715600000|100%| E|CS|TAMS 0x0000000715500000, 0x0000000715500000| Complete 
| 270|0x0000000715600000, 0x0000000715700000, 0x0000000715700000|100%| E|CS|TAMS 0x0000000715600000, 0x0000000715600000| Complete 
| 271|0x0000000715700000, 0x0000000715800000, 0x0000000715800000|100%| E|CS|TAMS 0x0000000715700000, 0x0000000715700000| Complete 
| 272|0x0000000715800000, 0x0000000715900000, 0x0000000715900000|100%| E|CS|TAMS 0x0000000715800000, 0x0000000715800000| Complete 
| 273|0x0000000715900000, 0x0000000715a00000, 0x0000000715a00000|100%| E|CS|TAMS 0x0000000715900000, 0x0000000715900000| Complete 
| 274|0x0000000715a00000, 0x0000000715b00000, 0x0000000715b00000|100%| E|CS|TAMS 0x0000000715a00000, 0x0000000715a00000| Complete 
| 275|0x0000000715b00000, 0x0000000715c00000, 0x0000000715c00000|100%| E|CS|TAMS 0x0000000715b00000, 0x0000000715b00000| Complete 
| 276|0x0000000715c00000, 0x0000000715d00000, 0x0000000715d00000|100%| E|CS|TAMS 0x0000000715c00000, 0x0000000715c00000| Complete 
| 277|0x0000000715d00000, 0x0000000715e00000, 0x0000000715e00000|100%| E|CS|TAMS 0x0000000715d00000, 0x0000000715d00000| Complete 
| 278|0x0000000715e00000, 0x0000000715f00000, 0x0000000715f00000|100%| E|CS|TAMS 0x0000000715e00000, 0x0000000715e00000| Complete 
| 279|0x0000000715f00000, 0x0000000716000000, 0x0000000716000000|100%| E|CS|TAMS 0x0000000715f00000, 0x0000000715f00000| Complete 
| 280|0x0000000716000000, 0x0000000716100000, 0x0000000716100000|100%| E|CS|TAMS 0x0000000716000000, 0x0000000716000000| Complete 
| 281|0x0000000716100000, 0x0000000716200000, 0x0000000716200000|100%| E|CS|TAMS 0x0000000716100000, 0x0000000716100000| Complete 
| 282|0x0000000716200000, 0x0000000716300000, 0x0000000716300000|100%| E|CS|TAMS 0x0000000716200000, 0x0000000716200000| Complete 
| 283|0x0000000716300000, 0x0000000716400000, 0x0000000716400000|100%| E|CS|TAMS 0x0000000716300000, 0x0000000716300000| Complete 
| 284|0x0000000716400000, 0x0000000716500000, 0x0000000716500000|100%| E|CS|TAMS 0x0000000716400000, 0x0000000716400000| Complete 
| 285|0x0000000716500000, 0x0000000716600000, 0x0000000716600000|100%| E|CS|TAMS 0x0000000716500000, 0x0000000716500000| Complete 
| 286|0x0000000716600000, 0x0000000716700000, 0x0000000716700000|100%| E|CS|TAMS 0x0000000716600000, 0x0000000716600000| Complete 
| 287|0x0000000716700000, 0x0000000716800000, 0x0000000716800000|100%| E|CS|TAMS 0x0000000716700000, 0x0000000716700000| Complete 
| 288|0x0000000716800000, 0x0000000716900000, 0x0000000716900000|100%| E|CS|TAMS 0x0000000716800000, 0x0000000716800000| Complete 
| 289|0x0000000716900000, 0x0000000716a00000, 0x0000000716a00000|100%| E|CS|TAMS 0x0000000716900000, 0x0000000716900000| Complete 
| 290|0x0000000716a00000, 0x0000000716b00000, 0x0000000716b00000|100%| E|CS|TAMS 0x0000000716a00000, 0x0000000716a00000| Complete 
| 291|0x0000000716b00000, 0x0000000716c00000, 0x0000000716c00000|100%| E|CS|TAMS 0x0000000716b00000, 0x0000000716b00000| Complete 
| 292|0x0000000716c00000, 0x0000000716d00000, 0x0000000716d00000|100%| E|CS|TAMS 0x0000000716c00000, 0x0000000716c00000| Complete 
| 293|0x0000000716d00000, 0x0000000716e00000, 0x0000000716e00000|100%| E|CS|TAMS 0x0000000716d00000, 0x0000000716d00000| Complete 
| 294|0x0000000716e00000, 0x0000000716f00000, 0x0000000716f00000|100%| E|CS|TAMS 0x0000000716e00000, 0x0000000716e00000| Complete 
| 295|0x0000000716f00000, 0x0000000717000000, 0x0000000717000000|100%| E|CS|TAMS 0x0000000716f00000, 0x0000000716f00000| Complete 
| 296|0x0000000717000000, 0x0000000717100000, 0x0000000717100000|100%| E|CS|TAMS 0x0000000717000000, 0x0000000717000000| Complete 
| 297|0x0000000717100000, 0x0000000717200000, 0x0000000717200000|100%| E|CS|TAMS 0x0000000717100000, 0x0000000717100000| Complete 
| 298|0x0000000717200000, 0x0000000717300000, 0x0000000717300000|100%| E|CS|TAMS 0x0000000717200000, 0x0000000717200000| Complete 
| 299|0x0000000717300000, 0x0000000717400000, 0x0000000717400000|100%| E|CS|TAMS 0x0000000717300000, 0x0000000717300000| Complete 
| 300|0x0000000717400000, 0x0000000717500000, 0x0000000717500000|100%| E|CS|TAMS 0x0000000717400000, 0x0000000717400000| Complete 
| 301|0x0000000717500000, 0x0000000717600000, 0x0000000717600000|100%| E|CS|TAMS 0x0000000717500000, 0x0000000717500000| Complete 
| 302|0x0000000717600000, 0x0000000717700000, 0x0000000717700000|100%| E|CS|TAMS 0x0000000717600000, 0x0000000717600000| Complete 

Card table byte_map: [0x000002205f570000,0x000002205fd50000] _byte_map_base: 0x000002205bd4c000

Marking Bits (Prev, Next): (CMBitMap*) 0x0000022046627b80, (CMBitMap*) 0x0000022046627b48
 Prev Bits: [0x0000022064410000, 0x00000220682f0000)
 Next Bits: [0x0000022060530000, 0x0000022064410000)

Polling page: 0x0000022044d80000

Metaspace:

Usage:
  Non-class:     63.29 MB capacity,    62.14 MB ( 98%) used,   919.26 KB (  1%) free+waste,   261.75 KB ( <1%) overhead. 
      Class:      9.22 MB capacity,     8.42 MB ( 91%) used,   701.95 KB (  7%) free+waste,   123.88 KB (  1%) overhead. 
       Both:     72.52 MB capacity,    70.56 MB ( 97%) used,     1.58 MB (  2%) free+waste,   385.62 KB ( <1%) overhead. 

Virtual space:
  Non-class space:       64.00 MB reserved,      63.50 MB (>99%) committed 
      Class space:        1.00 GB reserved,       9.25 MB ( <1%) committed 
             Both:        1.06 GB reserved,      72.75 MB (  7%) committed 

Chunk freelists:
   Non-Class:  20.00 KB
       Class:  0 bytes
        Both:  20.00 KB

MaxMetaspaceSize: 17179869184.00 GB
CompressedClassSpaceSize: 1.00 GB
Initial GC threshold: 20.80 MB
Current GC threshold: 98.34 MB
CDS: off

CodeHeap 'non-profiled nmethods': size=120000Kb used=3345Kb max_used=3345Kb free=116654Kb
 bounds [0x0000022056bd0000, 0x0000022056f20000, 0x000002205e100000]
CodeHeap 'profiled nmethods': size=120000Kb used=15393Kb max_used=15393Kb free=104606Kb
 bounds [0x000002204f6a0000, 0x00000220505b0000, 0x0000022056bd0000]
CodeHeap 'non-nmethods': size=5760Kb used=1322Kb max_used=1361Kb free=4437Kb
 bounds [0x000002204f100000, 0x000002204f370000, 0x000002204f6a0000]
 total_blobs=7005 nmethods=6380 adapters=537
 compilation: enabled
              stopped_count=0, restarted_count=0
 full_count=0

Compilation events (20 events):
Event: 14.018 Thread 0x000002206b9f2000 6500       1       jdk.jfr.internal.PlatformEventType::isJVM (5 bytes)
Event: 14.019 Thread 0x000002206b9f2000 nmethod 6500 0x0000022056f05e90 code [0x0000022056f06040, 0x0000022056f060f8]
Event: 14.019 Thread 0x000002206b9f2000 6499       2       java.util.ArrayList::trimToSize (51 bytes)
Event: 14.019 Thread 0x000002206b9f2000 nmethod 6499 0x00000220505a7810 code [0x00000220505a79c0, 0x00000220505a7ba8]
Event: 14.020 Thread 0x000002206b9f2000 6501       2       java.util.concurrent.ConcurrentHashMap::replace (36 bytes)
Event: 14.020 Thread 0x000002206b9f2000 nmethod 6501 0x00000220505a7c90 code [0x00000220505a7e60, 0x00000220505a8058]
Event: 14.022 Thread 0x000002206b9ef000 nmethod 6363 0x0000022056f06190 code [0x0000022056f06540, 0x0000022056f0a2a8]
Event: 14.022 Thread 0x000002206b9ef000 6450       4       java.lang.Class::annotationData (44 bytes)
Event: 14.031 Thread 0x000002206b9ef000 nmethod 6450 0x0000022056f0bd90 code [0x0000022056f0bfc0, 0x0000022056f0c860]
Event: 14.031 Thread 0x000002206b9ef000 6367       4       java.net.URLStreamHandler::setURL (73 bytes)
Event: 14.046 Thread 0x000002206b9ef000 nmethod 6367 0x0000022056f0dc90 code [0x0000022056f0de80, 0x0000022056f0ec08]
Event: 14.046 Thread 0x000002206b9ef000 6411       4       java.util.HashMap$HashIterator::<init> (79 bytes)
Event: 14.050 Thread 0x000002206b9ef000 nmethod 6411 0x0000022056f0f290 code [0x0000022056f0f420, 0x0000022056f0f7d8]
Event: 14.050 Thread 0x000002206b9ef000 6418       4       java.lang.Class::copyMethods (36 bytes)
Event: 14.058 Thread 0x000002206b9ef000 nmethod 6418 0x0000022056f0f910 code [0x0000022056f0fae0, 0x0000022056f10138]
Event: 14.058 Thread 0x000002206b9ef000 6011   !   4       org.springframework.core.annotation.AnnotationsScanner::processClassHierarchy (227 bytes)
Event: 14.095 Thread 0x000002206b9ef000 nmethod 6011 0x0000022056f10410 code [0x0000022056f10840, 0x0000022056f12750]
Event: 14.095 Thread 0x000002206b9ef000 5902       4       org.springframework.boot.context.properties.source.ConfigurationPropertyName::isAncestorOf (25 bytes)
Event: 14.124 Thread 0x000002206b9f2000 6506       3       java.util.concurrent.locks.ReentrantLock$Sync::isHeldExclusively (16 bytes)
Event: 14.124 Thread 0x000002206b9f2000 nmethod 6506 0x00000220505a8190 code [0x00000220505a8340, 0x00000220505a84d8]

GC Heap History (16 events):
Event: 0.598 GC heap before
{Heap before GC invocations=0 (full 0):
 garbage-first heap   total 258048K, used 24576K [0x0000000704800000, 0x0000000800000000)
  region size 1024K, 24 young (24576K), 0 survivors (0K)
 Metaspace       used 10980K, capacity 11280K, committed 11392K, reserved 1058816K
  class space    used 1019K, capacity 1105K, committed 1152K, reserved 1048576K
}
Event: 0.604 GC heap after
{Heap after GC invocations=1 (full 0):
 garbage-first heap   total 258048K, used 9368K [0x0000000704800000, 0x0000000800000000)
  region size 1024K, 3 young (3072K), 3 survivors (3072K)
 Metaspace       used 10980K, capacity 11280K, committed 11392K, reserved 1058816K
  class space    used 1019K, capacity 1105K, committed 1152K, reserved 1048576K
}
Event: 0.979 GC heap before
{Heap before GC invocations=1 (full 0):
 garbage-first heap   total 258048K, used 26776K [0x0000000704800000, 0x0000000800000000)
  region size 1024K, 20 young (20480K), 3 survivors (3072K)
 Metaspace       used 15001K, capacity 15528K, committed 15616K, reserved 1062912K
  class space    used 1540K, capacity 1720K, committed 1792K, reserved 1048576K
}
Event: 0.983 GC heap after
{Heap after GC invocations=2 (full 0):
 garbage-first heap   total 258048K, used 10221K [0x0000000704800000, 0x0000000800000000)
  region size 1024K, 1 young (1024K), 1 survivors (1024K)
 Metaspace       used 15001K, capacity 15528K, committed 15616K, reserved 1062912K
  class space    used 1540K, capacity 1720K, committed 1792K, reserved 1048576K
}
Event: 1.741 GC heap before
{Heap before GC invocations=2 (full 0):
 garbage-first heap   total 258048K, used 52205K [0x0000000704800000, 0x0000000800000000)
  region size 1024K, 43 young (44032K), 1 survivors (1024K)
 Metaspace       used 20456K, capacity 21101K, committed 21248K, reserved 1069056K
  class space    used 2209K, capacity 2474K, committed 2560K, reserved 1048576K
}
Event: 1.746 GC heap after
{Heap after GC invocations=3 (full 0):
 garbage-first heap   total 258048K, used 11367K [0x0000000704800000, 0x0000000800000000)
  region size 1024K, 3 young (3072K), 3 survivors (3072K)
 Metaspace       used 20456K, capacity 21101K, committed 21248K, reserved 1069056K
  class space    used 2209K, capacity 2474K, committed 2560K, reserved 1048576K
}
Event: 3.139 GC heap before
{Heap before GC invocations=4 (full 0):
 garbage-first heap   total 258048K, used 73831K [0x0000000704800000, 0x0000000800000000)
  region size 1024K, 64 young (65536K), 3 survivors (3072K)
 Metaspace       used 29782K, capacity 30740K, committed 31104K, reserved 1077248K
  class space    used 3437K, capacity 3848K, committed 3968K, reserved 1048576K
}
Event: 3.146 GC heap after
{Heap after GC invocations=5 (full 0):
 garbage-first heap   total 258048K, used 13775K [0x0000000704800000, 0x0000000800000000)
  region size 1024K, 5 young (5120K), 5 survivors (5120K)
 Metaspace       used 29782K, capacity 30740K, committed 31104K, reserved 1077248K
  class space    used 3437K, capacity 3848K, committed 3968K, reserved 1048576K
}
Event: 5.232 GC heap before
{Heap before GC invocations=5 (full 0):
 garbage-first heap   total 258048K, used 100815K [0x0000000704800000, 0x0000000800000000)
  region size 1024K, 91 young (93184K), 5 survivors (5120K)
 Metaspace       used 34702K, capacity 35706K, committed 35840K, reserved 1081344K
  class space    used 3979K, capacity 4391K, committed 4480K, reserved 1048576K
}
Event: 5.248 GC heap after
{Heap after GC invocations=6 (full 0):
 garbage-first heap   total 258048K, used 16699K [0x0000000704800000, 0x0000000800000000)
  region size 1024K, 8 young (8192K), 8 survivors (8192K)
 Metaspace       used 34702K, capacity 35706K, committed 35840K, reserved 1081344K
  class space    used 3979K, capacity 4391K, committed 4480K, reserved 1048576K
}
Event: 8.478 GC heap before
{Heap before GC invocations=7 (full 0):
 garbage-first heap   total 258048K, used 163131K [0x0000000704800000, 0x0000000800000000)
  region size 1024K, 151 young (154624K), 8 survivors (8192K)
 Metaspace       used 48819K, capacity 50291K, committed 50432K, reserved 1093632K
  class space    used 5800K, capacity 6380K, committed 6400K, reserved 1048576K
}
Event: 8.492 GC heap after
{Heap after GC invocations=8 (full 0):
 garbage-first heap   total 310272K, used 21784K [0x0000000704800000, 0x0000000800000000)
  region size 1024K, 13 young (13312K), 13 survivors (13312K)
 Metaspace       used 48819K, capacity 50291K, committed 50432K, reserved 1093632K
  class space    used 5800K, capacity 6380K, committed 6400K, reserved 1048576K
}
Event: 11.981 GC heap before
{Heap before GC invocations=8 (full 0):
 garbage-first heap   total 310272K, used 126232K [0x0000000704800000, 0x0000000800000000)
  region size 1024K, 116 young (118784K), 13 survivors (13312K)
 Metaspace       used 58490K, capacity 60077K, committed 60160K, reserved 1101824K
  class space    used 7028K, capacity 7656K, committed 7680K, reserved 1048576K
}
Event: 12.001 GC heap after
{Heap after GC invocations=9 (full 0):
 garbage-first heap   total 310272K, used 28291K [0x0000000704800000, 0x0000000800000000)
  region size 1024K, 18 young (18432K), 18 survivors (18432K)
 Metaspace       used 58490K, capacity 60077K, committed 60160K, reserved 1101824K
  class space    used 7028K, capacity 7656K, committed 7680K, reserved 1048576K
}
Event: 13.185 GC heap before
{Heap before GC invocations=10 (full 0):
 garbage-first heap   total 310272K, used 195203K [0x0000000704800000, 0x0000000800000000)
  region size 1024K, 181 young (185344K), 18 survivors (18432K)
 Metaspace       used 65568K, capacity 67468K, committed 67584K, reserved 1107968K
  class space    used 7848K, capacity 8598K, committed 8704K, reserved 1048576K
}
Event: 13.201 GC heap after
{Heap after GC invocations=11 (full 0):
 garbage-first heap   total 310272K, used 37616K [0x0000000704800000, 0x0000000800000000)
  region size 1024K, 17 young (17408K), 17 survivors (17408K)
 Metaspace       used 65568K, capacity 67468K, committed 67584K, reserved 1107968K
  class space    used 7848K, capacity 8598K, committed 8704K, reserved 1048576K
}

Deoptimization events (20 events):
Event: 13.751 Thread 0x00000220465c4800 DEOPT PACKING pc=0x0000022050477e20 sp=0x0000004552df9dd0
Event: 13.751 Thread 0x00000220465c4800 DEOPT UNPACKING pc=0x000002204f14a95e sp=0x0000004552df92e8 mode 0
Event: 13.763 Thread 0x00000220465c4800 DEOPT PACKING pc=0x00000220504c20d8 sp=0x0000004552dfa9f0
Event: 13.763 Thread 0x00000220465c4800 DEOPT UNPACKING pc=0x000002204f14a95e sp=0x0000004552df9ef8 mode 0
Event: 13.801 Thread 0x00000220465c4800 DEOPT PACKING pc=0x00000220504c20d8 sp=0x0000004552dfa350
Event: 13.801 Thread 0x00000220465c4800 DEOPT UNPACKING pc=0x000002204f14a95e sp=0x0000004552df9858 mode 0
Event: 13.801 Thread 0x00000220465c4800 Uncommon trap: trap_request=0xffffff4d fr.pc=0x0000022056d18fe0 relative=0x0000000000000260
Event: 13.801 Thread 0x00000220465c4800 Uncommon trap: reason=unstable_if action=reinterpret pc=0x0000022056d18fe0 method=java.util.HashMap.putVal(ILjava/lang/Object;Ljava/lang/Object;ZZ)Ljava/lang/Object; @ 162 c2
Event: 13.801 Thread 0x00000220465c4800 DEOPT PACKING pc=0x0000022056d18fe0 sp=0x0000004552dfb1a0
Event: 13.801 Thread 0x00000220465c4800 DEOPT UNPACKING pc=0x000002204f14a1af sp=0x0000004552dfb0b0 mode 2
Event: 13.803 Thread 0x00000220465c4800 Uncommon trap: trap_request=0xffffff4d fr.pc=0x0000022056d8d8c0 relative=0x00000000000001c0
Event: 13.803 Thread 0x00000220465c4800 Uncommon trap: reason=unstable_if action=reinterpret pc=0x0000022056d8d8c0 method=java.util.HashMap.putVal(ILjava/lang/Object;Ljava/lang/Object;ZZ)Ljava/lang/Object; @ 162 c2
Event: 13.803 Thread 0x00000220465c4800 DEOPT PACKING pc=0x0000022056d8d8c0 sp=0x0000004552dfb110
Event: 13.803 Thread 0x00000220465c4800 DEOPT UNPACKING pc=0x000002204f14a1af sp=0x0000004552dfb090 mode 2
Event: 13.805 Thread 0x00000220465c4800 Uncommon trap: trap_request=0xffffff4d fr.pc=0x0000022056c7a6a0 relative=0x00000000000009a0
Event: 13.805 Thread 0x00000220465c4800 Uncommon trap: reason=unstable_if action=reinterpret pc=0x0000022056c7a6a0 method=java.util.HashMap.resize()[Ljava/util/HashMap$Node; @ 203 c2
Event: 13.805 Thread 0x00000220465c4800 DEOPT PACKING pc=0x0000022056c7a6a0 sp=0x0000004552dfb0f0
Event: 13.805 Thread 0x00000220465c4800 DEOPT UNPACKING pc=0x000002204f14a1af sp=0x0000004552dfb090 mode 2
Event: 13.983 Thread 0x00000220465c4800 DEOPT PACKING pc=0x000002205056df36 sp=0x0000004552df9d30
Event: 13.983 Thread 0x00000220465c4800 DEOPT UNPACKING pc=0x000002204f14a95e sp=0x0000004552df9210 mode 0

Classes redefined (0 events):
No events

Internal exceptions (20 events):
Event: 13.753 Thread 0x00000220465c4800 Exception <a 'java/lang/ClassNotFoundException'{0x0000000711c60340}: java/lang/ObjectCustomizer> (0x0000000711c60340) thrown at [s\src\hotspot\share\classfile\systemDictionary.cpp, line 230]
Event: 13.753 Thread 0x00000220465c4800 Exception <a 'java/lang/ClassNotFoundException'{0x0000000711c95638}: org/springframework/session/data/redis/config/annotation/web/http/RedisHttpSessionConfiguration$SessionCleanupConfigurationCustomizer> (0x0000000711c95638) thrown at [s\src\hotspot\share\classfile\systemDictionary.cpp, line 230]
Event: 13.754 Thread 0x00000220465c4800 Exception <a 'java/lang/ClassNotFoundException'{0x0000000711cb9430}: org/springframework/scheduling/annotation/SchedulingConfigurerCustomizer> (0x0000000711cb9430) thrown at [s\src\hotspot\share\classfile\systemDictionary.cpp, line 230]
Event: 13.758 Thread 0x00000220465c4800 Exception <a 'java/lang/ClassNotFoundException'{0x0000000711b056c8}: java/lang/ObjectCustomizer> (0x0000000711b056c8) thrown at [s\src\hotspot\share\classfile\systemDictionary.cpp, line 230]
Event: 13.758 Thread 0x00000220465c4800 Exception <a 'java/lang/ClassNotFoundException'{0x0000000711b2c030}: org/springframework/data/redis/listener/RedisMessageListenerContainerCustomizer> (0x0000000711b2c030) thrown at [s\src\hotspot\share\classfile\systemDictionary.cpp, line 230]
Event: 13.759 Thread 0x00000220465c4800 Exception <a 'java/lang/ClassNotFoundException'{0x0000000711b6ced8}: org/springframework/beans/factory/InitializingBeanCustomizer> (0x0000000711b6ced8) thrown at [s\src\hotspot\share\classfile\systemDictionary.cpp, line 230]
Event: 13.759 Thread 0x00000220465c4800 Exception <a 'java/lang/ClassNotFoundException'{0x0000000711b8b7e0}: org/springframework/beans/factory/DisposableBeanCustomizer> (0x0000000711b8b7e0) thrown at [s\src\hotspot\share\classfile\systemDictionary.cpp, line 230]
Event: 13.759 Thread 0x00000220465c4800 Exception <a 'java/lang/ClassNotFoundException'{0x0000000711ba9250}: org/springframework/beans/factory/BeanNameAwareCustomizer> (0x0000000711ba9250) thrown at [s\src\hotspot\share\classfile\systemDictionary.cpp, line 230]
Event: 13.759 Thread 0x00000220465c4800 Exception <a 'java/lang/ClassNotFoundException'{0x0000000711bc5150}: org/springframework/beans/factory/AwareCustomizer> (0x0000000711bc5150) thrown at [s\src\hotspot\share\classfile\systemDictionary.cpp, line 230]
Event: 13.759 Thread 0x00000220465c4800 Exception <a 'java/lang/ClassNotFoundException'{0x0000000711be1b80}: org/springframework/context/SmartLifecycleCustomizer> (0x0000000711be1b80) thrown at [s\src\hotspot\share\classfile\systemDictionary.cpp, line 230]
Event: 13.760 Thread 0x00000220465c4800 Exception <a 'java/lang/ClassNotFoundException'{0x0000000711a00eb8}: org/springframework/context/LifecycleCustomizer> (0x0000000711a00eb8) thrown at [s\src\hotspot\share\classfile\systemDictionary.cpp, line 230]
Event: 13.760 Thread 0x00000220465c4800 Exception <a 'java/lang/ClassNotFoundException'{0x0000000711a1c9a0}: org/springframework/context/PhasedCustomizer> (0x0000000711a1c9a0) thrown at [s\src\hotspot\share\classfile\systemDictionary.cpp, line 230]
Event: 13.763 Thread 0x00000220465c4800 Exception <a 'java/lang/ClassNotFoundException'{0x0000000711a88650}: java/lang/ObjectCustomizer> (0x0000000711a88650) thrown at [s\src\hotspot\share\classfile\systemDictionary.cpp, line 230]
Event: 13.763 Thread 0x00000220465c4800 Exception <a 'java/lang/ClassNotFoundException'{0x0000000711ac1a38}: org/springframework/session/data/redis/config/annotation/web/http/RedisHttpSessionConfiguration$EnableRedisKeyspaceNotificationsInitializerCustomizer> (0x0000000711ac1a38) thrown at [s\src\hotspot\share\classfile\systemDictionary.cpp, line 230]
Event: 13.763 Thread 0x00000220465c4800 Exception <a 'java/lang/ClassNotFoundException'{0x0000000711ae2d08}: org/springframework/beans/factory/InitializingBeanCustomizer> (0x0000000711ae2d08) thrown at [s\src\hotspot\share\classfile\systemDictionary.cpp, line 230]
Event: 14.022 Thread 0x00000220465c4800 Exception <a 'java/lang/ClassNotFoundException'{0x00000007106c4de0}: jdk/jfr/internal/handlers/EventHandler13849_1759860855275-36420> (0x00000007106c4de0) thrown at [s\src\hotspot\share\classfile\systemDictionary.cpp, line 230]
Event: 14.027 Thread 0x00000220465c4800 Exception <a 'java/lang/ClassNotFoundException'{0x00000007106e9a98}: jdk/jfr/internal/handlers/EventHandler13994_1759860855275-36420> (0x00000007106e9a98) thrown at [s\src\hotspot\share\classfile\systemDictionary.cpp, line 230]
Event: 14.044 Thread 0x00000220465c4800 Exception <a 'java/lang/NoSuchMethodError'{0x00000007105c6908}: 'java.lang.Object java.lang.invoke.DirectMethodHandle$Holder.invokeStaticInit(java.lang.Object, java.lang.Object, long, java.lang.Object)'> (0x00000007105c6908) thrown at [s\src\hotspot\share\interpreter\linkResolver.cpp, line 773]
Event: 14.044 Thread 0x00000220465c4800 Exception <a 'java/lang/NoSuchMethodError'{0x00000007105cd078}: 'java.lang.Object java.lang.invoke.DirectMethodHandle$Holder.invokeStatic(java.lang.Object, java.lang.Object, long)'> (0x00000007105cd078) thrown at [s\src\hotspot\share\interpreter\linkResolver.cpp, line 773]
Event: 14.045 Thread 0x00000220465c4800 Exception <a 'java/lang/NoSuchMethodError'{0x00000007105d3de8}: 'java.lang.Object java.lang.invoke.Invokers$Holder.linkToTargetMethod(java.lang.Object, long, java.lang.Object)'> (0x00000007105d3de8) thrown at [s\src\hotspot\share\interpreter\linkResolver.cpp, line 773]

Events (20 events):
Event: 14.042 loading class java/lang/ProcessHandle
Event: 14.043 loading class java/lang/ProcessHandle done
Event: 14.043 loading class java/lang/ProcessHandle$Info
Event: 14.043 loading class java/lang/ProcessHandle$Info done
Event: 14.043 loading class java/lang/ProcessHandleImpl
Event: 14.043 loading class java/lang/ProcessHandleImpl done
Event: 14.045 loading class java/util/concurrent/SynchronousQueue
Event: 14.045 loading class java/util/concurrent/SynchronousQueue done
Event: 14.045 loading class java/util/concurrent/SynchronousQueue$TransferStack
Event: 14.046 loading class java/util/concurrent/SynchronousQueue$Transferer
Event: 14.046 loading class java/util/concurrent/SynchronousQueue$Transferer done
Event: 14.046 loading class java/util/concurrent/SynchronousQueue$TransferStack done
Event: 14.046 loading class java/util/concurrent/SynchronousQueue$TransferStack$SNode
Event: 14.046 loading class java/util/concurrent/SynchronousQueue$TransferStack$SNode done
Event: 14.046 loading class io/netty/util/internal/MacAddressUtil
Event: 14.046 loading class io/netty/util/internal/MacAddressUtil done
Event: 14.047 loading class io/netty/util/NetUtil
Event: 14.047 loading class io/netty/util/NetUtil done
Event: 14.049 loading class io/netty/util/NetUtilInitializations
Event: 14.049 loading class io/netty/util/NetUtilInitializations done


Dynamic libraries:
0x00007ff65ea00000 - 0x00007ff65ea0e000 	C:\Users\22183\.jdks\corretto-11.0.25\bin\java.exe
0x00007ffbc6800000 - 0x00007ffbc6a09000 	C:\windows\SYSTEM32\ntdll.dll
0x00007ffbc6090000 - 0x00007ffbc614d000 	C:\windows\System32\KERNEL32.DLL
0x00007ffbc42c0000 - 0x00007ffbc4644000 	C:\windows\System32\KERNELBASE.dll
0x00007ffbc3fa0000 - 0x00007ffbc40b1000 	C:\windows\System32\ucrtbase.dll
0x00007ffbbec80000 - 0x00007ffbbec9b000 	C:\Users\22183\.jdks\corretto-11.0.25\bin\VCRUNTIME140.dll
0x00007ffbbed00000 - 0x00007ffbbed17000 	C:\Users\22183\.jdks\corretto-11.0.25\bin\jli.dll
0x00007ffbc6470000 - 0x00007ffbc661d000 	C:\windows\System32\USER32.dll
0x00007ffbc4220000 - 0x00007ffbc4246000 	C:\windows\System32\win32u.dll
0x00007ffbc4d00000 - 0x00007ffbc4d2a000 	C:\windows\System32\GDI32.dll
0x00007ffbc3d10000 - 0x00007ffbc3e2e000 	C:\windows\System32\gdi32full.dll
0x00007ffbc4180000 - 0x00007ffbc421d000 	C:\windows\System32\msvcp_win.dll
0x00007ffba8450000 - 0x00007ffba86f5000 	C:\windows\WinSxS\amd64_microsoft.windows.common-controls_6595b64144ccf1df_6.0.22000.120_none_9d947278b86cc467\COMCTL32.dll
0x00007ffbc4b20000 - 0x00007ffbc4bc3000 	C:\windows\System32\msvcrt.dll
0x00007ffbc4cc0000 - 0x00007ffbc4cf1000 	C:\windows\System32\IMM32.DLL
0x0000000056060000 - 0x000000005606d000 	C:\Program Files (x86)\360\360Safe\safemon\SafeWrapper.dll
0x00007ffbc5650000 - 0x00007ffbc56fe000 	C:\windows\System32\ADVAPI32.dll
0x00007ffbc62e0000 - 0x00007ffbc637e000 	C:\windows\System32\sechost.dll
0x00007ffbc4970000 - 0x00007ffbc4a91000 	C:\windows\System32\RPCRT4.dll
0x00007ffbbd670000 - 0x00007ffbbd775000 	C:\Program Files (x86)\360\360Safe\safemon\libzdtp64.dll
0x00007ffbc4e00000 - 0x00007ffbc55c5000 	C:\windows\System32\SHELL32.dll
0x00007ffbc6410000 - 0x00007ffbc646d000 	C:\windows\System32\SHLWAPI.dll
0x00007ffbc36e0000 - 0x00007ffbc36ea000 	C:\windows\SYSTEM32\VERSION.dll
0x00007ffbbecf0000 - 0x00007ffbbecfc000 	C:\Users\22183\.jdks\corretto-11.0.25\bin\vcruntime140_1.dll
0x00007ffb9e350000 - 0x00007ffb9e3dd000 	C:\Users\22183\.jdks\corretto-11.0.25\bin\msvcp140.dll
0x00007ffaf9d90000 - 0x00007ffafa955000 	C:\Users\22183\.jdks\corretto-11.0.25\bin\server\jvm.dll
0x00007ffbc6150000 - 0x00007ffbc61bf000 	C:\windows\System32\WS2_32.dll
0x00007ffbc4aa0000 - 0x00007ffbc4aa8000 	C:\windows\System32\PSAPI.DLL
0x00007ffbbc820000 - 0x00007ffbbc853000 	C:\windows\SYSTEM32\WINMM.dll
0x00007ffbc2d00000 - 0x00007ffbc2d18000 	C:\windows\SYSTEM32\kernel.appcore.dll
0x00007ffbbec70000 - 0x00007ffbbec80000 	C:\Users\22183\.jdks\corretto-11.0.25\bin\verify.dll
0x00007ffbc1530000 - 0x00007ffbc1751000 	C:\windows\SYSTEM32\DBGHELP.DLL
0x00007ffb9d220000 - 0x00007ffb9d251000 	C:\windows\SYSTEM32\dbgcore.DLL
0x00007ffbc3c90000 - 0x00007ffbc3d0f000 	C:\windows\System32\bcryptPrimitives.dll
0x00007ffba0df0000 - 0x00007ffba0e18000 	C:\Users\22183\.jdks\corretto-11.0.25\bin\java.dll
0x00007ffbbec60000 - 0x00007ffbbec6a000 	C:\Users\22183\.jdks\corretto-11.0.25\bin\jimage.dll
0x00007ffba5ca0000 - 0x00007ffba5cb8000 	C:\Users\22183\.jdks\corretto-11.0.25\bin\zip.dll
0x00007ffbc1cb0000 - 0x00007ffbc2512000 	C:\windows\SYSTEM32\windows.storage.dll
0x00007ffbc5890000 - 0x00007ffbc5c06000 	C:\windows\System32\combase.dll
0x00007ffbc1b40000 - 0x00007ffbc1ca7000 	C:\windows\SYSTEM32\wintypes.dll
0x00007ffbc4bd0000 - 0x00007ffbc4cba000 	C:\windows\System32\SHCORE.dll
0x00007ffbc3bc0000 - 0x00007ffbc3be5000 	C:\windows\SYSTEM32\profapi.dll
0x00007ffba2390000 - 0x00007ffba23a9000 	C:\Users\22183\.jdks\corretto-11.0.25\bin\net.dll
0x00007ffbbdd50000 - 0x00007ffbbde64000 	C:\windows\SYSTEM32\WINHTTP.dll
0x0000000180000000 - 0x000000018008c000 	C:\windows\system32\ASProxy64.dll
0x00007ffbc6620000 - 0x00007ffbc67ba000 	C:\windows\System32\ole32.dll
0x00007ffbc4650000 - 0x00007ffbc4726000 	C:\windows\System32\OLEAUT32.dll
0x00007ffbc3730000 - 0x00007ffbc375d000 	C:\windows\SYSTEM32\IPHLPAPI.DLL
0x00007ffbc31b0000 - 0x00007ffbc3217000 	C:\windows\SYSTEM32\MSWSOCK.dll
0x00007ffbc2fa0000 - 0x00007ffbc2fe2000 	C:\windows\SYSTEM32\SspiCli.dll
0x00007ffba1a70000 - 0x00007ffba1a82000 	C:\Users\22183\.jdks\corretto-11.0.25\bin\nio.dll
0x00007ffbbbbf0000 - 0x00007ffbbbbf9000 	C:\Users\22183\.jdks\corretto-11.0.25\bin\management.dll
0x00007ffbbadb0000 - 0x00007ffbbadbb000 	C:\Users\22183\.jdks\corretto-11.0.25\bin\management_ext.dll
0x00007ffbbfd10000 - 0x00007ffbbfdbc000 	C:\windows\system32\uxtheme.dll
0x00007ffb956b0000 - 0x00007ffb956c7000 	C:\windows\system32\napinsp.dll
0x00007ffb943a0000 - 0x00007ffb943bb000 	C:\windows\system32\pnrpnsp.dll
0x00007ffbc2850000 - 0x00007ffbc2937000 	C:\windows\SYSTEM32\DNSAPI.dll
0x00007ffbc5640000 - 0x00007ffbc5649000 	C:\windows\System32\NSI.dll
0x00007ffb94380000 - 0x00007ffb94392000 	C:\windows\System32\winrnr.dll
0x00007ffb94360000 - 0x00007ffb94375000 	C:\windows\system32\wshbth.dll
0x00007ffb94340000 - 0x00007ffb9435f000 	C:\windows\system32\nlansp_c.dll
0x0000000054680000 - 0x000000005468b000 	C:\Program Files\National Instruments\Shared\mDNS Responder\nimdnsNSP.dll
0x0000000054660000 - 0x0000000054671000 	C:\windows\SYSTEM32\nimdnsResponder.dll
0x0000000054630000 - 0x0000000054656000 	C:\Program Files\Bonjour\mdnsNSP.dll
0x00007ffbbaeb0000 - 0x00007ffbbaeba000 	C:\Windows\System32\rasadhlp.dll
0x00007ffbbc6f0000 - 0x00007ffbbc771000 	C:\windows\System32\fwpuclnt.dll
0x00007ffbbdc80000 - 0x00007ffbbdc99000 	C:\windows\SYSTEM32\dhcpcsvc6.DLL
0x00007ffbbe250000 - 0x00007ffbbe26e000 	C:\windows\SYSTEM32\dhcpcsvc.DLL
0x00007ffba4560000 - 0x00007ffba456e000 	C:\Users\22183\.jdks\corretto-11.0.25\bin\sunmscapi.dll
0x00007ffbc3e30000 - 0x00007ffbc3f92000 	C:\windows\System32\CRYPT32.dll
0x00007ffbc3580000 - 0x00007ffbc35a8000 	C:\windows\SYSTEM32\ncrypt.dll
0x00007ffbc3540000 - 0x00007ffbc3577000 	C:\windows\SYSTEM32\NTASN1.dll
0x00007ffb9cb40000 - 0x00007ffb9cb67000 	C:\Users\22183\.jdks\corretto-11.0.25\bin\sunec.dll
0x00007ffbc3410000 - 0x00007ffbc3428000 	C:\windows\SYSTEM32\CRYPTSP.dll
0x00007ffbc2c60000 - 0x00007ffbc2c95000 	C:\windows\system32\rsaenh.dll
0x00007ffbc32c0000 - 0x00007ffbc32ec000 	C:\windows\SYSTEM32\USERENV.dll
0x00007ffbc35b0000 - 0x00007ffbc35d7000 	C:\windows\SYSTEM32\bcrypt.dll
0x00007ffbc3430000 - 0x00007ffbc343c000 	C:\windows\SYSTEM32\CRYPTBASE.dll

dbghelp: loaded successfully - version: 4.0.5 - missing functions: none
symbol engine: initialized successfully - sym options: 0x614 - pdb path: .;C:\Users\22183\.jdks\corretto-11.0.25\bin;C:\windows\SYSTEM32;C:\windows\WinSxS\amd64_microsoft.windows.common-controls_6595b64144ccf1df_6.0.22000.120_none_9d947278b86cc467;C:\Program Files (x86)\360\360Safe\safemon;C:\Users\22183\.jdks\corretto-11.0.25\bin\server;C:\Program Files\National Instruments\Shared\mDNS Responder;C:\Program Files\Bonjour

VM Arguments:
java_command: C:\Users\22183\AppData\Local\Temp\surefire4037962578897841438\surefirebooter-20251008021400774_3.jar C:\Users\22183\AppData\Local\Temp\surefire4037962578897841438 2025-10-08T02-14-00_142-jvmRun1 surefire-20251008021400774_1tmp surefire_0-20251008021400774_2tmp
java_class_path (initial): C:\Users\22183\AppData\Local\Temp\surefire4037962578897841438\surefirebooter-20251008021400774_3.jar
Launcher Type: SUN_STANDARD

[Global flags]
     intx CICompilerCount                          = 4                                         {product} {ergonomic}
     uint ConcGCThreads                            = 3                                         {product} {ergonomic}
     uint G1ConcRefinementThreads                  = 10                                        {product} {ergonomic}
   size_t G1HeapRegionSize                         = 1048576                                   {product} {ergonomic}
    uintx GCDrainStackTargetSize                   = 64                                        {product} {ergonomic}
   size_t InitialHeapSize                          = 264241152                                 {product} {ergonomic}
   size_t MarkStackSize                            = 4194304                                   {product} {ergonomic}
   size_t MaxHeapSize                              = 4219469824                                {product} {ergonomic}
   size_t MaxNewSize                               = 2531262464                                {product} {ergonomic}
   size_t MinHeapDeltaBytes                        = 1048576                                   {product} {ergonomic}
    uintx NonNMethodCodeHeapSize                   = 5836300                                {pd product} {ergonomic}
    uintx NonProfiledCodeHeapSize                  = 122910970                              {pd product} {ergonomic}
    uintx ProfiledCodeHeapSize                     = 122910970                              {pd product} {ergonomic}
    uintx ReservedCodeCacheSize                    = 251658240                              {pd product} {ergonomic}
     bool SegmentedCodeCache                       = true                                      {product} {ergonomic}
     bool UseCompressedClassPointers               = true                                 {lp64_product} {ergonomic}
     bool UseCompressedOops                        = true                                 {lp64_product} {ergonomic}
     bool UseG1GC                                  = true                                      {product} {ergonomic}
     bool UseLargePagesIndividualAllocation        = false                                  {pd product} {ergonomic}

Logging:
Log output configuration:
 #0: stdout all=warning uptime,level,tags
 #1: stderr all=off uptime,level,tags

Environment Variables:
JAVA_HOME=C:\Program Files\Java\jdk1.8.0_202
PATH=C:\Program Files;C:\\Windows\System32;C:\Program Files\Microsoft SQL Server\Client SDK\ODBC\170\Tools\Binn\;C:\Program Files\Microsoft SQL Server\160\DTS\Binn\;D:\Git\cmd;C:\Program Files\Microsoft SQL Server\150\Tools\Binn\;"C:\windows\system32;C:\windows;C:\windows\System32\Wbem;";C:\Program Files\apache-maven-3.9.6\bin;D:\Home\MySQL\bin;D:\Program Files\MATLAB\R2023b\runtime\win64;D:\Program Files\MATLAB\R2023b\bin;C:\Program Files\Docker\Docker\resources\bin;D:\Program Files\MATLAB\R2021b\runtime\win64;D:\Program Files\MATLAB\R2021b\bin;C:\Users\22183\Desktop\web\dll;es (x86)\Microsoft SQL Server\160\DTS\Binn\;C:\Program Files (x86)\Microsoft SQL Server\160\Tools\Binn\;C:\Program Files\Microsoft SQL Server\160\Tools\Binn\;C:\Program Files\Java\jdk1.8.0_202\bin;C:\windows\System32\WindowsPowerShell\v1.0\;C:\Program Files\python;C:\Program Files\python\Scripts;D:\BtSoft\panel\script;C:\Program Files (x86)\Git\cmd;C:\Program Files (x86)\NetSarang\Xftp 7\;C:\Program Files (x86)\NetSarang\Xlpd 7\;C:\Program Files\PuTTY\;C:\windows\system32;D:\nvm;D:\nvm\nodejs;D:\Program Files\Rational\common;D:\nodejs\node_global\node_modules\yarn\bin;D:\nodejs\node_global;C:\Program Files (x86)\Windows Kits\10\Windows Performance Toolkit\;;C:\Program Files\HP\HP One Agent;D:\Ruby32-x64\bin;C:\Users\22183\AppData\Local\Programs\Python\Python36-32\Scripts\;C:\Users\22183\AppData\Local\Programs\Python\Python36-32\;C:\Users\22183\AppData\Local\Microsoft\WindowsApps;D:\Microsoft VS Code\bin;C:\Program Files\Azure Data Studio\bin;D:\WebStorm 2021.1.3\bin;;C:\Users\22183\AppData\Local\GitHubDesktop\bin;C:\ProgramData\22183\GitHubDesktop\bin;C:\Program Files\Java\jdk1.8.0_202\jre;D:\nvm;D:\nvm\nodejs;D:\Program Files\IntelliJ IDEA 2024.2.3\bin;
USERNAME=22183
OS=Windows_NT
PROCESSOR_IDENTIFIER=Intel64 Family 6 Model 154 Stepping 4, GenuineIntel
TMP=C:\Users\22183\AppData\Local\Temp
TEMP=C:\Users\22183\AppData\Local\Temp



---------------  S Y S T E M  ---------------

OS: Windows 11 , 64 bit Build 22000 (10.0.22000.2538)
OS uptime: 0 days 3:42 hours
Hyper-V role detected

CPU:total 12 (initial active 12) (6 cores per cpu, 2 threads per core) family 6 model 154 stepping 4 microcode 0x419, cmov, cx8, fxsr, mmx, sse, sse2, sse3, ssse3, sse4.1, sse4.2, popcnt, avx, avx2, aes, clmul, erms, 3dnowpref, lzcnt, ht, tsc, tscinvbit, bmi1, bmi2, adx, sha, fma

Memory: 4k page, system-wide physical 16095M (217M free)
TotalPageFile size 28221M (AvailPageFile size 5M)
current process WorkingSet (physical memory assigned to process): 442M, peak: 442M
current process commit charge ("private bytes"): 553M, peak: 554M

vm_info: OpenJDK 64-Bit Server VM (11.0.25+9-LTS) for windows-amd64 JRE (11.0.25+9-LTS), built on Oct 10 2024 00:01:59 by "Administrator" with MS VC++ 16.10 / 16.11 (VS2019)

END.
