#
# There is insufficient memory for the Java Runtime Environment to continue.
# Native memory allocation (mmap) failed to map 264241152 bytes for Failed to commit area from 0x0000000704800000 to 0x0000000714400000 of length 264241152.
# Possible reasons:
#   The system is out of physical RAM or swap space
#   The process is running with CompressedOops enabled, and the Java Heap may be blocking the growth of the native heap
# Possible solutions:
#   Reduce memory load on the system
#   Increase physical memory or swap space
#   Check if swap backing store is full
#   Decrease Java heap size (-Xmx/-Xms)
#   Decrease number of Java threads
#   Decrease Java thread stack sizes (-Xss)
#   Set larger code cache with -XX:ReservedCodeCacheSize=
# This output file may be truncated or incomplete.
#
#  Out of Memory Error (os_windows.cpp:3450), pid=45720, tid=27764
#
# JRE version:  (11.0.30+7) (build )
# Java VM: OpenJDK 64-Bit Server VM (11.0.30+7-LTS, mixed mode, sharing, tiered, compressed oops, g1 gc, windows-amd64)
# No core dump will be written. Minidumps are not enabled by default on client versions of Windows
#

---------------  S U M M A R Y ------------

Command Line: -Dclassworlds.conf=C:\Program Files\apache-maven-3.9.6\bin\m2.conf -Dmaven.home=C:\Program Files\apache-maven-3.9.6 -Dlibrary.jansi.path=C:\Program Files\apache-maven-3.9.6\lib\jansi-native -Dmaven.multiModuleProjectDirectory=E:\picture-master\picture-master org.codehaus.plexus.classworlds.launcher.Launcher clean package -DskipTests

Host: 12th Gen Intel(R) Core(TM) i7-1255U, 12 cores, 15G,  Windows 11 , 64 bit Build 22000 (10.0.22000.2538)
Time: Mon Feb 16 00:20:32 2026  Windows 11 , 64 bit Build 22000 (10.0.22000.2538) elapsed time: 0.016882 seconds (0d 0h 0m 0s)

---------------  T H R E A D  ---------------

Current thread (0x000002c7201f7000):  JavaThread "Unknown thread" [_thread_in_vm, id=27764, stack(0x000000cdc9e00000,0x000000cdc9f00000)]

Stack: [0x000000cdc9e00000,0x000000cdc9f00000]
Native frames: (J=compiled Java code, j=interpreted, Vv=VM code, C=native code)
V  [jvm.dll+0x65984a]
V  [jvm.dll+0x7eb8e8]
V  [jvm.dll+0x7ecfd9]
V  [jvm.dll+0x7ed6e3]
V  [jvm.dll+0x26d045]
V  [jvm.dll+0x656c19]
V  [jvm.dll+0x64aa05]
V  [jvm.dll+0x3342de]
V  [jvm.dll+0x334162]
V  [jvm.dll+0x338d06]
V  [jvm.dll+0x37e217]
V  [jvm.dll+0x37dc82]
V  [jvm.dll+0x30f138]
V  [jvm.dll+0x310236]
V  [jvm.dll+0x7c57bd]
V  [jvm.dll+0x7c6f4f]
V  [jvm.dll+0x38b5e9]
V  [jvm.dll+0x7a6fa0]
V  [jvm.dll+0x3fb367]
V  [jvm.dll+0x3fd871]
C  [jli.dll+0x5358]
C  [ucrtbase.dll+0x26c0c]
C  [KERNEL32.DLL+0x153e0]
C  [ntdll.dll+0x485b]


---------------  P R O C E S S  ---------------

Threads class SMR info:
_java_thread_list=0x000002c71e78f520, length=0, elements={
}

Java Threads: ( => current thread )

Other Threads:
  0x000002c72020e000 GCTaskThread "GC Thread#0" [stack: 0x000000cdc9f00000,0x000000cdca000000] [id=15064]
  0x000002c720268800 ConcurrentGCThread "G1 Main Marker" [stack: 0x000000cdca000000,0x000000cdca100000] [id=42348]
  0x000002c72026a000 ConcurrentGCThread "G1 Conc#0" [stack: 0x000000cdca100000,0x000000cdca200000] [id=35260]

[error occurred during error reporting (printing all threads), id 0xc0000005, EXCEPTION_ACCESS_VIOLATION (0xc0000005) at pc=0x00007ffc6d9c01d7]

VM state:not at safepoint (not fully initialized)

VM Mutex/Monitor currently owned by a thread:  ([mutex/lock_event])
[0x000002c7201f3080] Heap_lock - owner thread: 0x000002c7201f7000

Heap address: 0x0000000704800000, size: 4024 MB, Compressed Oops mode: Non-zero based: 0x0000000704800000
Narrow klass base: 0x0000000000000000, Narrow klass shift: 0

GC Heap History (0 events):
No events

Deoptimization events (0 events):
No events

Classes redefined (0 events):
No events

Internal exceptions (0 events):
No events

Events (1 events):
Event: 0.010 Loaded shared library D:\jdk11\bin\zip.dll


Dynamic libraries:
0x00007ff79d900000 - 0x00007ff79d90e000 	D:\jdk11\bin\java.exe
0x00007ffcf98a0000 - 0x00007ffcf9aa9000 	C:\windows\SYSTEM32\ntdll.dll
0x00007ffcf84c0000 - 0x00007ffcf857d000 	C:\windows\System32\KERNEL32.DLL
0x00007ffcf6e90000 - 0x00007ffcf7214000 	C:\windows\System32\KERNELBASE.dll
0x00007ffcf7530000 - 0x00007ffcf7641000 	C:\windows\System32\ucrtbase.dll
0x00007ffcf20c0000 - 0x00007ffcf20d8000 	D:\jdk11\bin\jli.dll
0x00007ffce9850000 - 0x00007ffce986e000 	D:\jdk11\bin\VCRUNTIME140.dll
0x00007ffcf9460000 - 0x00007ffcf960d000 	C:\windows\System32\USER32.dll
0x00007ffcf6d30000 - 0x00007ffcf6d56000 	C:\windows\System32\win32u.dll
0x00007ffcf8010000 - 0x00007ffcf803a000 	C:\windows\System32\GDI32.dll
0x00007ffcf7220000 - 0x00007ffcf733e000 	C:\windows\System32\gdi32full.dll
0x00007ffcf7650000 - 0x00007ffcf76ed000 	C:\windows\System32\msvcp_win.dll
0x00007ffcf58d0000 - 0x00007ffcf5b75000 	C:\windows\WinSxS\amd64_microsoft.windows.common-controls_6595b64144ccf1df_6.0.22000.120_none_9d947278b86cc467\COMCTL32.dll
0x00007ffcf7790000 - 0x00007ffcf7833000 	C:\windows\System32\msvcrt.dll
0x00007ffcf9030000 - 0x00007ffcf9061000 	C:\windows\System32\IMM32.DLL
0x0000000077c70000 - 0x0000000077c7d000 	C:\Program Files (x86)\360\360Safe\safemon\SafeWrapper.dll
0x00007ffcf91a0000 - 0x00007ffcf924e000 	C:\windows\System32\ADVAPI32.dll
0x00007ffcf76f0000 - 0x00007ffcf778e000 	C:\windows\System32\sechost.dll
0x00007ffcf9070000 - 0x00007ffcf9191000 	C:\windows\System32\RPCRT4.dll
0x00007ffcee1b0000 - 0x00007ffcee2b5000 	C:\Program Files (x86)\360\360Safe\safemon\libzdtp64.dll
0x00007ffcf7840000 - 0x00007ffcf8005000 	C:\windows\System32\SHELL32.dll
0x00007ffcf8a00000 - 0x00007ffcf8a5d000 	C:\windows\System32\SHLWAPI.dll
0x00007ffcf65d0000 - 0x00007ffcf65da000 	C:\windows\SYSTEM32\VERSION.dll
0x00007ffcefdb0000 - 0x00007ffcefdbc000 	D:\jdk11\bin\vcruntime140_1.dll
0x00007ffcc3760000 - 0x00007ffcc37ed000 	D:\jdk11\bin\msvcp140.dll
0x00007ffc6d6a0000 - 0x00007ffc6e276000 	D:\jdk11\bin\server\jvm.dll
0x00007ffcf8040000 - 0x00007ffcf80af000 	C:\windows\System32\WS2_32.dll
0x00007ffcefb00000 - 0x00007ffcefb33000 	C:\windows\SYSTEM32\WINMM.dll
0x00007ffcf5720000 - 0x00007ffcf5738000 	C:\windows\SYSTEM32\kernel.appcore.dll
0x00007ffcee2f0000 - 0x00007ffcee300000 	D:\jdk11\bin\verify.dll
0x00007ffcf65e0000 - 0x00007ffcf6801000 	C:\windows\SYSTEM32\DBGHELP.DLL
0x00007ffcf6490000 - 0x00007ffcf64c1000 	C:\windows\SYSTEM32\dbgcore.DLL
0x00007ffcf74b0000 - 0x00007ffcf752f000 	C:\windows\System32\bcryptPrimitives.dll
0x00007ffcd7080000 - 0x00007ffcd70aa000 	D:\jdk11\bin\java.dll
0x00007ffce1880000 - 0x00007ffce188a000 	D:\jdk11\bin\jimage.dll
0x00007ffcd6880000 - 0x00007ffcd6898000 	D:\jdk11\bin\zip.dll

dbghelp: loaded successfully - version: 4.0.5 - missing functions: none
symbol engine: initialized successfully - sym options: 0x614 - pdb path: .;D:\jdk11\bin;C:\windows\SYSTEM32;C:\windows\WinSxS\amd64_microsoft.windows.common-controls_6595b64144ccf1df_6.0.22000.120_none_9d947278b86cc467;C:\Program Files (x86)\360\360Safe\safemon;D:\jdk11\bin\server

VM Arguments:
jvm_args: -Dclassworlds.conf=C:\Program Files\apache-maven-3.9.6\bin\m2.conf -Dmaven.home=C:\Program Files\apache-maven-3.9.6 -Dlibrary.jansi.path=C:\Program Files\apache-maven-3.9.6\lib\jansi-native -Dmaven.multiModuleProjectDirectory=E:\picture-master\picture-master 
java_command: org.codehaus.plexus.classworlds.launcher.Launcher clean package -DskipTests
java_class_path (initial): C:\Program Files\apache-maven-3.9.6\boot\plexus-classworlds-2.7.0.jar
Launcher Type: SUN_STANDARD

[Global flags]
     intx CICompilerCount                          = 4                                         {product} {ergonomic}
     uint ConcGCThreads                            = 3                                         {product} {ergonomic}
     uint G1ConcRefinementThreads                  = 10                                        {product} {ergonomic}
   size_t G1HeapRegionSize                         = 1048576                                   {product} {ergonomic}
    uintx GCDrainStackTargetSize                   = 64                                        {product} {ergonomic}
   size_t InitialHeapSize                          = 264241152                                 {product} {ergonomic}
   size_t MarkStackSize                            = 4194304                                   {product} {ergonomic}
   size_t MaxHeapSize                              = 4219469824                                {product} {ergonomic}
   size_t MinHeapDeltaBytes                        = 1048576                                   {product} {ergonomic}
    uintx NonNMethodCodeHeapSize                   = 5836300                                {pd product} {ergonomic}
    uintx NonProfiledCodeHeapSize                  = 122910970                              {pd product} {ergonomic}
    uintx ProfiledCodeHeapSize                     = 122910970                              {pd product} {ergonomic}
    uintx ReservedCodeCacheSize                    = 251658240                              {pd product} {ergonomic}
     bool SegmentedCodeCache                       = true                                      {product} {ergonomic}
     bool UseCompressedClassPointers               = true                                 {lp64_product} {ergonomic}
     bool UseCompressedOops                        = true                                 {lp64_product} {ergonomic}
     bool UseG1GC                                  = true                                      {product} {ergonomic}
     bool UseLargePagesIndividualAllocation        = false                                  {pd product} {ergonomic}

Logging:
Log output configuration:
 #0: stdout all=warning uptime,level,tags
 #1: stderr all=off uptime,level,tags

Environment Variables:
JAVA_HOME=D:\jdk11
PATH=D:\Program Files\anaconda;D:\Program Files\anaconda\Library\mingw-w64\bin;D:\Program Files\anaconda\Library\usr\bin;D:\Program Files\anaconda\Library\bin;D:\Program Files\anaconda\Scripts;D:\Program Files\anaconda\bin;D:\Program Files\anaconda\condabin;C:\Program Files;C:\Windows\System32;C:\Program Files\Microsoft SQL Server\Client SDK\ODBC\170\Tools\Binn;C:\Program Files\Microsoft SQL Server\160\DTS\Binn;D:\Git\cmd;C:\Program Files\Microsoft SQL Server\150\Tools\Binn;C:\windows\System32\Wbem;C:\Program Files\apache-maven-3.9.6\bin;D:\Home\MySQL\bin;D:\Program Files\MATLAB\R2023b\runtime\win64;D:\Program Files\MATLAB\R2023b\bin;C:\Program Files\Docker\Docker\resources\bin;D:\Program Files\MATLAB\R2021b\runtime\win64;D:\Program Files\MATLAB\R2021b\bin;C:\Users\22183\Desktop\微信web开发者工具\dll;es (x86)\Microsoft SQL Server\160\DTS\Binn;C:\Program Files (x86)\Microsoft SQL Server\160\Tools\Binn;C:\Program Files\Microsoft SQL Server\160\Tools\Binn;C:\windows\System32\WindowsPowerShell\v1.0;C:\Program Files\python;C:\Program Files\python\Scripts;D:\BtSoft\panel\script;C:\Program Files (x86)\Git\cmd;C:\Program Files (x86)\NetSarang\Xftp 7;C:\Program Files (x86)\NetSarang\Xlpd 7;C:\Program Files\PuTTY;C:\windows\system32;D:\nvm;D:\nvm\nodejs;D:\Program Files\Rational\common;D:\nodejs\node_global\node_modules\yarn\bin;D:\nodejs\node_global;C:\Program Files (x86)\Windows Kits\10\Windows Performance Toolkit;C:\Program Files\HP\HP One Agent;D:\Temp;C:\windows;D:\Program Files\Dart\dart-sdk\bin;D:\jdk11\bin;d:\Program Files\Trae CN\bin;D:\Ruby32-x64\bin;C:\Users\22183\AppData\Local\Programs\Python\Python36-32\Scripts;C:\Users\22183\AppData\Local\Programs\Python\Python36-32;C:\Users\22183\AppData\Local\Microsoft\WindowsApps;D:\Microsoft VS Code\bin;C:\Program Files\Azure Data Studio\bin;D:\WebStorm 2021.1.3\bin;C:\Users\22183\AppData\Local\GitHubDesktop\bin;C:\ProgramData\22183\GitHubDesktop\bin;D:\nvm;D:\nvm\nodejs;D:\Program Files\IntelliJ IDEA 2024.2.3\bin;D:\Pro
USERNAME=22183
OS=Windows_NT
PROCESSOR_IDENTIFIER=Intel64 Family 6 Model 154 Stepping 4, GenuineIntel
TMP=C:\windows\TEMP
TEMP=C:\windows\TEMP



---------------  S Y S T E M  ---------------

OS: Windows 11 , 64 bit Build 22000 (10.0.22000.2538)
OS uptime: 2 days 6:44 hours
Hyper-V role detected

CPU:total 12 (initial active 12) (6 cores per cpu, 2 threads per core) family 6 model 154 stepping 4 microcode 0x419, cmov, cx8, fxsr, mmx, sse, sse2, sse3, ssse3, sse4.1, sse4.2, popcnt, avx, avx2, aes, clmul, erms, 3dnowpref, lzcnt, ht, tsc, tscinvbit, bmi1, bmi2, adx, sha, fma

Memory: 4k page, system-wide physical 16095M (521M free)
TotalPageFile size 42154M (AvailPageFile size 136M)
current process WorkingSet (physical memory assigned to process): 12M, peak: 12M
current process commit charge ("private bytes"): 65M, peak: 317M

vm_info: OpenJDK 64-Bit Server VM (11.0.30+7-LTS) for windows-amd64 JRE (11.0.30+7-LTS), built on Jan 14 2026 18:06:18 by "MicrosoftCorporation" with unknown MS VC++:1943

END.
