#
# There is insufficient memory for the Java Runtime Environment to continue.
# Native memory allocation (malloc) failed to allocate 32744 bytes for ChunkPool::allocate
# Possible reasons:
#   The system is out of physical RAM or swap space
#   The process is running with CompressedOops enabled, and the Java Heap may be blocking the growth of the native heap
# Possible solutions:
#   Reduce memory load on the system
#   Increase physical memory or swap space
#   Check if swap backing store is full
#   Decrease Java heap size (-Xmx/-Xms)
#   Decrease number of Java threads
#   Decrease Java thread stack sizes (-Xss)
#   Set larger code cache with -XX:ReservedCodeCacheSize=
#   JVM is running with Zero Based Compressed Oops mode in which the Java heap is
#     placed in the first 32GB address space. The Java Heap base address is the
#     maximum limit for the native heap growth. Please use -XX:HeapBaseMinAddress
#     to set the Java Heap base and to place the Java Heap above 32GB virtual address.
# This output file may be truncated or incomplete.
#
#  Out of Memory Error (arena.cpp:81), pid=4804, tid=32352
#
# JRE version: OpenJDK Runtime Environment Corretto-11.0.25.9.1 (11.0.25+9) (build 11.0.25+9-LTS)
# Java VM: OpenJDK 64-Bit Server VM Corretto-11.0.25.9.1 (11.0.25+9-LTS, mixed mode, tiered, compressed oops, g1 gc, windows-amd64)
# No core dump will be written. Minidumps are not enabled by default on client versions of Windows
#

---------------  S U M M A R Y ------------

Command Line: -Dmaven.multiModuleProjectDirectory=E:\picture-master\picture-master -Djansi.passthrough=true -Dmaven.home=D:\Program Files\IntelliJ IDEA 2024.2.3\plugins\maven\lib\maven3 -Dclassworlds.conf=D:\Program Files\IntelliJ IDEA 2024.2.3\plugins\maven\lib\maven3\bin\m2.conf -Dmaven.ext.class.path=D:\Program Files\IntelliJ IDEA 2024.2.3\plugins\maven\lib\maven-event-listener.jar -Dfile.encoding=UTF-8 org.codehaus.classworlds.Launcher -Didea.version=2024.2.3 install

Host: 12th Gen Intel(R) Core(TM) i7-1255U, 12 cores, 15G,  Windows 11 , 64 bit Build 22000 (10.0.22000.2538)
Time: Fri Oct 17 21:23:56 2025  Windows 11 , 64 bit Build 22000 (10.0.22000.2538) elapsed time: 37.191280 seconds (0d 0h 0m 37s)

---------------  T H R E A D  ---------------

Current thread (0x00000229de139000):  JavaThread "C1 CompilerThread0" daemon [_thread_in_native, id=32352, stack(0x0000004fd2900000,0x0000004fd2a00000)]


Current CompileTask:
C1:  37191 10402   !   3       org.apache.maven.surefire.stream.EventDecoder::decode (399 bytes)

Stack: [0x0000004fd2900000,0x0000004fd2a00000]
Native frames: (J=compiled Java code, j=interpreted, Vv=VM code, C=native code)
V  [jvm.dll+0x64644a]
V  [jvm.dll+0x7daca9]
V  [jvm.dll+0x7dc3a9]
V  [jvm.dll+0x7dca93]
V  [jvm.dll+0x269da5]
V  [jvm.dll+0xc23df]
V  [jvm.dll+0xc272c]
V  [jvm.dll+0x17115c]
V  [jvm.dll+0x1690ce]
V  [jvm.dll+0x155790]
V  [jvm.dll+0x13cb19]
V  [jvm.dll+0x13c44f]
V  [jvm.dll+0x13c684]
V  [jvm.dll+0x13b9d2]
V  [jvm.dll+0x13d86c]
V  [jvm.dll+0x230cb9]
V  [jvm.dll+0x22ee2f]
V  [jvm.dll+0x79bed1]
V  [jvm.dll+0x794ba4]
V  [jvm.dll+0x645205]
C  [ucrtbase.dll+0x26c0c]
C  [KERNEL32.DLL+0x153e0]
C  [ntdll.dll+0x485b]


---------------  P R O C E S S  ---------------

Threads class SMR info:
_java_thread_list=0x00000229dfaf7170, length=17, elements={
0x00000229b8d07800, 0x00000229de0aa000, 0x00000229de0cd000, 0x00000229de0db800,
0x00000229de0e8800, 0x00000229de0e9800, 0x00000229de130800, 0x00000229de139000,
0x00000229de13d800, 0x00000229de2af000, 0x00000229dffcf800, 0x00000229e3bbf800,
0x00000229e06f0800, 0x00000229e4b31800, 0x00000229e4f97800, 0x00000229e3586000,
0x00000229e3ab0800
}

Java Threads: ( => current thread )
  0x00000229b8d07800 JavaThread "main" [_thread_in_native, id=18300, stack(0x0000004fd1c00000,0x0000004fd1d00000)]
  0x00000229de0aa000 JavaThread "Reference Handler" daemon [_thread_blocked, id=21828, stack(0x0000004fd2300000,0x0000004fd2400000)]
  0x00000229de0cd000 JavaThread "Finalizer" daemon [_thread_blocked, id=24956, stack(0x0000004fd2400000,0x0000004fd2500000)]
  0x00000229de0db800 JavaThread "Signal Dispatcher" daemon [_thread_blocked, id=31752, stack(0x0000004fd2500000,0x0000004fd2600000)]
  0x00000229de0e8800 JavaThread "Attach Listener" daemon [_thread_blocked, id=6992, stack(0x0000004fd2600000,0x0000004fd2700000)]
  0x00000229de0e9800 JavaThread "Service Thread" daemon [_thread_blocked, id=31796, stack(0x0000004fd2700000,0x0000004fd2800000)]
  0x00000229de130800 JavaThread "C2 CompilerThread0" daemon [_thread_blocked, id=34456, stack(0x0000004fd2800000,0x0000004fd2900000)]
=>0x00000229de139000 JavaThread "C1 CompilerThread0" daemon [_thread_in_native, id=32352, stack(0x0000004fd2900000,0x0000004fd2a00000)]
  0x00000229de13d800 JavaThread "Sweeper thread" daemon [_thread_blocked, id=9312, stack(0x0000004fd2a00000,0x0000004fd2b00000)]
  0x00000229de2af000 JavaThread "Common-Cleaner" daemon [_thread_blocked, id=12040, stack(0x0000004fd2c00000,0x0000004fd2d00000)]
  0x00000229dffcf800 JavaThread "Thread-1" daemon [_thread_blocked, id=11456, stack(0x0000004fd4200000,0x0000004fd4300000)]
  0x00000229e3bbf800 JavaThread "timeout-check-timer" daemon [_thread_blocked, id=8008, stack(0x0000004fd4700000,0x0000004fd4800000)]
  0x00000229e06f0800 JavaThread "ping-timer-10s" daemon [_thread_blocked, id=5080, stack(0x0000004fd4800000,0x0000004fd4900000)]
  0x00000229e4b31800 JavaThread "ThreadedStreamConsumer" daemon [_thread_blocked, id=31856, stack(0x0000004fd4a00000,0x0000004fd4b00000)]
  0x00000229e4f97800 JavaThread "fork-1-err-thread" daemon [_thread_in_native, id=24544, stack(0x0000004fd4b00000,0x0000004fd4c00000)]
  0x00000229e3586000 JavaThread "commands-fork-1" daemon [_thread_blocked, id=7792, stack(0x0000004fd4c00000,0x0000004fd4d00000)]
  0x00000229e3ab0800 JavaThread "fork-1-event-thread" daemon [_thread_in_native, id=31984, stack(0x0000004fd4d00000,0x0000004fd4e00000)]

Other Threads:
  0x00000229de0a6000 VMThread "VM Thread" [stack: 0x0000004fd2200000,0x0000004fd2300000] [id=28032]
  0x00000229de2aa800 WatcherThread [stack: 0x0000004fd2b00000,0x0000004fd2c00000] [id=18556]
  0x00000229b8d1f800 GCTaskThread "GC Thread#0" [stack: 0x0000004fd1d00000,0x0000004fd1e00000] [id=33352]
  0x00000229df331800 GCTaskThread "GC Thread#1" [stack: 0x0000004fd3c00000,0x0000004fd3d00000] [id=30360]
  0x00000229df33b000 GCTaskThread "GC Thread#2" [stack: 0x0000004fd3d00000,0x0000004fd3e00000] [id=18192]
  0x00000229df5b4000 GCTaskThread "GC Thread#3" [stack: 0x0000004fd3e00000,0x0000004fd3f00000] [id=18020]
  0x00000229df559800 GCTaskThread "GC Thread#4" [stack: 0x0000004fd3f00000,0x0000004fd4000000] [id=2436]
  0x00000229df55a800 GCTaskThread "GC Thread#5" [stack: 0x0000004fd4000000,0x0000004fd4100000] [id=13696]
  0x00000229b8d7b800 ConcurrentGCThread "G1 Main Marker" [stack: 0x0000004fd1e00000,0x0000004fd1f00000] [id=23372]
  0x00000229b8d7d000 ConcurrentGCThread "G1 Conc#0" [stack: 0x0000004fd1f00000,0x0000004fd2000000] [id=33776]
  0x00000229df58d800 ConcurrentGCThread "G1 Conc#1" [stack: 0x0000004fd3b00000,0x0000004fd3c00000] [id=16388]
  0x00000229df593000 ConcurrentGCThread "G1 Conc#2" [stack: 0x0000004fd4100000,0x0000004fd4200000] [id=32156]
  0x00000229dd710000 ConcurrentGCThread "G1 Refine#0" [stack: 0x0000004fd2000000,0x0000004fd2100000] [id=29060]
  0x00000229e339e000 ConcurrentGCThread "G1 Refine#1" [stack: 0x0000004fd4400000,0x0000004fd4500000] [id=31936]
  0x00000229e1375800 ConcurrentGCThread "G1 Refine#2" [stack: 0x0000004fd3900000,0x0000004fd3a00000] [id=26640]
  0x00000229e23ff000 ConcurrentGCThread "G1 Refine#3" [stack: 0x0000004fd4300000,0x0000004fd4400000] [id=34660]
  0x00000229dffca800 ConcurrentGCThread "G1 Refine#4" [stack: 0x0000004fd4500000,0x0000004fd4600000] [id=3012]
  0x00000229dd711000 ConcurrentGCThread "G1 Young RemSet Sampling" [stack: 0x0000004fd2100000,0x0000004fd2200000] [id=4056]

Threads with active compile tasks:
C1 CompilerThread0    37286 10402   !   3       org.apache.maven.surefire.stream.EventDecoder::decode (399 bytes)

VM state:not at safepoint (normal execution)

VM Mutex/Monitor currently owned by a thread: None

Heap address: 0x0000000704800000, size: 4024 MB, Compressed Oops mode: Zero based, Oop shift amount: 3
Narrow klass base: 0x0000000800000000, Narrow klass shift: 0
Compressed class space size: 1073741824 Address: 0x0000000800000000

Heap:
 garbage-first heap   total 258048K, used 182391K [0x0000000704800000, 0x0000000800000000)
  region size 1024K, 117 young (119808K), 18 survivors (18432K)
 Metaspace       used 46176K, capacity 47454K, committed 47612K, reserved 1091584K
  class space    used 4706K, capacity 5107K, committed 5196K, reserved 1048576K
Heap Regions: E=young(eden), S=young(survivor), O=old, HS=humongous(starts), HC=humongous(continues), CS=collection set, F=free, A=archive, TAMS=top-at-mark-start (previous, next)
|   0|0x0000000704800000, 0x0000000704900000, 0x0000000704900000|100%| O|  |TAMS 0x0000000704900000, 0x0000000704800000| Untracked 
|   1|0x0000000704900000, 0x0000000704a00000, 0x0000000704a00000|100%| O|  |TAMS 0x0000000704a00000, 0x0000000704900000| Untracked 
|   2|0x0000000704a00000, 0x0000000704b00000, 0x0000000704b00000|100%| O|  |TAMS 0x0000000704b00000, 0x0000000704a00000| Untracked 
|   3|0x0000000704b00000, 0x0000000704c00000, 0x0000000704c00000|100%| O|  |TAMS 0x0000000704c00000, 0x0000000704b00000| Untracked 
|   4|0x0000000704c00000, 0x0000000704d00000, 0x0000000704d00000|100%| O|  |TAMS 0x0000000704d00000, 0x0000000704c00000| Untracked 
|   5|0x0000000704d00000, 0x0000000704e00000, 0x0000000704e00000|100%| O|  |TAMS 0x0000000704e00000, 0x0000000704d00000| Untracked 
|   6|0x0000000704e00000, 0x0000000704f00000, 0x0000000704f00000|100%| O|  |TAMS 0x0000000704f00000, 0x0000000704e00000| Untracked 
|   7|0x0000000704f00000, 0x0000000705000000, 0x0000000705000000|100%| O|  |TAMS 0x0000000704f00000, 0x0000000704f00000| Untracked 
|   8|0x0000000705000000, 0x0000000705100000, 0x0000000705100000|100%| O|  |TAMS 0x0000000705000000, 0x0000000705000000| Untracked 
|   9|0x0000000705100000, 0x0000000705200000, 0x0000000705200000|100%| O|  |TAMS 0x0000000705200000, 0x0000000705100000| Untracked 
|  10|0x0000000705200000, 0x0000000705300000, 0x0000000705300000|100%| O|  |TAMS 0x0000000705300000, 0x0000000705200000| Untracked 
|  11|0x0000000705300000, 0x0000000705400000, 0x0000000705400000|100%| O|  |TAMS 0x0000000705400000, 0x0000000705300000| Untracked 
|  12|0x0000000705400000, 0x0000000705500000, 0x0000000705500000|100%| O|  |TAMS 0x0000000705500000, 0x0000000705400000| Untracked 
|  13|0x0000000705500000, 0x0000000705600000, 0x0000000705600000|100%| O|  |TAMS 0x0000000705600000, 0x0000000705500000| Untracked 
|  14|0x0000000705600000, 0x0000000705700000, 0x0000000705700000|100%| O|  |TAMS 0x0000000705700000, 0x0000000705600000| Untracked 
|  15|0x0000000705700000, 0x0000000705800000, 0x0000000705800000|100%| O|  |TAMS 0x0000000705800000, 0x0000000705700000| Untracked 
|  16|0x0000000705800000, 0x0000000705900000, 0x0000000705900000|100%| O|  |TAMS 0x0000000705900000, 0x0000000705800000| Untracked 
|  17|0x0000000705900000, 0x0000000705a00000, 0x0000000705a00000|100%| O|  |TAMS 0x0000000705a00000, 0x0000000705900000| Untracked 
|  18|0x0000000705a00000, 0x0000000705b00000, 0x0000000705b00000|100%| O|  |TAMS 0x0000000705b00000, 0x0000000705a00000| Untracked 
|  19|0x0000000705b00000, 0x0000000705c00000, 0x0000000705c00000|100%| O|  |TAMS 0x0000000705c00000, 0x0000000705b00000| Untracked 
|  20|0x0000000705c00000, 0x0000000705d00000, 0x0000000705d00000|100%| O|  |TAMS 0x0000000705d00000, 0x0000000705c00000| Untracked 
|  21|0x0000000705d00000, 0x0000000705e00000, 0x0000000705e00000|100%| O|  |TAMS 0x0000000705d14200, 0x0000000705d00000| Untracked 
|  22|0x0000000705e00000, 0x0000000705f00000, 0x0000000705f00000|100%| O|  |TAMS 0x0000000705e00000, 0x0000000705e00000| Untracked 
|  23|0x0000000705f00000, 0x0000000706000000, 0x0000000706000000|100%| O|  |TAMS 0x0000000705f00000, 0x0000000705f00000| Untracked 
|  24|0x0000000706000000, 0x0000000706100000, 0x0000000706100000|100%| O|  |TAMS 0x0000000706000000, 0x0000000706000000| Untracked 
|  25|0x0000000706100000, 0x0000000706200000, 0x0000000706200000|100%| O|  |TAMS 0x0000000706100000, 0x0000000706100000| Untracked 
|  26|0x0000000706200000, 0x0000000706300000, 0x0000000706300000|100%| O|  |TAMS 0x0000000706200000, 0x0000000706200000| Untracked 
|  27|0x0000000706300000, 0x0000000706400000, 0x0000000706400000|100%| O|  |TAMS 0x0000000706300000, 0x0000000706300000| Untracked 
|  28|0x0000000706400000, 0x0000000706500000, 0x0000000706500000|100%| O|  |TAMS 0x0000000706400000, 0x0000000706400000| Untracked 
|  29|0x0000000706500000, 0x0000000706600000, 0x0000000706600000|100%| O|  |TAMS 0x0000000706500000, 0x0000000706500000| Untracked 
|  30|0x0000000706600000, 0x0000000706700000, 0x0000000706700000|100%| O|  |TAMS 0x0000000706600000, 0x0000000706600000| Untracked 
|  31|0x0000000706700000, 0x0000000706800000, 0x0000000706800000|100%| O|  |TAMS 0x0000000706700000, 0x0000000706700000| Untracked 
|  32|0x0000000706800000, 0x0000000706900000, 0x0000000706900000|100%| O|  |TAMS 0x0000000706800000, 0x0000000706800000| Untracked 
|  33|0x0000000706900000, 0x0000000706a00000, 0x0000000706a00000|100%| O|  |TAMS 0x0000000706900000, 0x0000000706900000| Untracked 
|  34|0x0000000706a00000, 0x0000000706b00000, 0x0000000706b00000|100%| O|  |TAMS 0x0000000706a00000, 0x0000000706a00000| Untracked 
|  35|0x0000000706b00000, 0x0000000706c00000, 0x0000000706c00000|100%| O|  |TAMS 0x0000000706b00000, 0x0000000706b00000| Untracked 
|  36|0x0000000706c00000, 0x0000000706d00000, 0x0000000706d00000|100%| O|  |TAMS 0x0000000706c00000, 0x0000000706c00000| Untracked 
|  37|0x0000000706d00000, 0x0000000706e00000, 0x0000000706e00000|100%| O|  |TAMS 0x0000000706d00000, 0x0000000706d00000| Untracked 
|  38|0x0000000706e00000, 0x0000000706f00000, 0x0000000706f00000|100%| O|  |TAMS 0x0000000706e00000, 0x0000000706e00000| Untracked 
|  39|0x0000000706f00000, 0x0000000707000000, 0x0000000707000000|100%| O|  |TAMS 0x0000000706f00000, 0x0000000706f00000| Untracked 
|  40|0x0000000707000000, 0x0000000707100000, 0x0000000707100000|100%| O|  |TAMS 0x0000000707000000, 0x0000000707000000| Untracked 
|  41|0x0000000707100000, 0x0000000707200000, 0x0000000707200000|100%| O|  |TAMS 0x0000000707100000, 0x0000000707100000| Untracked 
|  42|0x0000000707200000, 0x0000000707300000, 0x0000000707300000|100%| O|  |TAMS 0x0000000707200000, 0x0000000707200000| Untracked 
|  43|0x0000000707300000, 0x0000000707400000, 0x0000000707400000|100%| O|  |TAMS 0x0000000707300000, 0x0000000707300000| Untracked 
|  44|0x0000000707400000, 0x0000000707500000, 0x0000000707500000|100%| O|  |TAMS 0x0000000707400000, 0x0000000707400000| Untracked 
|  45|0x0000000707500000, 0x0000000707600000, 0x0000000707600000|100%| O|  |TAMS 0x0000000707500000, 0x0000000707500000| Untracked 
|  46|0x0000000707600000, 0x0000000707700000, 0x0000000707700000|100%| O|  |TAMS 0x0000000707600000, 0x0000000707600000| Untracked 
|  47|0x0000000707700000, 0x0000000707800000, 0x0000000707800000|100%| O|  |TAMS 0x0000000707700000, 0x0000000707700000| Untracked 
|  48|0x0000000707800000, 0x0000000707900000, 0x0000000707900000|100%| O|  |TAMS 0x0000000707800000, 0x0000000707800000| Untracked 
|  49|0x0000000707900000, 0x0000000707a00000, 0x0000000707a00000|100%| O|  |TAMS 0x0000000707900000, 0x0000000707900000| Untracked 
|  50|0x0000000707a00000, 0x0000000707b00000, 0x0000000707b00000|100%| O|  |TAMS 0x0000000707a00000, 0x0000000707a00000| Untracked 
|  51|0x0000000707b00000, 0x0000000707c00000, 0x0000000707c00000|100%| O|  |TAMS 0x0000000707b00000, 0x0000000707b00000| Untracked 
|  52|0x0000000707c00000, 0x0000000707c00000, 0x0000000707d00000|  0%| F|  |TAMS 0x0000000707c00000, 0x0000000707c00000| Untracked 
|  53|0x0000000707d00000, 0x0000000707d00000, 0x0000000707e00000|  0%| F|  |TAMS 0x0000000707d00000, 0x0000000707d00000| Untracked 
|  54|0x0000000707e00000, 0x0000000707f00000, 0x0000000707f00000|100%| O|  |TAMS 0x0000000707e00000, 0x0000000707e00000| Untracked 
|  55|0x0000000707f00000, 0x0000000708000000, 0x0000000708000000|100%| O|  |TAMS 0x0000000707f00000, 0x0000000707f00000| Untracked 
|  56|0x0000000708000000, 0x0000000708100000, 0x0000000708100000|100%| O|  |TAMS 0x0000000708000000, 0x0000000708000000| Untracked 
|  57|0x0000000708100000, 0x0000000708200000, 0x0000000708200000|100%| O|  |TAMS 0x0000000708100000, 0x0000000708100000| Untracked 
|  58|0x0000000708200000, 0x0000000708300000, 0x0000000708300000|100%| O|  |TAMS 0x0000000708200000, 0x0000000708200000| Untracked 
|  59|0x0000000708300000, 0x0000000708400000, 0x0000000708400000|100%| O|  |TAMS 0x0000000708300000, 0x0000000708300000| Untracked 
|  60|0x0000000708400000, 0x0000000708500000, 0x0000000708500000|100%| O|  |TAMS 0x0000000708400000, 0x0000000708400000| Untracked 
|  61|0x0000000708500000, 0x0000000708600000, 0x0000000708600000|100%| O|  |TAMS 0x0000000708500000, 0x0000000708500000| Untracked 
|  62|0x0000000708600000, 0x0000000708700000, 0x0000000708700000|100%| O|  |TAMS 0x0000000708600000, 0x0000000708600000| Untracked 
|  63|0x0000000708700000, 0x0000000708800000, 0x0000000708800000|100%| O|  |TAMS 0x0000000708700000, 0x0000000708700000| Untracked 
|  64|0x0000000708800000, 0x0000000708900000, 0x0000000708900000|100%| O|  |TAMS 0x0000000708800000, 0x0000000708800000| Untracked 
|  65|0x0000000708900000, 0x000000070891de00, 0x0000000708a00000| 11%| O|  |TAMS 0x0000000708900000, 0x0000000708900000| Untracked 
|  66|0x0000000708a00000, 0x0000000708a00000, 0x0000000708b00000|  0%| F|  |TAMS 0x0000000708a00000, 0x0000000708a00000| Untracked 
|  67|0x0000000708b00000, 0x0000000708b00000, 0x0000000708c00000|  0%| F|  |TAMS 0x0000000708b00000, 0x0000000708b00000| Untracked 
|  68|0x0000000708c00000, 0x0000000708c00000, 0x0000000708d00000|  0%| F|  |TAMS 0x0000000708c00000, 0x0000000708c00000| Untracked 
|  69|0x0000000708d00000, 0x0000000708d00000, 0x0000000708e00000|  0%| F|  |TAMS 0x0000000708d00000, 0x0000000708d00000| Untracked 
|  70|0x0000000708e00000, 0x0000000708e00000, 0x0000000708f00000|  0%| F|  |TAMS 0x0000000708e00000, 0x0000000708e00000| Untracked 
|  71|0x0000000708f00000, 0x0000000708f00000, 0x0000000709000000|  0%| F|  |TAMS 0x0000000708f00000, 0x0000000708f00000| Untracked 
|  72|0x0000000709000000, 0x0000000709000000, 0x0000000709100000|  0%| F|  |TAMS 0x0000000709000000, 0x0000000709000000| Untracked 
|  73|0x0000000709100000, 0x0000000709100000, 0x0000000709200000|  0%| F|  |TAMS 0x0000000709100000, 0x0000000709100000| Untracked 
|  74|0x0000000709200000, 0x0000000709200000, 0x0000000709300000|  0%| F|  |TAMS 0x0000000709200000, 0x0000000709200000| Untracked 
|  75|0x0000000709300000, 0x0000000709300000, 0x0000000709400000|  0%| F|  |TAMS 0x0000000709300000, 0x0000000709300000| Untracked 
|  76|0x0000000709400000, 0x0000000709400000, 0x0000000709500000|  0%| F|  |TAMS 0x0000000709400000, 0x0000000709400000| Untracked 
|  77|0x0000000709500000, 0x0000000709500000, 0x0000000709600000|  0%| F|  |TAMS 0x0000000709500000, 0x0000000709500000| Untracked 
|  78|0x0000000709600000, 0x0000000709600000, 0x0000000709700000|  0%| F|  |TAMS 0x0000000709600000, 0x0000000709600000| Untracked 
|  79|0x0000000709700000, 0x0000000709700000, 0x0000000709800000|  0%| F|  |TAMS 0x0000000709700000, 0x0000000709700000| Untracked 
|  80|0x0000000709800000, 0x0000000709800000, 0x0000000709900000|  0%| F|  |TAMS 0x0000000709800000, 0x0000000709800000| Untracked 
|  81|0x0000000709900000, 0x0000000709900000, 0x0000000709a00000|  0%| F|  |TAMS 0x0000000709900000, 0x0000000709900000| Untracked 
|  82|0x0000000709a00000, 0x0000000709a00000, 0x0000000709b00000|  0%| F|  |TAMS 0x0000000709a00000, 0x0000000709a00000| Untracked 
|  83|0x0000000709b00000, 0x0000000709b00000, 0x0000000709c00000|  0%| F|  |TAMS 0x0000000709b00000, 0x0000000709b00000| Untracked 
|  84|0x0000000709c00000, 0x0000000709c00000, 0x0000000709d00000|  0%| F|  |TAMS 0x0000000709c00000, 0x0000000709c00000| Untracked 
|  85|0x0000000709d00000, 0x0000000709d00000, 0x0000000709e00000|  0%| F|  |TAMS 0x0000000709d00000, 0x0000000709d00000| Untracked 
|  86|0x0000000709e00000, 0x0000000709e00000, 0x0000000709f00000|  0%| F|  |TAMS 0x0000000709e00000, 0x0000000709e00000| Untracked 
|  87|0x0000000709f00000, 0x0000000709f00000, 0x000000070a000000|  0%| F|  |TAMS 0x0000000709f00000, 0x0000000709f00000| Untracked 
|  88|0x000000070a000000, 0x000000070a000000, 0x000000070a100000|  0%| F|  |TAMS 0x000000070a000000, 0x000000070a000000| Untracked 
|  89|0x000000070a100000, 0x000000070a100000, 0x000000070a200000|  0%| F|  |TAMS 0x000000070a100000, 0x000000070a100000| Untracked 
|  90|0x000000070a200000, 0x000000070a200000, 0x000000070a300000|  0%| F|  |TAMS 0x000000070a200000, 0x000000070a200000| Untracked 
|  91|0x000000070a300000, 0x000000070a300000, 0x000000070a400000|  0%| F|  |TAMS 0x000000070a300000, 0x000000070a300000| Untracked 
|  92|0x000000070a400000, 0x000000070a400000, 0x000000070a500000|  0%| F|  |TAMS 0x000000070a400000, 0x000000070a400000| Untracked 
|  93|0x000000070a500000, 0x000000070a500000, 0x000000070a600000|  0%| F|  |TAMS 0x000000070a500000, 0x000000070a500000| Untracked 
|  94|0x000000070a600000, 0x000000070a700000, 0x000000070a700000|100%| S|CS|TAMS 0x000000070a600000, 0x000000070a600000| Complete 
|  95|0x000000070a700000, 0x000000070a800000, 0x000000070a800000|100%| S|CS|TAMS 0x000000070a700000, 0x000000070a700000| Complete 
|  96|0x000000070a800000, 0x000000070a900000, 0x000000070a900000|100%| S|CS|TAMS 0x000000070a800000, 0x000000070a800000| Complete 
|  97|0x000000070a900000, 0x000000070aa00000, 0x000000070aa00000|100%| S|CS|TAMS 0x000000070a900000, 0x000000070a900000| Complete 
|  98|0x000000070aa00000, 0x000000070ab00000, 0x000000070ab00000|100%| S|CS|TAMS 0x000000070aa00000, 0x000000070aa00000| Complete 
|  99|0x000000070ab00000, 0x000000070ac00000, 0x000000070ac00000|100%| S|CS|TAMS 0x000000070ab00000, 0x000000070ab00000| Complete 
| 100|0x000000070ac00000, 0x000000070ad00000, 0x000000070ad00000|100%| S|CS|TAMS 0x000000070ac00000, 0x000000070ac00000| Complete 
| 101|0x000000070ad00000, 0x000000070ae00000, 0x000000070ae00000|100%| S|CS|TAMS 0x000000070ad00000, 0x000000070ad00000| Complete 
| 102|0x000000070ae00000, 0x000000070af00000, 0x000000070af00000|100%| S|CS|TAMS 0x000000070ae00000, 0x000000070ae00000| Complete 
| 103|0x000000070af00000, 0x000000070b000000, 0x000000070b000000|100%| S|CS|TAMS 0x000000070af00000, 0x000000070af00000| Complete 
| 104|0x000000070b000000, 0x000000070b100000, 0x000000070b100000|100%| S|CS|TAMS 0x000000070b000000, 0x000000070b000000| Complete 
| 105|0x000000070b100000, 0x000000070b200000, 0x000000070b200000|100%| S|CS|TAMS 0x000000070b100000, 0x000000070b100000| Complete 
| 106|0x000000070b200000, 0x000000070b300000, 0x000000070b300000|100%| S|CS|TAMS 0x000000070b200000, 0x000000070b200000| Complete 
| 107|0x000000070b300000, 0x000000070b400000, 0x000000070b400000|100%| S|CS|TAMS 0x000000070b300000, 0x000000070b300000| Complete 
| 108|0x000000070b400000, 0x000000070b500000, 0x000000070b500000|100%| S|CS|TAMS 0x000000070b400000, 0x000000070b400000| Complete 
| 109|0x000000070b500000, 0x000000070b500000, 0x000000070b600000|  0%| F|  |TAMS 0x000000070b500000, 0x000000070b500000| Untracked 
| 110|0x000000070b600000, 0x000000070b600000, 0x000000070b700000|  0%| F|  |TAMS 0x000000070b600000, 0x000000070b600000| Untracked 
| 111|0x000000070b700000, 0x000000070b700000, 0x000000070b800000|  0%| F|  |TAMS 0x000000070b700000, 0x000000070b700000| Untracked 
| 112|0x000000070b800000, 0x000000070b800000, 0x000000070b900000|  0%| F|  |TAMS 0x000000070b800000, 0x000000070b800000| Untracked 
| 113|0x000000070b900000, 0x000000070b900000, 0x000000070ba00000|  0%| F|  |TAMS 0x000000070b900000, 0x000000070b900000| Untracked 
| 114|0x000000070ba00000, 0x000000070ba00000, 0x000000070bb00000|  0%| F|  |TAMS 0x000000070ba00000, 0x000000070ba00000| Untracked 
| 115|0x000000070bb00000, 0x000000070bb00000, 0x000000070bc00000|  0%| F|  |TAMS 0x000000070bb00000, 0x000000070bb00000| Untracked 
| 116|0x000000070bc00000, 0x000000070bd00000, 0x000000070bd00000|100%| S|CS|TAMS 0x000000070bc00000, 0x000000070bc00000| Complete 
| 117|0x000000070bd00000, 0x000000070be00000, 0x000000070be00000|100%| S|CS|TAMS 0x000000070bd00000, 0x000000070bd00000| Complete 
| 118|0x000000070be00000, 0x000000070bf00000, 0x000000070bf00000|100%| S|CS|TAMS 0x000000070be00000, 0x000000070be00000| Complete 
| 119|0x000000070bf00000, 0x000000070bf00000, 0x000000070c000000|  0%| F|  |TAMS 0x000000070bf00000, 0x000000070bf00000| Untracked 
| 120|0x000000070c000000, 0x000000070c000000, 0x000000070c100000|  0%| F|  |TAMS 0x000000070c000000, 0x000000070c000000| Untracked 
| 121|0x000000070c100000, 0x000000070c100000, 0x000000070c200000|  0%| F|  |TAMS 0x000000070c100000, 0x000000070c100000| Untracked 
| 122|0x000000070c200000, 0x000000070c200000, 0x000000070c300000|  0%| F|  |TAMS 0x000000070c200000, 0x000000070c200000| Untracked 
| 123|0x000000070c300000, 0x000000070c300000, 0x000000070c400000|  0%| F|  |TAMS 0x000000070c300000, 0x000000070c300000| Untracked 
| 124|0x000000070c400000, 0x000000070c400000, 0x000000070c500000|  0%| F|  |TAMS 0x000000070c400000, 0x000000070c400000| Untracked 
| 125|0x000000070c500000, 0x000000070c500000, 0x000000070c600000|  0%| F|  |TAMS 0x000000070c500000, 0x000000070c500000| Untracked 
| 126|0x000000070c600000, 0x000000070c600000, 0x000000070c700000|  0%| F|  |TAMS 0x000000070c600000, 0x000000070c600000| Untracked 
| 127|0x000000070c700000, 0x000000070c700000, 0x000000070c800000|  0%| F|  |TAMS 0x000000070c700000, 0x000000070c700000| Untracked 
| 128|0x000000070c800000, 0x000000070c800000, 0x000000070c900000|  0%| F|  |TAMS 0x000000070c800000, 0x000000070c800000| Untracked 
| 129|0x000000070c900000, 0x000000070c900000, 0x000000070ca00000|  0%| F|  |TAMS 0x000000070c900000, 0x000000070c900000| Untracked 
| 130|0x000000070ca00000, 0x000000070ca00000, 0x000000070cb00000|  0%| F|  |TAMS 0x000000070ca00000, 0x000000070ca00000| Untracked 
| 131|0x000000070cb00000, 0x000000070cb00000, 0x000000070cc00000|  0%| F|  |TAMS 0x000000070cb00000, 0x000000070cb00000| Untracked 
| 132|0x000000070cc00000, 0x000000070cc00000, 0x000000070cd00000|  0%| F|  |TAMS 0x000000070cc00000, 0x000000070cc00000| Untracked 
| 133|0x000000070cd00000, 0x000000070cd00000, 0x000000070ce00000|  0%| F|  |TAMS 0x000000070cd00000, 0x000000070cd00000| Untracked 
| 134|0x000000070ce00000, 0x000000070ce00000, 0x000000070cf00000|  0%| F|  |TAMS 0x000000070ce00000, 0x000000070ce00000| Untracked 
| 135|0x000000070cf00000, 0x000000070cf00000, 0x000000070d000000|  0%| F|  |TAMS 0x000000070cf00000, 0x000000070cf00000| Untracked 
| 136|0x000000070d000000, 0x000000070d000000, 0x000000070d100000|  0%| F|  |TAMS 0x000000070d000000, 0x000000070d000000| Untracked 
| 137|0x000000070d100000, 0x000000070d100000, 0x000000070d200000|  0%| F|  |TAMS 0x000000070d100000, 0x000000070d100000| Untracked 
| 138|0x000000070d200000, 0x000000070d200000, 0x000000070d300000|  0%| F|  |TAMS 0x000000070d200000, 0x000000070d200000| Untracked 
| 139|0x000000070d300000, 0x000000070d300000, 0x000000070d400000|  0%| F|  |TAMS 0x000000070d300000, 0x000000070d300000| Untracked 
| 140|0x000000070d400000, 0x000000070d400000, 0x000000070d500000|  0%| F|  |TAMS 0x000000070d400000, 0x000000070d400000| Untracked 
| 141|0x000000070d500000, 0x000000070d500000, 0x000000070d600000|  0%| F|  |TAMS 0x000000070d500000, 0x000000070d500000| Untracked 
| 142|0x000000070d600000, 0x000000070d600000, 0x000000070d700000|  0%| F|  |TAMS 0x000000070d600000, 0x000000070d600000| Untracked 
| 143|0x000000070d700000, 0x000000070d700000, 0x000000070d800000|  0%| F|  |TAMS 0x000000070d700000, 0x000000070d700000| Untracked 
| 144|0x000000070d800000, 0x000000070d800000, 0x000000070d900000|  0%| F|  |TAMS 0x000000070d800000, 0x000000070d800000| Untracked 
| 145|0x000000070d900000, 0x000000070d900000, 0x000000070da00000|  0%| F|  |TAMS 0x000000070d900000, 0x000000070d900000| Untracked 
| 146|0x000000070da00000, 0x000000070da00000, 0x000000070db00000|  0%| F|  |TAMS 0x000000070da00000, 0x000000070da00000| Untracked 
| 147|0x000000070db00000, 0x000000070db00000, 0x000000070dc00000|  0%| F|  |TAMS 0x000000070db00000, 0x000000070db00000| Untracked 
| 148|0x000000070dc00000, 0x000000070dc00000, 0x000000070dd00000|  0%| F|  |TAMS 0x000000070dc00000, 0x000000070dc00000| Untracked 
| 149|0x000000070dd00000, 0x000000070dd00000, 0x000000070de00000|  0%| F|  |TAMS 0x000000070dd00000, 0x000000070dd00000| Untracked 
| 150|0x000000070de00000, 0x000000070de00000, 0x000000070df00000|  0%| F|  |TAMS 0x000000070de00000, 0x000000070de00000| Untracked 
| 151|0x000000070df00000, 0x000000070df00000, 0x000000070e000000|  0%| F|  |TAMS 0x000000070df00000, 0x000000070df00000| Untracked 
| 152|0x000000070e000000, 0x000000070e000000, 0x000000070e100000|  0%| F|  |TAMS 0x000000070e000000, 0x000000070e000000| Untracked 
| 153|0x000000070e100000, 0x000000070e180800, 0x000000070e200000| 50%| E|  |TAMS 0x000000070e100000, 0x000000070e100000| Complete 
| 154|0x000000070e200000, 0x000000070e300000, 0x000000070e300000|100%| E|CS|TAMS 0x000000070e200000, 0x000000070e200000| Complete 
| 155|0x000000070e300000, 0x000000070e400000, 0x000000070e400000|100%| E|CS|TAMS 0x000000070e300000, 0x000000070e300000| Complete 
| 156|0x000000070e400000, 0x000000070e500000, 0x000000070e500000|100%| E|CS|TAMS 0x000000070e400000, 0x000000070e400000| Complete 
| 157|0x000000070e500000, 0x000000070e600000, 0x000000070e600000|100%| E|CS|TAMS 0x000000070e500000, 0x000000070e500000| Complete 
| 158|0x000000070e600000, 0x000000070e700000, 0x000000070e700000|100%| E|CS|TAMS 0x000000070e600000, 0x000000070e600000| Complete 
| 159|0x000000070e700000, 0x000000070e800000, 0x000000070e800000|100%| E|CS|TAMS 0x000000070e700000, 0x000000070e700000| Complete 
| 160|0x000000070e800000, 0x000000070e900000, 0x000000070e900000|100%| E|CS|TAMS 0x000000070e800000, 0x000000070e800000| Complete 
| 161|0x000000070e900000, 0x000000070ea00000, 0x000000070ea00000|100%| E|CS|TAMS 0x000000070e900000, 0x000000070e900000| Complete 
| 162|0x000000070ea00000, 0x000000070eb00000, 0x000000070eb00000|100%| E|CS|TAMS 0x000000070ea00000, 0x000000070ea00000| Complete 
| 163|0x000000070eb00000, 0x000000070ec00000, 0x000000070ec00000|100%| E|CS|TAMS 0x000000070eb00000, 0x000000070eb00000| Complete 
| 164|0x000000070ec00000, 0x000000070ed00000, 0x000000070ed00000|100%| E|CS|TAMS 0x000000070ec00000, 0x000000070ec00000| Complete 
| 165|0x000000070ed00000, 0x000000070ee00000, 0x000000070ee00000|100%| E|CS|TAMS 0x000000070ed00000, 0x000000070ed00000| Complete 
| 166|0x000000070ee00000, 0x000000070ef00000, 0x000000070ef00000|100%| E|CS|TAMS 0x000000070ee00000, 0x000000070ee00000| Complete 
| 167|0x000000070ef00000, 0x000000070f000000, 0x000000070f000000|100%| E|CS|TAMS 0x000000070ef00000, 0x000000070ef00000| Complete 
| 168|0x000000070f000000, 0x000000070f100000, 0x000000070f100000|100%| E|CS|TAMS 0x000000070f000000, 0x000000070f000000| Complete 
| 169|0x000000070f100000, 0x000000070f200000, 0x000000070f200000|100%| E|CS|TAMS 0x000000070f100000, 0x000000070f100000| Complete 
| 170|0x000000070f200000, 0x000000070f300000, 0x000000070f300000|100%| E|CS|TAMS 0x000000070f200000, 0x000000070f200000| Complete 
| 171|0x000000070f300000, 0x000000070f400000, 0x000000070f400000|100%| E|CS|TAMS 0x000000070f300000, 0x000000070f300000| Complete 
| 172|0x000000070f400000, 0x000000070f500000, 0x000000070f500000|100%| E|CS|TAMS 0x000000070f400000, 0x000000070f400000| Complete 
| 173|0x000000070f500000, 0x000000070f600000, 0x000000070f600000|100%| E|CS|TAMS 0x000000070f500000, 0x000000070f500000| Complete 
| 174|0x000000070f600000, 0x000000070f700000, 0x000000070f700000|100%| E|CS|TAMS 0x000000070f600000, 0x000000070f600000| Complete 
| 175|0x000000070f700000, 0x000000070f800000, 0x000000070f800000|100%| E|CS|TAMS 0x000000070f700000, 0x000000070f700000| Complete 
| 176|0x000000070f800000, 0x000000070f900000, 0x000000070f900000|100%| E|CS|TAMS 0x000000070f800000, 0x000000070f800000| Complete 
| 177|0x000000070f900000, 0x000000070fa00000, 0x000000070fa00000|100%| E|CS|TAMS 0x000000070f900000, 0x000000070f900000| Complete 
| 178|0x000000070fa00000, 0x000000070fb00000, 0x000000070fb00000|100%| E|CS|TAMS 0x000000070fa00000, 0x000000070fa00000| Complete 
| 179|0x000000070fb00000, 0x000000070fc00000, 0x000000070fc00000|100%| E|CS|TAMS 0x000000070fb00000, 0x000000070fb00000| Complete 
| 180|0x000000070fc00000, 0x000000070fd00000, 0x000000070fd00000|100%| E|CS|TAMS 0x000000070fc00000, 0x000000070fc00000| Complete 
| 181|0x000000070fd00000, 0x000000070fe00000, 0x000000070fe00000|100%| E|CS|TAMS 0x000000070fd00000, 0x000000070fd00000| Complete 
| 182|0x000000070fe00000, 0x000000070ff00000, 0x000000070ff00000|100%| E|CS|TAMS 0x000000070fe00000, 0x000000070fe00000| Complete 
| 183|0x000000070ff00000, 0x0000000710000000, 0x0000000710000000|100%| E|CS|TAMS 0x000000070ff00000, 0x000000070ff00000| Complete 
| 184|0x0000000710000000, 0x0000000710100000, 0x0000000710100000|100%| E|CS|TAMS 0x0000000710000000, 0x0000000710000000| Complete 
| 185|0x0000000710100000, 0x0000000710200000, 0x0000000710200000|100%| E|CS|TAMS 0x0000000710100000, 0x0000000710100000| Complete 
| 186|0x0000000710200000, 0x0000000710300000, 0x0000000710300000|100%| E|CS|TAMS 0x0000000710200000, 0x0000000710200000| Complete 
| 187|0x0000000710300000, 0x0000000710400000, 0x0000000710400000|100%| E|CS|TAMS 0x0000000710300000, 0x0000000710300000| Complete 
| 188|0x0000000710400000, 0x0000000710500000, 0x0000000710500000|100%| E|CS|TAMS 0x0000000710400000, 0x0000000710400000| Complete 
| 189|0x0000000710500000, 0x0000000710600000, 0x0000000710600000|100%| E|CS|TAMS 0x0000000710500000, 0x0000000710500000| Complete 
| 190|0x0000000710600000, 0x0000000710700000, 0x0000000710700000|100%| E|CS|TAMS 0x0000000710600000, 0x0000000710600000| Complete 
| 191|0x0000000710700000, 0x0000000710800000, 0x0000000710800000|100%| E|CS|TAMS 0x0000000710700000, 0x0000000710700000| Complete 
| 192|0x0000000710800000, 0x0000000710900000, 0x0000000710900000|100%| E|CS|TAMS 0x0000000710800000, 0x0000000710800000| Complete 
| 193|0x0000000710900000, 0x0000000710a00000, 0x0000000710a00000|100%| E|CS|TAMS 0x0000000710900000, 0x0000000710900000| Complete 
| 194|0x0000000710a00000, 0x0000000710b00000, 0x0000000710b00000|100%| E|CS|TAMS 0x0000000710a00000, 0x0000000710a00000| Complete 
| 195|0x0000000710b00000, 0x0000000710c00000, 0x0000000710c00000|100%| E|CS|TAMS 0x0000000710b00000, 0x0000000710b00000| Complete 
| 196|0x0000000710c00000, 0x0000000710d00000, 0x0000000710d00000|100%| E|CS|TAMS 0x0000000710c00000, 0x0000000710c00000| Complete 
| 197|0x0000000710d00000, 0x0000000710e00000, 0x0000000710e00000|100%| E|CS|TAMS 0x0000000710d00000, 0x0000000710d00000| Complete 
| 198|0x0000000710e00000, 0x0000000710f00000, 0x0000000710f00000|100%| E|CS|TAMS 0x0000000710e00000, 0x0000000710e00000| Complete 
| 199|0x0000000710f00000, 0x0000000711000000, 0x0000000711000000|100%| E|CS|TAMS 0x0000000710f00000, 0x0000000710f00000| Complete 
| 200|0x0000000711000000, 0x0000000711100000, 0x0000000711100000|100%| E|CS|TAMS 0x0000000711000000, 0x0000000711000000| Complete 
| 201|0x0000000711100000, 0x0000000711200000, 0x0000000711200000|100%| E|CS|TAMS 0x0000000711100000, 0x0000000711100000| Complete 
| 202|0x0000000711200000, 0x0000000711300000, 0x0000000711300000|100%| E|CS|TAMS 0x0000000711200000, 0x0000000711200000| Complete 
| 203|0x0000000711300000, 0x0000000711400000, 0x0000000711400000|100%| E|CS|TAMS 0x0000000711300000, 0x0000000711300000| Complete 
| 204|0x0000000711400000, 0x0000000711500000, 0x0000000711500000|100%| E|CS|TAMS 0x0000000711400000, 0x0000000711400000| Complete 
| 205|0x0000000711500000, 0x0000000711600000, 0x0000000711600000|100%| E|CS|TAMS 0x0000000711500000, 0x0000000711500000| Complete 
| 206|0x0000000711600000, 0x0000000711700000, 0x0000000711700000|100%| E|CS|TAMS 0x0000000711600000, 0x0000000711600000| Complete 
| 207|0x0000000711700000, 0x0000000711800000, 0x0000000711800000|100%| E|CS|TAMS 0x0000000711700000, 0x0000000711700000| Complete 
| 208|0x0000000711800000, 0x0000000711900000, 0x0000000711900000|100%| E|CS|TAMS 0x0000000711800000, 0x0000000711800000| Complete 
| 209|0x0000000711900000, 0x0000000711a00000, 0x0000000711a00000|100%| E|CS|TAMS 0x0000000711900000, 0x0000000711900000| Complete 
| 210|0x0000000711a00000, 0x0000000711b00000, 0x0000000711b00000|100%| E|CS|TAMS 0x0000000711a00000, 0x0000000711a00000| Complete 
| 211|0x0000000711b00000, 0x0000000711c00000, 0x0000000711c00000|100%| E|CS|TAMS 0x0000000711b00000, 0x0000000711b00000| Complete 
| 212|0x0000000711c00000, 0x0000000711d00000, 0x0000000711d00000|100%| E|CS|TAMS 0x0000000711c00000, 0x0000000711c00000| Complete 
| 213|0x0000000711d00000, 0x0000000711e00000, 0x0000000711e00000|100%| E|CS|TAMS 0x0000000711d00000, 0x0000000711d00000| Complete 
| 214|0x0000000711e00000, 0x0000000711f00000, 0x0000000711f00000|100%| E|CS|TAMS 0x0000000711e00000, 0x0000000711e00000| Complete 
| 215|0x0000000711f00000, 0x0000000712000000, 0x0000000712000000|100%| E|CS|TAMS 0x0000000711f00000, 0x0000000711f00000| Complete 
| 216|0x0000000712000000, 0x0000000712100000, 0x0000000712100000|100%| E|CS|TAMS 0x0000000712000000, 0x0000000712000000| Complete 
| 217|0x0000000712100000, 0x0000000712200000, 0x0000000712200000|100%| E|CS|TAMS 0x0000000712100000, 0x0000000712100000| Complete 
| 218|0x0000000712200000, 0x0000000712300000, 0x0000000712300000|100%| E|CS|TAMS 0x0000000712200000, 0x0000000712200000| Complete 
| 219|0x0000000712300000, 0x0000000712400000, 0x0000000712400000|100%| E|CS|TAMS 0x0000000712300000, 0x0000000712300000| Complete 
| 220|0x0000000712400000, 0x0000000712500000, 0x0000000712500000|100%| E|CS|TAMS 0x0000000712400000, 0x0000000712400000| Complete 
| 221|0x0000000712500000, 0x0000000712600000, 0x0000000712600000|100%| E|CS|TAMS 0x0000000712500000, 0x0000000712500000| Complete 
| 222|0x0000000712600000, 0x0000000712700000, 0x0000000712700000|100%| E|CS|TAMS 0x0000000712600000, 0x0000000712600000| Complete 
| 223|0x0000000712700000, 0x0000000712800000, 0x0000000712800000|100%| E|CS|TAMS 0x0000000712700000, 0x0000000712700000| Complete 
| 224|0x0000000712800000, 0x0000000712900000, 0x0000000712900000|100%| E|CS|TAMS 0x0000000712800000, 0x0000000712800000| Complete 
| 225|0x0000000712900000, 0x0000000712a00000, 0x0000000712a00000|100%| E|  |TAMS 0x0000000712900000, 0x0000000712900000| Complete 
| 226|0x0000000712a00000, 0x0000000712b00000, 0x0000000712b00000|100%| E|CS|TAMS 0x0000000712a00000, 0x0000000712a00000| Complete 
| 227|0x0000000712b00000, 0x0000000712c00000, 0x0000000712c00000|100%| E|CS|TAMS 0x0000000712b00000, 0x0000000712b00000| Complete 
| 228|0x0000000712c00000, 0x0000000712d00000, 0x0000000712d00000|100%| E|CS|TAMS 0x0000000712c00000, 0x0000000712c00000| Complete 
| 229|0x0000000712d00000, 0x0000000712e00000, 0x0000000712e00000|100%| E|CS|TAMS 0x0000000712d00000, 0x0000000712d00000| Complete 
| 230|0x0000000712e00000, 0x0000000712f00000, 0x0000000712f00000|100%| E|CS|TAMS 0x0000000712e00000, 0x0000000712e00000| Complete 
| 231|0x0000000712f00000, 0x0000000713000000, 0x0000000713000000|100%| E|CS|TAMS 0x0000000712f00000, 0x0000000712f00000| Complete 
| 232|0x0000000713000000, 0x0000000713100000, 0x0000000713100000|100%| E|CS|TAMS 0x0000000713000000, 0x0000000713000000| Complete 
| 233|0x0000000713100000, 0x0000000713200000, 0x0000000713200000|100%| E|CS|TAMS 0x0000000713100000, 0x0000000713100000| Complete 
| 234|0x0000000713200000, 0x0000000713300000, 0x0000000713300000|100%| E|CS|TAMS 0x0000000713200000, 0x0000000713200000| Complete 
| 235|0x0000000713300000, 0x0000000713400000, 0x0000000713400000|100%| E|CS|TAMS 0x0000000713300000, 0x0000000713300000| Complete 
| 236|0x0000000713400000, 0x0000000713500000, 0x0000000713500000|100%| E|CS|TAMS 0x0000000713400000, 0x0000000713400000| Complete 
| 237|0x0000000713500000, 0x0000000713600000, 0x0000000713600000|100%| E|CS|TAMS 0x0000000713500000, 0x0000000713500000| Complete 
| 238|0x0000000713600000, 0x0000000713700000, 0x0000000713700000|100%| E|CS|TAMS 0x0000000713600000, 0x0000000713600000| Complete 
| 239|0x0000000713700000, 0x0000000713800000, 0x0000000713800000|100%| E|CS|TAMS 0x0000000713700000, 0x0000000713700000| Complete 
| 240|0x0000000713800000, 0x0000000713900000, 0x0000000713900000|100%| E|CS|TAMS 0x0000000713800000, 0x0000000713800000| Complete 
| 241|0x0000000713900000, 0x0000000713a00000, 0x0000000713a00000|100%| E|CS|TAMS 0x0000000713900000, 0x0000000713900000| Complete 
| 242|0x0000000713a00000, 0x0000000713b00000, 0x0000000713b00000|100%| E|CS|TAMS 0x0000000713a00000, 0x0000000713a00000| Complete 
| 243|0x0000000713b00000, 0x0000000713c00000, 0x0000000713c00000|100%| E|CS|TAMS 0x0000000713b00000, 0x0000000713b00000| Complete 
| 244|0x0000000713c00000, 0x0000000713d00000, 0x0000000713d00000|100%| E|CS|TAMS 0x0000000713c00000, 0x0000000713c00000| Complete 
| 245|0x0000000713d00000, 0x0000000713e00000, 0x0000000713e00000|100%| E|CS|TAMS 0x0000000713d00000, 0x0000000713d00000| Complete 
| 246|0x0000000713e00000, 0x0000000713f00000, 0x0000000713f00000|100%| E|CS|TAMS 0x0000000713e00000, 0x0000000713e00000| Complete 
| 247|0x0000000713f00000, 0x0000000714000000, 0x0000000714000000|100%| E|CS|TAMS 0x0000000713f00000, 0x0000000713f00000| Complete 
| 248|0x0000000714000000, 0x0000000714100000, 0x0000000714100000|100%| E|CS|TAMS 0x0000000714000000, 0x0000000714000000| Complete 
| 249|0x0000000714100000, 0x0000000714200000, 0x0000000714200000|100%| E|CS|TAMS 0x0000000714100000, 0x0000000714100000| Complete 
| 250|0x0000000714200000, 0x0000000714300000, 0x0000000714300000|100%| E|CS|TAMS 0x0000000714200000, 0x0000000714200000| Complete 
| 251|0x0000000714300000, 0x0000000714400000, 0x0000000714400000|100%| E|CS|TAMS 0x0000000714300000, 0x0000000714300000| Complete 

Card table byte_map: [0x00000229d1cd0000,0x00000229d24b0000] _byte_map_base: 0x00000229ce4ac000

Marking Bits (Prev, Next): (CMBitMap*) 0x00000229b8d6b348, (CMBitMap*) 0x00000229b8d6b380
 Prev Bits: [0x00000229d2c90000, 0x00000229d6b70000)
 Next Bits: [0x00000229d6b70000, 0x00000229daa50000)

Polling page: 0x00000229b7400000

Metaspace:

Usage:
  Non-class:     41.35 MB capacity,    40.50 MB ( 98%) used,   762.90 KB (  2%) free+waste,   114.31 KB ( <1%) overhead. 
      Class:      4.99 MB capacity,     4.60 MB ( 92%) used,   353.86 KB (  7%) free+waste,    46.56 KB ( <1%) overhead. 
       Both:     46.34 MB capacity,    45.09 MB ( 97%) used,     1.09 MB (  2%) free+waste,   160.88 KB ( <1%) overhead. 

Virtual space:
  Non-class space:       42.00 MB reserved,      41.42 MB ( 99%) committed 
      Class space:        1.00 GB reserved,       5.07 MB ( <1%) committed 
             Both:        1.04 GB reserved,      46.50 MB (  4%) committed 

Chunk freelists:
   Non-Class:  5.00 KB
       Class:  13.00 KB
        Both:  18.00 KB

MaxMetaspaceSize: 17179869184.00 GB
CompressedClassSpaceSize: 1.00 GB
Initial GC threshold: 20.80 MB
Current GC threshold: 58.95 MB
CDS: off

CodeHeap 'non-profiled nmethods': size=120000Kb used=7492Kb max_used=7492Kb free=112507Kb
 bounds [0x00000229c9340000, 0x00000229c9aa0000, 0x00000229d0870000]
CodeHeap 'profiled nmethods': size=120000Kb used=26659Kb max_used=26659Kb free=93340Kb
 bounds [0x00000229c1e10000, 0x00000229c3820000, 0x00000229c9340000]
CodeHeap 'non-nmethods': size=5760Kb used=1246Kb max_used=1292Kb free=4513Kb
 bounds [0x00000229c1870000, 0x00000229c1ae0000, 0x00000229c1e10000]
 total_blobs=10685 nmethods=10158 adapters=438
 compilation: enabled
              stopped_count=0, restarted_count=0
 full_count=0

Compilation events (20 events):
Event: 37.176 Thread 0x00000229de139000 nmethod 10391 0x00000229c3817610 code [0x00000229c38177e0, 0x00000229c3817bf8]
Event: 37.176 Thread 0x00000229de139000 10392       3       sun.invoke.util.Wrapper::isIntegral (23 bytes)
Event: 37.176 Thread 0x00000229de139000 nmethod 10392 0x00000229c3817d10 code [0x00000229c3817ec0, 0x00000229c3818118]
Event: 37.176 Thread 0x00000229de139000 10393       3       sun.invoke.util.Wrapper::isNumeric (16 bytes)
Event: 37.176 Thread 0x00000229de139000 nmethod 10393 0x00000229c3818210 code [0x00000229c38183c0, 0x00000229c3818518]
Event: 37.176 Thread 0x00000229de139000 10395       1       org.apache.maven.surefire.api.stream.AbstractStreamDecoder$Memento::getLine (5 bytes)
Event: 37.176 Thread 0x00000229de139000 nmethod 10395 0x00000229c9a90210 code [0x00000229c9a903c0, 0x00000229c9a90478]
Event: 37.177 Thread 0x00000229de139000 10396       1       org.apache.maven.surefire.api.stream.AbstractStreamDecoder$MalformedFrameException::readFrom (5 bytes)
Event: 37.177 Thread 0x00000229de139000 nmethod 10396 0x00000229c9a90510 code [0x00000229c9a906c0, 0x00000229c9a90778]
Event: 37.178 Thread 0x00000229de139000 10397  s    1       java.lang.StringBuffer::length (5 bytes)
Event: 37.178 Thread 0x00000229de139000 nmethod 10397 0x00000229c9a90810 code [0x00000229c9a909c0, 0x00000229c9a90bf8]
Event: 37.178 Thread 0x00000229de139000 10398       1       org.apache.maven.surefire.api.stream.AbstractStreamDecoder$MalformedFrameException::readTo (5 bytes)
Event: 37.179 Thread 0x00000229de139000 nmethod 10398 0x00000229c9a90c90 code [0x00000229c9a90e40, 0x00000229c9a90ef8]
Event: 37.180 Thread 0x00000229de139000 10399       1       sun.util.calendar.BaseCalendar$Date::getCachedJan1 (5 bytes)
Event: 37.180 Thread 0x00000229de139000 nmethod 10399 0x00000229c9a90f90 code [0x00000229c9a91140, 0x00000229c9a911f8]
Event: 37.180 Thread 0x00000229de139000 10400       3       org.apache.maven.surefire.stream.EventDecoder::getEncodedMagicNumber (4 bytes)
Event: 37.180 Thread 0x00000229de139000 nmethod 10400 0x00000229c3818590 code [0x00000229c3818740, 0x00000229c3818858]
Event: 37.181 Thread 0x00000229de139000 10401       3       java.util.Calendar::internalGet (7 bytes)
Event: 37.182 Thread 0x00000229de139000 nmethod 10401 0x00000229c3818910 code [0x00000229c3818ac0, 0x00000229c3818bf8]
Event: 37.182 Thread 0x00000229de139000 10402   !   3       org.apache.maven.surefire.stream.EventDecoder::decode (399 bytes)

GC Heap History (20 events):
Event: 2.459 GC heap before
{Heap before GC invocations=0 (full 0):
 garbage-first heap   total 258048K, used 23552K [0x0000000704800000, 0x0000000800000000)
  region size 1024K, 24 young (24576K), 0 survivors (0K)
 Metaspace       used 13457K, capacity 13800K, committed 14080K, reserved 1062912K
  class space    used 1354K, capacity 1452K, committed 1536K, reserved 1048576K
}
Event: 2.466 GC heap after
{Heap after GC invocations=1 (full 0):
 garbage-first heap   total 258048K, used 3568K [0x0000000704800000, 0x0000000800000000)
  region size 1024K, 3 young (3072K), 3 survivors (3072K)
 Metaspace       used 13457K, capacity 13800K, committed 14080K, reserved 1062912K
  class space    used 1354K, capacity 1452K, committed 1536K, reserved 1048576K
}
Event: 7.715 GC heap before
{Heap before GC invocations=1 (full 0):
 garbage-first heap   total 258048K, used 66032K [0x0000000704800000, 0x0000000800000000)
  region size 1024K, 65 young (66560K), 3 survivors (3072K)
 Metaspace       used 20885K, capacity 21237K, committed 21296K, reserved 1069056K
  class space    used 2291K, capacity 2429K, committed 2432K, reserved 1048576K
}
Event: 7.735 GC heap after
{Heap after GC invocations=2 (full 0):
 garbage-first heap   total 258048K, used 6482K [0x0000000704800000, 0x0000000800000000)
  region size 1024K, 6 young (6144K), 6 survivors (6144K)
 Metaspace       used 20885K, capacity 21237K, committed 21296K, reserved 1069056K
  class space    used 2291K, capacity 2429K, committed 2432K, reserved 1048576K
}
Event: 10.589 GC heap before
{Heap before GC invocations=3 (full 0):
 garbage-first heap   total 258048K, used 78162K [0x0000000704800000, 0x0000000800000000)
  region size 1024K, 76 young (77824K), 6 survivors (6144K)
 Metaspace       used 24320K, capacity 24926K, committed 24956K, reserved 1071104K
  class space    used 2598K, capacity 2760K, committed 2764K, reserved 1048576K
}
Event: 10.606 GC heap after
{Heap after GC invocations=4 (full 0):
 garbage-first heap   total 258048K, used 12786K [0x0000000704800000, 0x0000000800000000)
  region size 1024K, 10 young (10240K), 10 survivors (10240K)
 Metaspace       used 24320K, capacity 24926K, committed 24956K, reserved 1071104K
  class space    used 2598K, capacity 2760K, committed 2764K, reserved 1048576K
}
Event: 14.068 GC heap before
{Heap before GC invocations=4 (full 0):
 garbage-first heap   total 258048K, used 103922K [0x0000000704800000, 0x0000000800000000)
  region size 1024K, 99 young (101376K), 10 survivors (10240K)
 Metaspace       used 26526K, capacity 27169K, committed 27260K, reserved 1073152K
  class space    used 2755K, capacity 2949K, committed 3020K, reserved 1048576K
}
Event: 14.082 GC heap after
{Heap after GC invocations=5 (full 0):
 garbage-first heap   total 258048K, used 17047K [0x0000000704800000, 0x0000000800000000)
  region size 1024K, 11 young (11264K), 11 survivors (11264K)
 Metaspace       used 26526K, capacity 27169K, committed 27260K, reserved 1073152K
  class space    used 2755K, capacity 2949K, committed 3020K, reserved 1048576K
}
Event: 17.920 GC heap before
{Heap before GC invocations=5 (full 0):
 garbage-first heap   total 258048K, used 111255K [0x0000000704800000, 0x0000000800000000)
  region size 1024K, 102 young (104448K), 11 survivors (11264K)
 Metaspace       used 35088K, capacity 35833K, committed 35964K, reserved 1081344K
  class space    used 3693K, capacity 3947K, committed 4044K, reserved 1048576K
}
Event: 18.023 GC heap after
{Heap after GC invocations=6 (full 0):
 garbage-first heap   total 258048K, used 38992K [0x0000000704800000, 0x0000000800000000)
  region size 1024K, 19 young (19456K), 19 survivors (19456K)
 Metaspace       used 35088K, capacity 35833K, committed 35964K, reserved 1081344K
  class space    used 3693K, capacity 3947K, committed 4044K, reserved 1048576K
}
Event: 20.635 GC heap before
{Heap before GC invocations=7 (full 0):
 garbage-first heap   total 258048K, used 173136K [0x0000000704800000, 0x0000000800000000)
  region size 1024K, 151 young (154624K), 19 survivors (19456K)
 Metaspace       used 38266K, capacity 39220K, committed 39420K, reserved 1085440K
  class space    used 3993K, capacity 4307K, committed 4428K, reserved 1048576K
}
Event: 20.662 GC heap after
{Heap after GC invocations=8 (full 0):
 garbage-first heap   total 258048K, used 52176K [0x0000000704800000, 0x0000000800000000)
  region size 1024K, 12 young (12288K), 12 survivors (12288K)
 Metaspace       used 38266K, capacity 39220K, committed 39420K, reserved 1085440K
  class space    used 3993K, capacity 4307K, committed 4428K, reserved 1048576K
}
Event: 21.155 GC heap before
{Heap before GC invocations=8 (full 0):
 garbage-first heap   total 258048K, used 175056K [0x0000000704800000, 0x0000000800000000)
  region size 1024K, 132 young (135168K), 12 survivors (12288K)
 Metaspace       used 38590K, capacity 39530K, committed 39676K, reserved 1085440K
  class space    used 4002K, capacity 4313K, committed 4428K, reserved 1048576K
}
Event: 21.179 GC heap after
{Heap after GC invocations=9 (full 0):
 garbage-first heap   total 258048K, used 56503K [0x0000000704800000, 0x0000000800000000)
  region size 1024K, 4 young (4096K), 4 survivors (4096K)
 Metaspace       used 38590K, capacity 39530K, committed 39676K, reserved 1085440K
  class space    used 4002K, capacity 4313K, committed 4428K, reserved 1048576K
}
Event: 21.803 GC heap before
{Heap before GC invocations=9 (full 0):
 garbage-first heap   total 258048K, used 183479K [0x0000000704800000, 0x0000000800000000)
  region size 1024K, 128 young (131072K), 4 survivors (4096K)
 Metaspace       used 38732K, capacity 39666K, committed 39932K, reserved 1085440K
  class space    used 4004K, capacity 4315K, committed 4428K, reserved 1048576K
}
Event: 21.812 GC heap after
{Heap after GC invocations=10 (full 0):
 garbage-first heap   total 258048K, used 58819K [0x0000000704800000, 0x0000000800000000)
  region size 1024K, 6 young (6144K), 6 survivors (6144K)
 Metaspace       used 38732K, capacity 39666K, committed 39932K, reserved 1085440K
  class space    used 4004K, capacity 4315K, committed 4428K, reserved 1048576K
}
Event: 22.722 GC heap before
{Heap before GC invocations=10 (full 0):
 garbage-first heap   total 258048K, used 191939K [0x0000000704800000, 0x0000000800000000)
  region size 1024K, 136 young (139264K), 6 survivors (6144K)
 Metaspace       used 39742K, capacity 40687K, committed 40828K, reserved 1085440K
  class space    used 4097K, capacity 4437K, committed 4556K, reserved 1048576K
}
Event: 22.732 GC heap after
{Heap after GC invocations=11 (full 0):
 garbage-first heap   total 258048K, used 59345K [0x0000000704800000, 0x0000000800000000)
  region size 1024K, 7 young (7168K), 7 survivors (7168K)
 Metaspace       used 39742K, capacity 40687K, committed 40828K, reserved 1085440K
  class space    used 4097K, capacity 4437K, committed 4556K, reserved 1048576K
}
Event: 26.764 GC heap before
{Heap before GC invocations=11 (full 0):
 garbage-first heap   total 258048K, used 196561K [0x0000000704800000, 0x0000000800000000)
  region size 1024K, 140 young (143360K), 7 survivors (7168K)
 Metaspace       used 41404K, capacity 42432K, committed 42748K, reserved 1087488K
  class space    used 4211K, capacity 4565K, committed 4684K, reserved 1048576K
}
Event: 26.781 GC heap after
{Heap after GC invocations=12 (full 0):
 garbage-first heap   total 258048K, used 83063K [0x0000000704800000, 0x0000000800000000)
  region size 1024K, 18 young (18432K), 18 survivors (18432K)
 Metaspace       used 41404K, capacity 42432K, committed 42748K, reserved 1087488K
  class space    used 4211K, capacity 4565K, committed 4684K, reserved 1048576K
}

Deoptimization events (20 events):
Event: 30.720 Thread 0x00000229e3ab0800 Uncommon trap: trap_request=0xffffff4d fr.pc=0x00000229c96c3d90 relative=0x0000000000000070
Event: 30.720 Thread 0x00000229e3ab0800 Uncommon trap: reason=unstable_if action=reinterpret pc=0x00000229c96c3d90 method=java.util.concurrent.locks.AbstractQueuedSynchronizer.doReleaseShared()V @ 6 c2
Event: 30.720 Thread 0x00000229e3ab0800 DEOPT PACKING pc=0x00000229c96c3d90 sp=0x0000004fd4dff500
Event: 30.720 Thread 0x00000229e3ab0800 DEOPT UNPACKING pc=0x00000229c18ba1af sp=0x0000004fd4dff488 mode 2
Event: 30.863 Thread 0x00000229e4b31800 Uncommon trap: trap_request=0xffffffde fr.pc=0x00000229c9a00f78 relative=0x00000000000000b8
Event: 30.863 Thread 0x00000229e4b31800 Uncommon trap: reason=class_check action=maybe_recompile pc=0x00000229c9a00f78 method=java.util.regex.Pattern.lambda$union$4(Ljava/util/regex/Pattern$CharPredicate;Ljava/util/regex/Pattern$CharPredicate;I)Z @ 12 c2
Event: 30.863 Thread 0x00000229e4b31800 DEOPT PACKING pc=0x00000229c9a00f78 sp=0x0000004fd4afded0
Event: 30.863 Thread 0x00000229e4b31800 DEOPT UNPACKING pc=0x00000229c18ba1af sp=0x0000004fd4afdde8 mode 2
Event: 30.863 Thread 0x00000229e4b31800 Uncommon trap: trap_request=0xffffffde fr.pc=0x00000229c9a00f78 relative=0x00000000000000b8
Event: 30.863 Thread 0x00000229e4b31800 Uncommon trap: reason=class_check action=maybe_recompile pc=0x00000229c9a00f78 method=java.util.regex.Pattern.lambda$union$4(Ljava/util/regex/Pattern$CharPredicate;Ljava/util/regex/Pattern$CharPredicate;I)Z @ 12 c2
Event: 30.863 Thread 0x00000229e4b31800 DEOPT PACKING pc=0x00000229c9a00f78 sp=0x0000004fd4afdf00
Event: 30.863 Thread 0x00000229e4b31800 DEOPT UNPACKING pc=0x00000229c18ba1af sp=0x0000004fd4afde18 mode 2
Event: 30.863 Thread 0x00000229e4b31800 Uncommon trap: trap_request=0xffffffde fr.pc=0x00000229c9a00f78 relative=0x00000000000000b8
Event: 30.863 Thread 0x00000229e4b31800 Uncommon trap: reason=class_check action=maybe_recompile pc=0x00000229c9a00f78 method=java.util.regex.Pattern.lambda$union$4(Ljava/util/regex/Pattern$CharPredicate;Ljava/util/regex/Pattern$CharPredicate;I)Z @ 12 c2
Event: 30.863 Thread 0x00000229e4b31800 DEOPT PACKING pc=0x00000229c9a00f78 sp=0x0000004fd4afded0
Event: 30.863 Thread 0x00000229e4b31800 DEOPT UNPACKING pc=0x00000229c18ba1af sp=0x0000004fd4afdde8 mode 2
Event: 30.863 Thread 0x00000229e4b31800 Uncommon trap: trap_request=0xffffffde fr.pc=0x00000229c9a00f78 relative=0x00000000000000b8
Event: 30.863 Thread 0x00000229e4b31800 Uncommon trap: reason=class_check action=maybe_recompile pc=0x00000229c9a00f78 method=java.util.regex.Pattern.lambda$union$4(Ljava/util/regex/Pattern$CharPredicate;Ljava/util/regex/Pattern$CharPredicate;I)Z @ 12 c2
Event: 30.863 Thread 0x00000229e4b31800 DEOPT PACKING pc=0x00000229c9a00f78 sp=0x0000004fd4afdf00
Event: 30.863 Thread 0x00000229e4b31800 DEOPT UNPACKING pc=0x00000229c18ba1af sp=0x0000004fd4afde18 mode 2

Classes redefined (0 events):
No events

Internal exceptions (20 events):
Event: 27.360 Thread 0x00000229b8d07800 Exception <a 'sun/nio/fs/WindowsException'{0x00000007116fc7c0}> (0x00000007116fc7c0) thrown at [s\src\hotspot\share\prims\jni.cpp, line 617]
Event: 27.360 Thread 0x00000229b8d07800 Exception <a 'sun/nio/fs/WindowsException'{0x00000007116fca50}> (0x00000007116fca50) thrown at [s\src\hotspot\share\prims\jni.cpp, line 617]
Event: 27.360 Thread 0x00000229b8d07800 Exception <a 'sun/nio/fs/WindowsException'{0x00000007116fe360}> (0x00000007116fe360) thrown at [s\src\hotspot\share\prims\jni.cpp, line 617]
Event: 27.360 Thread 0x00000229b8d07800 Exception <a 'sun/nio/fs/WindowsException'{0x00000007116fe5a0}> (0x00000007116fe5a0) thrown at [s\src\hotspot\share\prims\jni.cpp, line 617]
Event: 27.360 Thread 0x00000229b8d07800 Exception <a 'sun/nio/fs/WindowsException'{0x0000000711500278}> (0x0000000711500278) thrown at [s\src\hotspot\share\prims\jni.cpp, line 617]
Event: 27.360 Thread 0x00000229b8d07800 Exception <a 'sun/nio/fs/WindowsException'{0x0000000711500500}> (0x0000000711500500) thrown at [s\src\hotspot\share\prims\jni.cpp, line 617]
Event: 27.360 Thread 0x00000229b8d07800 Exception <a 'sun/nio/fs/WindowsException'{0x0000000711502178}> (0x0000000711502178) thrown at [s\src\hotspot\share\prims\jni.cpp, line 617]
Event: 27.360 Thread 0x00000229b8d07800 Exception <a 'sun/nio/fs/WindowsException'{0x00000007115024c8}> (0x00000007115024c8) thrown at [s\src\hotspot\share\prims\jni.cpp, line 617]
Event: 27.362 Thread 0x00000229b8d07800 Exception <a 'sun/nio/fs/WindowsException'{0x000000071151e068}> (0x000000071151e068) thrown at [s\src\hotspot\share\prims\jni.cpp, line 617]
Event: 27.364 Thread 0x00000229b8d07800 Exception <a 'sun/nio/fs/WindowsException'{0x000000071153dcf8}> (0x000000071153dcf8) thrown at [s\src\hotspot\share\prims\jni.cpp, line 617]
Event: 27.367 Thread 0x00000229b8d07800 Exception <a 'sun/nio/fs/WindowsException'{0x0000000711569040}> (0x0000000711569040) thrown at [s\src\hotspot\share\prims\jni.cpp, line 617]
Event: 28.123 Thread 0x00000229e39a4000 Exception <a 'java/lang/NoSuchMethodError'{0x000000070f73fd90}: 'java.lang.Object java.lang.invoke.DirectMethodHandle$Holder.invokeStaticInit(java.lang.Object, java.lang.Object, long, java.lang.Object)'> (0x000000070f73fd90) thrown at [s\src\hotspot\share\interpreter\linkResolver.cpp, line 773]
Event: 28.126 Thread 0x00000229e39a4000 Exception <a 'java/lang/NoSuchMethodError'{0x000000070f74beb0}: 'java.lang.Object java.lang.invoke.Invokers$Holder.linkToTargetMethod(java.lang.Object, long, java.lang.Object)'> (0x000000070f74beb0) thrown at [s\src\hotspot\share\interpreter\linkResolver.cpp, line 773]
Event: 28.177 Thread 0x00000229b8d07800 Exception <a 'java/lang/NoSuchMethodError'{0x000000070f46caf0}: 'int java.lang.invoke.DirectMethodHandle$Holder.invokeInterface(java.lang.Object, java.lang.Object)'> (0x000000070f46caf0) thrown at [s\src\hotspot\share\interpreter\linkResolver.cpp, line 773]
Event: 28.865 Thread 0x00000229b8d07800 Exception <a 'java/lang/NoSuchMethodError'{0x000000070f39c450}: 'java.lang.Object java.lang.invoke.DirectMethodHandle$Holder.invokeStaticInit(java.lang.Object, java.lang.Object, int, int, int, int)'> (0x000000070f39c450) thrown at [s\src\hotspot\share\interpreter\linkResolver.cpp, line 773]
Event: 29.021 Thread 0x00000229b8d07800 Exception <a 'java/lang/NoSuchMethodError'{0x000000070ebd9178}: 'java.lang.Object java.lang.invoke.DirectMethodHandle$Holder.invokeStaticInit(java.lang.Object, int)'> (0x000000070ebd9178) thrown at [s\src\hotspot\share\interpreter\linkResolver.cpp, line 773]
Event: 29.206 Thread 0x00000229b8d07800 Exception <a 'java/lang/NoSuchMethodError'{0x000000070e55c9d8}: 'void java.lang.invoke.DirectMethodHandle$Holder.invokeStatic(java.lang.Object, long)'> (0x000000070e55c9d8) thrown at [s\src\hotspot\share\interpreter\linkResolver.cpp, line 773]
Event: 29.207 Thread 0x00000229b8d07800 Exception <a 'java/lang/NoSuchMethodError'{0x000000070e561bf0}: 'java.lang.Object java.lang.invoke.DirectMethodHandle$Holder.invokeStatic(java.lang.Object, long)'> (0x000000070e561bf0) thrown at [s\src\hotspot\share\interpreter\linkResolver.cpp, line 773]
Event: 29.207 Thread 0x00000229b8d07800 Exception <a 'java/lang/NoSuchMethodError'{0x000000070e564f18}: 'java.lang.Object java.lang.invoke.DirectMethodHandle$Holder.invokeSpecial(java.lang.Object, java.lang.Object, long)'> (0x000000070e564f18) thrown at [s\src\hotspot\share\interpreter\linkResolver.cpp, line 773]
Event: 29.207 Thread 0x00000229b8d07800 Exception <a 'java/lang/NoSuchMethodError'{0x000000070e567c80}: 'java.lang.Object java.lang.invoke.Invokers$Holder.linkToTargetMethod(long, java.lang.Object)'> (0x000000070e567c80) thrown at [s\src\hotspot\share\interpreter\linkResolver.cpp, line 773]

Events (20 events):
Event: 30.728 Executing VM operation: RevokeBias
Event: 30.728 Executing VM operation: RevokeBias done
Event: 30.861 loading class org/apache/maven/surefire/api/report/TestOutputReportEntry
Event: 30.861 loading class org/apache/maven/surefire/api/report/TestOutputReportEntry done
Event: 30.861 loading class org/apache/maven/surefire/api/report/TestOutputReportEntry
Event: 30.861 loading class org/apache/maven/surefire/api/report/TestOutputReportEntry done
Event: 30.862 loading class org/apache/maven/surefire/api/util/SureFireFileManager
Event: 30.862 loading class org/apache/maven/surefire/api/util/SureFireFileManager done
Event: 30.862 loading class org/apache/maven/surefire/api/util/SureFireFileManager
Event: 30.862 loading class org/apache/maven/surefire/api/util/SureFireFileManager done
Event: 37.169 Executing VM operation: RevokeBias
Event: 37.169 Executing VM operation: RevokeBias done
Event: 37.174 loading class java/util/concurrent/ThreadLocalRandom
Event: 37.174 loading class java/util/concurrent/ThreadLocalRandom done
Event: 37.175 loading class java/lang/invoke/VarHandleLongs$FieldInstanceReadWrite
Event: 37.175 loading class java/lang/invoke/VarHandleLongs$FieldInstanceReadOnly
Event: 37.175 loading class java/lang/invoke/VarHandleLongs$FieldInstanceReadOnly done
Event: 37.175 loading class java/lang/invoke/VarHandleLongs$FieldInstanceReadWrite done
Event: 37.176 loading class java/util/concurrent/atomic/Striped64$1
Event: 37.176 loading class java/util/concurrent/atomic/Striped64$1 done


Dynamic libraries:
0x00007ff767f70000 - 0x00007ff767f7e000 	C:\Users\22183\.jdks\corretto-11.0.25\bin\java.exe
0x00007ff99d660000 - 0x00007ff99d869000 	C:\windows\SYSTEM32\ntdll.dll
0x00007ff99b8a0000 - 0x00007ff99b95d000 	C:\windows\System32\KERNEL32.DLL
0x00007ff99add0000 - 0x00007ff99b154000 	C:\windows\System32\KERNELBASE.dll
0x00007ff99b160000 - 0x00007ff99b271000 	C:\windows\System32\ucrtbase.dll
0x00007ff974c70000 - 0x00007ff974c8b000 	C:\Users\22183\.jdks\corretto-11.0.25\bin\VCRUNTIME140.dll
0x00007ff974c20000 - 0x00007ff974c37000 	C:\Users\22183\.jdks\corretto-11.0.25\bin\jli.dll
0x00007ff99cd20000 - 0x00007ff99cecd000 	C:\windows\System32\USER32.dll
0x00007ff99ab60000 - 0x00007ff99ab86000 	C:\windows\System32\win32u.dll
0x00007ff99b9f0000 - 0x00007ff99ba1a000 	C:\windows\System32\GDI32.dll
0x00007ff99acb0000 - 0x00007ff99adce000 	C:\windows\System32\gdi32full.dll
0x00007ff99ab90000 - 0x00007ff99ac2d000 	C:\windows\System32\msvcp_win.dll
0x00007ff97dd60000 - 0x00007ff97e005000 	C:\windows\WinSxS\amd64_microsoft.windows.common-controls_6595b64144ccf1df_6.0.22000.120_none_9d947278b86cc467\COMCTL32.dll
0x00007ff99b780000 - 0x00007ff99b823000 	C:\windows\System32\msvcrt.dll
0x00007ff99b620000 - 0x00007ff99b651000 	C:\windows\System32\IMM32.DLL
0x0000000058730000 - 0x000000005873d000 	C:\Program Files (x86)\360\360Safe\safemon\SafeWrapper.dll
0x00007ff99bb10000 - 0x00007ff99bbbe000 	C:\windows\System32\ADVAPI32.dll
0x00007ff99bd70000 - 0x00007ff99be0e000 	C:\windows\System32\sechost.dll
0x00007ff99bc40000 - 0x00007ff99bd61000 	C:\windows\System32\RPCRT4.dll
0x00007ff9933b0000 - 0x00007ff9934b5000 	C:\Program Files (x86)\360\360Safe\safemon\libzdtp64.dll
0x00007ff99bf30000 - 0x00007ff99c6f5000 	C:\windows\System32\SHELL32.dll
0x00007ff99ced0000 - 0x00007ff99cf2d000 	C:\windows\System32\SHLWAPI.dll
0x00007ff99a540000 - 0x00007ff99a54a000 	C:\windows\SYSTEM32\VERSION.dll
0x00007ff992cd0000 - 0x00007ff992cdc000 	C:\Users\22183\.jdks\corretto-11.0.25\bin\vcruntime140_1.dll
0x00007ff96a080000 - 0x00007ff96a10d000 	C:\Users\22183\.jdks\corretto-11.0.25\bin\msvcp140.dll
0x00007ff92e8d0000 - 0x00007ff92f495000 	C:\Users\22183\.jdks\corretto-11.0.25\bin\server\jvm.dll
0x00007ff99b830000 - 0x00007ff99b89f000 	C:\windows\System32\WS2_32.dll
0x00007ff99b750000 - 0x00007ff99b758000 	C:\windows\System32\PSAPI.DLL
0x00007ff993850000 - 0x00007ff993883000 	C:\windows\SYSTEM32\WINMM.dll
0x00007ff999b70000 - 0x00007ff999b88000 	C:\windows\SYSTEM32\kernel.appcore.dll
0x00007ff992c20000 - 0x00007ff992c30000 	C:\Users\22183\.jdks\corretto-11.0.25\bin\verify.dll
0x00007ff998230000 - 0x00007ff998451000 	C:\windows\SYSTEM32\DBGHELP.DLL
0x00007ff975440000 - 0x00007ff975471000 	C:\windows\SYSTEM32\dbgcore.DLL
0x00007ff99ac30000 - 0x00007ff99acaf000 	C:\windows\System32\bcryptPrimitives.dll
0x00007ff972b50000 - 0x00007ff972b78000 	C:\Users\22183\.jdks\corretto-11.0.25\bin\java.dll
0x00007ff97e950000 - 0x00007ff97e95a000 	C:\Users\22183\.jdks\corretto-11.0.25\bin\jimage.dll
0x00007ff9743d0000 - 0x00007ff9743e8000 	C:\Users\22183\.jdks\corretto-11.0.25\bin\zip.dll
0x00007ff998b10000 - 0x00007ff999372000 	C:\windows\SYSTEM32\windows.storage.dll
0x00007ff99d0e0000 - 0x00007ff99d456000 	C:\windows\System32\combase.dll
0x00007ff9989a0000 - 0x00007ff998b07000 	C:\windows\SYSTEM32\wintypes.dll
0x00007ff99ba20000 - 0x00007ff99bb0a000 	C:\windows\System32\SHCORE.dll
0x00007ff99aa20000 - 0x00007ff99aa45000 	C:\windows\SYSTEM32\profapi.dll
0x00007ff974290000 - 0x00007ff9742a9000 	C:\Users\22183\.jdks\corretto-11.0.25\bin\net.dll
0x00007ff994e80000 - 0x00007ff994f94000 	C:\windows\SYSTEM32\WINHTTP.dll
0x0000000180000000 - 0x000000018008c000 	C:\windows\system32\ASProxy64.dll
0x00007ff99cf30000 - 0x00007ff99d0ca000 	C:\windows\System32\ole32.dll
0x00007ff99b540000 - 0x00007ff99b616000 	C:\windows\System32\OLEAUT32.dll
0x00007ff99a550000 - 0x00007ff99a57d000 	C:\windows\SYSTEM32\IPHLPAPI.DLL
0x00007ff99a030000 - 0x00007ff99a097000 	C:\windows\SYSTEM32\MSWSOCK.dll
0x00007ff999e10000 - 0x00007ff999e52000 	C:\windows\SYSTEM32\SspiCli.dll
0x00007ff9728a0000 - 0x00007ff9728b2000 	C:\Users\22183\.jdks\corretto-11.0.25\bin\nio.dll
0x00007ff996d40000 - 0x00007ff996dec000 	C:\windows\system32\uxtheme.dll
0x00007ff95eb00000 - 0x00007ff95eb24000 	C:\Users\22183\AppData\Local\Temp\jansi-2.4.1-32f189ac005ff082-jansi.dll
0x00007ff99a290000 - 0x00007ff99a2a8000 	C:\windows\SYSTEM32\CRYPTSP.dll
0x00007ff999ad0000 - 0x00007ff999b05000 	C:\windows\system32\rsaenh.dll
0x00007ff99a140000 - 0x00007ff99a16c000 	C:\windows\SYSTEM32\USERENV.dll
0x00007ff99a410000 - 0x00007ff99a437000 	C:\windows\SYSTEM32\bcrypt.dll
0x00007ff99a2b0000 - 0x00007ff99a2bc000 	C:\windows\SYSTEM32\CRYPTBASE.dll
0x00007ff99bbc0000 - 0x00007ff99bbc9000 	C:\windows\System32\NSI.dll
0x00007ff994e40000 - 0x00007ff994e59000 	C:\windows\SYSTEM32\dhcpcsvc6.DLL
0x00007ff995360000 - 0x00007ff99537e000 	C:\windows\SYSTEM32\dhcpcsvc.DLL
0x00007ff999630000 - 0x00007ff999717000 	C:\windows\SYSTEM32\DNSAPI.dll

dbghelp: loaded successfully - version: 4.0.5 - missing functions: none
symbol engine: initialized successfully - sym options: 0x614 - pdb path: .;C:\Users\22183\.jdks\corretto-11.0.25\bin;C:\windows\SYSTEM32;C:\windows\WinSxS\amd64_microsoft.windows.common-controls_6595b64144ccf1df_6.0.22000.120_none_9d947278b86cc467;C:\Program Files (x86)\360\360Safe\safemon;C:\Users\22183\.jdks\corretto-11.0.25\bin\server;C:\Users\22183\AppData\Local\Temp

VM Arguments:
jvm_args: -Dmaven.multiModuleProjectDirectory=E:\picture-master\picture-master -Djansi.passthrough=true -Dmaven.home=D:\Program Files\IntelliJ IDEA 2024.2.3\plugins\maven\lib\maven3 -Dclassworlds.conf=D:\Program Files\IntelliJ IDEA 2024.2.3\plugins\maven\lib\maven3\bin\m2.conf -Dmaven.ext.class.path=D:\Program Files\IntelliJ IDEA 2024.2.3\plugins\maven\lib\maven-event-listener.jar -Dfile.encoding=UTF-8 
java_command: org.codehaus.classworlds.Launcher -Didea.version=2024.2.3 install
java_class_path (initial): D:\Program Files\IntelliJ IDEA 2024.2.3\plugins\maven\lib\maven3\boot\plexus-classworlds-2.8.0.jar;D:\Program Files\IntelliJ IDEA 2024.2.3\plugins\maven\lib\maven3\boot\plexus-classworlds.license
Launcher Type: SUN_STANDARD

[Global flags]
     intx CICompilerCount                          = 4                                         {product} {ergonomic}
     uint ConcGCThreads                            = 3                                         {product} {ergonomic}
     uint G1ConcRefinementThreads                  = 10                                        {product} {ergonomic}
   size_t G1HeapRegionSize                         = 1048576                                   {product} {ergonomic}
    uintx GCDrainStackTargetSize                   = 64                                        {product} {ergonomic}
   size_t InitialHeapSize                          = 264241152                                 {product} {ergonomic}
   size_t MarkStackSize                            = 4194304                                   {product} {ergonomic}
   size_t MaxHeapSize                              = 4219469824                                {product} {ergonomic}
   size_t MaxNewSize                               = 2531262464                                {product} {ergonomic}
   size_t MinHeapDeltaBytes                        = 1048576                                   {product} {ergonomic}
    uintx NonNMethodCodeHeapSize                   = 5836300                                {pd product} {ergonomic}
    uintx NonProfiledCodeHeapSize                  = 122910970                              {pd product} {ergonomic}
    uintx ProfiledCodeHeapSize                     = 122910970                              {pd product} {ergonomic}
    uintx ReservedCodeCacheSize                    = 251658240                              {pd product} {ergonomic}
     bool SegmentedCodeCache                       = true                                      {product} {ergonomic}
     bool UseCompressedClassPointers               = true                                 {lp64_product} {ergonomic}
     bool UseCompressedOops                        = true                                 {lp64_product} {ergonomic}
     bool UseG1GC                                  = true                                      {product} {ergonomic}
     bool UseLargePagesIndividualAllocation        = false                                  {pd product} {ergonomic}

Logging:
Log output configuration:
 #0: stdout all=warning uptime,level,tags
 #1: stderr all=off uptime,level,tags

Environment Variables:
JAVA_HOME=C:\Program Files\Java\jdk1.8.0_202
PATH=C:\Program Files;C:\\Windows\System32;C:\Program Files\Microsoft SQL Server\Client SDK\ODBC\170\Tools\Binn\;C:\Program Files\Microsoft SQL Server\160\DTS\Binn\;D:\Git\cmd;C:\Program Files\Microsoft SQL Server\150\Tools\Binn\;"C:\windows\system32;C:\windows;C:\windows\System32\Wbem;";C:\Program Files\apache-maven-3.9.6\bin;D:\Home\MySQL\bin;D:\Program Files\MATLAB\R2023b\runtime\win64;D:\Program Files\MATLAB\R2023b\bin;C:\Program Files\Docker\Docker\resources\bin;D:\Program Files\MATLAB\R2021b\runtime\win64;D:\Program Files\MATLAB\R2021b\bin;C:\Users\22183\Desktop\web\dll;es (x86)\Microsoft SQL Server\160\DTS\Binn\;C:\Program Files (x86)\Microsoft SQL Server\160\Tools\Binn\;C:\Program Files\Microsoft SQL Server\160\Tools\Binn\;C:\Program Files\Java\jdk1.8.0_202\bin;C:\windows\System32\WindowsPowerShell\v1.0\;C:\Program Files\python;C:\Program Files\python\Scripts;D:\BtSoft\panel\script;C:\Program Files (x86)\Git\cmd;C:\Program Files (x86)\NetSarang\Xftp 7\;C:\Program Files (x86)\NetSarang\Xlpd 7\;C:\Program Files\PuTTY\;C:\windows\system32;D:\nvm;D:\nvm\nodejs;D:\Program Files\Rational\common;D:\nodejs\node_global\node_modules\yarn\bin;D:\nodejs\node_global;C:\Program Files (x86)\Windows Kits\10\Windows Performance Toolkit\;;C:\Program Files\HP\HP One Agent;D:\Ruby32-x64\bin;C:\Users\22183\AppData\Local\Programs\Python\Python36-32\Scripts\;C:\Users\22183\AppData\Local\Programs\Python\Python36-32\;C:\Users\22183\AppData\Local\Microsoft\WindowsApps;D:\Microsoft VS Code\bin;C:\Program Files\Azure Data Studio\bin;D:\WebStorm 2021.1.3\bin;;C:\Users\22183\AppData\Local\GitHubDesktop\bin;C:\ProgramData\22183\GitHubDesktop\bin;C:\Program Files\Java\jdk1.8.0_202\jre;D:\nvm;D:\nvm\nodejs;D:\Program Files\IntelliJ IDEA 2024.2.3\bin;
USERNAME=22183
OS=Windows_NT
PROCESSOR_IDENTIFIER=Intel64 Family 6 Model 154 Stepping 4, GenuineIntel
TMP=C:\Users\22183\AppData\Local\Temp
TEMP=C:\Users\22183\AppData\Local\Temp



---------------  S Y S T E M  ---------------

OS: Windows 11 , 64 bit Build 22000 (10.0.22000.2538)
OS uptime: 0 days 3:01 hours
Hyper-V role detected

CPU:total 12 (initial active 12) (6 cores per cpu, 2 threads per core) family 6 model 154 stepping 4 microcode 0x419, cmov, cx8, fxsr, mmx, sse, sse2, sse3, ssse3, sse4.1, sse4.2, popcnt, avx, avx2, aes, clmul, erms, 3dnowpref, lzcnt, ht, tsc, tscinvbit, bmi1, bmi2, adx, sha, fma

Memory: 4k page, system-wide physical 16095M (503M free)
TotalPageFile size 26006M (AvailPageFile size 150M)
current process WorkingSet (physical memory assigned to process): 374M, peak: 441M
current process commit charge ("private bytes"): 437M, peak: 505M

vm_info: OpenJDK 64-Bit Server VM (11.0.25+9-LTS) for windows-amd64 JRE (11.0.25+9-LTS), built on Oct 10 2024 00:01:59 by "Administrator" with MS VC++ 16.10 / 16.11 (VS2019)

END.
