#
# There is insufficient memory for the Java Runtime Environment to continue.
# Native memory allocation (malloc) failed to allocate 660976 bytes for Chunk::new
# Possible reasons:
#   The system is out of physical RAM or swap space
#   The process is running with CompressedOops enabled, and the Java Heap may be blocking the growth of the native heap
# Possible solutions:
#   Reduce memory load on the system
#   Increase physical memory or swap space
#   Check if swap backing store is full
#   Decrease Java heap size (-Xmx/-Xms)
#   Decrease number of Java threads
#   Decrease Java thread stack sizes (-Xss)
#   Set larger code cache with -XX:ReservedCodeCacheSize=
#   JVM is running with Zero Based Compressed Oops mode in which the Java heap is
#     placed in the first 32GB address space. The Java Heap base address is the
#     maximum limit for the native heap growth. Please use -XX:HeapBaseMinAddress
#     to set the Java Heap base and to place the Java Heap above 32GB virtual address.
# This output file may be truncated or incomplete.
#
#  Out of Memory Error (arena.cpp:197), pid=37476, tid=13068
#
# JRE version: OpenJDK Runtime Environment Corretto-11.0.25.9.1 (11.0.25+9) (build 11.0.25+9-LTS)
# Java VM: OpenJDK 64-Bit Server VM Corretto-11.0.25.9.1 (11.0.25+9-LTS, mixed mode, tiered, compressed oops, g1 gc, windows-amd64)
# No core dump will be written. Minidumps are not enabled by default on client versions of Windows
#

---------------  S U M M A R Y ------------

Command Line: -Dmaven.multiModuleProjectDirectory=E:\picture-master\picture-master -Djansi.passthrough=true -Dmaven.home=D:\Program Files\IntelliJ IDEA 2024.2.3\plugins\maven\lib\maven3 -Dclassworlds.conf=D:\Program Files\IntelliJ IDEA 2024.2.3\plugins\maven\lib\maven3\bin\m2.conf -Dmaven.ext.class.path=D:\Program Files\IntelliJ IDEA 2024.2.3\plugins\maven\lib\maven-event-listener.jar -Dfile.encoding=UTF-8 org.codehaus.classworlds.Launcher -Didea.version=2024.2.3 install --non-recursive

Host: 12th Gen Intel(R) Core(TM) i7-1255U, 12 cores, 15G,  Windows 11 , 64 bit Build 22000 (10.0.22000.2538)
Time: Wed Oct  8 02:30:38 2025  Windows 11 , 64 bit Build 22000 (10.0.22000.2538) elapsed time: 4.268953 seconds (0d 0h 0m 4s)

---------------  T H R E A D  ---------------

Current thread (0x000002ecfedfc800):  JavaThread "C2 CompilerThread0" daemon [_thread_in_native, id=13068, stack(0x000000f05cc00000,0x000000f05cd00000)]


Current CompileTask:
C2:   4269 3120       4       org.codehaus.plexus.util.xml.pull.MXParser::nextImpl (1203 bytes)

Stack: [0x000000f05cc00000,0x000000f05cd00000]
Native frames: (J=compiled Java code, j=interpreted, Vv=VM code, C=native code)
V  [jvm.dll+0x64644a]
V  [jvm.dll+0x7daca9]
V  [jvm.dll+0x7dc3a9]
V  [jvm.dll+0x7dca93]
V  [jvm.dll+0x269da5]
V  [jvm.dll+0xc217c]
V  [jvm.dll+0xc272c]
V  [jvm.dll+0x37a297]
V  [jvm.dll+0x344fd5]
V  [jvm.dll+0x3443aa]
V  [jvm.dll+0x221dff]
V  [jvm.dll+0x220e08]
V  [jvm.dll+0x19ea01]
V  [jvm.dll+0x230cb9]
V  [jvm.dll+0x22ee2f]
V  [jvm.dll+0x79bed1]
V  [jvm.dll+0x794ba4]
V  [jvm.dll+0x645205]
C  [ucrtbase.dll+0x26c0c]
C  [KERNEL32.DLL+0x153e0]
C  [ntdll.dll+0x485b]


---------------  P R O C E S S  ---------------

Threads class SMR info:
_java_thread_list=0x000002ec807e96b0, length=13, elements={
0x000002ecd9a57000, 0x000002ecfed9b000, 0x000002ecfed9f800, 0x000002ecfedb2000,
0x000002ecfedb5000, 0x000002ecfedb6000, 0x000002ecfedfc800, 0x000002ecfedfd000,
0x000002ecfee0c800, 0x000002ecfefb9800, 0x000002ecff026800, 0x000002ec80493000,
0x000002ec8174a000
}

Java Threads: ( => current thread )
  0x000002ecd9a57000 JavaThread "main" [_thread_in_Java, id=1080, stack(0x000000f05c000000,0x000000f05c100000)]
  0x000002ecfed9b000 JavaThread "Reference Handler" daemon [_thread_blocked, id=37784, stack(0x000000f05c700000,0x000000f05c800000)]
  0x000002ecfed9f800 JavaThread "Finalizer" daemon [_thread_blocked, id=34092, stack(0x000000f05c800000,0x000000f05c900000)]
  0x000002ecfedb2000 JavaThread "Signal Dispatcher" daemon [_thread_blocked, id=3112, stack(0x000000f05c900000,0x000000f05ca00000)]
  0x000002ecfedb5000 JavaThread "Attach Listener" daemon [_thread_blocked, id=36252, stack(0x000000f05ca00000,0x000000f05cb00000)]
  0x000002ecfedb6000 JavaThread "Service Thread" daemon [_thread_blocked, id=2672, stack(0x000000f05cb00000,0x000000f05cc00000)]
=>0x000002ecfedfc800 JavaThread "C2 CompilerThread0" daemon [_thread_in_native, id=13068, stack(0x000000f05cc00000,0x000000f05cd00000)]
  0x000002ecfedfd000 JavaThread "C1 CompilerThread0" daemon [_thread_blocked, id=5640, stack(0x000000f05cd00000,0x000000f05ce00000)]
  0x000002ecfee0c800 JavaThread "Sweeper thread" daemon [_thread_blocked, id=29728, stack(0x000000f05ce00000,0x000000f05cf00000)]
  0x000002ecfefb9800 JavaThread "Common-Cleaner" daemon [_thread_blocked, id=36576, stack(0x000000f05d000000,0x000000f05d100000)]
  0x000002ecff026800 JavaThread "C2 CompilerThread1" daemon [_thread_in_native, id=34040, stack(0x000000f05df00000,0x000000f05e000000)]
  0x000002ec80493000 JavaThread "C2 CompilerThread2" daemon [_thread_in_native, id=9564, stack(0x000000f05dd00000,0x000000f05de00000)]
  0x000002ec8174a000 JavaThread "Thread-1" daemon [_thread_blocked, id=19980, stack(0x000000f05e740000,0x000000f05e840000)]

Other Threads:
  0x000002ecfed77000 VMThread "VM Thread" [stack: 0x000000f05c600000,0x000000f05c700000] [id=35252]
  0x000002ecfefb3000 WatcherThread [stack: 0x000000f05cf00000,0x000000f05d000000] [id=37524]
  0x000002ecd9a6f800 GCTaskThread "GC Thread#0" [stack: 0x000000f05c100000,0x000000f05c200000] [id=3096]
  0x000002ecffb71800 GCTaskThread "GC Thread#1" [stack: 0x000000f05e040000,0x000000f05e140000] [id=37620]
  0x000002ec8053a800 GCTaskThread "GC Thread#2" [stack: 0x000000f05e140000,0x000000f05e240000] [id=32584]
  0x000002ecffca8000 GCTaskThread "GC Thread#3" [stack: 0x000000f05e240000,0x000000f05e340000] [id=36412]
  0x000002ec8046e800 GCTaskThread "GC Thread#4" [stack: 0x000000f05e340000,0x000000f05e440000] [id=37868]
  0x000002ecff935000 GCTaskThread "GC Thread#5" [stack: 0x000000f05e440000,0x000000f05e540000] [id=29568]
  0x000002ecd9acb800 ConcurrentGCThread "G1 Main Marker" [stack: 0x000000f05c200000,0x000000f05c300000] [id=15992]
  0x000002ecd9acd000 ConcurrentGCThread "G1 Conc#0" [stack: 0x000000f05c300000,0x000000f05c400000] [id=36304]
  0x000002ecffb33000 ConcurrentGCThread "G1 Conc#1" [stack: 0x000000f05e540000,0x000000f05e640000] [id=32828]
  0x000002ec80f33800 ConcurrentGCThread "G1 Conc#2" [stack: 0x000000f05e640000,0x000000f05e740000] [id=23660]
  0x000002ecfe3dc800 ConcurrentGCThread "G1 Refine#0" [stack: 0x000000f05c400000,0x000000f05c500000] [id=36736]
  0x000002ecfe3dd800 ConcurrentGCThread "G1 Young RemSet Sampling" [stack: 0x000000f05c500000,0x000000f05c600000] [id=35348]

Threads with active compile tasks:
C2 CompilerThread0     4351 3120       4       org.codehaus.plexus.util.xml.pull.MXParser::nextImpl (1203 bytes)
C1 CompilerThread0     4351 3294       3       java.io.FileDescriptor::<init> (17 bytes)
C2 CompilerThread1     4352 3288       4       java.util.concurrent.ConcurrentHashMap$EntryIterator::next (5 bytes)
C2 CompilerThread2     4352 3289       4       java.util.concurrent.ConcurrentHashMap$EntryIterator::next (51 bytes)

VM state:not at safepoint (normal execution)

VM Mutex/Monitor currently owned by a thread: None

Heap address: 0x0000000704800000, size: 4024 MB, Compressed Oops mode: Zero based, Oop shift amount: 3
Narrow klass base: 0x0000000800000000, Narrow klass shift: 0
Compressed class space size: 1073741824 Address: 0x0000000800000000

Heap:
 garbage-first heap   total 258048K, used 41482K [0x0000000704800000, 0x0000000800000000)
  region size 1024K, 42 young (43008K), 7 survivors (7168K)
 Metaspace       used 23871K, capacity 24425K, committed 24444K, reserved 1071104K
  class space    used 2588K, capacity 2747K, committed 2764K, reserved 1048576K
Heap Regions: E=young(eden), S=young(survivor), O=old, HS=humongous(starts), HC=humongous(continues), CS=collection set, F=free, A=archive, TAMS=top-at-mark-start (previous, next)
|   0|0x0000000704800000, 0x0000000704860a00, 0x0000000704900000| 37%| O|  |TAMS 0x0000000704860a00, 0x0000000704800000| Untracked 
|   1|0x0000000704900000, 0x0000000704900000, 0x0000000704a00000|  0%| F|  |TAMS 0x0000000704900000, 0x0000000704900000| Untracked 
|   2|0x0000000704a00000, 0x0000000704a00000, 0x0000000704b00000|  0%| F|  |TAMS 0x0000000704a00000, 0x0000000704a00000| Untracked 
|   3|0x0000000704b00000, 0x0000000704b00000, 0x0000000704c00000|  0%| F|  |TAMS 0x0000000704b00000, 0x0000000704b00000| Untracked 
|   4|0x0000000704c00000, 0x0000000704c00000, 0x0000000704d00000|  0%| F|  |TAMS 0x0000000704c00000, 0x0000000704c00000| Untracked 
|   5|0x0000000704d00000, 0x0000000704d00000, 0x0000000704e00000|  0%| F|  |TAMS 0x0000000704d00000, 0x0000000704d00000| Untracked 
|   6|0x0000000704e00000, 0x0000000704e00000, 0x0000000704f00000|  0%| F|  |TAMS 0x0000000704e00000, 0x0000000704e00000| Untracked 
|   7|0x0000000704f00000, 0x0000000704f00000, 0x0000000705000000|  0%| F|  |TAMS 0x0000000704f00000, 0x0000000704f00000| Untracked 
|   8|0x0000000705000000, 0x0000000705000000, 0x0000000705100000|  0%| F|  |TAMS 0x0000000705000000, 0x0000000705000000| Untracked 
|   9|0x0000000705100000, 0x0000000705100000, 0x0000000705200000|  0%| F|  |TAMS 0x0000000705100000, 0x0000000705100000| Untracked 
|  10|0x0000000705200000, 0x0000000705200000, 0x0000000705300000|  0%| F|  |TAMS 0x0000000705200000, 0x0000000705200000| Untracked 
|  11|0x0000000705300000, 0x0000000705300000, 0x0000000705400000|  0%| F|  |TAMS 0x0000000705300000, 0x0000000705300000| Untracked 
|  12|0x0000000705400000, 0x0000000705400000, 0x0000000705500000|  0%| F|  |TAMS 0x0000000705400000, 0x0000000705400000| Untracked 
|  13|0x0000000705500000, 0x0000000705500000, 0x0000000705600000|  0%| F|  |TAMS 0x0000000705500000, 0x0000000705500000| Untracked 
|  14|0x0000000705600000, 0x0000000705600000, 0x0000000705700000|  0%| F|  |TAMS 0x0000000705600000, 0x0000000705600000| Untracked 
|  15|0x0000000705700000, 0x0000000705700000, 0x0000000705800000|  0%| F|  |TAMS 0x0000000705700000, 0x0000000705700000| Untracked 
|  16|0x0000000705800000, 0x0000000705800000, 0x0000000705900000|  0%| F|  |TAMS 0x0000000705800000, 0x0000000705800000| Untracked 
|  17|0x0000000705900000, 0x0000000705900000, 0x0000000705a00000|  0%| F|  |TAMS 0x0000000705900000, 0x0000000705900000| Untracked 
|  18|0x0000000705a00000, 0x0000000705a00000, 0x0000000705b00000|  0%| F|  |TAMS 0x0000000705a00000, 0x0000000705a00000| Untracked 
|  19|0x0000000705b00000, 0x0000000705b00000, 0x0000000705c00000|  0%| F|  |TAMS 0x0000000705b00000, 0x0000000705b00000| Untracked 
|  20|0x0000000705c00000, 0x0000000705c00000, 0x0000000705d00000|  0%| F|  |TAMS 0x0000000705c00000, 0x0000000705c00000| Untracked 
|  21|0x0000000705d00000, 0x0000000705d00000, 0x0000000705e00000|  0%| F|  |TAMS 0x0000000705d00000, 0x0000000705d00000| Untracked 
|  22|0x0000000705e00000, 0x0000000705e00000, 0x0000000705f00000|  0%| F|  |TAMS 0x0000000705e00000, 0x0000000705e00000| Untracked 
|  23|0x0000000705f00000, 0x0000000705f00000, 0x0000000706000000|  0%| F|  |TAMS 0x0000000705f00000, 0x0000000705f00000| Untracked 
|  24|0x0000000706000000, 0x0000000706000000, 0x0000000706100000|  0%| F|  |TAMS 0x0000000706000000, 0x0000000706000000| Untracked 
|  25|0x0000000706100000, 0x0000000706100000, 0x0000000706200000|  0%| F|  |TAMS 0x0000000706100000, 0x0000000706100000| Untracked 
|  26|0x0000000706200000, 0x0000000706200000, 0x0000000706300000|  0%| F|  |TAMS 0x0000000706200000, 0x0000000706200000| Untracked 
|  27|0x0000000706300000, 0x0000000706300000, 0x0000000706400000|  0%| F|  |TAMS 0x0000000706300000, 0x0000000706300000| Untracked 
|  28|0x0000000706400000, 0x0000000706400000, 0x0000000706500000|  0%| F|  |TAMS 0x0000000706400000, 0x0000000706400000| Untracked 
|  29|0x0000000706500000, 0x0000000706500000, 0x0000000706600000|  0%| F|  |TAMS 0x0000000706500000, 0x0000000706500000| Untracked 
|  30|0x0000000706600000, 0x0000000706600000, 0x0000000706700000|  0%| F|  |TAMS 0x0000000706600000, 0x0000000706600000| Untracked 
|  31|0x0000000706700000, 0x0000000706700000, 0x0000000706800000|  0%| F|  |TAMS 0x0000000706700000, 0x0000000706700000| Untracked 
|  32|0x0000000706800000, 0x0000000706800000, 0x0000000706900000|  0%| F|  |TAMS 0x0000000706800000, 0x0000000706800000| Untracked 
|  33|0x0000000706900000, 0x0000000706900000, 0x0000000706a00000|  0%| F|  |TAMS 0x0000000706900000, 0x0000000706900000| Untracked 
|  34|0x0000000706a00000, 0x0000000706a00000, 0x0000000706b00000|  0%| F|  |TAMS 0x0000000706a00000, 0x0000000706a00000| Untracked 
|  35|0x0000000706b00000, 0x0000000706b00000, 0x0000000706c00000|  0%| F|  |TAMS 0x0000000706b00000, 0x0000000706b00000| Untracked 
|  36|0x0000000706c00000, 0x0000000706c00000, 0x0000000706d00000|  0%| F|  |TAMS 0x0000000706c00000, 0x0000000706c00000| Untracked 
|  37|0x0000000706d00000, 0x0000000706d00000, 0x0000000706e00000|  0%| F|  |TAMS 0x0000000706d00000, 0x0000000706d00000| Untracked 
|  38|0x0000000706e00000, 0x0000000706e00000, 0x0000000706f00000|  0%| F|  |TAMS 0x0000000706e00000, 0x0000000706e00000| Untracked 
|  39|0x0000000706f00000, 0x0000000706f00000, 0x0000000707000000|  0%| F|  |TAMS 0x0000000706f00000, 0x0000000706f00000| Untracked 
|  40|0x0000000707000000, 0x0000000707000000, 0x0000000707100000|  0%| F|  |TAMS 0x0000000707000000, 0x0000000707000000| Untracked 
|  41|0x0000000707100000, 0x0000000707100000, 0x0000000707200000|  0%| F|  |TAMS 0x0000000707100000, 0x0000000707100000| Untracked 
|  42|0x0000000707200000, 0x0000000707200000, 0x0000000707300000|  0%| F|  |TAMS 0x0000000707200000, 0x0000000707200000| Untracked 
|  43|0x0000000707300000, 0x0000000707300000, 0x0000000707400000|  0%| F|  |TAMS 0x0000000707300000, 0x0000000707300000| Untracked 
|  44|0x0000000707400000, 0x0000000707400000, 0x0000000707500000|  0%| F|  |TAMS 0x0000000707400000, 0x0000000707400000| Untracked 
|  45|0x0000000707500000, 0x0000000707500000, 0x0000000707600000|  0%| F|  |TAMS 0x0000000707500000, 0x0000000707500000| Untracked 
|  46|0x0000000707600000, 0x0000000707600000, 0x0000000707700000|  0%| F|  |TAMS 0x0000000707600000, 0x0000000707600000| Untracked 
|  47|0x0000000707700000, 0x0000000707700000, 0x0000000707800000|  0%| F|  |TAMS 0x0000000707700000, 0x0000000707700000| Untracked 
|  48|0x0000000707800000, 0x0000000707800000, 0x0000000707900000|  0%| F|  |TAMS 0x0000000707800000, 0x0000000707800000| Untracked 
|  49|0x0000000707900000, 0x0000000707900000, 0x0000000707a00000|  0%| F|  |TAMS 0x0000000707900000, 0x0000000707900000| Untracked 
|  50|0x0000000707a00000, 0x0000000707a00000, 0x0000000707b00000|  0%| F|  |TAMS 0x0000000707a00000, 0x0000000707a00000| Untracked 
|  51|0x0000000707b00000, 0x0000000707b00000, 0x0000000707c00000|  0%| F|  |TAMS 0x0000000707b00000, 0x0000000707b00000| Untracked 
|  52|0x0000000707c00000, 0x0000000707c00000, 0x0000000707d00000|  0%| F|  |TAMS 0x0000000707c00000, 0x0000000707c00000| Untracked 
|  53|0x0000000707d00000, 0x0000000707d00000, 0x0000000707e00000|  0%| F|  |TAMS 0x0000000707d00000, 0x0000000707d00000| Untracked 
|  54|0x0000000707e00000, 0x0000000707e00000, 0x0000000707f00000|  0%| F|  |TAMS 0x0000000707e00000, 0x0000000707e00000| Untracked 
|  55|0x0000000707f00000, 0x0000000707f00000, 0x0000000708000000|  0%| F|  |TAMS 0x0000000707f00000, 0x0000000707f00000| Untracked 
|  56|0x0000000708000000, 0x0000000708000000, 0x0000000708100000|  0%| F|  |TAMS 0x0000000708000000, 0x0000000708000000| Untracked 
|  57|0x0000000708100000, 0x0000000708100000, 0x0000000708200000|  0%| F|  |TAMS 0x0000000708100000, 0x0000000708100000| Untracked 
|  58|0x0000000708200000, 0x0000000708200000, 0x0000000708300000|  0%| F|  |TAMS 0x0000000708200000, 0x0000000708200000| Untracked 
|  59|0x0000000708300000, 0x0000000708300000, 0x0000000708400000|  0%| F|  |TAMS 0x0000000708300000, 0x0000000708300000| Untracked 
|  60|0x0000000708400000, 0x0000000708400000, 0x0000000708500000|  0%| F|  |TAMS 0x0000000708400000, 0x0000000708400000| Untracked 
|  61|0x0000000708500000, 0x0000000708500000, 0x0000000708600000|  0%| F|  |TAMS 0x0000000708500000, 0x0000000708500000| Untracked 
|  62|0x0000000708600000, 0x0000000708600000, 0x0000000708700000|  0%| F|  |TAMS 0x0000000708600000, 0x0000000708600000| Untracked 
|  63|0x0000000708700000, 0x0000000708700000, 0x0000000708800000|  0%| F|  |TAMS 0x0000000708700000, 0x0000000708700000| Untracked 
|  64|0x0000000708800000, 0x0000000708800000, 0x0000000708900000|  0%| F|  |TAMS 0x0000000708800000, 0x0000000708800000| Untracked 
|  65|0x0000000708900000, 0x0000000708900000, 0x0000000708a00000|  0%| F|  |TAMS 0x0000000708900000, 0x0000000708900000| Untracked 
|  66|0x0000000708a00000, 0x0000000708a00000, 0x0000000708b00000|  0%| F|  |TAMS 0x0000000708a00000, 0x0000000708a00000| Untracked 
|  67|0x0000000708b00000, 0x0000000708b00000, 0x0000000708c00000|  0%| F|  |TAMS 0x0000000708b00000, 0x0000000708b00000| Untracked 
|  68|0x0000000708c00000, 0x0000000708c00000, 0x0000000708d00000|  0%| F|  |TAMS 0x0000000708c00000, 0x0000000708c00000| Untracked 
|  69|0x0000000708d00000, 0x0000000708d00000, 0x0000000708e00000|  0%| F|  |TAMS 0x0000000708d00000, 0x0000000708d00000| Untracked 
|  70|0x0000000708e00000, 0x0000000708e00000, 0x0000000708f00000|  0%| F|  |TAMS 0x0000000708e00000, 0x0000000708e00000| Untracked 
|  71|0x0000000708f00000, 0x0000000708f00000, 0x0000000709000000|  0%| F|  |TAMS 0x0000000708f00000, 0x0000000708f00000| Untracked 
|  72|0x0000000709000000, 0x0000000709000000, 0x0000000709100000|  0%| F|  |TAMS 0x0000000709000000, 0x0000000709000000| Untracked 
|  73|0x0000000709100000, 0x0000000709100000, 0x0000000709200000|  0%| F|  |TAMS 0x0000000709100000, 0x0000000709100000| Untracked 
|  74|0x0000000709200000, 0x0000000709200000, 0x0000000709300000|  0%| F|  |TAMS 0x0000000709200000, 0x0000000709200000| Untracked 
|  75|0x0000000709300000, 0x0000000709300000, 0x0000000709400000|  0%| F|  |TAMS 0x0000000709300000, 0x0000000709300000| Untracked 
|  76|0x0000000709400000, 0x0000000709400000, 0x0000000709500000|  0%| F|  |TAMS 0x0000000709400000, 0x0000000709400000| Untracked 
|  77|0x0000000709500000, 0x0000000709500000, 0x0000000709600000|  0%| F|  |TAMS 0x0000000709500000, 0x0000000709500000| Untracked 
|  78|0x0000000709600000, 0x0000000709600000, 0x0000000709700000|  0%| F|  |TAMS 0x0000000709600000, 0x0000000709600000| Untracked 
|  79|0x0000000709700000, 0x0000000709700000, 0x0000000709800000|  0%| F|  |TAMS 0x0000000709700000, 0x0000000709700000| Untracked 
|  80|0x0000000709800000, 0x0000000709800000, 0x0000000709900000|  0%| F|  |TAMS 0x0000000709800000, 0x0000000709800000| Untracked 
|  81|0x0000000709900000, 0x0000000709900000, 0x0000000709a00000|  0%| F|  |TAMS 0x0000000709900000, 0x0000000709900000| Untracked 
|  82|0x0000000709a00000, 0x0000000709a00000, 0x0000000709b00000|  0%| F|  |TAMS 0x0000000709a00000, 0x0000000709a00000| Untracked 
|  83|0x0000000709b00000, 0x0000000709b00000, 0x0000000709c00000|  0%| F|  |TAMS 0x0000000709b00000, 0x0000000709b00000| Untracked 
|  84|0x0000000709c00000, 0x0000000709c00000, 0x0000000709d00000|  0%| F|  |TAMS 0x0000000709c00000, 0x0000000709c00000| Untracked 
|  85|0x0000000709d00000, 0x0000000709d00000, 0x0000000709e00000|  0%| F|  |TAMS 0x0000000709d00000, 0x0000000709d00000| Untracked 
|  86|0x0000000709e00000, 0x0000000709e00000, 0x0000000709f00000|  0%| F|  |TAMS 0x0000000709e00000, 0x0000000709e00000| Untracked 
|  87|0x0000000709f00000, 0x0000000709f00000, 0x000000070a000000|  0%| F|  |TAMS 0x0000000709f00000, 0x0000000709f00000| Untracked 
|  88|0x000000070a000000, 0x000000070a000000, 0x000000070a100000|  0%| F|  |TAMS 0x000000070a000000, 0x000000070a000000| Untracked 
|  89|0x000000070a100000, 0x000000070a100000, 0x000000070a200000|  0%| F|  |TAMS 0x000000070a100000, 0x000000070a100000| Untracked 
|  90|0x000000070a200000, 0x000000070a200000, 0x000000070a300000|  0%| F|  |TAMS 0x000000070a200000, 0x000000070a200000| Untracked 
|  91|0x000000070a300000, 0x000000070a300000, 0x000000070a400000|  0%| F|  |TAMS 0x000000070a300000, 0x000000070a300000| Untracked 
|  92|0x000000070a400000, 0x000000070a400000, 0x000000070a500000|  0%| F|  |TAMS 0x000000070a400000, 0x000000070a400000| Untracked 
|  93|0x000000070a500000, 0x000000070a500000, 0x000000070a600000|  0%| F|  |TAMS 0x000000070a500000, 0x000000070a500000| Untracked 
|  94|0x000000070a600000, 0x000000070a600000, 0x000000070a700000|  0%| F|  |TAMS 0x000000070a600000, 0x000000070a600000| Untracked 
|  95|0x000000070a700000, 0x000000070a700000, 0x000000070a800000|  0%| F|  |TAMS 0x000000070a700000, 0x000000070a700000| Untracked 
|  96|0x000000070a800000, 0x000000070a800000, 0x000000070a900000|  0%| F|  |TAMS 0x000000070a800000, 0x000000070a800000| Untracked 
|  97|0x000000070a900000, 0x000000070a900000, 0x000000070aa00000|  0%| F|  |TAMS 0x000000070a900000, 0x000000070a900000| Untracked 
|  98|0x000000070aa00000, 0x000000070aa00000, 0x000000070ab00000|  0%| F|  |TAMS 0x000000070aa00000, 0x000000070aa00000| Untracked 
|  99|0x000000070ab00000, 0x000000070ab00000, 0x000000070ac00000|  0%| F|  |TAMS 0x000000070ab00000, 0x000000070ab00000| Untracked 
| 100|0x000000070ac00000, 0x000000070ac00000, 0x000000070ad00000|  0%| F|  |TAMS 0x000000070ac00000, 0x000000070ac00000| Untracked 
| 101|0x000000070ad00000, 0x000000070ad00000, 0x000000070ae00000|  0%| F|  |TAMS 0x000000070ad00000, 0x000000070ad00000| Untracked 
| 102|0x000000070ae00000, 0x000000070ae00000, 0x000000070af00000|  0%| F|  |TAMS 0x000000070ae00000, 0x000000070ae00000| Untracked 
| 103|0x000000070af00000, 0x000000070af00000, 0x000000070b000000|  0%| F|  |TAMS 0x000000070af00000, 0x000000070af00000| Untracked 
| 104|0x000000070b000000, 0x000000070b000000, 0x000000070b100000|  0%| F|  |TAMS 0x000000070b000000, 0x000000070b000000| Untracked 
| 105|0x000000070b100000, 0x000000070b100000, 0x000000070b200000|  0%| F|  |TAMS 0x000000070b100000, 0x000000070b100000| Untracked 
| 106|0x000000070b200000, 0x000000070b200000, 0x000000070b300000|  0%| F|  |TAMS 0x000000070b200000, 0x000000070b200000| Untracked 
| 107|0x000000070b300000, 0x000000070b300000, 0x000000070b400000|  0%| F|  |TAMS 0x000000070b300000, 0x000000070b300000| Untracked 
| 108|0x000000070b400000, 0x000000070b400000, 0x000000070b500000|  0%| F|  |TAMS 0x000000070b400000, 0x000000070b400000| Untracked 
| 109|0x000000070b500000, 0x000000070b500000, 0x000000070b600000|  0%| F|  |TAMS 0x000000070b500000, 0x000000070b500000| Untracked 
| 110|0x000000070b600000, 0x000000070b600000, 0x000000070b700000|  0%| F|  |TAMS 0x000000070b600000, 0x000000070b600000| Untracked 
| 111|0x000000070b700000, 0x000000070b700000, 0x000000070b800000|  0%| F|  |TAMS 0x000000070b700000, 0x000000070b700000| Untracked 
| 112|0x000000070b800000, 0x000000070b800000, 0x000000070b900000|  0%| F|  |TAMS 0x000000070b800000, 0x000000070b800000| Untracked 
| 113|0x000000070b900000, 0x000000070b900000, 0x000000070ba00000|  0%| F|  |TAMS 0x000000070b900000, 0x000000070b900000| Untracked 
| 114|0x000000070ba00000, 0x000000070ba00000, 0x000000070bb00000|  0%| F|  |TAMS 0x000000070ba00000, 0x000000070ba00000| Untracked 
| 115|0x000000070bb00000, 0x000000070bb00000, 0x000000070bc00000|  0%| F|  |TAMS 0x000000070bb00000, 0x000000070bb00000| Untracked 
| 116|0x000000070bc00000, 0x000000070bc00000, 0x000000070bd00000|  0%| F|  |TAMS 0x000000070bc00000, 0x000000070bc00000| Untracked 
| 117|0x000000070bd00000, 0x000000070bd00000, 0x000000070be00000|  0%| F|  |TAMS 0x000000070bd00000, 0x000000070bd00000| Untracked 
| 118|0x000000070be00000, 0x000000070be00000, 0x000000070bf00000|  0%| F|  |TAMS 0x000000070be00000, 0x000000070be00000| Untracked 
| 119|0x000000070bf00000, 0x000000070bf00000, 0x000000070c000000|  0%| F|  |TAMS 0x000000070bf00000, 0x000000070bf00000| Untracked 
| 120|0x000000070c000000, 0x000000070c000000, 0x000000070c100000|  0%| F|  |TAMS 0x000000070c000000, 0x000000070c000000| Untracked 
| 121|0x000000070c100000, 0x000000070c100000, 0x000000070c200000|  0%| F|  |TAMS 0x000000070c100000, 0x000000070c100000| Untracked 
| 122|0x000000070c200000, 0x000000070c200000, 0x000000070c300000|  0%| F|  |TAMS 0x000000070c200000, 0x000000070c200000| Untracked 
| 123|0x000000070c300000, 0x000000070c300000, 0x000000070c400000|  0%| F|  |TAMS 0x000000070c300000, 0x000000070c300000| Untracked 
| 124|0x000000070c400000, 0x000000070c400000, 0x000000070c500000|  0%| F|  |TAMS 0x000000070c400000, 0x000000070c400000| Untracked 
| 125|0x000000070c500000, 0x000000070c500000, 0x000000070c600000|  0%| F|  |TAMS 0x000000070c500000, 0x000000070c500000| Untracked 
| 126|0x000000070c600000, 0x000000070c600000, 0x000000070c700000|  0%| F|  |TAMS 0x000000070c600000, 0x000000070c600000| Untracked 
| 127|0x000000070c700000, 0x000000070c700000, 0x000000070c800000|  0%| F|  |TAMS 0x000000070c700000, 0x000000070c700000| Untracked 
| 128|0x000000070c800000, 0x000000070c800000, 0x000000070c900000|  0%| F|  |TAMS 0x000000070c800000, 0x000000070c800000| Untracked 
| 129|0x000000070c900000, 0x000000070c900000, 0x000000070ca00000|  0%| F|  |TAMS 0x000000070c900000, 0x000000070c900000| Untracked 
| 130|0x000000070ca00000, 0x000000070ca00000, 0x000000070cb00000|  0%| F|  |TAMS 0x000000070ca00000, 0x000000070ca00000| Untracked 
| 131|0x000000070cb00000, 0x000000070cb00000, 0x000000070cc00000|  0%| F|  |TAMS 0x000000070cb00000, 0x000000070cb00000| Untracked 
| 132|0x000000070cc00000, 0x000000070cc00000, 0x000000070cd00000|  0%| F|  |TAMS 0x000000070cc00000, 0x000000070cc00000| Untracked 
| 133|0x000000070cd00000, 0x000000070cd00000, 0x000000070ce00000|  0%| F|  |TAMS 0x000000070cd00000, 0x000000070cd00000| Untracked 
| 134|0x000000070ce00000, 0x000000070ce00000, 0x000000070cf00000|  0%| F|  |TAMS 0x000000070ce00000, 0x000000070ce00000| Untracked 
| 135|0x000000070cf00000, 0x000000070cf00000, 0x000000070d000000|  0%| F|  |TAMS 0x000000070cf00000, 0x000000070cf00000| Untracked 
| 136|0x000000070d000000, 0x000000070d000000, 0x000000070d100000|  0%| F|  |TAMS 0x000000070d000000, 0x000000070d000000| Untracked 
| 137|0x000000070d100000, 0x000000070d100000, 0x000000070d200000|  0%| F|  |TAMS 0x000000070d100000, 0x000000070d100000| Untracked 
| 138|0x000000070d200000, 0x000000070d200000, 0x000000070d300000|  0%| F|  |TAMS 0x000000070d200000, 0x000000070d200000| Untracked 
| 139|0x000000070d300000, 0x000000070d300000, 0x000000070d400000|  0%| F|  |TAMS 0x000000070d300000, 0x000000070d300000| Untracked 
| 140|0x000000070d400000, 0x000000070d400000, 0x000000070d500000|  0%| F|  |TAMS 0x000000070d400000, 0x000000070d400000| Untracked 
| 141|0x000000070d500000, 0x000000070d500000, 0x000000070d600000|  0%| F|  |TAMS 0x000000070d500000, 0x000000070d500000| Untracked 
| 142|0x000000070d600000, 0x000000070d600000, 0x000000070d700000|  0%| F|  |TAMS 0x000000070d600000, 0x000000070d600000| Untracked 
| 143|0x000000070d700000, 0x000000070d700000, 0x000000070d800000|  0%| F|  |TAMS 0x000000070d700000, 0x000000070d700000| Untracked 
| 144|0x000000070d800000, 0x000000070d800000, 0x000000070d900000|  0%| F|  |TAMS 0x000000070d800000, 0x000000070d800000| Untracked 
| 145|0x000000070d900000, 0x000000070d900000, 0x000000070da00000|  0%| F|  |TAMS 0x000000070d900000, 0x000000070d900000| Untracked 
| 146|0x000000070da00000, 0x000000070da00000, 0x000000070db00000|  0%| F|  |TAMS 0x000000070da00000, 0x000000070da00000| Untracked 
| 147|0x000000070db00000, 0x000000070db00000, 0x000000070dc00000|  0%| F|  |TAMS 0x000000070db00000, 0x000000070db00000| Untracked 
| 148|0x000000070dc00000, 0x000000070dc00000, 0x000000070dd00000|  0%| F|  |TAMS 0x000000070dc00000, 0x000000070dc00000| Untracked 
| 149|0x000000070dd00000, 0x000000070dd00000, 0x000000070de00000|  0%| F|  |TAMS 0x000000070dd00000, 0x000000070dd00000| Untracked 
| 150|0x000000070de00000, 0x000000070de00000, 0x000000070df00000|  0%| F|  |TAMS 0x000000070de00000, 0x000000070de00000| Untracked 
| 151|0x000000070df00000, 0x000000070df00000, 0x000000070e000000|  0%| F|  |TAMS 0x000000070df00000, 0x000000070df00000| Untracked 
| 152|0x000000070e000000, 0x000000070e000000, 0x000000070e100000|  0%| F|  |TAMS 0x000000070e000000, 0x000000070e000000| Untracked 
| 153|0x000000070e100000, 0x000000070e100000, 0x000000070e200000|  0%| F|  |TAMS 0x000000070e100000, 0x000000070e100000| Untracked 
| 154|0x000000070e200000, 0x000000070e200000, 0x000000070e300000|  0%| F|  |TAMS 0x000000070e200000, 0x000000070e200000| Untracked 
| 155|0x000000070e300000, 0x000000070e300000, 0x000000070e400000|  0%| F|  |TAMS 0x000000070e300000, 0x000000070e300000| Untracked 
| 156|0x000000070e400000, 0x000000070e400000, 0x000000070e500000|  0%| F|  |TAMS 0x000000070e400000, 0x000000070e400000| Untracked 
| 157|0x000000070e500000, 0x000000070e500000, 0x000000070e600000|  0%| F|  |TAMS 0x000000070e500000, 0x000000070e500000| Untracked 
| 158|0x000000070e600000, 0x000000070e600000, 0x000000070e700000|  0%| F|  |TAMS 0x000000070e600000, 0x000000070e600000| Untracked 
| 159|0x000000070e700000, 0x000000070e700000, 0x000000070e800000|  0%| F|  |TAMS 0x000000070e700000, 0x000000070e700000| Untracked 
| 160|0x000000070e800000, 0x000000070e800000, 0x000000070e900000|  0%| F|  |TAMS 0x000000070e800000, 0x000000070e800000| Untracked 
| 161|0x000000070e900000, 0x000000070e900000, 0x000000070ea00000|  0%| F|  |TAMS 0x000000070e900000, 0x000000070e900000| Untracked 
| 162|0x000000070ea00000, 0x000000070ea00000, 0x000000070eb00000|  0%| F|  |TAMS 0x000000070ea00000, 0x000000070ea00000| Untracked 
| 163|0x000000070eb00000, 0x000000070eb00000, 0x000000070ec00000|  0%| F|  |TAMS 0x000000070eb00000, 0x000000070eb00000| Untracked 
| 164|0x000000070ec00000, 0x000000070ec00000, 0x000000070ed00000|  0%| F|  |TAMS 0x000000070ec00000, 0x000000070ec00000| Untracked 
| 165|0x000000070ed00000, 0x000000070ed00000, 0x000000070ee00000|  0%| F|  |TAMS 0x000000070ed00000, 0x000000070ed00000| Untracked 
| 166|0x000000070ee00000, 0x000000070ee00000, 0x000000070ef00000|  0%| F|  |TAMS 0x000000070ee00000, 0x000000070ee00000| Untracked 
| 167|0x000000070ef00000, 0x000000070ef00000, 0x000000070f000000|  0%| F|  |TAMS 0x000000070ef00000, 0x000000070ef00000| Untracked 
| 168|0x000000070f000000, 0x000000070f000000, 0x000000070f100000|  0%| F|  |TAMS 0x000000070f000000, 0x000000070f000000| Untracked 
| 169|0x000000070f100000, 0x000000070f100000, 0x000000070f200000|  0%| F|  |TAMS 0x000000070f100000, 0x000000070f100000| Untracked 
| 170|0x000000070f200000, 0x000000070f200000, 0x000000070f300000|  0%| F|  |TAMS 0x000000070f200000, 0x000000070f200000| Untracked 
| 171|0x000000070f300000, 0x000000070f300000, 0x000000070f400000|  0%| F|  |TAMS 0x000000070f300000, 0x000000070f300000| Untracked 
| 172|0x000000070f400000, 0x000000070f400000, 0x000000070f500000|  0%| F|  |TAMS 0x000000070f400000, 0x000000070f400000| Untracked 
| 173|0x000000070f500000, 0x000000070f500000, 0x000000070f600000|  0%| F|  |TAMS 0x000000070f500000, 0x000000070f500000| Untracked 
| 174|0x000000070f600000, 0x000000070f600000, 0x000000070f700000|  0%| F|  |TAMS 0x000000070f600000, 0x000000070f600000| Untracked 
| 175|0x000000070f700000, 0x000000070f700000, 0x000000070f800000|  0%| F|  |TAMS 0x000000070f700000, 0x000000070f700000| Untracked 
| 176|0x000000070f800000, 0x000000070f800000, 0x000000070f900000|  0%| F|  |TAMS 0x000000070f800000, 0x000000070f800000| Untracked 
| 177|0x000000070f900000, 0x000000070f900000, 0x000000070fa00000|  0%| F|  |TAMS 0x000000070f900000, 0x000000070f900000| Untracked 
| 178|0x000000070fa00000, 0x000000070fa00000, 0x000000070fb00000|  0%| F|  |TAMS 0x000000070fa00000, 0x000000070fa00000| Untracked 
| 179|0x000000070fb00000, 0x000000070fb00000, 0x000000070fc00000|  0%| F|  |TAMS 0x000000070fb00000, 0x000000070fb00000| Untracked 
| 180|0x000000070fc00000, 0x000000070fc00000, 0x000000070fd00000|  0%| F|  |TAMS 0x000000070fc00000, 0x000000070fc00000| Untracked 
| 181|0x000000070fd00000, 0x000000070fd22040, 0x000000070fe00000| 13%| S|CS|TAMS 0x000000070fd00000, 0x000000070fd00000| Complete 
| 182|0x000000070fe00000, 0x000000070ff00000, 0x000000070ff00000|100%| S|CS|TAMS 0x000000070fe00000, 0x000000070fe00000| Complete 
| 183|0x000000070ff00000, 0x0000000710000000, 0x0000000710000000|100%| S|CS|TAMS 0x000000070ff00000, 0x000000070ff00000| Complete 
| 184|0x0000000710000000, 0x0000000710100000, 0x0000000710100000|100%| S|CS|TAMS 0x0000000710000000, 0x0000000710000000| Complete 
| 185|0x0000000710100000, 0x0000000710200000, 0x0000000710200000|100%| S|CS|TAMS 0x0000000710100000, 0x0000000710100000| Complete 
| 186|0x0000000710200000, 0x0000000710300000, 0x0000000710300000|100%| S|CS|TAMS 0x0000000710200000, 0x0000000710200000| Complete 
| 187|0x0000000710300000, 0x0000000710400000, 0x0000000710400000|100%| S|CS|TAMS 0x0000000710300000, 0x0000000710300000| Complete 
| 188|0x0000000710400000, 0x0000000710400000, 0x0000000710500000|  0%| F|  |TAMS 0x0000000710400000, 0x0000000710400000| Untracked 
| 189|0x0000000710500000, 0x0000000710500000, 0x0000000710600000|  0%| F|  |TAMS 0x0000000710500000, 0x0000000710500000| Untracked 
| 190|0x0000000710600000, 0x0000000710600000, 0x0000000710700000|  0%| F|  |TAMS 0x0000000710600000, 0x0000000710600000| Untracked 
| 191|0x0000000710700000, 0x0000000710700000, 0x0000000710800000|  0%| F|  |TAMS 0x0000000710700000, 0x0000000710700000| Untracked 
| 192|0x0000000710800000, 0x0000000710800000, 0x0000000710900000|  0%| F|  |TAMS 0x0000000710800000, 0x0000000710800000| Untracked 
| 193|0x0000000710900000, 0x0000000710900000, 0x0000000710a00000|  0%| F|  |TAMS 0x0000000710900000, 0x0000000710900000| Untracked 
| 194|0x0000000710a00000, 0x0000000710a00000, 0x0000000710b00000|  0%| F|  |TAMS 0x0000000710a00000, 0x0000000710a00000| Untracked 
| 195|0x0000000710b00000, 0x0000000710b00000, 0x0000000710c00000|  0%| F|  |TAMS 0x0000000710b00000, 0x0000000710b00000| Untracked 
| 196|0x0000000710c00000, 0x0000000710c00000, 0x0000000710d00000|  0%| F|  |TAMS 0x0000000710c00000, 0x0000000710c00000| Untracked 
| 197|0x0000000710d00000, 0x0000000710d00000, 0x0000000710e00000|  0%| F|  |TAMS 0x0000000710d00000, 0x0000000710d00000| Untracked 
| 198|0x0000000710e00000, 0x0000000710e00000, 0x0000000710f00000|  0%| F|  |TAMS 0x0000000710e00000, 0x0000000710e00000| Untracked 
| 199|0x0000000710f00000, 0x0000000710f00000, 0x0000000711000000|  0%| F|  |TAMS 0x0000000710f00000, 0x0000000710f00000| Untracked 
| 200|0x0000000711000000, 0x0000000711000000, 0x0000000711100000|  0%| F|  |TAMS 0x0000000711000000, 0x0000000711000000| Untracked 
| 201|0x0000000711100000, 0x0000000711100000, 0x0000000711200000|  0%| F|  |TAMS 0x0000000711100000, 0x0000000711100000| Untracked 
| 202|0x0000000711200000, 0x0000000711200000, 0x0000000711300000|  0%| F|  |TAMS 0x0000000711200000, 0x0000000711200000| Untracked 
| 203|0x0000000711300000, 0x0000000711300000, 0x0000000711400000|  0%| F|  |TAMS 0x0000000711300000, 0x0000000711300000| Untracked 
| 204|0x0000000711400000, 0x0000000711400000, 0x0000000711500000|  0%| F|  |TAMS 0x0000000711400000, 0x0000000711400000| Untracked 
| 205|0x0000000711500000, 0x0000000711500000, 0x0000000711600000|  0%| F|  |TAMS 0x0000000711500000, 0x0000000711500000| Untracked 
| 206|0x0000000711600000, 0x0000000711600000, 0x0000000711700000|  0%| F|  |TAMS 0x0000000711600000, 0x0000000711600000| Untracked 
| 207|0x0000000711700000, 0x0000000711700000, 0x0000000711800000|  0%| F|  |TAMS 0x0000000711700000, 0x0000000711700000| Untracked 
| 208|0x0000000711800000, 0x0000000711800000, 0x0000000711900000|  0%| F|  |TAMS 0x0000000711800000, 0x0000000711800000| Untracked 
| 209|0x0000000711900000, 0x0000000711900000, 0x0000000711a00000|  0%| F|  |TAMS 0x0000000711900000, 0x0000000711900000| Untracked 
| 210|0x0000000711a00000, 0x0000000711a00000, 0x0000000711b00000|  0%| F|  |TAMS 0x0000000711a00000, 0x0000000711a00000| Untracked 
| 211|0x0000000711b00000, 0x0000000711b00000, 0x0000000711c00000|  0%| F|  |TAMS 0x0000000711b00000, 0x0000000711b00000| Untracked 
| 212|0x0000000711c00000, 0x0000000711c00000, 0x0000000711d00000|  0%| F|  |TAMS 0x0000000711c00000, 0x0000000711c00000| Untracked 
| 213|0x0000000711d00000, 0x0000000711d00000, 0x0000000711e00000|  0%| F|  |TAMS 0x0000000711d00000, 0x0000000711d00000| Untracked 
| 214|0x0000000711e00000, 0x0000000711e00000, 0x0000000711f00000|  0%| F|  |TAMS 0x0000000711e00000, 0x0000000711e00000| Untracked 
| 215|0x0000000711f00000, 0x0000000711f00000, 0x0000000712000000|  0%| F|  |TAMS 0x0000000711f00000, 0x0000000711f00000| Untracked 
| 216|0x0000000712000000, 0x0000000712000000, 0x0000000712100000|  0%| F|  |TAMS 0x0000000712000000, 0x0000000712000000| Untracked 
| 217|0x0000000712100000, 0x0000000712200000, 0x0000000712200000|100%| E|  |TAMS 0x0000000712100000, 0x0000000712100000| Complete 
| 218|0x0000000712200000, 0x0000000712300000, 0x0000000712300000|100%| E|CS|TAMS 0x0000000712200000, 0x0000000712200000| Complete 
| 219|0x0000000712300000, 0x0000000712400000, 0x0000000712400000|100%| E|CS|TAMS 0x0000000712300000, 0x0000000712300000| Complete 
| 220|0x0000000712400000, 0x0000000712500000, 0x0000000712500000|100%| E|CS|TAMS 0x0000000712400000, 0x0000000712400000| Complete 
| 221|0x0000000712500000, 0x0000000712600000, 0x0000000712600000|100%| E|CS|TAMS 0x0000000712500000, 0x0000000712500000| Complete 
| 222|0x0000000712600000, 0x0000000712700000, 0x0000000712700000|100%| E|CS|TAMS 0x0000000712600000, 0x0000000712600000| Complete 
| 223|0x0000000712700000, 0x0000000712800000, 0x0000000712800000|100%| E|CS|TAMS 0x0000000712700000, 0x0000000712700000| Complete 
| 224|0x0000000712800000, 0x0000000712900000, 0x0000000712900000|100%| E|CS|TAMS 0x0000000712800000, 0x0000000712800000| Complete 
| 225|0x0000000712900000, 0x0000000712a00000, 0x0000000712a00000|100%| E|CS|TAMS 0x0000000712900000, 0x0000000712900000| Complete 
| 226|0x0000000712a00000, 0x0000000712b00000, 0x0000000712b00000|100%| E|CS|TAMS 0x0000000712a00000, 0x0000000712a00000| Complete 
| 227|0x0000000712b00000, 0x0000000712c00000, 0x0000000712c00000|100%| E|CS|TAMS 0x0000000712b00000, 0x0000000712b00000| Complete 
| 228|0x0000000712c00000, 0x0000000712d00000, 0x0000000712d00000|100%| E|CS|TAMS 0x0000000712c00000, 0x0000000712c00000| Complete 
| 229|0x0000000712d00000, 0x0000000712e00000, 0x0000000712e00000|100%| E|CS|TAMS 0x0000000712d00000, 0x0000000712d00000| Complete 
| 230|0x0000000712e00000, 0x0000000712f00000, 0x0000000712f00000|100%| E|CS|TAMS 0x0000000712e00000, 0x0000000712e00000| Complete 
| 231|0x0000000712f00000, 0x0000000713000000, 0x0000000713000000|100%| E|CS|TAMS 0x0000000712f00000, 0x0000000712f00000| Complete 
| 232|0x0000000713000000, 0x0000000713100000, 0x0000000713100000|100%| E|CS|TAMS 0x0000000713000000, 0x0000000713000000| Complete 
| 233|0x0000000713100000, 0x0000000713200000, 0x0000000713200000|100%| E|CS|TAMS 0x0000000713100000, 0x0000000713100000| Complete 
| 234|0x0000000713200000, 0x0000000713300000, 0x0000000713300000|100%| E|CS|TAMS 0x0000000713200000, 0x0000000713200000| Complete 
| 235|0x0000000713300000, 0x0000000713400000, 0x0000000713400000|100%| E|CS|TAMS 0x0000000713300000, 0x0000000713300000| Complete 
| 236|0x0000000713400000, 0x0000000713500000, 0x0000000713500000|100%| E|CS|TAMS 0x0000000713400000, 0x0000000713400000| Complete 
| 237|0x0000000713500000, 0x0000000713600000, 0x0000000713600000|100%| E|CS|TAMS 0x0000000713500000, 0x0000000713500000| Complete 
| 238|0x0000000713600000, 0x0000000713700000, 0x0000000713700000|100%| E|CS|TAMS 0x0000000713600000, 0x0000000713600000| Complete 
| 239|0x0000000713700000, 0x0000000713800000, 0x0000000713800000|100%| E|CS|TAMS 0x0000000713700000, 0x0000000713700000| Complete 
| 240|0x0000000713800000, 0x0000000713900000, 0x0000000713900000|100%| E|CS|TAMS 0x0000000713800000, 0x0000000713800000| Complete 
| 241|0x0000000713900000, 0x0000000713a00000, 0x0000000713a00000|100%| E|CS|TAMS 0x0000000713900000, 0x0000000713900000| Complete 
| 242|0x0000000713a00000, 0x0000000713b00000, 0x0000000713b00000|100%| E|CS|TAMS 0x0000000713a00000, 0x0000000713a00000| Complete 
| 243|0x0000000713b00000, 0x0000000713c00000, 0x0000000713c00000|100%| E|CS|TAMS 0x0000000713b00000, 0x0000000713b00000| Complete 
| 244|0x0000000713c00000, 0x0000000713d00000, 0x0000000713d00000|100%| E|CS|TAMS 0x0000000713c00000, 0x0000000713c00000| Complete 
| 245|0x0000000713d00000, 0x0000000713e00000, 0x0000000713e00000|100%| E|CS|TAMS 0x0000000713d00000, 0x0000000713d00000| Complete 
| 246|0x0000000713e00000, 0x0000000713f00000, 0x0000000713f00000|100%| E|CS|TAMS 0x0000000713e00000, 0x0000000713e00000| Complete 
| 247|0x0000000713f00000, 0x0000000714000000, 0x0000000714000000|100%| E|CS|TAMS 0x0000000713f00000, 0x0000000713f00000| Complete 
| 248|0x0000000714000000, 0x0000000714100000, 0x0000000714100000|100%| E|CS|TAMS 0x0000000714000000, 0x0000000714000000| Complete 
| 249|0x0000000714100000, 0x0000000714200000, 0x0000000714200000|100%| E|CS|TAMS 0x0000000714100000, 0x0000000714100000| Complete 
| 250|0x0000000714200000, 0x0000000714300000, 0x0000000714300000|100%| E|CS|TAMS 0x0000000714200000, 0x0000000714200000| Complete 
| 251|0x0000000714300000, 0x0000000714400000, 0x0000000714400000|100%| E|CS|TAMS 0x0000000714300000, 0x0000000714300000| Complete 

Card table byte_map: [0x000002ecf29c0000,0x000002ecf31a0000] _byte_map_base: 0x000002ecef19c000

Marking Bits (Prev, Next): (CMBitMap*) 0x000002ecd9ab9240, (CMBitMap*) 0x000002ecd9ab9208
 Prev Bits: [0x000002ecf7860000, 0x000002ecfb740000)
 Next Bits: [0x000002ecf3980000, 0x000002ecf7860000)

Polling page: 0x000002ecd81b0000

Metaspace:

Usage:
  Non-class:     21.17 MB capacity,    20.79 MB ( 98%) used,   345.27 KB (  2%) free+waste,    42.81 KB ( <1%) overhead. 
      Class:      2.68 MB capacity,     2.53 MB ( 94%) used,   139.51 KB (  5%) free+waste,    18.75 KB ( <1%) overhead. 
       Both:     23.85 MB capacity,    23.32 MB ( 98%) used,   484.77 KB (  2%) free+waste,    61.56 KB ( <1%) overhead. 

Virtual space:
  Non-class space:       22.00 MB reserved,      21.17 MB ( 96%) committed 
      Class space:        1.00 GB reserved,       2.70 MB ( <1%) committed 
             Both:        1.02 GB reserved,      23.87 MB (  2%) committed 

Chunk freelists:
   Non-Class:  1.00 KB
       Class:  0 bytes
        Both:  1.00 KB

MaxMetaspaceSize: 17179869184.00 GB
CompressedClassSpaceSize: 1.00 GB
Initial GC threshold: 20.80 MB
Current GC threshold: 35.20 MB
CDS: off

CodeHeap 'non-profiled nmethods': size=120000Kb used=1585Kb max_used=1585Kb free=118414Kb
 bounds [0x000002ecea010000, 0x000002ecea280000, 0x000002ecf1540000]
CodeHeap 'profiled nmethods': size=120000Kb used=7282Kb max_used=7282Kb free=112718Kb
 bounds [0x000002ece2ae0000, 0x000002ece3200000, 0x000002ecea010000]
CodeHeap 'non-nmethods': size=5760Kb used=1180Kb max_used=1205Kb free=4579Kb
 bounds [0x000002ece2540000, 0x000002ece27b0000, 0x000002ece2ae0000]
 total_blobs=3723 nmethods=3290 adapters=343
 compilation: enabled
              stopped_count=0, restarted_count=0
 full_count=0

Compilation events (20 events):
Event: 4.251 Thread 0x000002ecff026800 nmethod 3139 0x000002ecea18b010 code [0x000002ecea18b200, 0x000002ecea18bb18]
Event: 4.252 Thread 0x000002ecff026800 3144       4       java.lang.StringCoding::decodeUTF8_0 (889 bytes)
Event: 4.256 Thread 0x000002ecfedfd000 3184       3       java.util.HashMap$KeySet::iterator (12 bytes)
Event: 4.257 Thread 0x000002ecfedfd000 nmethod 3184 0x000002ece31cbc90 code [0x000002ece31cbe60, 0x000002ece31cc0c8]
Event: 4.257 Thread 0x000002ecfedfd000 3185       3       java.util.HashMap$KeyIterator::<init> (11 bytes)
Event: 4.257 Thread 0x000002ecfedfd000 nmethod 3185 0x000002ece31cc190 code [0x000002ece31cc340, 0x000002ece31cc4c8]
Event: 4.257 Thread 0x000002ecfedfd000 3186       3       org.codehaus.plexus.util.xml.Xpp3Dom::getChild (60 bytes)
Event: 4.258 Thread 0x000002ecfedfd000 nmethod 3186 0x000002ece31cc590 code [0x000002ece31cc7c0, 0x000002ece31ccea8]
Event: 4.258 Thread 0x000002ecfedfd000 3187       3       java.util.ArrayList::listIterator (15 bytes)
Event: 4.259 Thread 0x000002ecfedfd000 nmethod 3187 0x000002ece31cd090 code [0x000002ece31cd2a0, 0x000002ece31cd7f8]
Event: 4.259 Thread 0x000002ecfedfd000 3188       3       org.codehaus.plexus.util.xml.Xpp3Dom::mergeXpp3Dom (14 bytes)
Event: 4.259 Thread 0x000002ecfedfd000 nmethod 3188 0x000002ece31cda10 code [0x000002ece31cdbc0, 0x000002ece31cdd28]
Event: 4.260 Thread 0x000002ec80493000 nmethod 3151 0x000002ecea18c090 code [0x000002ecea18c320, 0x000002ecea18ce08]
Event: 4.261 Thread 0x000002ec80493000 3183       4       org.codehaus.plexus.util.xml.Xpp3Dom::getAttributeNames (45 bytes)
Event: 4.261 Thread 0x000002ecfedfd000 3189       3       java.util.ArrayDeque::isEmpty (17 bytes)
Event: 4.262 Thread 0x000002ecfedfd000 nmethod 3189 0x000002ece31cde10 code [0x000002ece31cdfc0, 0x000002ece31ce118]
Event: 4.262 Thread 0x000002ecfedfd000 3190       3       java.io.Reader::<init> (27 bytes)
Event: 4.263 Thread 0x000002ecfedfd000 nmethod 3190 0x000002ece31ce190 code [0x000002ece31ce360, 0x000002ece31ce668]
Event: 4.263 Thread 0x000002ecfedfd000 3191       1       org.apache.maven.model.Dependency::setScope (6 bytes)
Event: 4.263 Thread 0x000002ecfedfd000 nmethod 3191 0x000002ecea18d610 code [0x000002ecea18d7c0, 0x000002ecea18d8d8]

GC Heap History (4 events):
Event: 1.078 GC heap before
{Heap before GC invocations=0 (full 0):
 garbage-first heap   total 258048K, used 23552K [0x0000000704800000, 0x0000000800000000)
  region size 1024K, 24 young (24576K), 0 survivors (0K)
 Metaspace       used 13436K, capacity 13736K, committed 13824K, reserved 1060864K
  class space    used 1354K, capacity 1452K, committed 1536K, reserved 1048576K
}
Event: 1.086 GC heap after
{Heap after GC invocations=1 (full 0):
 garbage-first heap   total 258048K, used 3458K [0x0000000704800000, 0x0000000800000000)
  region size 1024K, 3 young (3072K), 3 survivors (3072K)
 Metaspace       used 13436K, capacity 13736K, committed 13824K, reserved 1060864K
  class space    used 1354K, capacity 1452K, committed 1536K, reserved 1048576K
}
Event: 3.227 GC heap before
{Heap before GC invocations=1 (full 0):
 garbage-first heap   total 258048K, used 64898K [0x0000000704800000, 0x0000000800000000)
  region size 1024K, 64 young (65536K), 3 survivors (3072K)
 Metaspace       used 20868K, capacity 21236K, committed 21296K, reserved 1069056K
  class space    used 2290K, capacity 2429K, committed 2432K, reserved 1048576K
}
Event: 3.238 GC heap after
{Heap after GC invocations=2 (full 0):
 garbage-first heap   total 258048K, used 6666K [0x0000000704800000, 0x0000000800000000)
  region size 1024K, 7 young (7168K), 7 survivors (7168K)
 Metaspace       used 20868K, capacity 21236K, committed 21296K, reserved 1069056K
  class space    used 2290K, capacity 2429K, committed 2432K, reserved 1048576K
}

Deoptimization events (20 events):
Event: 4.219 Thread 0x000002ecd9a57000 DEOPT PACKING pc=0x000002ece2e26906 sp=0x000000f05c0fcbd0
Event: 4.219 Thread 0x000002ecd9a57000 DEOPT UNPACKING pc=0x000002ece258a95e sp=0x000000f05c0fc0f0 mode 0
Event: 4.225 Thread 0x000002ecd9a57000 DEOPT PACKING pc=0x000002ece30a9285 sp=0x000000f05c0fc980
Event: 4.225 Thread 0x000002ecd9a57000 DEOPT UNPACKING pc=0x000002ece258a95e sp=0x000000f05c0fbef0 mode 0
Event: 4.255 Thread 0x000002ecd9a57000 Uncommon trap: trap_request=0xffffffd6 fr.pc=0x000002ecea18b994 relative=0x0000000000000794
Event: 4.255 Thread 0x000002ecd9a57000 Uncommon trap: reason=array_check action=maybe_recompile pc=0x000002ecea18b994 method=java.util.AbstractCollection.toArray([Ljava/lang/Object;)[Ljava/lang/Object; @ 116 c2
Event: 4.255 Thread 0x000002ecd9a57000 DEOPT PACKING pc=0x000002ecea18b994 sp=0x000000f05c0fd2d0
Event: 4.255 Thread 0x000002ecd9a57000 DEOPT UNPACKING pc=0x000002ece258a1af sp=0x000000f05c0fd210 mode 2
Event: 4.256 Thread 0x000002ecd9a57000 Uncommon trap: trap_request=0xffffffd6 fr.pc=0x000002ecea18b994 relative=0x0000000000000794
Event: 4.256 Thread 0x000002ecd9a57000 Uncommon trap: reason=array_check action=maybe_recompile pc=0x000002ecea18b994 method=java.util.AbstractCollection.toArray([Ljava/lang/Object;)[Ljava/lang/Object; @ 116 c2
Event: 4.256 Thread 0x000002ecd9a57000 DEOPT PACKING pc=0x000002ecea18b994 sp=0x000000f05c0fd2d0
Event: 4.256 Thread 0x000002ecd9a57000 DEOPT UNPACKING pc=0x000002ece258a1af sp=0x000000f05c0fd210 mode 2
Event: 4.256 Thread 0x000002ecd9a57000 Uncommon trap: trap_request=0xffffffd6 fr.pc=0x000002ecea18b994 relative=0x0000000000000794
Event: 4.256 Thread 0x000002ecd9a57000 Uncommon trap: reason=array_check action=maybe_recompile pc=0x000002ecea18b994 method=java.util.AbstractCollection.toArray([Ljava/lang/Object;)[Ljava/lang/Object; @ 116 c2
Event: 4.256 Thread 0x000002ecd9a57000 DEOPT PACKING pc=0x000002ecea18b994 sp=0x000000f05c0fd2d0
Event: 4.256 Thread 0x000002ecd9a57000 DEOPT UNPACKING pc=0x000002ece258a1af sp=0x000000f05c0fd210 mode 2
Event: 4.256 Thread 0x000002ecd9a57000 Uncommon trap: trap_request=0xffffffd6 fr.pc=0x000002ecea18b994 relative=0x0000000000000794
Event: 4.256 Thread 0x000002ecd9a57000 Uncommon trap: reason=array_check action=maybe_recompile pc=0x000002ecea18b994 method=java.util.AbstractCollection.toArray([Ljava/lang/Object;)[Ljava/lang/Object; @ 116 c2
Event: 4.256 Thread 0x000002ecd9a57000 DEOPT PACKING pc=0x000002ecea18b994 sp=0x000000f05c0fd2d0
Event: 4.256 Thread 0x000002ecd9a57000 DEOPT UNPACKING pc=0x000002ece258a1af sp=0x000000f05c0fd210 mode 2

Classes redefined (0 events):
No events

Internal exceptions (20 events):
Event: 0.361 Thread 0x000002ecd9a57000 Exception <a 'java/lang/NoSuchMethodError'{0x0000000713d42328}: 'void java.lang.invoke.DirectMethodHandle$Holder.invokeStaticInit(java.lang.Object, java.lang.Object)'> (0x0000000713d42328) thrown at [s\src\hotspot\share\interpreter\linkResolver.cpp, line 773]
Event: 0.459 Thread 0x000002ecd9a57000 Exception <a 'java/lang/NoSuchMethodError'{0x0000000713be51e8}: 'java.lang.Object java.lang.invoke.DirectMethodHandle$Holder.invokeSpecialIFC(java.lang.Object, java.lang.Object, java.lang.Object, java.lang.Object)'> (0x0000000713be51e8) thrown at [s\src\hotspot\share\interpreter\linkResolver.cpp, line 773]
Event: 0.944 Thread 0x000002ecd9a57000 Exception <a 'java/lang/NoSuchMethodError'{0x0000000712e9a788}: 'int java.lang.invoke.DirectMethodHandle$Holder.invokeStaticInit(java.lang.Object, java.lang.Object)'> (0x0000000712e9a788) thrown at [s\src\hotspot\share\interpreter\linkResolver.cpp, line 773]
Event: 0.965 Thread 0x000002ecd9a57000 Exception <a 'java/lang/NoClassDefFoundError'{0x0000000712edf088}: javax/enterprise/inject/Typed> (0x0000000712edf088) thrown at [s\src\hotspot\share\classfile\systemDictionary.cpp, line 219]
Event: 2.680 Thread 0x000002ecd9a57000 Exception <a 'java/lang/NoSuchMethodError'{0x00000007112debc0}: 'void java.lang.invoke.DirectMethodHandle$Holder.invokeStaticInit(java.lang.Object, java.lang.Object, java.lang.Object)'> (0x00000007112debc0) thrown at [s\src\hotspot\share\interpreter\linkResolver.cpp, line 773]
Event: 2.725 Thread 0x000002ecd9a57000 Implicit null exception at 0x000002ecea08cd71 to 0x000002ecea08cf60
Event: 2.726 Thread 0x000002ecd9a57000 Exception <a 'java/lang/NoSuchMethodError'{0x000000071102f3f0}: 'java.lang.Object java.lang.invoke.DirectMethodHandle$Holder.newInvokeSpecial(java.lang.Object, int)'> (0x000000071102f3f0) thrown at [s\src\hotspot\share\interpreter\linkResolver.cpp, line 773]
Event: 2.730 Thread 0x000002ecd9a57000 Exception <a 'java/lang/NoSuchMethodError'{0x000000071103d9d0}: 'java.lang.Object java.lang.invoke.Invokers$Holder.invokeExact_MT(java.lang.Object, int, java.lang.Object)'> (0x000000071103d9d0) thrown at [s\src\hotspot\share\interpreter\linkResolver.cpp, line 773]
Event: 2.745 Thread 0x000002ecd9a57000 Exception <a 'java/lang/NoSuchMethodError'{0x00000007110a1d90}: 'int java.lang.invoke.DirectMethodHandle$Holder.invokeSpecial(java.lang.Object, java.lang.Object, java.lang.Object, java.lang.Object)'> (0x00000007110a1d90) thrown at [s\src\hotspot\share\interpreter\linkResolver.cpp, line 773]
Event: 3.130 Thread 0x000002ecd9a57000 Exception <a 'java/lang/NoClassDefFoundError'{0x00000007107ea868}: com/google/inject/servlet/ServletModuleTargetVisitor> (0x00000007107ea868) thrown at [s\src\hotspot\share\classfile\systemDictionary.cpp, line 219]
Event: 3.130 Thread 0x000002ecd9a57000 Exception <a 'java/lang/NoClassDefFoundError'{0x00000007107ea868}> (0x00000007107ea868) thrown at [s\src\hotspot\share\prims\jvm.cpp, line 1310]
Event: 3.218 Thread 0x000002ecd9a57000 Exception <a 'java/lang/NoSuchMethodError'{0x00000007104ac920}: 'void java.lang.invoke.DirectMethodHandle$Holder.invokeVirtual(java.lang.Object, java.lang.Object)'> (0x00000007104ac920) thrown at [s\src\hotspot\share\interpreter\linkResolver.cpp, line 773]
Event: 3.273 Thread 0x000002ecd9a57000 Exception <a 'java/lang/NoSuchMethodError'{0x000000071433a468}: 'java.lang.Object java.lang.invoke.DirectMethodHandle$Holder.invokeStaticInit(java.lang.Object, int, int, int, int)'> (0x000000071433a468) thrown at [s\src\hotspot\share\interpreter\linkResolver.cpp, line 773]
Event: 3.355 Thread 0x000002ecd9a57000 Exception <a 'java/lang/NoSuchMethodError'{0x000000071400b590}: 'void java.lang.invoke.DirectMethodHandle$Holder.invokeSpecial(java.lang.Object, java.lang.Object)'> (0x000000071400b590) thrown at [s\src\hotspot\share\interpreter\linkResolver.cpp, line 773]
Event: 3.404 Thread 0x000002ecd9a57000 Implicit null exception at 0x000002ecea0fb768 to 0x000002ecea0ff310
Event: 3.454 Thread 0x000002ecd9a57000 Implicit null exception at 0x000002ecea031f74 to 0x000002ecea032490
Event: 3.454 Thread 0x000002ecd9a57000 Implicit null exception at 0x000002ecea032a74 to 0x000002ecea032f70
Event: 3.464 Thread 0x000002ecd9a57000 Exception <a 'java/lang/NoSuchMethodError'{0x0000000713dabd58}: 'void java.lang.invoke.DirectMethodHandle$Holder.invokeSpecial(java.lang.Object, java.lang.Object, java.lang.Object, java.lang.Object, java.lang.Object)'> (0x0000000713dabd58) thrown at [s\src\hotspot\share\interpreter\linkResolver.cpp, line 773]
Event: 3.469 Thread 0x000002ecd9a57000 Exception <a 'java/lang/NoSuchMethodError'{0x0000000713dc94c8}: 'java.lang.Object java.lang.invoke.DirectMethodHandle$Holder.invokeVirtual(java.lang.Object, java.lang.Object, java.lang.Object)'> (0x0000000713dc94c8) thrown at [s\src\hotspot\share\interpreter\linkResolver.cpp, line 773]
Event: 3.474 Thread 0x000002ecd9a57000 Exception <a 'java/lang/NoSuchMethodError'{0x0000000713ddce28}: 'void java.lang.invoke.DirectMethodHandle$Holder.invokeSpecial(java.lang.Object, java.lang.Object, java.lang.Object, java.lang.Object, java.lang.Object, java.lang.Object)'> (0x0000000713ddce28) thrown at [s\src\hotspot\share\interpreter\linkResolver.cpp, line 773]

Events (20 events):
Event: 4.080 loading class java/util/stream/MatchOps$1MatchSink
Event: 4.081 loading class java/util/stream/MatchOps$1MatchSink done
Event: 4.089 loading class org/codehaus/plexus/configuration/xml/XmlPlexusConfiguration
Event: 4.089 loading class org/codehaus/plexus/configuration/xml/XmlPlexusConfiguration done
Event: 4.090 loading class org/codehaus/plexus/configuration/DefaultPlexusConfiguration
Event: 4.090 loading class org/codehaus/plexus/configuration/DefaultPlexusConfiguration done
Event: 4.097 loading class org/apache/maven/plugin/descriptor/DuplicateParameterException
Event: 4.097 loading class org/apache/maven/plugin/descriptor/DuplicateParameterException done
Event: 4.099 loading class org/codehaus/plexus/component/repository/ComponentRequirement
Event: 4.099 loading class org/codehaus/plexus/component/repository/ComponentRequirement done
Event: 4.102 loading class org/codehaus/plexus/component/repository/ComponentDependency
Event: 4.102 loading class org/codehaus/plexus/component/repository/ComponentDependency done
Event: 4.105 loading class org/apache/maven/plugin/MavenPluginValidator
Event: 4.105 loading class org/apache/maven/plugin/MavenPluginValidator done
Event: 4.107 loading class org/apache/maven/lifecycle/internal/DefaultMojoExecutionConfigurator
Event: 4.107 loading class org/apache/maven/lifecycle/internal/DefaultMojoExecutionConfigurator done
Event: 4.107 loading class org/apache/maven/lifecycle/internal/DefaultMojoExecutionConfigurator
Event: 4.107 loading class org/apache/maven/lifecycle/internal/DefaultMojoExecutionConfigurator done
Event: 4.107 loading class org/apache/maven/lifecycle/internal/DefaultMojoExecutionConfigurator
Event: 4.107 loading class org/apache/maven/lifecycle/internal/DefaultMojoExecutionConfigurator done


Dynamic libraries:
0x00007ff65ea00000 - 0x00007ff65ea0e000 	C:\Users\22183\.jdks\corretto-11.0.25\bin\java.exe
0x00007ffbc6800000 - 0x00007ffbc6a09000 	C:\windows\SYSTEM32\ntdll.dll
0x00007ffbc6090000 - 0x00007ffbc614d000 	C:\windows\System32\KERNEL32.DLL
0x00007ffbc42c0000 - 0x00007ffbc4644000 	C:\windows\System32\KERNELBASE.dll
0x00007ffbc3fa0000 - 0x00007ffbc40b1000 	C:\windows\System32\ucrtbase.dll
0x00007ffbbed00000 - 0x00007ffbbed17000 	C:\Users\22183\.jdks\corretto-11.0.25\bin\jli.dll
0x00007ffbbec80000 - 0x00007ffbbec9b000 	C:\Users\22183\.jdks\corretto-11.0.25\bin\VCRUNTIME140.dll
0x00007ffbc6470000 - 0x00007ffbc661d000 	C:\windows\System32\USER32.dll
0x00007ffbc4220000 - 0x00007ffbc4246000 	C:\windows\System32\win32u.dll
0x00007ffbc4d00000 - 0x00007ffbc4d2a000 	C:\windows\System32\GDI32.dll
0x00007ffbc3d10000 - 0x00007ffbc3e2e000 	C:\windows\System32\gdi32full.dll
0x00007ffbc4180000 - 0x00007ffbc421d000 	C:\windows\System32\msvcp_win.dll
0x00007ffba8450000 - 0x00007ffba86f5000 	C:\windows\WinSxS\amd64_microsoft.windows.common-controls_6595b64144ccf1df_6.0.22000.120_none_9d947278b86cc467\COMCTL32.dll
0x00007ffbc4b20000 - 0x00007ffbc4bc3000 	C:\windows\System32\msvcrt.dll
0x00007ffbc4cc0000 - 0x00007ffbc4cf1000 	C:\windows\System32\IMM32.DLL
0x0000000056060000 - 0x000000005606d000 	C:\Program Files (x86)\360\360Safe\safemon\SafeWrapper.dll
0x00007ffbc5650000 - 0x00007ffbc56fe000 	C:\windows\System32\ADVAPI32.dll
0x00007ffbc62e0000 - 0x00007ffbc637e000 	C:\windows\System32\sechost.dll
0x00007ffbc4970000 - 0x00007ffbc4a91000 	C:\windows\System32\RPCRT4.dll
0x00007ffbbd670000 - 0x00007ffbbd775000 	C:\Program Files (x86)\360\360Safe\safemon\libzdtp64.dll
0x00007ffbc4e00000 - 0x00007ffbc55c5000 	C:\windows\System32\SHELL32.dll
0x00007ffbc6410000 - 0x00007ffbc646d000 	C:\windows\System32\SHLWAPI.dll
0x00007ffbc36e0000 - 0x00007ffbc36ea000 	C:\windows\SYSTEM32\VERSION.dll
0x00007ffbbecf0000 - 0x00007ffbbecfc000 	C:\Users\22183\.jdks\corretto-11.0.25\bin\vcruntime140_1.dll
0x00007ffb9e350000 - 0x00007ffb9e3dd000 	C:\Users\22183\.jdks\corretto-11.0.25\bin\msvcp140.dll
0x00007ffaf9d90000 - 0x00007ffafa955000 	C:\Users\22183\.jdks\corretto-11.0.25\bin\server\jvm.dll
0x00007ffbc6150000 - 0x00007ffbc61bf000 	C:\windows\System32\WS2_32.dll
0x00007ffbc4aa0000 - 0x00007ffbc4aa8000 	C:\windows\System32\PSAPI.DLL
0x00007ffbbc820000 - 0x00007ffbbc853000 	C:\windows\SYSTEM32\WINMM.dll
0x00007ffbc2d00000 - 0x00007ffbc2d18000 	C:\windows\SYSTEM32\kernel.appcore.dll
0x00007ffbbec70000 - 0x00007ffbbec80000 	C:\Users\22183\.jdks\corretto-11.0.25\bin\verify.dll
0x00007ffbc1530000 - 0x00007ffbc1751000 	C:\windows\SYSTEM32\DBGHELP.DLL
0x00007ffb9d220000 - 0x00007ffb9d251000 	C:\windows\SYSTEM32\dbgcore.DLL
0x00007ffbc3c90000 - 0x00007ffbc3d0f000 	C:\windows\System32\bcryptPrimitives.dll
0x00007ffba0df0000 - 0x00007ffba0e18000 	C:\Users\22183\.jdks\corretto-11.0.25\bin\java.dll
0x00007ffbbec60000 - 0x00007ffbbec6a000 	C:\Users\22183\.jdks\corretto-11.0.25\bin\jimage.dll
0x00007ffba5ca0000 - 0x00007ffba5cb8000 	C:\Users\22183\.jdks\corretto-11.0.25\bin\zip.dll
0x00007ffbc1cb0000 - 0x00007ffbc2512000 	C:\windows\SYSTEM32\windows.storage.dll
0x00007ffbc5890000 - 0x00007ffbc5c06000 	C:\windows\System32\combase.dll
0x00007ffbc1b40000 - 0x00007ffbc1ca7000 	C:\windows\SYSTEM32\wintypes.dll
0x00007ffbc4bd0000 - 0x00007ffbc4cba000 	C:\windows\System32\SHCORE.dll
0x00007ffbc3bc0000 - 0x00007ffbc3be5000 	C:\windows\SYSTEM32\profapi.dll
0x00007ffba2390000 - 0x00007ffba23a9000 	C:\Users\22183\.jdks\corretto-11.0.25\bin\net.dll
0x00007ffbbdd50000 - 0x00007ffbbde64000 	C:\windows\SYSTEM32\WINHTTP.dll
0x0000000180000000 - 0x000000018008c000 	C:\windows\system32\ASProxy64.dll
0x00007ffbc6620000 - 0x00007ffbc67ba000 	C:\windows\System32\ole32.dll
0x00007ffbc4650000 - 0x00007ffbc4726000 	C:\windows\System32\OLEAUT32.dll
0x00007ffbc31b0000 - 0x00007ffbc3217000 	C:\windows\SYSTEM32\MSWSOCK.dll
0x00007ffbc3730000 - 0x00007ffbc375d000 	C:\windows\SYSTEM32\IPHLPAPI.DLL
0x00007ffbc2fa0000 - 0x00007ffbc2fe2000 	C:\windows\SYSTEM32\SspiCli.dll
0x00007ffba1a70000 - 0x00007ffba1a82000 	C:\Users\22183\.jdks\corretto-11.0.25\bin\nio.dll
0x00007ffbbfd10000 - 0x00007ffbbfdbc000 	C:\windows\system32\uxtheme.dll
0x00007ffb9c970000 - 0x00007ffb9c994000 	C:\Users\22183\AppData\Local\Temp\jansi-2.4.1-e415e4fd302e6bd6-jansi.dll

dbghelp: loaded successfully - version: 4.0.5 - missing functions: none
symbol engine: initialized successfully - sym options: 0x614 - pdb path: .;C:\Users\22183\.jdks\corretto-11.0.25\bin;C:\windows\SYSTEM32;C:\windows\WinSxS\amd64_microsoft.windows.common-controls_6595b64144ccf1df_6.0.22000.120_none_9d947278b86cc467;C:\Program Files (x86)\360\360Safe\safemon;C:\Users\22183\.jdks\corretto-11.0.25\bin\server;C:\Users\22183\AppData\Local\Temp

VM Arguments:
jvm_args: -Dmaven.multiModuleProjectDirectory=E:\picture-master\picture-master -Djansi.passthrough=true -Dmaven.home=D:\Program Files\IntelliJ IDEA 2024.2.3\plugins\maven\lib\maven3 -Dclassworlds.conf=D:\Program Files\IntelliJ IDEA 2024.2.3\plugins\maven\lib\maven3\bin\m2.conf -Dmaven.ext.class.path=D:\Program Files\IntelliJ IDEA 2024.2.3\plugins\maven\lib\maven-event-listener.jar -Dfile.encoding=UTF-8 
java_command: org.codehaus.classworlds.Launcher -Didea.version=2024.2.3 install --non-recursive
java_class_path (initial): D:\Program Files\IntelliJ IDEA 2024.2.3\plugins\maven\lib\maven3\boot\plexus-classworlds-2.8.0.jar;D:\Program Files\IntelliJ IDEA 2024.2.3\plugins\maven\lib\maven3\boot\plexus-classworlds.license
Launcher Type: SUN_STANDARD

[Global flags]
     intx CICompilerCount                          = 4                                         {product} {ergonomic}
     uint ConcGCThreads                            = 3                                         {product} {ergonomic}
     uint G1ConcRefinementThreads                  = 10                                        {product} {ergonomic}
   size_t G1HeapRegionSize                         = 1048576                                   {product} {ergonomic}
    uintx GCDrainStackTargetSize                   = 64                                        {product} {ergonomic}
   size_t InitialHeapSize                          = 264241152                                 {product} {ergonomic}
   size_t MarkStackSize                            = 4194304                                   {product} {ergonomic}
   size_t MaxHeapSize                              = 4219469824                                {product} {ergonomic}
   size_t MaxNewSize                               = 2531262464                                {product} {ergonomic}
   size_t MinHeapDeltaBytes                        = 1048576                                   {product} {ergonomic}
    uintx NonNMethodCodeHeapSize                   = 5836300                                {pd product} {ergonomic}
    uintx NonProfiledCodeHeapSize                  = 122910970                              {pd product} {ergonomic}
    uintx ProfiledCodeHeapSize                     = 122910970                              {pd product} {ergonomic}
    uintx ReservedCodeCacheSize                    = 251658240                              {pd product} {ergonomic}
     bool SegmentedCodeCache                       = true                                      {product} {ergonomic}
     bool UseCompressedClassPointers               = true                                 {lp64_product} {ergonomic}
     bool UseCompressedOops                        = true                                 {lp64_product} {ergonomic}
     bool UseG1GC                                  = true                                      {product} {ergonomic}
     bool UseLargePagesIndividualAllocation        = false                                  {pd product} {ergonomic}

Logging:
Log output configuration:
 #0: stdout all=warning uptime,level,tags
 #1: stderr all=off uptime,level,tags

Environment Variables:
JAVA_HOME=C:\Program Files\Java\jdk1.8.0_202
PATH=C:\Program Files;C:\\Windows\System32;C:\Program Files\Microsoft SQL Server\Client SDK\ODBC\170\Tools\Binn\;C:\Program Files\Microsoft SQL Server\160\DTS\Binn\;D:\Git\cmd;C:\Program Files\Microsoft SQL Server\150\Tools\Binn\;"C:\windows\system32;C:\windows;C:\windows\System32\Wbem;";C:\Program Files\apache-maven-3.9.6\bin;D:\Home\MySQL\bin;D:\Program Files\MATLAB\R2023b\runtime\win64;D:\Program Files\MATLAB\R2023b\bin;C:\Program Files\Docker\Docker\resources\bin;D:\Program Files\MATLAB\R2021b\runtime\win64;D:\Program Files\MATLAB\R2021b\bin;C:\Users\22183\Desktop\web\dll;es (x86)\Microsoft SQL Server\160\DTS\Binn\;C:\Program Files (x86)\Microsoft SQL Server\160\Tools\Binn\;C:\Program Files\Microsoft SQL Server\160\Tools\Binn\;C:\Program Files\Java\jdk1.8.0_202\bin;C:\windows\System32\WindowsPowerShell\v1.0\;C:\Program Files\python;C:\Program Files\python\Scripts;D:\BtSoft\panel\script;C:\Program Files (x86)\Git\cmd;C:\Program Files (x86)\NetSarang\Xftp 7\;C:\Program Files (x86)\NetSarang\Xlpd 7\;C:\Program Files\PuTTY\;C:\windows\system32;D:\nvm;D:\nvm\nodejs;D:\Program Files\Rational\common;D:\nodejs\node_global\node_modules\yarn\bin;D:\nodejs\node_global;C:\Program Files (x86)\Windows Kits\10\Windows Performance Toolkit\;;C:\Program Files\HP\HP One Agent;D:\Ruby32-x64\bin;C:\Users\22183\AppData\Local\Programs\Python\Python36-32\Scripts\;C:\Users\22183\AppData\Local\Programs\Python\Python36-32\;C:\Users\22183\AppData\Local\Microsoft\WindowsApps;D:\Microsoft VS Code\bin;C:\Program Files\Azure Data Studio\bin;D:\WebStorm 2021.1.3\bin;;C:\Users\22183\AppData\Local\GitHubDesktop\bin;C:\ProgramData\22183\GitHubDesktop\bin;C:\Program Files\Java\jdk1.8.0_202\jre;D:\nvm;D:\nvm\nodejs;D:\Program Files\IntelliJ IDEA 2024.2.3\bin;
USERNAME=22183
OS=Windows_NT
PROCESSOR_IDENTIFIER=Intel64 Family 6 Model 154 Stepping 4, GenuineIntel
TMP=C:\Users\22183\AppData\Local\Temp
TEMP=C:\Users\22183\AppData\Local\Temp



---------------  S Y S T E M  ---------------

OS: Windows 11 , 64 bit Build 22000 (10.0.22000.2538)
OS uptime: 0 days 3:58 hours
Hyper-V role detected

CPU:total 12 (initial active 12) (6 cores per cpu, 2 threads per core) family 6 model 154 stepping 4 microcode 0x419, cmov, cx8, fxsr, mmx, sse, sse2, sse3, ssse3, sse4.1, sse4.2, popcnt, avx, avx2, aes, clmul, erms, 3dnowpref, lzcnt, ht, tsc, tscinvbit, bmi1, bmi2, adx, sha, fma

Memory: 4k page, system-wide physical 16095M (561M free)
TotalPageFile size 28221M (AvailPageFile size 5M)
current process WorkingSet (physical memory assigned to process): 173M, peak: 175M
current process commit charge ("private bytes"): 397M, peak: 400M

vm_info: OpenJDK 64-Bit Server VM (11.0.25+9-LTS) for windows-amd64 JRE (11.0.25+9-LTS), built on Oct 10 2024 00:01:59 by "Administrator" with MS VC++ 16.10 / 16.11 (VS2019)

END.
