#
# There is insufficient memory for the Java Runtime Environment to continue.
# Native memory allocation (malloc) failed to allocate 681216 bytes for Chunk::new
# Possible reasons:
#   The system is out of physical RAM or swap space
#   The process is running with CompressedOops enabled, and the Java Heap may be blocking the growth of the native heap
# Possible solutions:
#   Reduce memory load on the system
#   Increase physical memory or swap space
#   Check if swap backing store is full
#   Decrease Java heap size (-Xmx/-Xms)
#   Decrease number of Java threads
#   Decrease Java thread stack sizes (-Xss)
#   Set larger code cache with -XX:ReservedCodeCacheSize=
#   JVM is running with Zero Based Compressed Oops mode in which the Java heap is
#     placed in the first 32GB address space. The Java Heap base address is the
#     maximum limit for the native heap growth. Please use -XX:HeapBaseMinAddress
#     to set the Java Heap base and to place the Java Heap above 32GB virtual address.
# This output file may be truncated or incomplete.
#
#  Out of Memory Error (arena.cpp:197), pid=32344, tid=29952
#
# JRE version: OpenJDK Runtime Environment Corretto-11.0.25.9.1 (11.0.25+9) (build 11.0.25+9-LTS)
# Java VM: OpenJDK 64-Bit Server VM Corretto-11.0.25.9.1 (11.0.25+9-LTS, mixed mode, tiered, compressed oops, g1 gc, windows-amd64)
# No core dump will be written. Minidumps are not enabled by default on client versions of Windows
#

---------------  S U M M A R Y ------------

Command Line: C:\Users\22183\AppData\Local\Temp\surefire571937937029053812\surefirebooter-20251017215349454_3.jar C:\Users\22183\AppData\Local\Temp\surefire571937937029053812 2025-10-17T21-53-44_956-jvmRun1 surefire-20251017215349454_1tmp surefire_0-20251017215349454_2tmp

Host: 12th Gen Intel(R) Core(TM) i7-1255U, 12 cores, 15G,  Windows 11 , 64 bit Build 22000 (10.0.22000.2538)
Time: Fri Oct 17 21:53:58 2025  Windows 11 , 64 bit Build 22000 (10.0.22000.2538) elapsed time: 7.850301 seconds (0d 0h 0m 7s)

---------------  T H R E A D  ---------------

Current thread (0x000002106c901800):  JavaThread "C2 CompilerThread0" daemon [_thread_in_native, id=29952, stack(0x000000500af00000,0x000000500b000000)]


Current CompileTask:
C2:   7850 2370       4       java.lang.invoke.MethodType::makeImpl (108 bytes)

Stack: [0x000000500af00000,0x000000500b000000]
Native frames: (J=compiled Java code, j=interpreted, Vv=VM code, C=native code)
V  [jvm.dll+0x64644a]
V  [jvm.dll+0x7daca9]
V  [jvm.dll+0x7dc3a9]
V  [jvm.dll+0x7dca93]
V  [jvm.dll+0x269da5]
V  [jvm.dll+0xc217c]
V  [jvm.dll+0xc272c]
V  [jvm.dll+0x2dc162]
V  [jvm.dll+0x55130b]
V  [jvm.dll+0x2215bb]
V  [jvm.dll+0x22364a]
V  [jvm.dll+0x220cf4]
V  [jvm.dll+0x19ea01]
V  [jvm.dll+0x230cb9]
V  [jvm.dll+0x22ee2f]
V  [jvm.dll+0x79bed1]
V  [jvm.dll+0x794ba4]
V  [jvm.dll+0x645205]
C  [ucrtbase.dll+0x26c0c]
C  [KERNEL32.DLL+0x153e0]
C  [ntdll.dll+0x485b]


---------------  P R O C E S S  ---------------

Threads class SMR info:
_java_thread_list=0x000002106fa51be0, length=12, elements={
0x00000210474a7800, 0x000002106c89a800, 0x000002106c8a3000, 0x000002106c8b8800,
0x000002106c8ba000, 0x000002106c8fe800, 0x000002106c901800, 0x000002106c902800,
0x000002106c90c000, 0x000002106ca80800, 0x000002106d677800, 0x000002106d371000
}

Java Threads: ( => current thread )
  0x00000210474a7800 JavaThread "main" [_thread_in_Java, id=11732, stack(0x000000500a300000,0x000000500a400000)]
  0x000002106c89a800 JavaThread "Reference Handler" daemon [_thread_blocked, id=10332, stack(0x000000500aa00000,0x000000500ab00000)]
  0x000002106c8a3000 JavaThread "Finalizer" daemon [_thread_blocked, id=31248, stack(0x000000500ab00000,0x000000500ac00000)]
  0x000002106c8b8800 JavaThread "Signal Dispatcher" daemon [_thread_blocked, id=28140, stack(0x000000500ac00000,0x000000500ad00000)]
  0x000002106c8ba000 JavaThread "Attach Listener" daemon [_thread_blocked, id=10576, stack(0x000000500ad00000,0x000000500ae00000)]
  0x000002106c8fe800 JavaThread "Service Thread" daemon [_thread_blocked, id=31224, stack(0x000000500ae00000,0x000000500af00000)]
=>0x000002106c901800 JavaThread "C2 CompilerThread0" daemon [_thread_in_native, id=29952, stack(0x000000500af00000,0x000000500b000000)]
  0x000002106c902800 JavaThread "C1 CompilerThread0" daemon [_thread_in_native, id=4804, stack(0x000000500b000000,0x000000500b100000)]
  0x000002106c90c000 JavaThread "Sweeper thread" daemon [_thread_blocked, id=16176, stack(0x000000500b100000,0x000000500b200000)]
  0x000002106ca80800 JavaThread "Common-Cleaner" daemon [_thread_blocked, id=13968, stack(0x000000500b300000,0x000000500b400000)]
  0x000002106d677800 JavaThread "surefire-forkedjvm-stream-flusher" daemon [_thread_blocked, id=5936, stack(0x000000500c000000,0x000000500c100000)]
  0x000002106d371000 JavaThread "surefire-forkedjvm-command-thread" daemon [_thread_in_native, id=16408, stack(0x000000500c200000,0x000000500c300000)]

Other Threads:
  0x000002106c876000 VMThread "VM Thread" [stack: 0x000000500a900000,0x000000500aa00000] [id=29800]
  0x000002106ca7f000 WatcherThread [stack: 0x000000500b200000,0x000000500b300000] [id=12016]
  0x00000210474bf800 GCTaskThread "GC Thread#0" [stack: 0x000000500a400000,0x000000500a500000] [id=23972]
  0x000002106dad9800 GCTaskThread "GC Thread#1" [stack: 0x000000500c300000,0x000000500c400000] [id=18276]
  0x000002106da73000 GCTaskThread "GC Thread#2" [stack: 0x000000500c400000,0x000000500c500000] [id=7280]
  0x000002106dad7800 GCTaskThread "GC Thread#3" [stack: 0x000000500c500000,0x000000500c600000] [id=26800]
  0x000002106deb2800 GCTaskThread "GC Thread#4" [stack: 0x000000500c600000,0x000000500c700000] [id=15912]
  0x000002106dd73000 GCTaskThread "GC Thread#5" [stack: 0x000000500c700000,0x000000500c800000] [id=29620]
  0x000002104751c000 ConcurrentGCThread "G1 Main Marker" [stack: 0x000000500a500000,0x000000500a600000] [id=24844]
  0x000002104751d800 ConcurrentGCThread "G1 Conc#0" [stack: 0x000000500a600000,0x000000500a700000] [id=17988]
  0x000002106e1de000 ConcurrentGCThread "G1 Conc#1" [stack: 0x000000500c800000,0x000000500c900000] [id=14408]
  0x000002106e018000 ConcurrentGCThread "G1 Conc#2" [stack: 0x000000500c900000,0x000000500ca00000] [id=15736]
  0x000002106bedd000 ConcurrentGCThread "G1 Refine#0" [stack: 0x000000500a700000,0x000000500a800000] [id=26380]
  0x000002106bede800 ConcurrentGCThread "G1 Young RemSet Sampling" [stack: 0x000000500a800000,0x000000500a900000] [id=27584]

Threads with active compile tasks:
C2 CompilerThread0     7948 2370       4       java.lang.invoke.MethodType::makeImpl (108 bytes)
C1 CompilerThread0     7948 2493       3       org.springframework.asm.ClassReader::accept (1401 bytes)

VM state:not at safepoint (normal execution)

VM Mutex/Monitor currently owned by a thread: None

Heap address: 0x0000000704800000, size: 4024 MB, Compressed Oops mode: Zero based, Oop shift amount: 3
Narrow klass base: 0x0000000800000000, Narrow klass shift: 0
Compressed class space size: 1073741824 Address: 0x0000000800000000

Heap:
 garbage-first heap   total 258048K, used 24652K [0x0000000704800000, 0x0000000800000000)
  region size 1024K, 16 young (16384K), 4 survivors (4096K)
 Metaspace       used 29822K, capacity 30805K, committed 31104K, reserved 1081344K
  class space    used 3443K, capacity 3848K, committed 3968K, reserved 1048576K
Heap Regions: E=young(eden), S=young(survivor), O=old, HS=humongous(starts), HC=humongous(continues), CS=collection set, F=free, A=archive, TAMS=top-at-mark-start (previous, next)
|   0|0x0000000704800000, 0x0000000704900000, 0x0000000704900000|100%| O|  |TAMS 0x0000000704900000, 0x0000000704800000| Untracked 
|   1|0x0000000704900000, 0x0000000704a00000, 0x0000000704a00000|100%| O|  |TAMS 0x0000000704a00000, 0x0000000704900000| Untracked 
|   2|0x0000000704a00000, 0x0000000704b00000, 0x0000000704b00000|100%| O|  |TAMS 0x0000000704b00000, 0x0000000704a00000| Untracked 
|   3|0x0000000704b00000, 0x0000000704c00000, 0x0000000704c00000|100%| O|  |TAMS 0x0000000704c00000, 0x0000000704b00000| Untracked 
|   4|0x0000000704c00000, 0x0000000704d00000, 0x0000000704d00000|100%| O|  |TAMS 0x0000000704d00000, 0x0000000704c00000| Untracked 
|   5|0x0000000704d00000, 0x0000000704e00000, 0x0000000704e00000|100%| O|  |TAMS 0x0000000704e00000, 0x0000000704d00000| Untracked 
|   6|0x0000000704e00000, 0x0000000704f00000, 0x0000000704f00000|100%| O|  |TAMS 0x0000000704f00000, 0x0000000704e00000| Untracked 
|   7|0x0000000704f00000, 0x0000000705000000, 0x0000000705000000|100%| O|  |TAMS 0x0000000705000000, 0x0000000704f00000| Untracked 
|   8|0x0000000705000000, 0x0000000705100000, 0x0000000705100000|100%| O|  |TAMS 0x0000000705100000, 0x0000000705000000| Untracked 
|   9|0x0000000705100000, 0x0000000705123400, 0x0000000705200000| 13%| O|  |TAMS 0x0000000705123400, 0x0000000705100000| Untracked 
|  10|0x0000000705200000, 0x0000000705200000, 0x0000000705300000|  0%| F|  |TAMS 0x0000000705200000, 0x0000000705200000| Untracked 
|  11|0x0000000705300000, 0x0000000705300000, 0x0000000705400000|  0%| F|  |TAMS 0x0000000705300000, 0x0000000705300000| Untracked 
|  12|0x0000000705400000, 0x0000000705400000, 0x0000000705500000|  0%| F|  |TAMS 0x0000000705400000, 0x0000000705400000| Untracked 
|  13|0x0000000705500000, 0x0000000705500000, 0x0000000705600000|  0%| F|  |TAMS 0x0000000705500000, 0x0000000705500000| Untracked 
|  14|0x0000000705600000, 0x0000000705600000, 0x0000000705700000|  0%| F|  |TAMS 0x0000000705600000, 0x0000000705600000| Untracked 
|  15|0x0000000705700000, 0x0000000705700000, 0x0000000705800000|  0%| F|  |TAMS 0x0000000705700000, 0x0000000705700000| Untracked 
|  16|0x0000000705800000, 0x0000000705800000, 0x0000000705900000|  0%| F|  |TAMS 0x0000000705800000, 0x0000000705800000| Untracked 
|  17|0x0000000705900000, 0x0000000705900000, 0x0000000705a00000|  0%| F|  |TAMS 0x0000000705900000, 0x0000000705900000| Untracked 
|  18|0x0000000705a00000, 0x0000000705a00000, 0x0000000705b00000|  0%| F|  |TAMS 0x0000000705a00000, 0x0000000705a00000| Untracked 
|  19|0x0000000705b00000, 0x0000000705b00000, 0x0000000705c00000|  0%| F|  |TAMS 0x0000000705b00000, 0x0000000705b00000| Untracked 
|  20|0x0000000705c00000, 0x0000000705c00000, 0x0000000705d00000|  0%| F|  |TAMS 0x0000000705c00000, 0x0000000705c00000| Untracked 
|  21|0x0000000705d00000, 0x0000000705d00000, 0x0000000705e00000|  0%| F|  |TAMS 0x0000000705d00000, 0x0000000705d00000| Untracked 
|  22|0x0000000705e00000, 0x0000000705e00000, 0x0000000705f00000|  0%| F|  |TAMS 0x0000000705e00000, 0x0000000705e00000| Untracked 
|  23|0x0000000705f00000, 0x0000000705f00000, 0x0000000706000000|  0%| F|  |TAMS 0x0000000705f00000, 0x0000000705f00000| Untracked 
|  24|0x0000000706000000, 0x0000000706000000, 0x0000000706100000|  0%| F|  |TAMS 0x0000000706000000, 0x0000000706000000| Untracked 
|  25|0x0000000706100000, 0x0000000706100000, 0x0000000706200000|  0%| F|  |TAMS 0x0000000706100000, 0x0000000706100000| Untracked 
|  26|0x0000000706200000, 0x0000000706200000, 0x0000000706300000|  0%| F|  |TAMS 0x0000000706200000, 0x0000000706200000| Untracked 
|  27|0x0000000706300000, 0x0000000706300000, 0x0000000706400000|  0%| F|  |TAMS 0x0000000706300000, 0x0000000706300000| Untracked 
|  28|0x0000000706400000, 0x0000000706400000, 0x0000000706500000|  0%| F|  |TAMS 0x0000000706400000, 0x0000000706400000| Untracked 
|  29|0x0000000706500000, 0x0000000706500000, 0x0000000706600000|  0%| F|  |TAMS 0x0000000706500000, 0x0000000706500000| Untracked 
|  30|0x0000000706600000, 0x0000000706600000, 0x0000000706700000|  0%| F|  |TAMS 0x0000000706600000, 0x0000000706600000| Untracked 
|  31|0x0000000706700000, 0x0000000706700000, 0x0000000706800000|  0%| F|  |TAMS 0x0000000706700000, 0x0000000706700000| Untracked 
|  32|0x0000000706800000, 0x0000000706800000, 0x0000000706900000|  0%| F|  |TAMS 0x0000000706800000, 0x0000000706800000| Untracked 
|  33|0x0000000706900000, 0x0000000706900000, 0x0000000706a00000|  0%| F|  |TAMS 0x0000000706900000, 0x0000000706900000| Untracked 
|  34|0x0000000706a00000, 0x0000000706a00000, 0x0000000706b00000|  0%| F|  |TAMS 0x0000000706a00000, 0x0000000706a00000| Untracked 
|  35|0x0000000706b00000, 0x0000000706b00000, 0x0000000706c00000|  0%| F|  |TAMS 0x0000000706b00000, 0x0000000706b00000| Untracked 
|  36|0x0000000706c00000, 0x0000000706c00000, 0x0000000706d00000|  0%| F|  |TAMS 0x0000000706c00000, 0x0000000706c00000| Untracked 
|  37|0x0000000706d00000, 0x0000000706d00000, 0x0000000706e00000|  0%| F|  |TAMS 0x0000000706d00000, 0x0000000706d00000| Untracked 
|  38|0x0000000706e00000, 0x0000000706e00000, 0x0000000706f00000|  0%| F|  |TAMS 0x0000000706e00000, 0x0000000706e00000| Untracked 
|  39|0x0000000706f00000, 0x0000000706f00000, 0x0000000707000000|  0%| F|  |TAMS 0x0000000706f00000, 0x0000000706f00000| Untracked 
|  40|0x0000000707000000, 0x0000000707000000, 0x0000000707100000|  0%| F|  |TAMS 0x0000000707000000, 0x0000000707000000| Untracked 
|  41|0x0000000707100000, 0x0000000707100000, 0x0000000707200000|  0%| F|  |TAMS 0x0000000707100000, 0x0000000707100000| Untracked 
|  42|0x0000000707200000, 0x0000000707200000, 0x0000000707300000|  0%| F|  |TAMS 0x0000000707200000, 0x0000000707200000| Untracked 
|  43|0x0000000707300000, 0x0000000707300000, 0x0000000707400000|  0%| F|  |TAMS 0x0000000707300000, 0x0000000707300000| Untracked 
|  44|0x0000000707400000, 0x0000000707400000, 0x0000000707500000|  0%| F|  |TAMS 0x0000000707400000, 0x0000000707400000| Untracked 
|  45|0x0000000707500000, 0x0000000707500000, 0x0000000707600000|  0%| F|  |TAMS 0x0000000707500000, 0x0000000707500000| Untracked 
|  46|0x0000000707600000, 0x0000000707600000, 0x0000000707700000|  0%| F|  |TAMS 0x0000000707600000, 0x0000000707600000| Untracked 
|  47|0x0000000707700000, 0x0000000707700000, 0x0000000707800000|  0%| F|  |TAMS 0x0000000707700000, 0x0000000707700000| Untracked 
|  48|0x0000000707800000, 0x0000000707800000, 0x0000000707900000|  0%| F|  |TAMS 0x0000000707800000, 0x0000000707800000| Untracked 
|  49|0x0000000707900000, 0x0000000707900000, 0x0000000707a00000|  0%| F|  |TAMS 0x0000000707900000, 0x0000000707900000| Untracked 
|  50|0x0000000707a00000, 0x0000000707a00000, 0x0000000707b00000|  0%| F|  |TAMS 0x0000000707a00000, 0x0000000707a00000| Untracked 
|  51|0x0000000707b00000, 0x0000000707b00000, 0x0000000707c00000|  0%| F|  |TAMS 0x0000000707b00000, 0x0000000707b00000| Untracked 
|  52|0x0000000707c00000, 0x0000000707c00000, 0x0000000707d00000|  0%| F|  |TAMS 0x0000000707c00000, 0x0000000707c00000| Untracked 
|  53|0x0000000707d00000, 0x0000000707d00000, 0x0000000707e00000|  0%| F|  |TAMS 0x0000000707d00000, 0x0000000707d00000| Untracked 
|  54|0x0000000707e00000, 0x0000000707e00000, 0x0000000707f00000|  0%| F|  |TAMS 0x0000000707e00000, 0x0000000707e00000| Untracked 
|  55|0x0000000707f00000, 0x0000000707f00000, 0x0000000708000000|  0%| F|  |TAMS 0x0000000707f00000, 0x0000000707f00000| Untracked 
|  56|0x0000000708000000, 0x0000000708000000, 0x0000000708100000|  0%| F|  |TAMS 0x0000000708000000, 0x0000000708000000| Untracked 
|  57|0x0000000708100000, 0x0000000708100000, 0x0000000708200000|  0%| F|  |TAMS 0x0000000708100000, 0x0000000708100000| Untracked 
|  58|0x0000000708200000, 0x0000000708200000, 0x0000000708300000|  0%| F|  |TAMS 0x0000000708200000, 0x0000000708200000| Untracked 
|  59|0x0000000708300000, 0x0000000708300000, 0x0000000708400000|  0%| F|  |TAMS 0x0000000708300000, 0x0000000708300000| Untracked 
|  60|0x0000000708400000, 0x0000000708400000, 0x0000000708500000|  0%| F|  |TAMS 0x0000000708400000, 0x0000000708400000| Untracked 
|  61|0x0000000708500000, 0x0000000708500000, 0x0000000708600000|  0%| F|  |TAMS 0x0000000708500000, 0x0000000708500000| Untracked 
|  62|0x0000000708600000, 0x0000000708600000, 0x0000000708700000|  0%| F|  |TAMS 0x0000000708600000, 0x0000000708600000| Untracked 
|  63|0x0000000708700000, 0x0000000708700000, 0x0000000708800000|  0%| F|  |TAMS 0x0000000708700000, 0x0000000708700000| Untracked 
|  64|0x0000000708800000, 0x0000000708800000, 0x0000000708900000|  0%| F|  |TAMS 0x0000000708800000, 0x0000000708800000| Untracked 
|  65|0x0000000708900000, 0x0000000708900000, 0x0000000708a00000|  0%| F|  |TAMS 0x0000000708900000, 0x0000000708900000| Untracked 
|  66|0x0000000708a00000, 0x0000000708a00000, 0x0000000708b00000|  0%| F|  |TAMS 0x0000000708a00000, 0x0000000708a00000| Untracked 
|  67|0x0000000708b00000, 0x0000000708b00000, 0x0000000708c00000|  0%| F|  |TAMS 0x0000000708b00000, 0x0000000708b00000| Untracked 
|  68|0x0000000708c00000, 0x0000000708c00000, 0x0000000708d00000|  0%| F|  |TAMS 0x0000000708c00000, 0x0000000708c00000| Untracked 
|  69|0x0000000708d00000, 0x0000000708d00000, 0x0000000708e00000|  0%| F|  |TAMS 0x0000000708d00000, 0x0000000708d00000| Untracked 
|  70|0x0000000708e00000, 0x0000000708e00000, 0x0000000708f00000|  0%| F|  |TAMS 0x0000000708e00000, 0x0000000708e00000| Untracked 
|  71|0x0000000708f00000, 0x0000000708f00000, 0x0000000709000000|  0%| F|  |TAMS 0x0000000708f00000, 0x0000000708f00000| Untracked 
|  72|0x0000000709000000, 0x0000000709000000, 0x0000000709100000|  0%| F|  |TAMS 0x0000000709000000, 0x0000000709000000| Untracked 
|  73|0x0000000709100000, 0x0000000709100000, 0x0000000709200000|  0%| F|  |TAMS 0x0000000709100000, 0x0000000709100000| Untracked 
|  74|0x0000000709200000, 0x0000000709200000, 0x0000000709300000|  0%| F|  |TAMS 0x0000000709200000, 0x0000000709200000| Untracked 
|  75|0x0000000709300000, 0x0000000709300000, 0x0000000709400000|  0%| F|  |TAMS 0x0000000709300000, 0x0000000709300000| Untracked 
|  76|0x0000000709400000, 0x0000000709400000, 0x0000000709500000|  0%| F|  |TAMS 0x0000000709400000, 0x0000000709400000| Untracked 
|  77|0x0000000709500000, 0x0000000709500000, 0x0000000709600000|  0%| F|  |TAMS 0x0000000709500000, 0x0000000709500000| Untracked 
|  78|0x0000000709600000, 0x0000000709600000, 0x0000000709700000|  0%| F|  |TAMS 0x0000000709600000, 0x0000000709600000| Untracked 
|  79|0x0000000709700000, 0x0000000709700000, 0x0000000709800000|  0%| F|  |TAMS 0x0000000709700000, 0x0000000709700000| Untracked 
|  80|0x0000000709800000, 0x0000000709800000, 0x0000000709900000|  0%| F|  |TAMS 0x0000000709800000, 0x0000000709800000| Untracked 
|  81|0x0000000709900000, 0x0000000709900000, 0x0000000709a00000|  0%| F|  |TAMS 0x0000000709900000, 0x0000000709900000| Untracked 
|  82|0x0000000709a00000, 0x0000000709a00000, 0x0000000709b00000|  0%| F|  |TAMS 0x0000000709a00000, 0x0000000709a00000| Untracked 
|  83|0x0000000709b00000, 0x0000000709b00000, 0x0000000709c00000|  0%| F|  |TAMS 0x0000000709b00000, 0x0000000709b00000| Untracked 
|  84|0x0000000709c00000, 0x0000000709c00000, 0x0000000709d00000|  0%| F|  |TAMS 0x0000000709c00000, 0x0000000709c00000| Untracked 
|  85|0x0000000709d00000, 0x0000000709d00000, 0x0000000709e00000|  0%| F|  |TAMS 0x0000000709d00000, 0x0000000709d00000| Untracked 
|  86|0x0000000709e00000, 0x0000000709e00000, 0x0000000709f00000|  0%| F|  |TAMS 0x0000000709e00000, 0x0000000709e00000| Untracked 
|  87|0x0000000709f00000, 0x0000000709f00000, 0x000000070a000000|  0%| F|  |TAMS 0x0000000709f00000, 0x0000000709f00000| Untracked 
|  88|0x000000070a000000, 0x000000070a000000, 0x000000070a100000|  0%| F|  |TAMS 0x000000070a000000, 0x000000070a000000| Untracked 
|  89|0x000000070a100000, 0x000000070a100000, 0x000000070a200000|  0%| F|  |TAMS 0x000000070a100000, 0x000000070a100000| Untracked 
|  90|0x000000070a200000, 0x000000070a200000, 0x000000070a300000|  0%| F|  |TAMS 0x000000070a200000, 0x000000070a200000| Untracked 
|  91|0x000000070a300000, 0x000000070a300000, 0x000000070a400000|  0%| F|  |TAMS 0x000000070a300000, 0x000000070a300000| Untracked 
|  92|0x000000070a400000, 0x000000070a400000, 0x000000070a500000|  0%| F|  |TAMS 0x000000070a400000, 0x000000070a400000| Untracked 
|  93|0x000000070a500000, 0x000000070a500000, 0x000000070a600000|  0%| F|  |TAMS 0x000000070a500000, 0x000000070a500000| Untracked 
|  94|0x000000070a600000, 0x000000070a600000, 0x000000070a700000|  0%| F|  |TAMS 0x000000070a600000, 0x000000070a600000| Untracked 
|  95|0x000000070a700000, 0x000000070a700000, 0x000000070a800000|  0%| F|  |TAMS 0x000000070a700000, 0x000000070a700000| Untracked 
|  96|0x000000070a800000, 0x000000070a800000, 0x000000070a900000|  0%| F|  |TAMS 0x000000070a800000, 0x000000070a800000| Untracked 
|  97|0x000000070a900000, 0x000000070a900000, 0x000000070aa00000|  0%| F|  |TAMS 0x000000070a900000, 0x000000070a900000| Untracked 
|  98|0x000000070aa00000, 0x000000070aa00000, 0x000000070ab00000|  0%| F|  |TAMS 0x000000070aa00000, 0x000000070aa00000| Untracked 
|  99|0x000000070ab00000, 0x000000070ab00000, 0x000000070ac00000|  0%| F|  |TAMS 0x000000070ab00000, 0x000000070ab00000| Untracked 
| 100|0x000000070ac00000, 0x000000070ac00000, 0x000000070ad00000|  0%| F|  |TAMS 0x000000070ac00000, 0x000000070ac00000| Untracked 
| 101|0x000000070ad00000, 0x000000070ad00000, 0x000000070ae00000|  0%| F|  |TAMS 0x000000070ad00000, 0x000000070ad00000| Untracked 
| 102|0x000000070ae00000, 0x000000070ae00000, 0x000000070af00000|  0%| F|  |TAMS 0x000000070ae00000, 0x000000070ae00000| Untracked 
| 103|0x000000070af00000, 0x000000070af00000, 0x000000070b000000|  0%| F|  |TAMS 0x000000070af00000, 0x000000070af00000| Untracked 
| 104|0x000000070b000000, 0x000000070b000000, 0x000000070b100000|  0%| F|  |TAMS 0x000000070b000000, 0x000000070b000000| Untracked 
| 105|0x000000070b100000, 0x000000070b100000, 0x000000070b200000|  0%| F|  |TAMS 0x000000070b100000, 0x000000070b100000| Untracked 
| 106|0x000000070b200000, 0x000000070b200000, 0x000000070b300000|  0%| F|  |TAMS 0x000000070b200000, 0x000000070b200000| Untracked 
| 107|0x000000070b300000, 0x000000070b300000, 0x000000070b400000|  0%| F|  |TAMS 0x000000070b300000, 0x000000070b300000| Untracked 
| 108|0x000000070b400000, 0x000000070b400000, 0x000000070b500000|  0%| F|  |TAMS 0x000000070b400000, 0x000000070b400000| Untracked 
| 109|0x000000070b500000, 0x000000070b500000, 0x000000070b600000|  0%| F|  |TAMS 0x000000070b500000, 0x000000070b500000| Untracked 
| 110|0x000000070b600000, 0x000000070b600000, 0x000000070b700000|  0%| F|  |TAMS 0x000000070b600000, 0x000000070b600000| Untracked 
| 111|0x000000070b700000, 0x000000070b700000, 0x000000070b800000|  0%| F|  |TAMS 0x000000070b700000, 0x000000070b700000| Untracked 
| 112|0x000000070b800000, 0x000000070b800000, 0x000000070b900000|  0%| F|  |TAMS 0x000000070b800000, 0x000000070b800000| Untracked 
| 113|0x000000070b900000, 0x000000070b900000, 0x000000070ba00000|  0%| F|  |TAMS 0x000000070b900000, 0x000000070b900000| Untracked 
| 114|0x000000070ba00000, 0x000000070ba00000, 0x000000070bb00000|  0%| F|  |TAMS 0x000000070ba00000, 0x000000070ba00000| Untracked 
| 115|0x000000070bb00000, 0x000000070bb00000, 0x000000070bc00000|  0%| F|  |TAMS 0x000000070bb00000, 0x000000070bb00000| Untracked 
| 116|0x000000070bc00000, 0x000000070bc00000, 0x000000070bd00000|  0%| F|  |TAMS 0x000000070bc00000, 0x000000070bc00000| Untracked 
| 117|0x000000070bd00000, 0x000000070bd00000, 0x000000070be00000|  0%| F|  |TAMS 0x000000070bd00000, 0x000000070bd00000| Untracked 
| 118|0x000000070be00000, 0x000000070be00000, 0x000000070bf00000|  0%| F|  |TAMS 0x000000070be00000, 0x000000070be00000| Untracked 
| 119|0x000000070bf00000, 0x000000070bf00000, 0x000000070c000000|  0%| F|  |TAMS 0x000000070bf00000, 0x000000070bf00000| Untracked 
| 120|0x000000070c000000, 0x000000070c000000, 0x000000070c100000|  0%| F|  |TAMS 0x000000070c000000, 0x000000070c000000| Untracked 
| 121|0x000000070c100000, 0x000000070c100000, 0x000000070c200000|  0%| F|  |TAMS 0x000000070c100000, 0x000000070c100000| Untracked 
| 122|0x000000070c200000, 0x000000070c200000, 0x000000070c300000|  0%| F|  |TAMS 0x000000070c200000, 0x000000070c200000| Untracked 
| 123|0x000000070c300000, 0x000000070c300000, 0x000000070c400000|  0%| F|  |TAMS 0x000000070c300000, 0x000000070c300000| Untracked 
| 124|0x000000070c400000, 0x000000070c400000, 0x000000070c500000|  0%| F|  |TAMS 0x000000070c400000, 0x000000070c400000| Untracked 
| 125|0x000000070c500000, 0x000000070c500000, 0x000000070c600000|  0%| F|  |TAMS 0x000000070c500000, 0x000000070c500000| Untracked 
| 126|0x000000070c600000, 0x000000070c600000, 0x000000070c700000|  0%| F|  |TAMS 0x000000070c600000, 0x000000070c600000| Untracked 
| 127|0x000000070c700000, 0x000000070c700000, 0x000000070c800000|  0%| F|  |TAMS 0x000000070c700000, 0x000000070c700000| Untracked 
| 128|0x000000070c800000, 0x000000070c800000, 0x000000070c900000|  0%| F|  |TAMS 0x000000070c800000, 0x000000070c800000| Untracked 
| 129|0x000000070c900000, 0x000000070c900000, 0x000000070ca00000|  0%| F|  |TAMS 0x000000070c900000, 0x000000070c900000| Untracked 
| 130|0x000000070ca00000, 0x000000070ca00000, 0x000000070cb00000|  0%| F|  |TAMS 0x000000070ca00000, 0x000000070ca00000| Untracked 
| 131|0x000000070cb00000, 0x000000070cb00000, 0x000000070cc00000|  0%| F|  |TAMS 0x000000070cb00000, 0x000000070cb00000| Untracked 
| 132|0x000000070cc00000, 0x000000070cc00000, 0x000000070cd00000|  0%| F|  |TAMS 0x000000070cc00000, 0x000000070cc00000| Untracked 
| 133|0x000000070cd00000, 0x000000070cd00000, 0x000000070ce00000|  0%| F|  |TAMS 0x000000070cd00000, 0x000000070cd00000| Untracked 
| 134|0x000000070ce00000, 0x000000070ce00000, 0x000000070cf00000|  0%| F|  |TAMS 0x000000070ce00000, 0x000000070ce00000| Untracked 
| 135|0x000000070cf00000, 0x000000070cf00000, 0x000000070d000000|  0%| F|  |TAMS 0x000000070cf00000, 0x000000070cf00000| Untracked 
| 136|0x000000070d000000, 0x000000070d000000, 0x000000070d100000|  0%| F|  |TAMS 0x000000070d000000, 0x000000070d000000| Untracked 
| 137|0x000000070d100000, 0x000000070d100000, 0x000000070d200000|  0%| F|  |TAMS 0x000000070d100000, 0x000000070d100000| Untracked 
| 138|0x000000070d200000, 0x000000070d200000, 0x000000070d300000|  0%| F|  |TAMS 0x000000070d200000, 0x000000070d200000| Untracked 
| 139|0x000000070d300000, 0x000000070d300000, 0x000000070d400000|  0%| F|  |TAMS 0x000000070d300000, 0x000000070d300000| Untracked 
| 140|0x000000070d400000, 0x000000070d400000, 0x000000070d500000|  0%| F|  |TAMS 0x000000070d400000, 0x000000070d400000| Untracked 
| 141|0x000000070d500000, 0x000000070d500000, 0x000000070d600000|  0%| F|  |TAMS 0x000000070d500000, 0x000000070d500000| Untracked 
| 142|0x000000070d600000, 0x000000070d600000, 0x000000070d700000|  0%| F|  |TAMS 0x000000070d600000, 0x000000070d600000| Untracked 
| 143|0x000000070d700000, 0x000000070d700000, 0x000000070d800000|  0%| F|  |TAMS 0x000000070d700000, 0x000000070d700000| Untracked 
| 144|0x000000070d800000, 0x000000070d800000, 0x000000070d900000|  0%| F|  |TAMS 0x000000070d800000, 0x000000070d800000| Untracked 
| 145|0x000000070d900000, 0x000000070d900000, 0x000000070da00000|  0%| F|  |TAMS 0x000000070d900000, 0x000000070d900000| Untracked 
| 146|0x000000070da00000, 0x000000070da00000, 0x000000070db00000|  0%| F|  |TAMS 0x000000070da00000, 0x000000070da00000| Untracked 
| 147|0x000000070db00000, 0x000000070db00000, 0x000000070dc00000|  0%| F|  |TAMS 0x000000070db00000, 0x000000070db00000| Untracked 
| 148|0x000000070dc00000, 0x000000070dc00000, 0x000000070dd00000|  0%| F|  |TAMS 0x000000070dc00000, 0x000000070dc00000| Untracked 
| 149|0x000000070dd00000, 0x000000070dd00000, 0x000000070de00000|  0%| F|  |TAMS 0x000000070dd00000, 0x000000070dd00000| Untracked 
| 150|0x000000070de00000, 0x000000070de00000, 0x000000070df00000|  0%| F|  |TAMS 0x000000070de00000, 0x000000070de00000| Untracked 
| 151|0x000000070df00000, 0x000000070df00000, 0x000000070e000000|  0%| F|  |TAMS 0x000000070df00000, 0x000000070df00000| Untracked 
| 152|0x000000070e000000, 0x000000070e000000, 0x000000070e100000|  0%| F|  |TAMS 0x000000070e000000, 0x000000070e000000| Untracked 
| 153|0x000000070e100000, 0x000000070e100000, 0x000000070e200000|  0%| F|  |TAMS 0x000000070e100000, 0x000000070e100000| Untracked 
| 154|0x000000070e200000, 0x000000070e200000, 0x000000070e300000|  0%| F|  |TAMS 0x000000070e200000, 0x000000070e200000| Untracked 
| 155|0x000000070e300000, 0x000000070e300000, 0x000000070e400000|  0%| F|  |TAMS 0x000000070e300000, 0x000000070e300000| Untracked 
| 156|0x000000070e400000, 0x000000070e400000, 0x000000070e500000|  0%| F|  |TAMS 0x000000070e400000, 0x000000070e400000| Untracked 
| 157|0x000000070e500000, 0x000000070e500000, 0x000000070e600000|  0%| F|  |TAMS 0x000000070e500000, 0x000000070e500000| Untracked 
| 158|0x000000070e600000, 0x000000070e600000, 0x000000070e700000|  0%| F|  |TAMS 0x000000070e600000, 0x000000070e600000| Untracked 
| 159|0x000000070e700000, 0x000000070e700000, 0x000000070e800000|  0%| F|  |TAMS 0x000000070e700000, 0x000000070e700000| Untracked 
| 160|0x000000070e800000, 0x000000070e800000, 0x000000070e900000|  0%| F|  |TAMS 0x000000070e800000, 0x000000070e800000| Untracked 
| 161|0x000000070e900000, 0x000000070e900000, 0x000000070ea00000|  0%| F|  |TAMS 0x000000070e900000, 0x000000070e900000| Untracked 
| 162|0x000000070ea00000, 0x000000070ea00000, 0x000000070eb00000|  0%| F|  |TAMS 0x000000070ea00000, 0x000000070ea00000| Untracked 
| 163|0x000000070eb00000, 0x000000070eb00000, 0x000000070ec00000|  0%| F|  |TAMS 0x000000070eb00000, 0x000000070eb00000| Untracked 
| 164|0x000000070ec00000, 0x000000070ec00000, 0x000000070ed00000|  0%| F|  |TAMS 0x000000070ec00000, 0x000000070ec00000| Untracked 
| 165|0x000000070ed00000, 0x000000070ed00000, 0x000000070ee00000|  0%| F|  |TAMS 0x000000070ed00000, 0x000000070ed00000| Untracked 
| 166|0x000000070ee00000, 0x000000070ee00000, 0x000000070ef00000|  0%| F|  |TAMS 0x000000070ee00000, 0x000000070ee00000| Untracked 
| 167|0x000000070ef00000, 0x000000070ef00000, 0x000000070f000000|  0%| F|  |TAMS 0x000000070ef00000, 0x000000070ef00000| Untracked 
| 168|0x000000070f000000, 0x000000070f000000, 0x000000070f100000|  0%| F|  |TAMS 0x000000070f000000, 0x000000070f000000| Untracked 
| 169|0x000000070f100000, 0x000000070f100000, 0x000000070f200000|  0%| F|  |TAMS 0x000000070f100000, 0x000000070f100000| Untracked 
| 170|0x000000070f200000, 0x000000070f200000, 0x000000070f300000|  0%| F|  |TAMS 0x000000070f200000, 0x000000070f200000| Untracked 
| 171|0x000000070f300000, 0x000000070f300000, 0x000000070f400000|  0%| F|  |TAMS 0x000000070f300000, 0x000000070f300000| Untracked 
| 172|0x000000070f400000, 0x000000070f400000, 0x000000070f500000|  0%| F|  |TAMS 0x000000070f400000, 0x000000070f400000| Untracked 
| 173|0x000000070f500000, 0x000000070f500000, 0x000000070f600000|  0%| F|  |TAMS 0x000000070f500000, 0x000000070f500000| Untracked 
| 174|0x000000070f600000, 0x000000070f600000, 0x000000070f700000|  0%| F|  |TAMS 0x000000070f600000, 0x000000070f600000| Untracked 
| 175|0x000000070f700000, 0x000000070f700000, 0x000000070f800000|  0%| F|  |TAMS 0x000000070f700000, 0x000000070f700000| Untracked 
| 176|0x000000070f800000, 0x000000070f800000, 0x000000070f900000|  0%| F|  |TAMS 0x000000070f800000, 0x000000070f800000| Untracked 
| 177|0x000000070f900000, 0x000000070f900000, 0x000000070fa00000|  0%| F|  |TAMS 0x000000070f900000, 0x000000070f900000| Untracked 
| 178|0x000000070fa00000, 0x000000070fa00000, 0x000000070fb00000|  0%| F|  |TAMS 0x000000070fa00000, 0x000000070fa00000| Untracked 
| 179|0x000000070fb00000, 0x000000070fb00000, 0x000000070fc00000|  0%| F|  |TAMS 0x000000070fb00000, 0x000000070fb00000| Untracked 
| 180|0x000000070fc00000, 0x000000070fc00000, 0x000000070fd00000|  0%| F|  |TAMS 0x000000070fc00000, 0x000000070fc00000| Untracked 
| 181|0x000000070fd00000, 0x000000070fd00000, 0x000000070fe00000|  0%| F|  |TAMS 0x000000070fd00000, 0x000000070fd00000| Untracked 
| 182|0x000000070fe00000, 0x000000070fe00000, 0x000000070ff00000|  0%| F|  |TAMS 0x000000070fe00000, 0x000000070fe00000| Untracked 
| 183|0x000000070ff00000, 0x000000070ff00000, 0x0000000710000000|  0%| F|  |TAMS 0x000000070ff00000, 0x000000070ff00000| Untracked 
| 184|0x0000000710000000, 0x0000000710000000, 0x0000000710100000|  0%| F|  |TAMS 0x0000000710000000, 0x0000000710000000| Untracked 
| 185|0x0000000710100000, 0x0000000710100000, 0x0000000710200000|  0%| F|  |TAMS 0x0000000710100000, 0x0000000710100000| Untracked 
| 186|0x0000000710200000, 0x0000000710200000, 0x0000000710300000|  0%| F|  |TAMS 0x0000000710200000, 0x0000000710200000| Untracked 
| 187|0x0000000710300000, 0x0000000710300000, 0x0000000710400000|  0%| F|  |TAMS 0x0000000710300000, 0x0000000710300000| Untracked 
| 188|0x0000000710400000, 0x0000000710400000, 0x0000000710500000|  0%| F|  |TAMS 0x0000000710400000, 0x0000000710400000| Untracked 
| 189|0x0000000710500000, 0x0000000710500000, 0x0000000710600000|  0%| F|  |TAMS 0x0000000710500000, 0x0000000710500000| Untracked 
| 190|0x0000000710600000, 0x0000000710600000, 0x0000000710700000|  0%| F|  |TAMS 0x0000000710600000, 0x0000000710600000| Untracked 
| 191|0x0000000710700000, 0x0000000710700000, 0x0000000710800000|  0%| F|  |TAMS 0x0000000710700000, 0x0000000710700000| Untracked 
| 192|0x0000000710800000, 0x0000000710800000, 0x0000000710900000|  0%| F|  |TAMS 0x0000000710800000, 0x0000000710800000| Untracked 
| 193|0x0000000710900000, 0x00000007109efd90, 0x0000000710a00000| 93%| S|CS|TAMS 0x0000000710900000, 0x0000000710900000| Complete 
| 194|0x0000000710a00000, 0x0000000710b00000, 0x0000000710b00000|100%| S|CS|TAMS 0x0000000710a00000, 0x0000000710a00000| Complete 
| 195|0x0000000710b00000, 0x0000000710c00000, 0x0000000710c00000|100%| S|CS|TAMS 0x0000000710b00000, 0x0000000710b00000| Complete 
| 196|0x0000000710c00000, 0x0000000710d00000, 0x0000000710d00000|100%| S|CS|TAMS 0x0000000710c00000, 0x0000000710c00000| Complete 
| 197|0x0000000710d00000, 0x0000000710d00000, 0x0000000710e00000|  0%| F|  |TAMS 0x0000000710d00000, 0x0000000710d00000| Untracked 
| 198|0x0000000710e00000, 0x0000000710e00000, 0x0000000710f00000|  0%| F|  |TAMS 0x0000000710e00000, 0x0000000710e00000| Untracked 
| 199|0x0000000710f00000, 0x0000000710f00000, 0x0000000711000000|  0%| F|  |TAMS 0x0000000710f00000, 0x0000000710f00000| Untracked 
| 200|0x0000000711000000, 0x0000000711000000, 0x0000000711100000|  0%| F|  |TAMS 0x0000000711000000, 0x0000000711000000| Untracked 
| 201|0x0000000711100000, 0x0000000711100000, 0x0000000711200000|  0%| F|  |TAMS 0x0000000711100000, 0x0000000711100000| Untracked 
| 202|0x0000000711200000, 0x0000000711200000, 0x0000000711300000|  0%| F|  |TAMS 0x0000000711200000, 0x0000000711200000| Untracked 
| 203|0x0000000711300000, 0x0000000711300000, 0x0000000711400000|  0%| F|  |TAMS 0x0000000711300000, 0x0000000711300000| Untracked 
| 204|0x0000000711400000, 0x0000000711400000, 0x0000000711500000|  0%| F|  |TAMS 0x0000000711400000, 0x0000000711400000| Untracked 
| 205|0x0000000711500000, 0x0000000711500000, 0x0000000711600000|  0%| F|  |TAMS 0x0000000711500000, 0x0000000711500000| Untracked 
| 206|0x0000000711600000, 0x0000000711600000, 0x0000000711700000|  0%| F|  |TAMS 0x0000000711600000, 0x0000000711600000| Untracked 
| 207|0x0000000711700000, 0x0000000711700000, 0x0000000711800000|  0%| F|  |TAMS 0x0000000711700000, 0x0000000711700000| Untracked 
| 208|0x0000000711800000, 0x0000000711800000, 0x0000000711900000|  0%| F|  |TAMS 0x0000000711800000, 0x0000000711800000| Untracked 
| 209|0x0000000711900000, 0x0000000711900000, 0x0000000711a00000|  0%| F|  |TAMS 0x0000000711900000, 0x0000000711900000| Untracked 
| 210|0x0000000711a00000, 0x0000000711a00000, 0x0000000711b00000|  0%| F|  |TAMS 0x0000000711a00000, 0x0000000711a00000| Untracked 
| 211|0x0000000711b00000, 0x0000000711b00000, 0x0000000711c00000|  0%| F|  |TAMS 0x0000000711b00000, 0x0000000711b00000| Untracked 
| 212|0x0000000711c00000, 0x0000000711c00000, 0x0000000711d00000|  0%| F|  |TAMS 0x0000000711c00000, 0x0000000711c00000| Untracked 
| 213|0x0000000711d00000, 0x0000000711d00000, 0x0000000711e00000|  0%| F|  |TAMS 0x0000000711d00000, 0x0000000711d00000| Untracked 
| 214|0x0000000711e00000, 0x0000000711e00000, 0x0000000711f00000|  0%| F|  |TAMS 0x0000000711e00000, 0x0000000711e00000| Untracked 
| 215|0x0000000711f00000, 0x0000000711f00000, 0x0000000712000000|  0%| F|  |TAMS 0x0000000711f00000, 0x0000000711f00000| Untracked 
| 216|0x0000000712000000, 0x0000000712000000, 0x0000000712100000|  0%| F|  |TAMS 0x0000000712000000, 0x0000000712000000| Untracked 
| 217|0x0000000712100000, 0x0000000712100000, 0x0000000712200000|  0%| F|  |TAMS 0x0000000712100000, 0x0000000712100000| Untracked 
| 218|0x0000000712200000, 0x0000000712200000, 0x0000000712300000|  0%| F|  |TAMS 0x0000000712200000, 0x0000000712200000| Untracked 
| 219|0x0000000712300000, 0x0000000712300000, 0x0000000712400000|  0%| F|  |TAMS 0x0000000712300000, 0x0000000712300000| Untracked 
| 220|0x0000000712400000, 0x0000000712400000, 0x0000000712500000|  0%| F|  |TAMS 0x0000000712400000, 0x0000000712400000| Untracked 
| 221|0x0000000712500000, 0x0000000712500000, 0x0000000712600000|  0%| F|  |TAMS 0x0000000712500000, 0x0000000712500000| Untracked 
| 222|0x0000000712600000, 0x0000000712600000, 0x0000000712700000|  0%| F|  |TAMS 0x0000000712600000, 0x0000000712600000| Untracked 
| 223|0x0000000712700000, 0x0000000712700000, 0x0000000712800000|  0%| F|  |TAMS 0x0000000712700000, 0x0000000712700000| Untracked 
| 224|0x0000000712800000, 0x0000000712800000, 0x0000000712900000|  0%| F|  |TAMS 0x0000000712800000, 0x0000000712800000| Untracked 
| 225|0x0000000712900000, 0x0000000712900000, 0x0000000712a00000|  0%| F|  |TAMS 0x0000000712900000, 0x0000000712900000| Untracked 
| 226|0x0000000712a00000, 0x0000000712a00000, 0x0000000712b00000|  0%| F|  |TAMS 0x0000000712a00000, 0x0000000712a00000| Untracked 
| 227|0x0000000712b00000, 0x0000000712b00000, 0x0000000712c00000|  0%| F|  |TAMS 0x0000000712b00000, 0x0000000712b00000| Untracked 
| 228|0x0000000712c00000, 0x0000000712c00000, 0x0000000712d00000|  0%| F|  |TAMS 0x0000000712c00000, 0x0000000712c00000| Untracked 
| 229|0x0000000712d00000, 0x0000000712d00000, 0x0000000712e00000|  0%| F|  |TAMS 0x0000000712d00000, 0x0000000712d00000| Untracked 
| 230|0x0000000712e00000, 0x0000000712e00000, 0x0000000712f00000|  0%| F|  |TAMS 0x0000000712e00000, 0x0000000712e00000| Untracked 
| 231|0x0000000712f00000, 0x0000000712f00000, 0x0000000713000000|  0%| F|  |TAMS 0x0000000712f00000, 0x0000000712f00000| Untracked 
| 232|0x0000000713000000, 0x0000000713000000, 0x0000000713100000|  0%| F|  |TAMS 0x0000000713000000, 0x0000000713000000| Untracked 
| 233|0x0000000713100000, 0x0000000713100000, 0x0000000713200000|  0%| F|  |TAMS 0x0000000713100000, 0x0000000713100000| Untracked 
| 234|0x0000000713200000, 0x0000000713200000, 0x0000000713300000|  0%| F|  |TAMS 0x0000000713200000, 0x0000000713200000| Untracked 
| 235|0x0000000713300000, 0x0000000713300000, 0x0000000713400000|  0%| F|  |TAMS 0x0000000713300000, 0x0000000713300000| Untracked 
| 236|0x0000000713400000, 0x0000000713400000, 0x0000000713500000|  0%| F|  |TAMS 0x0000000713400000, 0x0000000713400000| Untracked 
| 237|0x0000000713500000, 0x0000000713500000, 0x0000000713600000|  0%| F|  |TAMS 0x0000000713500000, 0x0000000713500000| Untracked 
| 238|0x0000000713600000, 0x0000000713600000, 0x0000000713700000|  0%| F|  |TAMS 0x0000000713600000, 0x0000000713600000| Untracked 
| 239|0x0000000713700000, 0x0000000713780800, 0x0000000713800000| 50%| E|  |TAMS 0x0000000713700000, 0x0000000713700000| Complete 
| 240|0x0000000713800000, 0x0000000713900000, 0x0000000713900000|100%| E|CS|TAMS 0x0000000713800000, 0x0000000713800000| Complete 
| 241|0x0000000713900000, 0x0000000713a00000, 0x0000000713a00000|100%| E|CS|TAMS 0x0000000713900000, 0x0000000713900000| Complete 
| 242|0x0000000713a00000, 0x0000000713b00000, 0x0000000713b00000|100%| E|CS|TAMS 0x0000000713a00000, 0x0000000713a00000| Complete 
| 243|0x0000000713b00000, 0x0000000713c00000, 0x0000000713c00000|100%| E|CS|TAMS 0x0000000713b00000, 0x0000000713b00000| Complete 
| 244|0x0000000713c00000, 0x0000000713d00000, 0x0000000713d00000|100%| E|CS|TAMS 0x0000000713c00000, 0x0000000713c00000| Complete 
| 245|0x0000000713d00000, 0x0000000713e00000, 0x0000000713e00000|100%| E|CS|TAMS 0x0000000713d00000, 0x0000000713d00000| Complete 
| 246|0x0000000713e00000, 0x0000000713f00000, 0x0000000713f00000|100%| E|CS|TAMS 0x0000000713e00000, 0x0000000713e00000| Complete 
| 247|0x0000000713f00000, 0x0000000714000000, 0x0000000714000000|100%| E|CS|TAMS 0x0000000713f00000, 0x0000000713f00000| Complete 
| 248|0x0000000714000000, 0x0000000714100000, 0x0000000714100000|100%| E|CS|TAMS 0x0000000714000000, 0x0000000714000000| Complete 
| 249|0x0000000714100000, 0x0000000714200000, 0x0000000714200000|100%| E|CS|TAMS 0x0000000714100000, 0x0000000714100000| Complete 
| 250|0x0000000714200000, 0x0000000714300000, 0x0000000714300000|100%| E|CS|TAMS 0x0000000714200000, 0x0000000714200000| Complete 
| 251|0x0000000714300000, 0x0000000714400000, 0x0000000714400000|100%| E|CS|TAMS 0x0000000714300000, 0x0000000714300000| Complete 

Card table byte_map: [0x00000210604c0000,0x0000021060ca0000] _byte_map_base: 0x000002105cc9c000

Marking Bits (Prev, Next): (CMBitMap*) 0x000002104750b4a8, (CMBitMap*) 0x000002104750b4e0
 Prev Bits: [0x0000021061480000, 0x0000021065360000)
 Next Bits: [0x0000021065360000, 0x0000021069240000)

Polling page: 0x00000210473b0000

Metaspace:

Usage:
  Non-class:     26.33 MB capacity,    25.77 MB ( 98%) used,   462.01 KB (  2%) free+waste,   111.19 KB ( <1%) overhead. 
      Class:      3.76 MB capacity,     3.36 MB ( 89%) used,   349.59 KB (  9%) free+waste,    55.12 KB (  1%) overhead. 
       Both:     30.08 MB capacity,    29.13 MB ( 97%) used,   811.60 KB (  3%) free+waste,   166.31 KB ( <1%) overhead. 

Virtual space:
  Non-class space:       32.00 MB reserved,      26.50 MB ( 83%) committed 
      Class space:        1.00 GB reserved,       3.88 MB ( <1%) committed 
             Both:        1.03 GB reserved,      30.38 MB (  3%) committed 

Chunk freelists:
   Non-Class:  50.00 KB
       Class:  24.00 KB
        Both:  74.00 KB

MaxMetaspaceSize: 17179869184.00 GB
CompressedClassSpaceSize: 1.00 GB
Initial GC threshold: 20.80 MB
Current GC threshold: 48.96 MB
CDS: off

CodeHeap 'non-profiled nmethods': size=120000Kb used=1120Kb max_used=1120Kb free=118879Kb
 bounds [0x0000021057b20000, 0x0000021057d90000, 0x000002105f050000]
CodeHeap 'profiled nmethods': size=120000Kb used=5300Kb max_used=5300Kb free=114699Kb
 bounds [0x00000210505f0000, 0x0000021050b20000, 0x0000021057b20000]
CodeHeap 'non-nmethods': size=5760Kb used=1196Kb max_used=1224Kb free=4563Kb
 bounds [0x0000021050050000, 0x00000210502c0000, 0x00000210505f0000]
 total_blobs=2941 nmethods=2482 adapters=371
 compilation: enabled
              stopped_count=0, restarted_count=0
 full_count=0

Compilation events (20 events):
Event: 7.830 Thread 0x000002106c902800 2405       3       org.springframework.core.annotation.AnnotationTypeMappings$Cache::get (21 bytes)
Event: 7.831 Thread 0x000002106c902800 nmethod 2405 0x0000021050ad6d90 code [0x0000021050ad6fa0, 0x0000021050ad7688]
Event: 7.831 Thread 0x000002106c902800 2406       3       org.springframework.core.annotation.AnnotationTypeMappings$Cache$$Lambda$355/0x00000008001bf840::get$Lambda (10 bytes)
Event: 7.831 Thread 0x000002106c902800 nmethod 2406 0x0000021050ad7910 code [0x0000021050ad7ae0, 0x0000021050ad7db8]
Event: 7.832 Thread 0x000002106c902800 2407       3       org.springframework.core.annotation.AnnotationTypeMappings$Cache$$Lambda$355/0x00000008001bf840::<init> (15 bytes)
Event: 7.832 Thread 0x000002106c902800 nmethod 2407 0x0000021050ad7e90 code [0x0000021050ad8040, 0x0000021050ad8258]
Event: 7.832 Thread 0x000002106c902800 2410       3       org.springframework.core.annotation.AnnotationTypeMappings::forAnnotationType (12 bytes)
Event: 7.833 Thread 0x000002106c902800 nmethod 2410 0x0000021050ad8310 code [0x0000021050ad8520, 0x0000021050ad8b68]
Event: 7.833 Thread 0x000002106c902800 2412       3       org.springframework.core.type.AnnotatedTypeMetadata::isAnnotated (13 bytes)
Event: 7.833 Thread 0x000002106c902800 nmethod 2412 0x0000021050ad8d90 code [0x0000021050ad8f60, 0x0000021050ad91f8]
Event: 7.833 Thread 0x000002106c902800 2411       3       org.springframework.core.annotation.AnnotationTypeMappings::forAnnotationType (12 bytes)
Event: 7.834 Thread 0x000002106c902800 nmethod 2411 0x0000021050ad9310 code [0x0000021050ad94e0, 0x0000021050ad96c8]
Event: 7.840 Thread 0x000002106c902800 2414       1       org.springframework.core.type.classreading.SimpleMetadataReader::getClassMetadata (5 bytes)
Event: 7.840 Thread 0x000002106c902800 nmethod 2414 0x0000021057c27090 code [0x0000021057c27240, 0x0000021057c272f8]
Event: 7.840 Thread 0x000002106c902800 2416       3       sun.nio.fs.WindowsPath::isAbsolute (26 bytes)
Event: 7.841 Thread 0x000002106c902800 nmethod 2416 0x0000021050ad9810 code [0x0000021050ad99c0, 0x0000021050ad9b78]
Event: 7.841 Thread 0x000002106c902800 2417       1       java.util.Collections$EmptySet::isEmpty (2 bytes)
Event: 7.841 Thread 0x000002106c902800 nmethod 2417 0x0000021057c27390 code [0x0000021057c27540, 0x0000021057c275f8]
Event: 7.841 Thread 0x000002106c902800 2418       3       sun.nio.fs.WindowsPath::toWindowsPath (32 bytes)
Event: 7.842 Thread 0x000002106c902800 nmethod 2418 0x0000021050ad9c10 code [0x0000021050ad9e00, 0x0000021050ada298]

GC Heap History (8 events):
Event: 2.544 GC heap before
{Heap before GC invocations=0 (full 0):
 garbage-first heap   total 258048K, used 24576K [0x0000000704800000, 0x0000000800000000)
  region size 1024K, 24 young (24576K), 0 survivors (0K)
 Metaspace       used 10997K, capacity 11271K, committed 11392K, reserved 1058816K
  class space    used 1017K, capacity 1102K, committed 1152K, reserved 1048576K
}
Event: 2.559 GC heap after
{Heap after GC invocations=1 (full 0):
 garbage-first heap   total 258048K, used 9303K [0x0000000704800000, 0x0000000800000000)
  region size 1024K, 3 young (3072K), 3 survivors (3072K)
 Metaspace       used 10997K, capacity 11271K, committed 11392K, reserved 1058816K
  class space    used 1017K, capacity 1102K, committed 1152K, reserved 1048576K
}
Event: 5.040 GC heap before
{Heap before GC invocations=1 (full 0):
 garbage-first heap   total 258048K, used 48215K [0x0000000704800000, 0x0000000800000000)
  region size 1024K, 42 young (43008K), 3 survivors (3072K)
 Metaspace       used 17381K, capacity 18029K, committed 18176K, reserved 1064960K
  class space    used 1814K, capacity 2045K, committed 2048K, reserved 1048576K
}
Event: 5.047 GC heap after
{Heap after GC invocations=2 (full 0):
 garbage-first heap   total 258048K, used 11170K [0x0000000704800000, 0x0000000800000000)
  region size 1024K, 5 young (5120K), 5 survivors (5120K)
 Metaspace       used 17381K, capacity 18029K, committed 18176K, reserved 1064960K
  class space    used 1814K, capacity 2045K, committed 2048K, reserved 1048576K
}
Event: 5.884 GC heap before
{Heap before GC invocations=2 (full 0):
 garbage-first heap   total 258048K, used 30626K [0x0000000704800000, 0x0000000800000000)
  region size 1024K, 25 young (25600K), 5 survivors (5120K)
 Metaspace       used 20450K, capacity 21154K, committed 21248K, reserved 1069056K
  class space    used 2202K, capacity 2470K, committed 2560K, reserved 1048576K
}
Event: 5.892 GC heap after
{Heap after GC invocations=3 (full 0):
 garbage-first heap   total 258048K, used 11516K [0x0000000704800000, 0x0000000800000000)
  region size 1024K, 3 young (3072K), 3 survivors (3072K)
 Metaspace       used 20450K, capacity 21154K, committed 21248K, reserved 1069056K
  class space    used 2202K, capacity 2470K, committed 2560K, reserved 1048576K
}
Event: 7.673 GC heap before
{Heap before GC invocations=4 (full 0):
 garbage-first heap   total 258048K, used 63740K [0x0000000704800000, 0x0000000800000000)
  region size 1024K, 55 young (56320K), 3 survivors (3072K)
 Metaspace       used 28837K, capacity 29758K, committed 29824K, reserved 1081344K
  class space    used 3299K, capacity 3690K, committed 3712K, reserved 1048576K
}
Event: 7.681 GC heap after
{Heap after GC invocations=5 (full 0):
 garbage-first heap   total 258048K, used 13388K [0x0000000704800000, 0x0000000800000000)
  region size 1024K, 4 young (4096K), 4 survivors (4096K)
 Metaspace       used 28837K, capacity 29758K, committed 29824K, reserved 1081344K
  class space    used 3299K, capacity 3690K, committed 3712K, reserved 1048576K
}

Deoptimization events (20 events):
Event: 7.154 Thread 0x00000210474a7800 DEOPT PACKING pc=0x000002105090bff7 sp=0x000000500a3fa4e0
Event: 7.154 Thread 0x00000210474a7800 DEOPT UNPACKING pc=0x000002105009a95e sp=0x000000500a3f9968 mode 0
Event: 7.266 Thread 0x000002106d9d0000 DEOPT PACKING pc=0x000002105090bff7 sp=0x000000500cafcc50
Event: 7.266 Thread 0x000002106d9d0000 DEOPT UNPACKING pc=0x000002105009a95e sp=0x000000500cafc0d8 mode 0
Event: 7.351 Thread 0x000002106d9d0000 DEOPT PACKING pc=0x000002105090bff7 sp=0x000000500cafd270
Event: 7.351 Thread 0x000002106d9d0000 DEOPT UNPACKING pc=0x000002105009a95e sp=0x000000500cafc6f8 mode 0
Event: 7.476 Thread 0x000002106d9d0000 DEOPT PACKING pc=0x000002105090bff7 sp=0x000000500cafb490
Event: 7.476 Thread 0x000002106d9d0000 DEOPT UNPACKING pc=0x000002105009a95e sp=0x000000500cafa918 mode 0
Event: 7.523 Thread 0x00000210474a7800 Uncommon trap: trap_request=0xffffffc6 fr.pc=0x0000021057b7cb60 relative=0x0000000000000380
Event: 7.523 Thread 0x00000210474a7800 Uncommon trap: reason=bimorphic_or_optimized_type_check action=maybe_recompile pc=0x0000021057b7cb60 method=java.util.HashMap.getNode(ILjava/lang/Object;)Ljava/util/HashMap$Node; @ 126 c2
Event: 7.523 Thread 0x00000210474a7800 DEOPT PACKING pc=0x0000021057b7cb60 sp=0x000000500a3fbc30
Event: 7.523 Thread 0x00000210474a7800 DEOPT UNPACKING pc=0x000002105009a1af sp=0x000000500a3fbba8 mode 2
Event: 7.543 Thread 0x00000210474a7800 Uncommon trap: trap_request=0xffffff4d fr.pc=0x0000021057bc5db0 relative=0x0000000000000270
Event: 7.543 Thread 0x00000210474a7800 Uncommon trap: reason=unstable_if action=reinterpret pc=0x0000021057bc5db0 method=java.util.concurrent.ConcurrentHashMap.get(Ljava/lang/Object;)Ljava/lang/Object; @ 76 c2
Event: 7.543 Thread 0x00000210474a7800 DEOPT PACKING pc=0x0000021057bc5db0 sp=0x000000500a3f93b0
Event: 7.543 Thread 0x00000210474a7800 DEOPT UNPACKING pc=0x000002105009a1af sp=0x000000500a3f9328 mode 2
Event: 7.799 Thread 0x000002106d9d0000 Uncommon trap: trap_request=0xffffff4d fr.pc=0x0000021057c0c5cc relative=0x000000000000056c
Event: 7.799 Thread 0x000002106d9d0000 Uncommon trap: reason=unstable_if action=reinterpret pc=0x0000021057c0c5cc method=jdk.internal.org.objectweb.asm.Type.getArgumentsAndReturnSizes(Ljava/lang/String;)I @ 47 c2
Event: 7.799 Thread 0x000002106d9d0000 DEOPT PACKING pc=0x0000021057c0c5cc sp=0x000000500cafc1b0
Event: 7.799 Thread 0x000002106d9d0000 DEOPT UNPACKING pc=0x000002105009a1af sp=0x000000500cafc130 mode 2

Classes redefined (0 events):
No events

Internal exceptions (20 events):
Event: 7.527 Thread 0x00000210474a7800 Exception <a 'java/lang/ClassNotFoundException'{0x00000007117acf80}: java/lang/ObjectCustomizer> (0x00000007117acf80) thrown at [s\src\hotspot\share\classfile\systemDictionary.cpp, line 230]
Event: 7.547 Thread 0x00000210474a7800 Exception <a 'java/lang/ClassNotFoundException'{0x000000071150ef28}: org/springframework/context/annotation/ConfigurationClassPostProcessorCustomizer> (0x000000071150ef28) thrown at [s\src\hotspot\share\classfile\systemDictionary.cpp, line 230]
Event: 7.553 Thread 0x00000210474a7800 Exception <a 'java/lang/ClassNotFoundException'{0x00000007115456f8}: org/springframework/beans/factory/support/BeanDefinitionRegistryPostProcessorCustomizer> (0x00000007115456f8) thrown at [s\src\hotspot\share\classfile\systemDictionary.cpp, line 230]
Event: 7.555 Thread 0x00000210474a7800 Exception <a 'java/lang/ClassNotFoundException'{0x0000000711569460}: org/springframework/beans/factory/config/BeanFactoryPostProcessorCustomizer> (0x0000000711569460) thrown at [s\src\hotspot\share\classfile\systemDictionary.cpp, line 230]
Event: 7.556 Thread 0x00000210474a7800 Exception <a 'java/lang/ClassNotFoundException'{0x00000007115e4328}: org/springframework/core/PriorityOrderedCustomizer> (0x00000007115e4328) thrown at [s\src\hotspot\share\classfile\systemDictionary.cpp, line 230]
Event: 7.559 Thread 0x00000210474a7800 Exception <a 'java/lang/ClassNotFoundException'{0x00000007115fdea0}: org/springframework/core/OrderedCustomizer> (0x00000007115fdea0) thrown at [s\src\hotspot\share\classfile\systemDictionary.cpp, line 230]
Event: 7.561 Thread 0x00000210474a7800 Exception <a 'java/lang/ClassNotFoundException'{0x000000071147a970}: org/springframework/context/ResourceLoaderAwareCustomizer> (0x000000071147a970) thrown at [s\src\hotspot\share\classfile\systemDictionary.cpp, line 230]
Event: 7.565 Thread 0x00000210474a7800 Exception <a 'java/lang/ClassNotFoundException'{0x0000000711496d38}: org/springframework/beans/factory/AwareCustomizer> (0x0000000711496d38) thrown at [s\src\hotspot\share\classfile\systemDictionary.cpp, line 230]
Event: 7.567 Thread 0x00000210474a7800 Exception <a 'java/lang/ClassNotFoundException'{0x00000007114b5a98}: org/springframework/context/ApplicationStartupAwareCustomizer> (0x00000007114b5a98) thrown at [s\src\hotspot\share\classfile\systemDictionary.cpp, line 230]
Event: 7.570 Thread 0x00000210474a7800 Exception <a 'java/lang/ClassNotFoundException'{0x00000007114d20d8}: org/springframework/beans/factory/AwareCustomizer> (0x00000007114d20d8) thrown at [s\src\hotspot\share\classfile\systemDictionary.cpp, line 230]
Event: 7.571 Thread 0x00000210474a7800 Exception <a 'java/lang/ClassNotFoundException'{0x00000007114f1768}: org/springframework/beans/factory/BeanClassLoaderAwareCustomizer> (0x00000007114f1768) thrown at [s\src\hotspot\share\classfile\systemDictionary.cpp, line 230]
Event: 7.573 Thread 0x00000210474a7800 Exception <a 'java/lang/ClassNotFoundException'{0x000000071130e020}: org/springframework/beans/factory/AwareCustomizer> (0x000000071130e020) thrown at [s\src\hotspot\share\classfile\systemDictionary.cpp, line 230]
Event: 7.575 Thread 0x00000210474a7800 Exception <a 'java/lang/ClassNotFoundException'{0x000000071132b008}: org/springframework/context/EnvironmentAwareCustomizer> (0x000000071132b008) thrown at [s\src\hotspot\share\classfile\systemDictionary.cpp, line 230]
Event: 7.578 Thread 0x00000210474a7800 Exception <a 'java/lang/ClassNotFoundException'{0x0000000711347360}: org/springframework/beans/factory/AwareCustomizer> (0x0000000711347360) thrown at [s\src\hotspot\share\classfile\systemDictionary.cpp, line 230]
Event: 7.799 Thread 0x000002106d9d0000 Exception <a 'java/lang/NoSuchMethodError'{0x0000000713d5a5e8}: 'long java.lang.invoke.DirectMethodHandle$Holder.invokeSpecial(java.lang.Object, java.lang.Object)'> (0x0000000713d5a5e8) thrown at [s\src\hotspot\share\interpreter\linkResolver.cpp, line 773]
Event: 7.803 Thread 0x000002106d9d0000 Exception <a 'java/lang/NoSuchMethodError'{0x0000000713d649a0}: 'long java.lang.invoke.DirectMethodHandle$Holder.invokeStatic(java.lang.Object, java.lang.Object)'> (0x0000000713d649a0) thrown at [s\src\hotspot\share\interpreter\linkResolver.cpp, line 773]
Event: 7.803 Thread 0x000002106d9d0000 Exception <a 'java/lang/NoSuchMethodError'{0x0000000713d677c8}: 'long java.lang.invoke.DirectMethodHandle$Holder.invokeStaticInit(java.lang.Object, java.lang.Object)'> (0x0000000713d677c8) thrown at [s\src\hotspot\share\interpreter\linkResolver.cpp, line 773]
Event: 7.806 Thread 0x000002106d9d0000 Exception <a 'java/lang/NoSuchMethodError'{0x0000000713d73c88}: 'long java.lang.invoke.DirectMethodHandle$Holder.invokeInterface(java.lang.Object, java.lang.Object)'> (0x0000000713d73c88) thrown at [s\src\hotspot\share\interpreter\linkResolver.cpp, line 773]
Event: 7.806 Thread 0x000002106d9d0000 Exception <a 'java/lang/IncompatibleClassChangeError'{0x0000000713d76a20}: Found class java.lang.Object, but interface was expected> (0x0000000713d76a20) thrown at [s\src\hotspot\share\interpreter\linkResolver.cpp, line 839]
Event: 7.832 Thread 0x000002106d9d0000 Exception <a 'java/lang/NoSuchMethodError'{0x0000000713b265c0}: 'java.lang.Object java.lang.invoke.DirectMethodHandle$Holder.invokeVirtual(java.lang.Object, java.lang.Object, java.lang.Object, java.lang.Object)'> (0x0000000713b265c0) thrown at [s\src\hotspot\share\interpreter\linkResolver.cpp, line 773]

Events (20 events):
Event: 7.833 Executing VM operation: RevokeBias done
Event: 7.833 loading class com/fasterxml/jackson/databind/ObjectMapper
Event: 7.833 loading class com/fasterxml/jackson/databind/ObjectMapper done
Event: 7.833 loading class com/fasterxml/jackson/annotation/PropertyAccessor
Event: 7.833 loading class com/fasterxml/jackson/annotation/PropertyAccessor done
Event: 7.833 loading class com/fasterxml/jackson/annotation/PropertyAccessor
Event: 7.833 loading class com/fasterxml/jackson/annotation/PropertyAccessor done
Event: 7.835 loading class com/fasterxml/jackson/annotation/PropertyAccessor
Event: 7.835 loading class com/fasterxml/jackson/annotation/PropertyAccessor done
Event: 7.835 loading class com/fasterxml/jackson/databind/ObjectMapper
Event: 7.835 loading class com/fasterxml/jackson/databind/ObjectMapper done
Event: 7.835 loading class com/fasterxml/jackson/databind/ObjectMapper
Event: 7.835 loading class com/fasterxml/jackson/databind/ObjectMapper done
Event: 7.835 loading class org/springframework/http/converter/json/Jackson2ObjectMapperBuilder
Event: 7.835 loading class org/springframework/http/converter/json/Jackson2ObjectMapperBuilder done
Event: 7.836 loading class org/springframework/boot/autoconfigure/BackgroundPreinitializer$CharsetInitializer
Event: 7.836 loading class org/springframework/boot/autoconfigure/BackgroundPreinitializer$CharsetInitializer done
Event: 7.837 Executing VM operation: RevokeBias
Event: 7.837 Executing VM operation: RevokeBias done
Event: 7.837 Thread 0x000002106d9d0000 Thread exited: 0x000002106d9d0000


Dynamic libraries:
0x00007ff767f70000 - 0x00007ff767f7e000 	C:\Users\22183\.jdks\corretto-11.0.25\bin\java.exe
0x00007ff99d660000 - 0x00007ff99d869000 	C:\windows\SYSTEM32\ntdll.dll
0x00007ff99b8a0000 - 0x00007ff99b95d000 	C:\windows\System32\KERNEL32.DLL
0x00007ff99add0000 - 0x00007ff99b154000 	C:\windows\System32\KERNELBASE.dll
0x00007ff99b160000 - 0x00007ff99b271000 	C:\windows\System32\ucrtbase.dll
0x00007ff974c20000 - 0x00007ff974c37000 	C:\Users\22183\.jdks\corretto-11.0.25\bin\jli.dll
0x00007ff974c70000 - 0x00007ff974c8b000 	C:\Users\22183\.jdks\corretto-11.0.25\bin\VCRUNTIME140.dll
0x00007ff99cd20000 - 0x00007ff99cecd000 	C:\windows\System32\USER32.dll
0x00007ff99ab60000 - 0x00007ff99ab86000 	C:\windows\System32\win32u.dll
0x00007ff99b9f0000 - 0x00007ff99ba1a000 	C:\windows\System32\GDI32.dll
0x00007ff99acb0000 - 0x00007ff99adce000 	C:\windows\System32\gdi32full.dll
0x00007ff99ab90000 - 0x00007ff99ac2d000 	C:\windows\System32\msvcp_win.dll
0x00007ff97dd60000 - 0x00007ff97e005000 	C:\windows\WinSxS\amd64_microsoft.windows.common-controls_6595b64144ccf1df_6.0.22000.120_none_9d947278b86cc467\COMCTL32.dll
0x00007ff99b780000 - 0x00007ff99b823000 	C:\windows\System32\msvcrt.dll
0x00007ff99b620000 - 0x00007ff99b651000 	C:\windows\System32\IMM32.DLL
0x0000000058730000 - 0x000000005873d000 	C:\Program Files (x86)\360\360Safe\safemon\SafeWrapper.dll
0x00007ff99bb10000 - 0x00007ff99bbbe000 	C:\windows\System32\ADVAPI32.dll
0x00007ff99bd70000 - 0x00007ff99be0e000 	C:\windows\System32\sechost.dll
0x00007ff99bc40000 - 0x00007ff99bd61000 	C:\windows\System32\RPCRT4.dll
0x00007ff9933b0000 - 0x00007ff9934b5000 	C:\Program Files (x86)\360\360Safe\safemon\libzdtp64.dll
0x00007ff99bf30000 - 0x00007ff99c6f5000 	C:\windows\System32\SHELL32.dll
0x00007ff99ced0000 - 0x00007ff99cf2d000 	C:\windows\System32\SHLWAPI.dll
0x00007ff99a540000 - 0x00007ff99a54a000 	C:\windows\SYSTEM32\VERSION.dll
0x00007ff992cd0000 - 0x00007ff992cdc000 	C:\Users\22183\.jdks\corretto-11.0.25\bin\vcruntime140_1.dll
0x00007ff96a080000 - 0x00007ff96a10d000 	C:\Users\22183\.jdks\corretto-11.0.25\bin\msvcp140.dll
0x00007ff92e8d0000 - 0x00007ff92f495000 	C:\Users\22183\.jdks\corretto-11.0.25\bin\server\jvm.dll
0x00007ff99b830000 - 0x00007ff99b89f000 	C:\windows\System32\WS2_32.dll
0x00007ff99b750000 - 0x00007ff99b758000 	C:\windows\System32\PSAPI.DLL
0x00007ff993850000 - 0x00007ff993883000 	C:\windows\SYSTEM32\WINMM.dll
0x00007ff999b70000 - 0x00007ff999b88000 	C:\windows\SYSTEM32\kernel.appcore.dll
0x00007ff992c20000 - 0x00007ff992c30000 	C:\Users\22183\.jdks\corretto-11.0.25\bin\verify.dll
0x00007ff998230000 - 0x00007ff998451000 	C:\windows\SYSTEM32\DBGHELP.DLL
0x00007ff975440000 - 0x00007ff975471000 	C:\windows\SYSTEM32\dbgcore.DLL
0x00007ff99ac30000 - 0x00007ff99acaf000 	C:\windows\System32\bcryptPrimitives.dll
0x00007ff972b50000 - 0x00007ff972b78000 	C:\Users\22183\.jdks\corretto-11.0.25\bin\java.dll
0x00007ff97e950000 - 0x00007ff97e95a000 	C:\Users\22183\.jdks\corretto-11.0.25\bin\jimage.dll
0x00007ff9743d0000 - 0x00007ff9743e8000 	C:\Users\22183\.jdks\corretto-11.0.25\bin\zip.dll
0x00007ff998b10000 - 0x00007ff999372000 	C:\windows\SYSTEM32\windows.storage.dll
0x00007ff99d0e0000 - 0x00007ff99d456000 	C:\windows\System32\combase.dll
0x00007ff9989a0000 - 0x00007ff998b07000 	C:\windows\SYSTEM32\wintypes.dll
0x00007ff99ba20000 - 0x00007ff99bb0a000 	C:\windows\System32\SHCORE.dll
0x00007ff99aa20000 - 0x00007ff99aa45000 	C:\windows\SYSTEM32\profapi.dll
0x00007ff974290000 - 0x00007ff9742a9000 	C:\Users\22183\.jdks\corretto-11.0.25\bin\net.dll
0x00007ff994e80000 - 0x00007ff994f94000 	C:\windows\SYSTEM32\WINHTTP.dll
0x0000000180000000 - 0x000000018008c000 	C:\windows\system32\ASProxy64.dll
0x00007ff99cf30000 - 0x00007ff99d0ca000 	C:\windows\System32\ole32.dll
0x00007ff99a030000 - 0x00007ff99a097000 	C:\windows\SYSTEM32\MSWSOCK.dll
0x00007ff99a550000 - 0x00007ff99a57d000 	C:\windows\SYSTEM32\IPHLPAPI.DLL
0x00007ff99b540000 - 0x00007ff99b616000 	C:\windows\System32\OLEAUT32.dll
0x00007ff999e10000 - 0x00007ff999e52000 	C:\windows\SYSTEM32\SspiCli.dll
0x00007ff9728a0000 - 0x00007ff9728b2000 	C:\Users\22183\.jdks\corretto-11.0.25\bin\nio.dll
0x00007ff996d40000 - 0x00007ff996dec000 	C:\windows\system32\uxtheme.dll
0x00007ff972670000 - 0x00007ff972679000 	C:\Users\22183\.jdks\corretto-11.0.25\bin\management.dll
0x00007ff972660000 - 0x00007ff97266b000 	C:\Users\22183\.jdks\corretto-11.0.25\bin\management_ext.dll
0x00007ff96cda0000 - 0x00007ff96cdb7000 	C:\windows\system32\napinsp.dll
0x00007ff96cd80000 - 0x00007ff96cd9b000 	C:\windows\system32\pnrpnsp.dll
0x00007ff999630000 - 0x00007ff999717000 	C:\windows\SYSTEM32\DNSAPI.dll
0x00007ff99bbc0000 - 0x00007ff99bbc9000 	C:\windows\System32\NSI.dll
0x00007ff96cd60000 - 0x00007ff96cd72000 	C:\windows\System32\winrnr.dll
0x00007ff96cd40000 - 0x00007ff96cd55000 	C:\windows\system32\wshbth.dll
0x00007ff972380000 - 0x00007ff97239f000 	C:\windows\system32\nlansp_c.dll
0x0000000058720000 - 0x000000005872b000 	C:\Program Files\National Instruments\Shared\mDNS Responder\nimdnsNSP.dll
0x0000000058700000 - 0x0000000058711000 	C:\windows\SYSTEM32\nimdnsResponder.dll
0x00000000586d0000 - 0x00000000586f6000 	C:\Program Files\Bonjour\mdnsNSP.dll
0x00007ff993700000 - 0x00007ff99370a000 	C:\Windows\System32\rasadhlp.dll
0x00007ff993660000 - 0x00007ff9936e1000 	C:\windows\System32\fwpuclnt.dll

dbghelp: loaded successfully - version: 4.0.5 - missing functions: none
symbol engine: initialized successfully - sym options: 0x614 - pdb path: .;C:\Users\22183\.jdks\corretto-11.0.25\bin;C:\windows\SYSTEM32;C:\windows\WinSxS\amd64_microsoft.windows.common-controls_6595b64144ccf1df_6.0.22000.120_none_9d947278b86cc467;C:\Program Files (x86)\360\360Safe\safemon;C:\Users\22183\.jdks\corretto-11.0.25\bin\server;C:\Program Files\National Instruments\Shared\mDNS Responder;C:\Program Files\Bonjour

VM Arguments:
java_command: C:\Users\22183\AppData\Local\Temp\surefire571937937029053812\surefirebooter-20251017215349454_3.jar C:\Users\22183\AppData\Local\Temp\surefire571937937029053812 2025-10-17T21-53-44_956-jvmRun1 surefire-20251017215349454_1tmp surefire_0-20251017215349454_2tmp
java_class_path (initial): C:\Users\22183\AppData\Local\Temp\surefire571937937029053812\surefirebooter-20251017215349454_3.jar
Launcher Type: SUN_STANDARD

[Global flags]
     intx CICompilerCount                          = 4                                         {product} {ergonomic}
     uint ConcGCThreads                            = 3                                         {product} {ergonomic}
     uint G1ConcRefinementThreads                  = 10                                        {product} {ergonomic}
   size_t G1HeapRegionSize                         = 1048576                                   {product} {ergonomic}
    uintx GCDrainStackTargetSize                   = 64                                        {product} {ergonomic}
   size_t InitialHeapSize                          = 264241152                                 {product} {ergonomic}
   size_t MarkStackSize                            = 4194304                                   {product} {ergonomic}
   size_t MaxHeapSize                              = 4219469824                                {product} {ergonomic}
   size_t MaxNewSize                               = 2531262464                                {product} {ergonomic}
   size_t MinHeapDeltaBytes                        = 1048576                                   {product} {ergonomic}
    uintx NonNMethodCodeHeapSize                   = 5836300                                {pd product} {ergonomic}
    uintx NonProfiledCodeHeapSize                  = 122910970                              {pd product} {ergonomic}
    uintx ProfiledCodeHeapSize                     = 122910970                              {pd product} {ergonomic}
    uintx ReservedCodeCacheSize                    = 251658240                              {pd product} {ergonomic}
     bool SegmentedCodeCache                       = true                                      {product} {ergonomic}
     bool UseCompressedClassPointers               = true                                 {lp64_product} {ergonomic}
     bool UseCompressedOops                        = true                                 {lp64_product} {ergonomic}
     bool UseG1GC                                  = true                                      {product} {ergonomic}
     bool UseLargePagesIndividualAllocation        = false                                  {pd product} {ergonomic}

Logging:
Log output configuration:
 #0: stdout all=warning uptime,level,tags
 #1: stderr all=off uptime,level,tags

Environment Variables:
JAVA_HOME=C:\Program Files\Java\jdk1.8.0_202
PATH=C:\Program Files;C:\\Windows\System32;C:\Program Files\Microsoft SQL Server\Client SDK\ODBC\170\Tools\Binn\;C:\Program Files\Microsoft SQL Server\160\DTS\Binn\;D:\Git\cmd;C:\Program Files\Microsoft SQL Server\150\Tools\Binn\;"C:\windows\system32;C:\windows;C:\windows\System32\Wbem;";C:\Program Files\apache-maven-3.9.6\bin;D:\Home\MySQL\bin;D:\Program Files\MATLAB\R2023b\runtime\win64;D:\Program Files\MATLAB\R2023b\bin;C:\Program Files\Docker\Docker\resources\bin;D:\Program Files\MATLAB\R2021b\runtime\win64;D:\Program Files\MATLAB\R2021b\bin;C:\Users\22183\Desktop\web\dll;es (x86)\Microsoft SQL Server\160\DTS\Binn\;C:\Program Files (x86)\Microsoft SQL Server\160\Tools\Binn\;C:\Program Files\Microsoft SQL Server\160\Tools\Binn\;C:\Program Files\Java\jdk1.8.0_202\bin;C:\windows\System32\WindowsPowerShell\v1.0\;C:\Program Files\python;C:\Program Files\python\Scripts;D:\BtSoft\panel\script;C:\Program Files (x86)\Git\cmd;C:\Program Files (x86)\NetSarang\Xftp 7\;C:\Program Files (x86)\NetSarang\Xlpd 7\;C:\Program Files\PuTTY\;C:\windows\system32;D:\nvm;D:\nvm\nodejs;D:\Program Files\Rational\common;D:\nodejs\node_global\node_modules\yarn\bin;D:\nodejs\node_global;C:\Program Files (x86)\Windows Kits\10\Windows Performance Toolkit\;;C:\Program Files\HP\HP One Agent;D:\Ruby32-x64\bin;C:\Users\22183\AppData\Local\Programs\Python\Python36-32\Scripts\;C:\Users\22183\AppData\Local\Programs\Python\Python36-32\;C:\Users\22183\AppData\Local\Microsoft\WindowsApps;D:\Microsoft VS Code\bin;C:\Program Files\Azure Data Studio\bin;D:\WebStorm 2021.1.3\bin;;C:\Users\22183\AppData\Local\GitHubDesktop\bin;C:\ProgramData\22183\GitHubDesktop\bin;C:\Program Files\Java\jdk1.8.0_202\jre;D:\nvm;D:\nvm\nodejs;D:\Program Files\IntelliJ IDEA 2024.2.3\bin;
USERNAME=22183
OS=Windows_NT
PROCESSOR_IDENTIFIER=Intel64 Family 6 Model 154 Stepping 4, GenuineIntel
TMP=C:\Users\22183\AppData\Local\Temp
TEMP=C:\Users\22183\AppData\Local\Temp



---------------  S Y S T E M  ---------------

OS: Windows 11 , 64 bit Build 22000 (10.0.22000.2538)
OS uptime: 0 days 3:31 hours
Hyper-V role detected

CPU:total 12 (initial active 12) (6 cores per cpu, 2 threads per core) family 6 model 154 stepping 4 microcode 0x419, cmov, cx8, fxsr, mmx, sse, sse2, sse3, ssse3, sse4.1, sse4.2, popcnt, avx, avx2, aes, clmul, erms, 3dnowpref, lzcnt, ht, tsc, tscinvbit, bmi1, bmi2, adx, sha, fma

Memory: 4k page, system-wide physical 16095M (89M free)
TotalPageFile size 25852M (AvailPageFile size 3M)
current process WorkingSet (physical memory assigned to process): 172M, peak: 172M
current process commit charge ("private bytes"): 400M, peak: 400M

vm_info: OpenJDK 64-Bit Server VM (11.0.25+9-LTS) for windows-amd64 JRE (11.0.25+9-LTS), built on Oct 10 2024 00:01:59 by "Administrator" with MS VC++ 16.10 / 16.11 (VS2019)

END.
