#
# There is insufficient memory for the Java Runtime Environment to continue.
# Native memory allocation (mmap) failed to map 53477376 bytes for Failed to commit area from 0x0000000714400000 to 0x0000000717700000 of length 53477376.
# Possible reasons:
#   The system is out of physical RAM or swap space
#   The process is running with CompressedOops enabled, and the Java Heap may be blocking the growth of the native heap
# Possible solutions:
#   Reduce memory load on the system
#   Increase physical memory or swap space
#   Check if swap backing store is full
#   Decrease Java heap size (-Xmx/-Xms)
#   Decrease number of Java threads
#   Decrease Java thread stack sizes (-Xss)
#   Set larger code cache with -XX:ReservedCodeCacheSize=
#   JVM is running with Zero Based Compressed Oops mode in which the Java heap is
#     placed in the first 32GB address space. The Java Heap base address is the
#     maximum limit for the native heap growth. Please use -XX:HeapBaseMinAddress
#     to set the Java Heap base and to place the Java Heap above 32GB virtual address.
# This output file may be truncated or incomplete.
#
#  Out of Memory Error (os_windows.cpp:3388), pid=34924, tid=36048
#
# JRE version: OpenJDK Runtime Environment Corretto-11.0.25.9.1 (11.0.25+9) (build 11.0.25+9-LTS)
# Java VM: OpenJDK 64-Bit Server VM Corretto-11.0.25.9.1 (11.0.25+9-LTS, mixed mode, tiered, compressed oops, g1 gc, windows-amd64)
# No core dump will be written. Minidumps are not enabled by default on client versions of Windows
#

---------------  S U M M A R Y ------------

Command Line: C:\Users\22183\AppData\Local\Temp\surefire15366507088397709022\surefirebooter-20251015171306962_3.jar C:\Users\22183\AppData\Local\Temp\surefire15366507088397709022 2025-10-15T17-13-05_818-jvmRun1 surefire-20251015171306962_1tmp surefire_0-20251015171306962_2tmp

Host: 12th Gen Intel(R) Core(TM) i7-1255U, 12 cores, 15G,  Windows 11 , 64 bit Build 22000 (10.0.22000.2538)
Time: Wed Oct 15 17:13:12 2025  Windows 11 , 64 bit Build 22000 (10.0.22000.2538) elapsed time: 4.625199 seconds (0d 0h 0m 4s)

---------------  T H R E A D  ---------------

Current thread (0x0000024eb01d5800):  VMThread "VM Thread" [stack: 0x000000a62fb00000,0x000000a62fc00000] [id=36048]

Stack: [0x000000a62fb00000,0x000000a62fc00000]
[error occurred during error reporting (printing stack bounds), id 0xc0000005, EXCEPTION_ACCESS_VIOLATION (0xc0000005) at pc=0x0000024e939a112d]

Native frames: (J=compiled Java code, j=interpreted, Vv=VM code, C=native code)
V  [jvm.dll+0x64644a]
V  [jvm.dll+0x7daca9]
V  [jvm.dll+0x7dc3a9]
V  [jvm.dll+0x7dc9f5]
V  [jvm.dll+0x7dc9ab]
V  [jvm.dll+0x645755]
V  [jvm.dll+0x645e58]
C  [ntdll.dll+0xa8cdf]
C  [ntdll.dll+0x35bea]
C  [ntdll.dll+0xa7cce]
C  0x0000024e939a112d

VM_Operation (0x000000a62f5f95f0): CollectForMetadataAllocation, mode: safepoint, requested by thread 0x0000024e8ae16800


---------------  P R O C E S S  ---------------

Threads class SMR info:
_java_thread_list=0x0000024eb03c5c10, length=12, elements={
0x0000024e8ae16800, 0x0000024eb01f8000, 0x0000024eb01f9000, 0x0000024eb020f800,
0x0000024eb0210800, 0x0000024eb0213000, 0x0000024eb0258800, 0x0000024eb025d800,
0x0000024eb0266800, 0x0000024eb03ee000, 0x0000024eb03eb800, 0x0000024eb03e9000
}

Java Threads: ( => current thread )
  0x0000024e8ae16800 JavaThread "main" [_thread_blocked, id=35456, stack(0x000000a62f500000,0x000000a62f600000)]
  0x0000024eb01f8000 JavaThread "Reference Handler" daemon [_thread_blocked, id=36032, stack(0x000000a62fc00000,0x000000a62fd00000)]
  0x0000024eb01f9000 JavaThread "Finalizer" daemon [_thread_blocked, id=34092, stack(0x000000a62fd00000,0x000000a62fe00000)]
  0x0000024eb020f800 JavaThread "Signal Dispatcher" daemon [_thread_blocked, id=6264, stack(0x000000a62fe00000,0x000000a62ff00000)]
  0x0000024eb0210800 JavaThread "Attach Listener" daemon [_thread_blocked, id=15456, stack(0x000000a62ff00000,0x000000a630000000)]
  0x0000024eb0213000 JavaThread "Service Thread" daemon [_thread_blocked, id=12392, stack(0x000000a630000000,0x000000a630100000)]
  0x0000024eb0258800 JavaThread "C2 CompilerThread0" daemon [_thread_blocked, id=34192, stack(0x000000a630100000,0x000000a630200000)]
  0x0000024eb025d800 JavaThread "C1 CompilerThread0" daemon [_thread_blocked, id=34528, stack(0x000000a630200000,0x000000a630300000)]
  0x0000024eb0266800 JavaThread "Sweeper thread" daemon [_thread_blocked, id=11436, stack(0x000000a630300000,0x000000a630400000)]
  0x0000024eb03ee000 JavaThread "Common-Cleaner" daemon [_thread_blocked, id=16668, stack(0x000000a630500000,0x000000a630600000)]
  0x0000024eb03eb800 JavaThread "surefire-forkedjvm-stream-flusher" daemon [_thread_blocked, id=24052, stack(0x000000a631200000,0x000000a631300000)]
  0x0000024eb03e9000 JavaThread "surefire-forkedjvm-command-thread" daemon [_thread_in_native, id=9552, stack(0x000000a631500000,0x000000a631600000)]

Other Threads:
=>0x0000024eb01d5800 VMThread "VM Thread" [stack: 0x000000a62fb00000,0x000000a62fc00000] [id=36048]
  0x0000024eb03d9800 WatcherThread [stack: 0x000000a630400000,0x000000a630500000] [id=33956]
  0x0000024e8ae30000 GCTaskThread "GC Thread#0" [stack: 0x000000a62f600000,0x000000a62f700000] [id=15968]
  0x0000024eb13f6000 GCTaskThread "GC Thread#1" [stack: 0x000000a631600000,0x000000a631700000] [id=14916]
  0x0000024eb17cb000 GCTaskThread "GC Thread#2" [stack: 0x000000a631700000,0x000000a631800000] [id=36644]
  0x0000024eb0f6e000 GCTaskThread "GC Thread#3" [stack: 0x000000a631800000,0x000000a631900000] [id=24392]
  0x0000024eb1d11800 GCTaskThread "GC Thread#4" [stack: 0x000000a631900000,0x000000a631a00000] [id=10924]
  0x0000024eb1d15000 GCTaskThread "GC Thread#5" [stack: 0x000000a631a00000,0x000000a631b00000] [id=3356]
  0x0000024e8ae8a800 ConcurrentGCThread "G1 Main Marker" [stack: 0x000000a62f700000,0x000000a62f800000] [id=3500]
  0x0000024e8ae8b800 ConcurrentGCThread "G1 Conc#0" [stack: 0x000000a62f800000,0x000000a62f900000] [id=3408]
  0x0000024eb1d0f800 ConcurrentGCThread "G1 Conc#1" [stack: 0x000000a631b00000,0x000000a631c00000] [id=35332]
  0x0000024eb1d12000 ConcurrentGCThread "G1 Conc#2" [stack: 0x000000a631c00000,0x000000a631d00000] [id=34176]
  0x0000024eaefb9800 ConcurrentGCThread "G1 Refine#0" [stack: 0x000000a62f900000,0x000000a62fa00000] [id=7488]
  0x0000024eaefbb000 ConcurrentGCThread "G1 Young RemSet Sampling" [stack: 0x000000a62fa00000,0x000000a62fb00000] [id=35752]

Threads with active compile tasks:
C2 CompilerThread0     4664 3286       4       org.springframework.beans.factory.support.AbstractBeanFactory::isTypeMatch (607 bytes)

VM state:at safepoint (normal execution)

VM Mutex/Monitor currently owned by a thread:  ([mutex/lock_event])
[0x0000024e8ae13200] Threads_lock - owner thread: 0x0000024eb01d5800
[0x0000024e8ae11e50] Heap_lock - owner thread: 0x0000024e8ae16800

Heap address: 0x0000000704800000, size: 4024 MB, Compressed Oops mode: Zero based, Oop shift amount: 3
Narrow klass base: 0x0000000800000000, Narrow klass shift: 0
Compressed class space size: 1073741824 Address: 0x0000000800000000

Heap:
 garbage-first heap   total 310272K, used 17177K [0x0000000704800000, 0x0000000800000000)
  region size 1024K, 8 young (8192K), 8 survivors (8192K)
 Metaspace       used 34746K, capacity 35807K, committed 35920K, reserved 1081344K
  class space    used 3987K, capacity 4423K, committed 4480K, reserved 1048576K
Heap Regions: E=young(eden), S=young(survivor), O=old, HS=humongous(starts), HC=humongous(continues), CS=collection set, F=free, A=archive, TAMS=top-at-mark-start (previous, next)
|   0|0x0000000704800000, 0x0000000704900000, 0x0000000704900000|100%| O|  |TAMS 0x0000000704900000, 0x0000000704900000| Untracked 
|   1|0x0000000704900000, 0x0000000704a00000, 0x0000000704a00000|100%| O|  |TAMS 0x0000000704a00000, 0x0000000704a00000| Untracked 
|   2|0x0000000704a00000, 0x0000000704b00000, 0x0000000704b00000|100%| O|  |TAMS 0x0000000704b00000, 0x0000000704b00000| Untracked 
|   3|0x0000000704b00000, 0x0000000704c00000, 0x0000000704c00000|100%| O|  |TAMS 0x0000000704c00000, 0x0000000704c00000| Untracked 
|   4|0x0000000704c00000, 0x0000000704d00000, 0x0000000704d00000|100%| O|  |TAMS 0x0000000704d00000, 0x0000000704d00000| Untracked 
|   5|0x0000000704d00000, 0x0000000704e00000, 0x0000000704e00000|100%| O|  |TAMS 0x0000000704e00000, 0x0000000704e00000| Untracked 
|   6|0x0000000704e00000, 0x0000000704f00000, 0x0000000704f00000|100%| O|  |TAMS 0x0000000704f00000, 0x0000000704f00000| Untracked 
|   7|0x0000000704f00000, 0x0000000705000000, 0x0000000705000000|100%| O|  |TAMS 0x0000000705000000, 0x0000000705000000| Untracked 
|   8|0x0000000705000000, 0x0000000705100000, 0x0000000705100000|100%| O|  |TAMS 0x0000000705100000, 0x0000000705100000| Untracked 
|   9|0x0000000705100000, 0x0000000705147c00, 0x0000000705200000| 28%| O|  |TAMS 0x0000000705147c00, 0x0000000705147c00| Untracked 
|  10|0x0000000705200000, 0x0000000705200000, 0x0000000705300000|  0%| F|  |TAMS 0x0000000705200000, 0x0000000705200000| Untracked 
|  11|0x0000000705300000, 0x0000000705300000, 0x0000000705400000|  0%| F|  |TAMS 0x0000000705300000, 0x0000000705300000| Untracked 
|  12|0x0000000705400000, 0x0000000705400000, 0x0000000705500000|  0%| F|  |TAMS 0x0000000705400000, 0x0000000705400000| Untracked 
|  13|0x0000000705500000, 0x0000000705500000, 0x0000000705600000|  0%| F|  |TAMS 0x0000000705500000, 0x0000000705500000| Untracked 
|  14|0x0000000705600000, 0x0000000705600000, 0x0000000705700000|  0%| F|  |TAMS 0x0000000705600000, 0x0000000705600000| Untracked 
|  15|0x0000000705700000, 0x0000000705700000, 0x0000000705800000|  0%| F|  |TAMS 0x0000000705700000, 0x0000000705700000| Untracked 
|  16|0x0000000705800000, 0x0000000705800000, 0x0000000705900000|  0%| F|  |TAMS 0x0000000705800000, 0x0000000705800000| Untracked 
|  17|0x0000000705900000, 0x0000000705900000, 0x0000000705a00000|  0%| F|  |TAMS 0x0000000705900000, 0x0000000705900000| Untracked 
|  18|0x0000000705a00000, 0x0000000705a00000, 0x0000000705b00000|  0%| F|  |TAMS 0x0000000705a00000, 0x0000000705a00000| Untracked 
|  19|0x0000000705b00000, 0x0000000705b00000, 0x0000000705c00000|  0%| F|  |TAMS 0x0000000705b00000, 0x0000000705b00000| Untracked 
|  20|0x0000000705c00000, 0x0000000705c00000, 0x0000000705d00000|  0%| F|  |TAMS 0x0000000705c00000, 0x0000000705c00000| Untracked 
|  21|0x0000000705d00000, 0x0000000705d00000, 0x0000000705e00000|  0%| F|  |TAMS 0x0000000705d00000, 0x0000000705d00000| Untracked 
|  22|0x0000000705e00000, 0x0000000705e00000, 0x0000000705f00000|  0%| F|  |TAMS 0x0000000705e00000, 0x0000000705e00000| Untracked 
|  23|0x0000000705f00000, 0x0000000705f00000, 0x0000000706000000|  0%| F|  |TAMS 0x0000000705f00000, 0x0000000705f00000| Untracked 
|  24|0x0000000706000000, 0x0000000706000000, 0x0000000706100000|  0%| F|  |TAMS 0x0000000706000000, 0x0000000706000000| Untracked 
|  25|0x0000000706100000, 0x0000000706100000, 0x0000000706200000|  0%| F|  |TAMS 0x0000000706100000, 0x0000000706100000| Untracked 
|  26|0x0000000706200000, 0x0000000706200000, 0x0000000706300000|  0%| F|  |TAMS 0x0000000706200000, 0x0000000706200000| Untracked 
|  27|0x0000000706300000, 0x0000000706300000, 0x0000000706400000|  0%| F|  |TAMS 0x0000000706300000, 0x0000000706300000| Untracked 
|  28|0x0000000706400000, 0x0000000706400000, 0x0000000706500000|  0%| F|  |TAMS 0x0000000706400000, 0x0000000706400000| Untracked 
|  29|0x0000000706500000, 0x0000000706500000, 0x0000000706600000|  0%| F|  |TAMS 0x0000000706500000, 0x0000000706500000| Untracked 
|  30|0x0000000706600000, 0x0000000706600000, 0x0000000706700000|  0%| F|  |TAMS 0x0000000706600000, 0x0000000706600000| Untracked 
|  31|0x0000000706700000, 0x0000000706700000, 0x0000000706800000|  0%| F|  |TAMS 0x0000000706700000, 0x0000000706700000| Untracked 
|  32|0x0000000706800000, 0x0000000706800000, 0x0000000706900000|  0%| F|  |TAMS 0x0000000706800000, 0x0000000706800000| Untracked 
|  33|0x0000000706900000, 0x0000000706900000, 0x0000000706a00000|  0%| F|  |TAMS 0x0000000706900000, 0x0000000706900000| Untracked 
|  34|0x0000000706a00000, 0x0000000706a00000, 0x0000000706b00000|  0%| F|  |TAMS 0x0000000706a00000, 0x0000000706a00000| Untracked 
|  35|0x0000000706b00000, 0x0000000706b00000, 0x0000000706c00000|  0%| F|  |TAMS 0x0000000706b00000, 0x0000000706b00000| Untracked 
|  36|0x0000000706c00000, 0x0000000706c00000, 0x0000000706d00000|  0%| F|  |TAMS 0x0000000706c00000, 0x0000000706c00000| Untracked 
|  37|0x0000000706d00000, 0x0000000706d00000, 0x0000000706e00000|  0%| F|  |TAMS 0x0000000706d00000, 0x0000000706d00000| Untracked 
|  38|0x0000000706e00000, 0x0000000706e00000, 0x0000000706f00000|  0%| F|  |TAMS 0x0000000706e00000, 0x0000000706e00000| Untracked 
|  39|0x0000000706f00000, 0x0000000706f00000, 0x0000000707000000|  0%| F|  |TAMS 0x0000000706f00000, 0x0000000706f00000| Untracked 
|  40|0x0000000707000000, 0x0000000707000000, 0x0000000707100000|  0%| F|  |TAMS 0x0000000707000000, 0x0000000707000000| Untracked 
|  41|0x0000000707100000, 0x0000000707100000, 0x0000000707200000|  0%| F|  |TAMS 0x0000000707100000, 0x0000000707100000| Untracked 
|  42|0x0000000707200000, 0x0000000707200000, 0x0000000707300000|  0%| F|  |TAMS 0x0000000707200000, 0x0000000707200000| Untracked 
|  43|0x0000000707300000, 0x0000000707300000, 0x0000000707400000|  0%| F|  |TAMS 0x0000000707300000, 0x0000000707300000| Untracked 
|  44|0x0000000707400000, 0x0000000707400000, 0x0000000707500000|  0%| F|  |TAMS 0x0000000707400000, 0x0000000707400000| Untracked 
|  45|0x0000000707500000, 0x0000000707500000, 0x0000000707600000|  0%| F|  |TAMS 0x0000000707500000, 0x0000000707500000| Untracked 
|  46|0x0000000707600000, 0x0000000707600000, 0x0000000707700000|  0%| F|  |TAMS 0x0000000707600000, 0x0000000707600000| Untracked 
|  47|0x0000000707700000, 0x0000000707700000, 0x0000000707800000|  0%| F|  |TAMS 0x0000000707700000, 0x0000000707700000| Untracked 
|  48|0x0000000707800000, 0x0000000707800000, 0x0000000707900000|  0%| F|  |TAMS 0x0000000707800000, 0x0000000707800000| Untracked 
|  49|0x0000000707900000, 0x0000000707900000, 0x0000000707a00000|  0%| F|  |TAMS 0x0000000707900000, 0x0000000707900000| Untracked 
|  50|0x0000000707a00000, 0x0000000707a00000, 0x0000000707b00000|  0%| F|  |TAMS 0x0000000707a00000, 0x0000000707a00000| Untracked 
|  51|0x0000000707b00000, 0x0000000707b00000, 0x0000000707c00000|  0%| F|  |TAMS 0x0000000707b00000, 0x0000000707b00000| Untracked 
|  52|0x0000000707c00000, 0x0000000707c00000, 0x0000000707d00000|  0%| F|  |TAMS 0x0000000707c00000, 0x0000000707c00000| Untracked 
|  53|0x0000000707d00000, 0x0000000707d00000, 0x0000000707e00000|  0%| F|  |TAMS 0x0000000707d00000, 0x0000000707d00000| Untracked 
|  54|0x0000000707e00000, 0x0000000707e00000, 0x0000000707f00000|  0%| F|  |TAMS 0x0000000707e00000, 0x0000000707e00000| Untracked 
|  55|0x0000000707f00000, 0x0000000707f00000, 0x0000000708000000|  0%| F|  |TAMS 0x0000000707f00000, 0x0000000707f00000| Untracked 
|  56|0x0000000708000000, 0x0000000708000000, 0x0000000708100000|  0%| F|  |TAMS 0x0000000708000000, 0x0000000708000000| Untracked 
|  57|0x0000000708100000, 0x0000000708100000, 0x0000000708200000|  0%| F|  |TAMS 0x0000000708100000, 0x0000000708100000| Untracked 
|  58|0x0000000708200000, 0x0000000708200000, 0x0000000708300000|  0%| F|  |TAMS 0x0000000708200000, 0x0000000708200000| Untracked 
|  59|0x0000000708300000, 0x0000000708300000, 0x0000000708400000|  0%| F|  |TAMS 0x0000000708300000, 0x0000000708300000| Untracked 
|  60|0x0000000708400000, 0x0000000708400000, 0x0000000708500000|  0%| F|  |TAMS 0x0000000708400000, 0x0000000708400000| Untracked 
|  61|0x0000000708500000, 0x0000000708500000, 0x0000000708600000|  0%| F|  |TAMS 0x0000000708500000, 0x0000000708500000| Untracked 
|  62|0x0000000708600000, 0x0000000708600000, 0x0000000708700000|  0%| F|  |TAMS 0x0000000708600000, 0x0000000708600000| Untracked 
|  63|0x0000000708700000, 0x0000000708700000, 0x0000000708800000|  0%| F|  |TAMS 0x0000000708700000, 0x0000000708700000| Untracked 
|  64|0x0000000708800000, 0x0000000708800000, 0x0000000708900000|  0%| F|  |TAMS 0x0000000708800000, 0x0000000708800000| Untracked 
|  65|0x0000000708900000, 0x0000000708900000, 0x0000000708a00000|  0%| F|  |TAMS 0x0000000708900000, 0x0000000708900000| Untracked 
|  66|0x0000000708a00000, 0x0000000708a00000, 0x0000000708b00000|  0%| F|  |TAMS 0x0000000708a00000, 0x0000000708a00000| Untracked 
|  67|0x0000000708b00000, 0x0000000708b00000, 0x0000000708c00000|  0%| F|  |TAMS 0x0000000708b00000, 0x0000000708b00000| Untracked 
|  68|0x0000000708c00000, 0x0000000708c00000, 0x0000000708d00000|  0%| F|  |TAMS 0x0000000708c00000, 0x0000000708c00000| Untracked 
|  69|0x0000000708d00000, 0x0000000708d00000, 0x0000000708e00000|  0%| F|  |TAMS 0x0000000708d00000, 0x0000000708d00000| Untracked 
|  70|0x0000000708e00000, 0x0000000708e00000, 0x0000000708f00000|  0%| F|  |TAMS 0x0000000708e00000, 0x0000000708e00000| Untracked 
|  71|0x0000000708f00000, 0x0000000708f00000, 0x0000000709000000|  0%| F|  |TAMS 0x0000000708f00000, 0x0000000708f00000| Untracked 
|  72|0x0000000709000000, 0x0000000709000000, 0x0000000709100000|  0%| F|  |TAMS 0x0000000709000000, 0x0000000709000000| Untracked 
|  73|0x0000000709100000, 0x0000000709100000, 0x0000000709200000|  0%| F|  |TAMS 0x0000000709100000, 0x0000000709100000| Untracked 
|  74|0x0000000709200000, 0x0000000709200000, 0x0000000709300000|  0%| F|  |TAMS 0x0000000709200000, 0x0000000709200000| Untracked 
|  75|0x0000000709300000, 0x0000000709300000, 0x0000000709400000|  0%| F|  |TAMS 0x0000000709300000, 0x0000000709300000| Untracked 
|  76|0x0000000709400000, 0x0000000709400000, 0x0000000709500000|  0%| F|  |TAMS 0x0000000709400000, 0x0000000709400000| Untracked 
|  77|0x0000000709500000, 0x0000000709500000, 0x0000000709600000|  0%| F|  |TAMS 0x0000000709500000, 0x0000000709500000| Untracked 
|  78|0x0000000709600000, 0x0000000709600000, 0x0000000709700000|  0%| F|  |TAMS 0x0000000709600000, 0x0000000709600000| Untracked 
|  79|0x0000000709700000, 0x0000000709700000, 0x0000000709800000|  0%| F|  |TAMS 0x0000000709700000, 0x0000000709700000| Untracked 
|  80|0x0000000709800000, 0x0000000709800000, 0x0000000709900000|  0%| F|  |TAMS 0x0000000709800000, 0x0000000709800000| Untracked 
|  81|0x0000000709900000, 0x0000000709900000, 0x0000000709a00000|  0%| F|  |TAMS 0x0000000709900000, 0x0000000709900000| Untracked 
|  82|0x0000000709a00000, 0x0000000709a00000, 0x0000000709b00000|  0%| F|  |TAMS 0x0000000709a00000, 0x0000000709a00000| Untracked 
|  83|0x0000000709b00000, 0x0000000709b00000, 0x0000000709c00000|  0%| F|  |TAMS 0x0000000709b00000, 0x0000000709b00000| Untracked 
|  84|0x0000000709c00000, 0x0000000709c00000, 0x0000000709d00000|  0%| F|  |TAMS 0x0000000709c00000, 0x0000000709c00000| Untracked 
|  85|0x0000000709d00000, 0x0000000709d00000, 0x0000000709e00000|  0%| F|  |TAMS 0x0000000709d00000, 0x0000000709d00000| Untracked 
|  86|0x0000000709e00000, 0x0000000709e00000, 0x0000000709f00000|  0%| F|  |TAMS 0x0000000709e00000, 0x0000000709e00000| Untracked 
|  87|0x0000000709f00000, 0x0000000709f00000, 0x000000070a000000|  0%| F|  |TAMS 0x0000000709f00000, 0x0000000709f00000| Untracked 
|  88|0x000000070a000000, 0x000000070a000000, 0x000000070a100000|  0%| F|  |TAMS 0x000000070a000000, 0x000000070a000000| Untracked 
|  89|0x000000070a100000, 0x000000070a100000, 0x000000070a200000|  0%| F|  |TAMS 0x000000070a100000, 0x000000070a100000| Untracked 
|  90|0x000000070a200000, 0x000000070a200000, 0x000000070a300000|  0%| F|  |TAMS 0x000000070a200000, 0x000000070a200000| Untracked 
|  91|0x000000070a300000, 0x000000070a300000, 0x000000070a400000|  0%| F|  |TAMS 0x000000070a300000, 0x000000070a300000| Untracked 
|  92|0x000000070a400000, 0x000000070a400000, 0x000000070a500000|  0%| F|  |TAMS 0x000000070a400000, 0x000000070a400000| Untracked 
|  93|0x000000070a500000, 0x000000070a500000, 0x000000070a600000|  0%| F|  |TAMS 0x000000070a500000, 0x000000070a500000| Untracked 
|  94|0x000000070a600000, 0x000000070a600000, 0x000000070a700000|  0%| F|  |TAMS 0x000000070a600000, 0x000000070a600000| Untracked 
|  95|0x000000070a700000, 0x000000070a700000, 0x000000070a800000|  0%| F|  |TAMS 0x000000070a700000, 0x000000070a700000| Untracked 
|  96|0x000000070a800000, 0x000000070a800000, 0x000000070a900000|  0%| F|  |TAMS 0x000000070a800000, 0x000000070a800000| Untracked 
|  97|0x000000070a900000, 0x000000070a900000, 0x000000070aa00000|  0%| F|  |TAMS 0x000000070a900000, 0x000000070a900000| Untracked 
|  98|0x000000070aa00000, 0x000000070aa00000, 0x000000070ab00000|  0%| F|  |TAMS 0x000000070aa00000, 0x000000070aa00000| Untracked 
|  99|0x000000070ab00000, 0x000000070ab00000, 0x000000070ac00000|  0%| F|  |TAMS 0x000000070ab00000, 0x000000070ab00000| Untracked 
| 100|0x000000070ac00000, 0x000000070ac00000, 0x000000070ad00000|  0%| F|  |TAMS 0x000000070ac00000, 0x000000070ac00000| Untracked 
| 101|0x000000070ad00000, 0x000000070ad00000, 0x000000070ae00000|  0%| F|  |TAMS 0x000000070ad00000, 0x000000070ad00000| Untracked 
| 102|0x000000070ae00000, 0x000000070ae00000, 0x000000070af00000|  0%| F|  |TAMS 0x000000070ae00000, 0x000000070ae00000| Untracked 
| 103|0x000000070af00000, 0x000000070af00000, 0x000000070b000000|  0%| F|  |TAMS 0x000000070af00000, 0x000000070af00000| Untracked 
| 104|0x000000070b000000, 0x000000070b000000, 0x000000070b100000|  0%| F|  |TAMS 0x000000070b000000, 0x000000070b000000| Untracked 
| 105|0x000000070b100000, 0x000000070b100000, 0x000000070b200000|  0%| F|  |TAMS 0x000000070b100000, 0x000000070b100000| Untracked 
| 106|0x000000070b200000, 0x000000070b200000, 0x000000070b300000|  0%| F|  |TAMS 0x000000070b200000, 0x000000070b200000| Untracked 
| 107|0x000000070b300000, 0x000000070b300000, 0x000000070b400000|  0%| F|  |TAMS 0x000000070b300000, 0x000000070b300000| Untracked 
| 108|0x000000070b400000, 0x000000070b400000, 0x000000070b500000|  0%| F|  |TAMS 0x000000070b400000, 0x000000070b400000| Untracked 
| 109|0x000000070b500000, 0x000000070b500000, 0x000000070b600000|  0%| F|  |TAMS 0x000000070b500000, 0x000000070b500000| Untracked 
| 110|0x000000070b600000, 0x000000070b600000, 0x000000070b700000|  0%| F|  |TAMS 0x000000070b600000, 0x000000070b600000| Untracked 
| 111|0x000000070b700000, 0x000000070b700000, 0x000000070b800000|  0%| F|  |TAMS 0x000000070b700000, 0x000000070b700000| Untracked 
| 112|0x000000070b800000, 0x000000070b800000, 0x000000070b900000|  0%| F|  |TAMS 0x000000070b800000, 0x000000070b800000| Untracked 
| 113|0x000000070b900000, 0x000000070b900000, 0x000000070ba00000|  0%| F|  |TAMS 0x000000070b900000, 0x000000070b900000| Untracked 
| 114|0x000000070ba00000, 0x000000070ba00000, 0x000000070bb00000|  0%| F|  |TAMS 0x000000070ba00000, 0x000000070ba00000| Untracked 
| 115|0x000000070bb00000, 0x000000070bb00000, 0x000000070bc00000|  0%| F|  |TAMS 0x000000070bb00000, 0x000000070bb00000| Untracked 
| 116|0x000000070bc00000, 0x000000070bc00000, 0x000000070bd00000|  0%| F|  |TAMS 0x000000070bc00000, 0x000000070bc00000| Untracked 
| 117|0x000000070bd00000, 0x000000070bd00000, 0x000000070be00000|  0%| F|  |TAMS 0x000000070bd00000, 0x000000070bd00000| Untracked 
| 118|0x000000070be00000, 0x000000070be00000, 0x000000070bf00000|  0%| F|  |TAMS 0x000000070be00000, 0x000000070be00000| Untracked 
| 119|0x000000070bf00000, 0x000000070bf00000, 0x000000070c000000|  0%| F|  |TAMS 0x000000070bf00000, 0x000000070bf00000| Untracked 
| 120|0x000000070c000000, 0x000000070c000000, 0x000000070c100000|  0%| F|  |TAMS 0x000000070c000000, 0x000000070c000000| Untracked 
| 121|0x000000070c100000, 0x000000070c100000, 0x000000070c200000|  0%| F|  |TAMS 0x000000070c100000, 0x000000070c100000| Untracked 
| 122|0x000000070c200000, 0x000000070c200000, 0x000000070c300000|  0%| F|  |TAMS 0x000000070c200000, 0x000000070c200000| Untracked 
| 123|0x000000070c300000, 0x000000070c300000, 0x000000070c400000|  0%| F|  |TAMS 0x000000070c300000, 0x000000070c300000| Untracked 
| 124|0x000000070c400000, 0x000000070c400000, 0x000000070c500000|  0%| F|  |TAMS 0x000000070c400000, 0x000000070c400000| Untracked 
| 125|0x000000070c500000, 0x000000070c500000, 0x000000070c600000|  0%| F|  |TAMS 0x000000070c500000, 0x000000070c500000| Untracked 
| 126|0x000000070c600000, 0x000000070c600000, 0x000000070c700000|  0%| F|  |TAMS 0x000000070c600000, 0x000000070c600000| Untracked 
| 127|0x000000070c700000, 0x000000070c700000, 0x000000070c800000|  0%| F|  |TAMS 0x000000070c700000, 0x000000070c700000| Untracked 
| 128|0x000000070c800000, 0x000000070c800000, 0x000000070c900000|  0%| F|  |TAMS 0x000000070c800000, 0x000000070c800000| Untracked 
| 129|0x000000070c900000, 0x000000070c900000, 0x000000070ca00000|  0%| F|  |TAMS 0x000000070c900000, 0x000000070c900000| Untracked 
| 130|0x000000070ca00000, 0x000000070ca00000, 0x000000070cb00000|  0%| F|  |TAMS 0x000000070ca00000, 0x000000070ca00000| Untracked 
| 131|0x000000070cb00000, 0x000000070cb00000, 0x000000070cc00000|  0%| F|  |TAMS 0x000000070cb00000, 0x000000070cb00000| Untracked 
| 132|0x000000070cc00000, 0x000000070cc00000, 0x000000070cd00000|  0%| F|  |TAMS 0x000000070cc00000, 0x000000070cc00000| Untracked 
| 133|0x000000070cd00000, 0x000000070cd00000, 0x000000070ce00000|  0%| F|  |TAMS 0x000000070cd00000, 0x000000070cd00000| Untracked 
| 134|0x000000070ce00000, 0x000000070ce00000, 0x000000070cf00000|  0%| F|  |TAMS 0x000000070ce00000, 0x000000070ce00000| Untracked 
| 135|0x000000070cf00000, 0x000000070cf00000, 0x000000070d000000|  0%| F|  |TAMS 0x000000070cf00000, 0x000000070cf00000| Untracked 
| 136|0x000000070d000000, 0x000000070d000000, 0x000000070d100000|  0%| F|  |TAMS 0x000000070d000000, 0x000000070d000000| Untracked 
| 137|0x000000070d100000, 0x000000070d100000, 0x000000070d200000|  0%| F|  |TAMS 0x000000070d100000, 0x000000070d100000| Untracked 
| 138|0x000000070d200000, 0x000000070d200000, 0x000000070d300000|  0%| F|  |TAMS 0x000000070d200000, 0x000000070d200000| Untracked 
| 139|0x000000070d300000, 0x000000070d300000, 0x000000070d400000|  0%| F|  |TAMS 0x000000070d300000, 0x000000070d300000| Untracked 
| 140|0x000000070d400000, 0x000000070d400000, 0x000000070d500000|  0%| F|  |TAMS 0x000000070d400000, 0x000000070d400000| Untracked 
| 141|0x000000070d500000, 0x000000070d500000, 0x000000070d600000|  0%| F|  |TAMS 0x000000070d500000, 0x000000070d500000| Untracked 
| 142|0x000000070d600000, 0x000000070d600000, 0x000000070d700000|  0%| F|  |TAMS 0x000000070d600000, 0x000000070d600000| Untracked 
| 143|0x000000070d700000, 0x000000070d700000, 0x000000070d800000|  0%| F|  |TAMS 0x000000070d700000, 0x000000070d700000| Untracked 
| 144|0x000000070d800000, 0x000000070d800000, 0x000000070d900000|  0%| F|  |TAMS 0x000000070d800000, 0x000000070d800000| Untracked 
| 145|0x000000070d900000, 0x000000070d900000, 0x000000070da00000|  0%| F|  |TAMS 0x000000070d900000, 0x000000070d900000| Untracked 
| 146|0x000000070da00000, 0x000000070da00000, 0x000000070db00000|  0%| F|  |TAMS 0x000000070da00000, 0x000000070da00000| Untracked 
| 147|0x000000070db00000, 0x000000070db00000, 0x000000070dc00000|  0%| F|  |TAMS 0x000000070db00000, 0x000000070db00000| Untracked 
| 148|0x000000070dc00000, 0x000000070dc00000, 0x000000070dd00000|  0%| F|  |TAMS 0x000000070dc00000, 0x000000070dc00000| Untracked 
| 149|0x000000070dd00000, 0x000000070dd00000, 0x000000070de00000|  0%| F|  |TAMS 0x000000070dd00000, 0x000000070dd00000| Untracked 
| 150|0x000000070de00000, 0x000000070de00000, 0x000000070df00000|  0%| F|  |TAMS 0x000000070de00000, 0x000000070de00000| Untracked 
| 151|0x000000070df00000, 0x000000070df00000, 0x000000070e000000|  0%| F|  |TAMS 0x000000070df00000, 0x000000070df00000| Untracked 
| 152|0x000000070e000000, 0x000000070e000000, 0x000000070e100000|  0%| F|  |TAMS 0x000000070e000000, 0x000000070e000000| Untracked 
| 153|0x000000070e100000, 0x000000070e100000, 0x000000070e200000|  0%| F|  |TAMS 0x000000070e100000, 0x000000070e100000| Untracked 
| 154|0x000000070e200000, 0x000000070e27e940, 0x000000070e300000| 49%| S|CS|TAMS 0x000000070e200000, 0x000000070e200000| Complete 
| 155|0x000000070e300000, 0x000000070e400000, 0x000000070e400000|100%| S|CS|TAMS 0x000000070e300000, 0x000000070e300000| Complete 
| 156|0x000000070e400000, 0x000000070e500000, 0x000000070e500000|100%| S|CS|TAMS 0x000000070e400000, 0x000000070e400000| Complete 
| 157|0x000000070e500000, 0x000000070e600000, 0x000000070e600000|100%| S|CS|TAMS 0x000000070e500000, 0x000000070e500000| Complete 
| 158|0x000000070e600000, 0x000000070e700000, 0x000000070e700000|100%| S|CS|TAMS 0x000000070e600000, 0x000000070e600000| Complete 
| 159|0x000000070e700000, 0x000000070e800000, 0x000000070e800000|100%| S|CS|TAMS 0x000000070e700000, 0x000000070e700000| Complete 
| 160|0x000000070e800000, 0x000000070e900000, 0x000000070e900000|100%| S|CS|TAMS 0x000000070e800000, 0x000000070e800000| Complete 
| 161|0x000000070e900000, 0x000000070ea00000, 0x000000070ea00000|100%| S|CS|TAMS 0x000000070e900000, 0x000000070e900000| Complete 
| 162|0x000000070ea00000, 0x000000070ea00000, 0x000000070eb00000|  0%| F|  |TAMS 0x000000070ea00000, 0x000000070ea00000| Untracked 
| 163|0x000000070eb00000, 0x000000070eb00000, 0x000000070ec00000|  0%| F|  |TAMS 0x000000070eb00000, 0x000000070eb00000| Untracked 
| 164|0x000000070ec00000, 0x000000070ec00000, 0x000000070ed00000|  0%| F|  |TAMS 0x000000070ec00000, 0x000000070ec00000| Untracked 
| 165|0x000000070ed00000, 0x000000070ed00000, 0x000000070ee00000|  0%| F|  |TAMS 0x000000070ed00000, 0x000000070ed00000| Untracked 
| 166|0x000000070ee00000, 0x000000070ee00000, 0x000000070ef00000|  0%| F|  |TAMS 0x000000070ee00000, 0x000000070ee00000| Untracked 
| 167|0x000000070ef00000, 0x000000070ef00000, 0x000000070f000000|  0%| F|  |TAMS 0x000000070ef00000, 0x000000070ef00000| Untracked 
| 168|0x000000070f000000, 0x000000070f000000, 0x000000070f100000|  0%| F|  |TAMS 0x000000070f000000, 0x000000070f000000| Untracked 
| 169|0x000000070f100000, 0x000000070f100000, 0x000000070f200000|  0%| F|  |TAMS 0x000000070f100000, 0x000000070f100000| Untracked 
| 170|0x000000070f200000, 0x000000070f200000, 0x000000070f300000|  0%| F|  |TAMS 0x000000070f200000, 0x000000070f200000| Untracked 
| 171|0x000000070f300000, 0x000000070f300000, 0x000000070f400000|  0%| F|  |TAMS 0x000000070f300000, 0x000000070f300000| Untracked 
| 172|0x000000070f400000, 0x000000070f400000, 0x000000070f500000|  0%| F|  |TAMS 0x000000070f400000, 0x000000070f400000| Untracked 
| 173|0x000000070f500000, 0x000000070f500000, 0x000000070f600000|  0%| F|  |TAMS 0x000000070f500000, 0x000000070f500000| Untracked 
| 174|0x000000070f600000, 0x000000070f600000, 0x000000070f700000|  0%| F|  |TAMS 0x000000070f600000, 0x000000070f600000| Untracked 
| 175|0x000000070f700000, 0x000000070f700000, 0x000000070f800000|  0%| F|  |TAMS 0x000000070f700000, 0x000000070f700000| Untracked 
| 176|0x000000070f800000, 0x000000070f800000, 0x000000070f900000|  0%| F|  |TAMS 0x000000070f800000, 0x000000070f800000| Untracked 
| 177|0x000000070f900000, 0x000000070f900000, 0x000000070fa00000|  0%| F|  |TAMS 0x000000070f900000, 0x000000070f900000| Untracked 
| 178|0x000000070fa00000, 0x000000070fa00000, 0x000000070fb00000|  0%| F|  |TAMS 0x000000070fa00000, 0x000000070fa00000| Untracked 
| 179|0x000000070fb00000, 0x000000070fb00000, 0x000000070fc00000|  0%| F|  |TAMS 0x000000070fb00000, 0x000000070fb00000| Untracked 
| 180|0x000000070fc00000, 0x000000070fc00000, 0x000000070fd00000|  0%| F|  |TAMS 0x000000070fc00000, 0x000000070fc00000| Untracked 
| 181|0x000000070fd00000, 0x000000070fd00000, 0x000000070fe00000|  0%| F|  |TAMS 0x000000070fd00000, 0x000000070fd00000| Untracked 
| 182|0x000000070fe00000, 0x000000070fe00000, 0x000000070ff00000|  0%| F|  |TAMS 0x000000070fe00000, 0x000000070fe00000| Untracked 
| 183|0x000000070ff00000, 0x000000070ff00000, 0x0000000710000000|  0%| F|  |TAMS 0x000000070ff00000, 0x000000070ff00000| Untracked 
| 184|0x0000000710000000, 0x0000000710000000, 0x0000000710100000|  0%| F|  |TAMS 0x0000000710000000, 0x0000000710000000| Untracked 
| 185|0x0000000710100000, 0x0000000710100000, 0x0000000710200000|  0%| F|  |TAMS 0x0000000710100000, 0x0000000710100000| Untracked 
| 186|0x0000000710200000, 0x0000000710200000, 0x0000000710300000|  0%| F|  |TAMS 0x0000000710200000, 0x0000000710200000| Untracked 
| 187|0x0000000710300000, 0x0000000710300000, 0x0000000710400000|  0%| F|  |TAMS 0x0000000710300000, 0x0000000710300000| Untracked 
| 188|0x0000000710400000, 0x0000000710400000, 0x0000000710500000|  0%| F|  |TAMS 0x0000000710400000, 0x0000000710400000| Untracked 
| 189|0x0000000710500000, 0x0000000710500000, 0x0000000710600000|  0%| F|  |TAMS 0x0000000710500000, 0x0000000710500000| Untracked 
| 190|0x0000000710600000, 0x0000000710600000, 0x0000000710700000|  0%| F|  |TAMS 0x0000000710600000, 0x0000000710600000| Untracked 
| 191|0x0000000710700000, 0x0000000710700000, 0x0000000710800000|  0%| F|  |TAMS 0x0000000710700000, 0x0000000710700000| Untracked 
| 192|0x0000000710800000, 0x0000000710800000, 0x0000000710900000|  0%| F|  |TAMS 0x0000000710800000, 0x0000000710800000| Untracked 
| 193|0x0000000710900000, 0x0000000710900000, 0x0000000710a00000|  0%| F|  |TAMS 0x0000000710900000, 0x0000000710900000| Untracked 
| 194|0x0000000710a00000, 0x0000000710a00000, 0x0000000710b00000|  0%| F|  |TAMS 0x0000000710a00000, 0x0000000710a00000| Untracked 
| 195|0x0000000710b00000, 0x0000000710b00000, 0x0000000710c00000|  0%| F|  |TAMS 0x0000000710b00000, 0x0000000710b00000| Untracked 
| 196|0x0000000710c00000, 0x0000000710c00000, 0x0000000710d00000|  0%| F|  |TAMS 0x0000000710c00000, 0x0000000710c00000| Untracked 
| 197|0x0000000710d00000, 0x0000000710d00000, 0x0000000710e00000|  0%| F|  |TAMS 0x0000000710d00000, 0x0000000710d00000| Untracked 
| 198|0x0000000710e00000, 0x0000000710e00000, 0x0000000710f00000|  0%| F|  |TAMS 0x0000000710e00000, 0x0000000710e00000| Untracked 
| 199|0x0000000710f00000, 0x0000000710f00000, 0x0000000711000000|  0%| F|  |TAMS 0x0000000710f00000, 0x0000000710f00000| Untracked 
| 200|0x0000000711000000, 0x0000000711000000, 0x0000000711100000|  0%| F|  |TAMS 0x0000000711000000, 0x0000000711000000| Untracked 
| 201|0x0000000711100000, 0x0000000711100000, 0x0000000711200000|  0%| F|  |TAMS 0x0000000711100000, 0x0000000711100000| Untracked 
| 202|0x0000000711200000, 0x0000000711200000, 0x0000000711300000|  0%| F|  |TAMS 0x0000000711200000, 0x0000000711200000| Untracked 
| 203|0x0000000711300000, 0x0000000711300000, 0x0000000711400000|  0%| F|  |TAMS 0x0000000711300000, 0x0000000711300000| Untracked 
| 204|0x0000000711400000, 0x0000000711400000, 0x0000000711500000|  0%| F|  |TAMS 0x0000000711400000, 0x0000000711400000| Untracked 
| 205|0x0000000711500000, 0x0000000711500000, 0x0000000711600000|  0%| F|  |TAMS 0x0000000711500000, 0x0000000711500000| Untracked 
| 206|0x0000000711600000, 0x0000000711600000, 0x0000000711700000|  0%| F|  |TAMS 0x0000000711600000, 0x0000000711600000| Untracked 
| 207|0x0000000711700000, 0x0000000711700000, 0x0000000711800000|  0%| F|  |TAMS 0x0000000711700000, 0x0000000711700000| Untracked 
| 208|0x0000000711800000, 0x0000000711800000, 0x0000000711900000|  0%| F|  |TAMS 0x0000000711800000, 0x0000000711800000| Untracked 
| 209|0x0000000711900000, 0x0000000711900000, 0x0000000711a00000|  0%| F|  |TAMS 0x0000000711900000, 0x0000000711900000| Untracked 
| 210|0x0000000711a00000, 0x0000000711a00000, 0x0000000711b00000|  0%| F|  |TAMS 0x0000000711a00000, 0x0000000711a00000| Untracked 
| 211|0x0000000711b00000, 0x0000000711b00000, 0x0000000711c00000|  0%| F|  |TAMS 0x0000000711b00000, 0x0000000711b00000| Untracked 
| 212|0x0000000711c00000, 0x0000000711c00000, 0x0000000711d00000|  0%| F|  |TAMS 0x0000000711c00000, 0x0000000711c00000| Untracked 
| 213|0x0000000711d00000, 0x0000000711d00000, 0x0000000711e00000|  0%| F|  |TAMS 0x0000000711d00000, 0x0000000711d00000| Untracked 
| 214|0x0000000711e00000, 0x0000000711e00000, 0x0000000711f00000|  0%| F|  |TAMS 0x0000000711e00000, 0x0000000711e00000| Untracked 
| 215|0x0000000711f00000, 0x0000000711f00000, 0x0000000712000000|  0%| F|  |TAMS 0x0000000711f00000, 0x0000000711f00000| Untracked 
| 216|0x0000000712000000, 0x0000000712000000, 0x0000000712100000|  0%| F|  |TAMS 0x0000000712000000, 0x0000000712000000| Untracked 
| 217|0x0000000712100000, 0x0000000712100000, 0x0000000712200000|  0%| F|  |TAMS 0x0000000712100000, 0x0000000712100000| Untracked 
| 218|0x0000000712200000, 0x0000000712200000, 0x0000000712300000|  0%| F|  |TAMS 0x0000000712200000, 0x0000000712200000| Untracked 
| 219|0x0000000712300000, 0x0000000712300000, 0x0000000712400000|  0%| F|  |TAMS 0x0000000712300000, 0x0000000712300000| Untracked 
| 220|0x0000000712400000, 0x0000000712400000, 0x0000000712500000|  0%| F|  |TAMS 0x0000000712400000, 0x0000000712400000| Untracked 
| 221|0x0000000712500000, 0x0000000712500000, 0x0000000712600000|  0%| F|  |TAMS 0x0000000712500000, 0x0000000712500000| Untracked 
| 222|0x0000000712600000, 0x0000000712600000, 0x0000000712700000|  0%| F|  |TAMS 0x0000000712600000, 0x0000000712600000| Untracked 
| 223|0x0000000712700000, 0x0000000712700000, 0x0000000712800000|  0%| F|  |TAMS 0x0000000712700000, 0x0000000712700000| Untracked 
| 224|0x0000000712800000, 0x0000000712800000, 0x0000000712900000|  0%| F|  |TAMS 0x0000000712800000, 0x0000000712800000| Untracked 
| 225|0x0000000712900000, 0x0000000712900000, 0x0000000712a00000|  0%| F|  |TAMS 0x0000000712900000, 0x0000000712900000| Untracked 
| 226|0x0000000712a00000, 0x0000000712a00000, 0x0000000712b00000|  0%| F|  |TAMS 0x0000000712a00000, 0x0000000712a00000| Untracked 
| 227|0x0000000712b00000, 0x0000000712b00000, 0x0000000712c00000|  0%| F|  |TAMS 0x0000000712b00000, 0x0000000712b00000| Untracked 
| 228|0x0000000712c00000, 0x0000000712c00000, 0x0000000712d00000|  0%| F|  |TAMS 0x0000000712c00000, 0x0000000712c00000| Untracked 
| 229|0x0000000712d00000, 0x0000000712d00000, 0x0000000712e00000|  0%| F|  |TAMS 0x0000000712d00000, 0x0000000712d00000| Untracked 
| 230|0x0000000712e00000, 0x0000000712e00000, 0x0000000712f00000|  0%| F|  |TAMS 0x0000000712e00000, 0x0000000712e00000| Untracked 
| 231|0x0000000712f00000, 0x0000000712f00000, 0x0000000713000000|  0%| F|  |TAMS 0x0000000712f00000, 0x0000000712f00000| Untracked 
| 232|0x0000000713000000, 0x0000000713000000, 0x0000000713100000|  0%| F|  |TAMS 0x0000000713000000, 0x0000000713000000| Untracked 
| 233|0x0000000713100000, 0x0000000713100000, 0x0000000713200000|  0%| F|  |TAMS 0x0000000713100000, 0x0000000713100000| Untracked 
| 234|0x0000000713200000, 0x0000000713200000, 0x0000000713300000|  0%| F|  |TAMS 0x0000000713200000, 0x0000000713200000| Untracked 
| 235|0x0000000713300000, 0x0000000713300000, 0x0000000713400000|  0%| F|  |TAMS 0x0000000713300000, 0x0000000713300000| Untracked 
| 236|0x0000000713400000, 0x0000000713400000, 0x0000000713500000|  0%| F|  |TAMS 0x0000000713400000, 0x0000000713400000| Untracked 
| 237|0x0000000713500000, 0x0000000713500000, 0x0000000713600000|  0%| F|  |TAMS 0x0000000713500000, 0x0000000713500000| Untracked 
| 238|0x0000000713600000, 0x0000000713600000, 0x0000000713700000|  0%| F|  |TAMS 0x0000000713600000, 0x0000000713600000| Untracked 
| 239|0x0000000713700000, 0x0000000713700000, 0x0000000713800000|  0%| F|  |TAMS 0x0000000713700000, 0x0000000713700000| Untracked 
| 240|0x0000000713800000, 0x0000000713800000, 0x0000000713900000|  0%| F|  |TAMS 0x0000000713800000, 0x0000000713800000| Untracked 
| 241|0x0000000713900000, 0x0000000713900000, 0x0000000713a00000|  0%| F|  |TAMS 0x0000000713900000, 0x0000000713900000| Untracked 
| 242|0x0000000713a00000, 0x0000000713a00000, 0x0000000713b00000|  0%| F|  |TAMS 0x0000000713a00000, 0x0000000713a00000| Untracked 
| 243|0x0000000713b00000, 0x0000000713b00000, 0x0000000713c00000|  0%| F|  |TAMS 0x0000000713b00000, 0x0000000713b00000| Untracked 
| 244|0x0000000713c00000, 0x0000000713c00000, 0x0000000713d00000|  0%| F|  |TAMS 0x0000000713c00000, 0x0000000713c00000| Untracked 
| 245|0x0000000713d00000, 0x0000000713d00000, 0x0000000713e00000|  0%| F|  |TAMS 0x0000000713d00000, 0x0000000713d00000| Untracked 
| 246|0x0000000713e00000, 0x0000000713e00000, 0x0000000713f00000|  0%| F|  |TAMS 0x0000000713e00000, 0x0000000713e00000| Untracked 
| 247|0x0000000713f00000, 0x0000000713f00000, 0x0000000714000000|  0%| F|  |TAMS 0x0000000713f00000, 0x0000000713f00000| Untracked 
| 248|0x0000000714000000, 0x0000000714000000, 0x0000000714100000|  0%| F|  |TAMS 0x0000000714000000, 0x0000000714000000| Untracked 
| 249|0x0000000714100000, 0x0000000714100000, 0x0000000714200000|  0%| F|  |TAMS 0x0000000714100000, 0x0000000714100000| Untracked 
| 250|0x0000000714200000, 0x0000000714200000, 0x0000000714300000|  0%| F|  |TAMS 0x0000000714200000, 0x0000000714200000| Untracked 
| 251|0x0000000714300000, 0x0000000714300000, 0x0000000714400000|  0%| F|  |TAMS 0x0000000714300000, 0x0000000714300000| Untracked 

Card table byte_map: [0x0000024ea3e00000,0x0000024ea45e0000] _byte_map_base: 0x0000024ea05dc000

Marking Bits (Prev, Next): (CMBitMap*) 0x0000024e8ae79bc0, (CMBitMap*) 0x0000024e8ae79b88
 Prev Bits: [0x0000024ea8ca0000, 0x0000024eacb80000)
 Next Bits: [0x0000024ea4dc0000, 0x0000024ea8ca0000)

Polling page: 0x0000024e894f0000

Metaspace:

Usage:
  Non-class:     30.65 MB capacity,    30.04 MB ( 98%) used,   497.68 KB (  2%) free+waste,   126.44 KB ( <1%) overhead. 
      Class:      4.32 MB capacity,     3.89 MB ( 90%) used,   374.05 KB (  8%) free+waste,    61.88 KB (  1%) overhead. 
       Both:     34.97 MB capacity,    33.93 MB ( 97%) used,   871.73 KB (  2%) free+waste,   188.31 KB ( <1%) overhead. 

Virtual space:
  Non-class space:       32.00 MB reserved,      30.70 MB ( 96%) committed 
      Class space:        1.00 GB reserved,       4.38 MB ( <1%) committed 
             Both:        1.03 GB reserved,      35.08 MB (  3%) committed 

Chunk freelists:
   Non-Class:  40.00 KB
       Class:  25.00 KB
        Both:  65.00 KB

MaxMetaspaceSize: 17179869184.00 GB
CompressedClassSpaceSize: 1.00 GB
Initial GC threshold: 20.80 MB
Current GC threshold: 35.08 MB
CDS: off

CodeHeap 'non-profiled nmethods': size=120000Kb used=1706Kb max_used=1706Kb free=118293Kb
 bounds [0x0000024e9b470000, 0x0000024e9b6e0000, 0x0000024ea29a0000]
CodeHeap 'profiled nmethods': size=120000Kb used=7391Kb max_used=7391Kb free=112608Kb
 bounds [0x0000024e93f40000, 0x0000024e94680000, 0x0000024e9b470000]
CodeHeap 'non-nmethods': size=5760Kb used=1195Kb max_used=1232Kb free=4564Kb
 bounds [0x0000024e939a0000, 0x0000024e93c10000, 0x0000024e93f40000]
 total_blobs=3768 nmethods=3308 adapters=372
 compilation: enabled
              stopped_count=0, restarted_count=0
 full_count=0

Compilation events (20 events):
Event: 4.592 Thread 0x0000024eb025d800 3303       1       org.springframework.context.annotation.ConfigurationClass::getBeanMethods (5 bytes)
Event: 4.592 Thread 0x0000024eb025d800 nmethod 3303 0x0000024e9b619c90 code [0x0000024e9b619e40, 0x0000024e9b619ef8]
Event: 4.592 Thread 0x0000024eb025d800 3304       1       org.springframework.context.annotation.ConfigurationClass::getImportedResources (5 bytes)
Event: 4.592 Thread 0x0000024eb025d800 nmethod 3304 0x0000024e9b619f90 code [0x0000024e9b61a140, 0x0000024e9b61a1f8]
Event: 4.592 Thread 0x0000024eb025d800 3305       1       org.springframework.context.annotation.ConfigurationClass::getImportBeanDefinitionRegistrars (5 bytes)
Event: 4.592 Thread 0x0000024eb025d800 nmethod 3305 0x0000024e9b61a290 code [0x0000024e9b61a440, 0x0000024e9b61a4f8]
Event: 4.592 Thread 0x0000024eb025d800 3306       1       org.springframework.context.annotation.ConfigurationClassBeanDefinitionReader$ConfigurationClassBeanDefinition::getMetadata (5 bytes)
Event: 4.592 Thread 0x0000024eb025d800 nmethod 3306 0x0000024e9b61a590 code [0x0000024e9b61a740, 0x0000024e9b61a7f8]
Event: 4.592 Thread 0x0000024eb025d800 3307       1       org.springframework.context.annotation.ConfigurationClass::getResource (5 bytes)
Event: 4.592 Thread 0x0000024eb025d800 nmethod 3307 0x0000024e9b61a890 code [0x0000024e9b61aa40, 0x0000024e9b61aaf8]
Event: 4.601 Thread 0x0000024eb025d800 3308       3       org.springframework.beans.factory.support.DefaultListableBeanFactory::getBeanDefinition (78 bytes)
Event: 4.602 Thread 0x0000024eb025d800 nmethod 3308 0x0000024e94674b10 code [0x0000024e94674e00, 0x0000024e94675cd8]
Event: 4.602 Thread 0x0000024eb025d800 3309       3       org.springframework.core.AttributeAccessorSupport::copyAttributesFrom (56 bytes)
Event: 4.602 Thread 0x0000024eb025d800 nmethod 3309 0x0000024e94676190 code [0x0000024e946763a0, 0x0000024e94676978]
Event: 4.602 Thread 0x0000024eb025d800 3310       3       org.springframework.core.AttributeAccessorSupport::attributeNames (13 bytes)
Event: 4.602 Thread 0x0000024eb025d800 nmethod 3310 0x0000024e94676b90 code [0x0000024e94676da0, 0x0000024e946773c8]
Event: 4.602 Thread 0x0000024eb025d800 3311       3       java.lang.reflect.Method::isBridge (16 bytes)
Event: 4.603 Thread 0x0000024eb025d800 nmethod 3311 0x0000024e94677590 code [0x0000024e94677740, 0x0000024e946778b8]
Event: 4.603 Thread 0x0000024eb025d800 3314       3       java.util.HashMap::putAll (7 bytes)
Event: 4.603 Thread 0x0000024eb025d800 nmethod 3314 0x0000024e94677990 code [0x0000024e94677b40, 0x0000024e94677c68]

GC Heap History (9 events):
Event: 0.724 GC heap before
{Heap before GC invocations=0 (full 0):
 garbage-first heap   total 258048K, used 24576K [0x0000000704800000, 0x0000000800000000)
  region size 1024K, 24 young (24576K), 0 survivors (0K)
 Metaspace       used 10943K, capacity 11262K, committed 11392K, reserved 1058816K
  class space    used 1013K, capacity 1099K, committed 1152K, reserved 1048576K
}
Event: 0.731 GC heap after
{Heap after GC invocations=1 (full 0):
 garbage-first heap   total 258048K, used 9743K [0x0000000704800000, 0x0000000800000000)
  region size 1024K, 3 young (3072K), 3 survivors (3072K)
 Metaspace       used 10943K, capacity 11262K, committed 11392K, reserved 1058816K
  class space    used 1013K, capacity 1099K, committed 1152K, reserved 1048576K
}
Event: 1.795 GC heap before
{Heap before GC invocations=1 (full 0):
 garbage-first heap   total 258048K, used 58895K [0x0000000704800000, 0x0000000800000000)
  region size 1024K, 51 young (52224K), 3 survivors (3072K)
 Metaspace       used 19208K, capacity 19877K, committed 19968K, reserved 1067008K
  class space    used 2029K, capacity 2277K, committed 2304K, reserved 1048576K
}
Event: 1.810 GC heap after
{Heap after GC invocations=2 (full 0):
 garbage-first heap   total 258048K, used 11217K [0x0000000704800000, 0x0000000800000000)
  region size 1024K, 5 young (5120K), 5 survivors (5120K)
 Metaspace       used 19208K, capacity 19877K, committed 19968K, reserved 1067008K
  class space    used 2029K, capacity 2277K, committed 2304K, reserved 1048576K
}
Event: 2.012 GC heap before
{Heap before GC invocations=2 (full 0):
 garbage-first heap   total 258048K, used 21457K [0x0000000704800000, 0x0000000800000000)
  region size 1024K, 16 young (16384K), 5 survivors (5120K)
 Metaspace       used 20461K, capacity 21170K, committed 21296K, reserved 1069056K
  class space    used 2206K, capacity 2474K, committed 2560K, reserved 1048576K
}
Event: 2.020 GC heap after
{Heap after GC invocations=3 (full 0):
 garbage-first heap   total 258048K, used 11822K [0x0000000704800000, 0x0000000800000000)
  region size 1024K, 3 young (3072K), 3 survivors (3072K)
 Metaspace       used 20461K, capacity 21170K, committed 21296K, reserved 1069056K
  class space    used 2206K, capacity 2474K, committed 2560K, reserved 1048576K
}
Event: 3.204 GC heap before
{Heap before GC invocations=4 (full 0):
 garbage-first heap   total 258048K, used 76334K [0x0000000704800000, 0x0000000800000000)
  region size 1024K, 66 young (67584K), 3 survivors (3072K)
 Metaspace       used 29842K, capacity 30824K, committed 31104K, reserved 1077248K
  class space    used 3445K, capacity 3853K, committed 3968K, reserved 1048576K
}
Event: 3.211 GC heap after
{Heap after GC invocations=5 (full 0):
 garbage-first heap   total 258048K, used 14018K [0x0000000704800000, 0x0000000800000000)
  region size 1024K, 5 young (5120K), 5 survivors (5120K)
 Metaspace       used 29842K, capacity 30824K, committed 31104K, reserved 1077248K
  class space    used 3445K, capacity 3853K, committed 3968K, reserved 1048576K
}
Event: 4.606 GC heap before
{Heap before GC invocations=5 (full 0):
 garbage-first heap   total 258048K, used 100034K [0x0000000704800000, 0x0000000800000000)
  region size 1024K, 90 young (92160K), 5 survivors (5120K)
 Metaspace       used 34746K, capacity 35807K, committed 35920K, reserved 1081344K
  class space    used 3987K, capacity 4423K, committed 4480K, reserved 1048576K
}

Deoptimization events (20 events):
Event: 4.281 Thread 0x0000024e8ae16800 Uncommon trap: trap_request=0xffffffd6 fr.pc=0x0000024e9b603d48 relative=0x0000000000000368
Event: 4.281 Thread 0x0000024e8ae16800 Uncommon trap: reason=array_check action=maybe_recompile pc=0x0000024e9b603d48 method=java.util.AbstractCollection.toArray([Ljava/lang/Object;)[Ljava/lang/Object; @ 116 c2
Event: 4.281 Thread 0x0000024e8ae16800 DEOPT PACKING pc=0x0000024e9b603d48 sp=0x000000a62f5fb560
Event: 4.281 Thread 0x0000024e8ae16800 DEOPT UNPACKING pc=0x0000024e939ea1af sp=0x000000a62f5fb510 mode 2
Event: 4.281 Thread 0x0000024e8ae16800 Uncommon trap: trap_request=0xffffffd6 fr.pc=0x0000024e9b603d48 relative=0x0000000000000368
Event: 4.281 Thread 0x0000024e8ae16800 Uncommon trap: reason=array_check action=maybe_recompile pc=0x0000024e9b603d48 method=java.util.AbstractCollection.toArray([Ljava/lang/Object;)[Ljava/lang/Object; @ 116 c2
Event: 4.282 Thread 0x0000024e8ae16800 DEOPT PACKING pc=0x0000024e9b603d48 sp=0x000000a62f5faee0
Event: 4.282 Thread 0x0000024e8ae16800 DEOPT UNPACKING pc=0x0000024e939ea1af sp=0x000000a62f5fae80 mode 2
Event: 4.311 Thread 0x0000024e8ae16800 Uncommon trap: trap_request=0xffffff4d fr.pc=0x0000024e9b604a44 relative=0x00000000000003e4
Event: 4.311 Thread 0x0000024e8ae16800 Uncommon trap: reason=unstable_if action=reinterpret pc=0x0000024e9b604a44 method=org.springframework.core.annotation.MergedAnnotationsCollection.isMappingForType(Lorg/springframework/core/annotation/AnnotationTypeMapping;Ljava/lang/Object;)Z @ 13 c2
Event: 4.311 Thread 0x0000024e8ae16800 DEOPT PACKING pc=0x0000024e9b604a44 sp=0x000000a62f5fb9b0
Event: 4.311 Thread 0x0000024e8ae16800 DEOPT UNPACKING pc=0x0000024e939ea1af sp=0x000000a62f5fb878 mode 2
Event: 4.405 Thread 0x0000024e8ae16800 Uncommon trap: trap_request=0xffffff4d fr.pc=0x0000024e9b5ddb0c relative=0x00000000000001cc
Event: 4.405 Thread 0x0000024e8ae16800 Uncommon trap: reason=unstable_if action=reinterpret pc=0x0000024e9b5ddb0c method=org.springframework.core.annotation.MergedAnnotationsCollection.isMappingForType(Lorg/springframework/core/annotation/AnnotationTypeMapping;Ljava/lang/Object;)Z @ 13 c2
Event: 4.405 Thread 0x0000024e8ae16800 DEOPT PACKING pc=0x0000024e9b5ddb0c sp=0x000000a62f5fba30
Event: 4.405 Thread 0x0000024e8ae16800 DEOPT UNPACKING pc=0x0000024e939ea1af sp=0x000000a62f5fb9c0 mode 2
Event: 4.509 Thread 0x0000024e8ae16800 Uncommon trap: trap_request=0xffffff4d fr.pc=0x0000024e9b577fb8 relative=0x0000000000000118
Event: 4.509 Thread 0x0000024e8ae16800 Uncommon trap: reason=unstable_if action=reinterpret pc=0x0000024e9b577fb8 method=java.util.Arrays.equals([Ljava/lang/Object;[Ljava/lang/Object;)Z @ 44 c2
Event: 4.509 Thread 0x0000024e8ae16800 DEOPT PACKING pc=0x0000024e9b577fb8 sp=0x000000a62f5fb270
Event: 4.509 Thread 0x0000024e8ae16800 DEOPT UNPACKING pc=0x0000024e939ea1af sp=0x000000a62f5fb210 mode 2

Classes redefined (0 events):
No events

Internal exceptions (20 events):
Event: 2.993 Thread 0x0000024e8ae16800 Exception <a 'java/lang/ClassNotFoundException'{0x00000007115a3978}: org/springframework/beans/factory/support/BeanDefinitionRegistryPostProcessorCustomizer> (0x00000007115a3978) thrown at [s\src\hotspot\share\classfile\systemDictionary.cpp, line 230]
Event: 2.993 Thread 0x0000024e8ae16800 Exception <a 'java/lang/ClassNotFoundException'{0x00000007115c76e0}: org/springframework/beans/factory/config/BeanFactoryPostProcessorCustomizer> (0x00000007115c76e0) thrown at [s\src\hotspot\share\classfile\systemDictionary.cpp, line 230]
Event: 2.993 Thread 0x0000024e8ae16800 Exception <a 'java/lang/ClassNotFoundException'{0x00000007115e4510}: org/springframework/core/PriorityOrderedCustomizer> (0x00000007115e4510) thrown at [s\src\hotspot\share\classfile\systemDictionary.cpp, line 230]
Event: 2.994 Thread 0x0000024e8ae16800 Exception <a 'java/lang/ClassNotFoundException'{0x000000071147e988}: org/springframework/core/OrderedCustomizer> (0x000000071147e988) thrown at [s\src\hotspot\share\classfile\systemDictionary.cpp, line 230]
Event: 2.995 Thread 0x0000024e8ae16800 Exception <a 'java/lang/ClassNotFoundException'{0x000000071149cbf8}: org/springframework/context/ResourceLoaderAwareCustomizer> (0x000000071149cbf8) thrown at [s\src\hotspot\share\classfile\systemDictionary.cpp, line 230]
Event: 2.996 Thread 0x0000024e8ae16800 Exception <a 'java/lang/ClassNotFoundException'{0x00000007114b8fc0}: org/springframework/beans/factory/AwareCustomizer> (0x00000007114b8fc0) thrown at [s\src\hotspot\share\classfile\systemDictionary.cpp, line 230]
Event: 2.997 Thread 0x0000024e8ae16800 Exception <a 'java/lang/ClassNotFoundException'{0x00000007114d7d20}: org/springframework/context/ApplicationStartupAwareCustomizer> (0x00000007114d7d20) thrown at [s\src\hotspot\share\classfile\systemDictionary.cpp, line 230]
Event: 2.998 Thread 0x0000024e8ae16800 Exception <a 'java/lang/ClassNotFoundException'{0x00000007114f45a0}: org/springframework/beans/factory/AwareCustomizer> (0x00000007114f45a0) thrown at [s\src\hotspot\share\classfile\systemDictionary.cpp, line 230]
Event: 2.999 Thread 0x0000024e8ae16800 Exception <a 'java/lang/ClassNotFoundException'{0x0000000711313e98}: org/springframework/beans/factory/BeanClassLoaderAwareCustomizer> (0x0000000711313e98) thrown at [s\src\hotspot\share\classfile\systemDictionary.cpp, line 230]
Event: 3.000 Thread 0x0000024e8ae16800 Exception <a 'java/lang/ClassNotFoundException'{0x0000000711330278}: org/springframework/beans/factory/AwareCustomizer> (0x0000000711330278) thrown at [s\src\hotspot\share\classfile\systemDictionary.cpp, line 230]
Event: 3.000 Thread 0x0000024e8ae16800 Exception <a 'java/lang/ClassNotFoundException'{0x000000071134d260}: org/springframework/context/EnvironmentAwareCustomizer> (0x000000071134d260) thrown at [s\src\hotspot\share\classfile\systemDictionary.cpp, line 230]
Event: 3.001 Thread 0x0000024e8ae16800 Exception <a 'java/lang/ClassNotFoundException'{0x00000007113695b8}: org/springframework/beans/factory/AwareCustomizer> (0x00000007113695b8) thrown at [s\src\hotspot\share\classfile\systemDictionary.cpp, line 230]
Event: 3.132 Thread 0x0000024eb03ec800 Exception <a 'java/lang/NoSuchMethodError'{0x0000000710696c10}: 'long java.lang.invoke.DirectMethodHandle$Holder.invokeSpecial(java.lang.Object, java.lang.Object)'> (0x0000000710696c10) thrown at [s\src\hotspot\share\interpreter\linkResolver.cpp, line 773]
Event: 3.135 Thread 0x0000024eb03ec800 Exception <a 'java/lang/NoSuchMethodError'{0x00000007106a0ec0}: 'long java.lang.invoke.DirectMethodHandle$Holder.invokeStatic(java.lang.Object, java.lang.Object)'> (0x00000007106a0ec0) thrown at [s\src\hotspot\share\interpreter\linkResolver.cpp, line 773]
Event: 3.135 Thread 0x0000024eb03ec800 Exception <a 'java/lang/NoSuchMethodError'{0x00000007106a3ce8}: 'long java.lang.invoke.DirectMethodHandle$Holder.invokeStaticInit(java.lang.Object, java.lang.Object)'> (0x00000007106a3ce8) thrown at [s\src\hotspot\share\interpreter\linkResolver.cpp, line 773]
Event: 3.140 Thread 0x0000024eb03ec800 Exception <a 'java/lang/NoSuchMethodError'{0x00000007106b01a8}: 'long java.lang.invoke.DirectMethodHandle$Holder.invokeInterface(java.lang.Object, java.lang.Object)'> (0x00000007106b01a8) thrown at [s\src\hotspot\share\interpreter\linkResolver.cpp, line 773]
Event: 3.141 Thread 0x0000024eb03ec800 Exception <a 'java/lang/IncompatibleClassChangeError'{0x00000007106b2f40}: Found class java.lang.Object, but interface was expected> (0x00000007106b2f40) thrown at [s\src\hotspot\share\interpreter\linkResolver.cpp, line 839]
Event: 3.159 Thread 0x0000024eb03ec800 Exception <a 'java/lang/NoSuchMethodError'{0x000000071048b038}: 'java.lang.Object java.lang.invoke.DirectMethodHandle$Holder.invokeVirtual(java.lang.Object, java.lang.Object, java.lang.Object, java.lang.Object)'> (0x000000071048b038) thrown at [s\src\hotspot\share\interpreter\linkResolver.cpp, line 773]
Event: 3.401 Thread 0x0000024e8ae16800 Exception <a 'java/lang/IncompatibleClassChangeError'{0x0000000713723ce0}: Found class java.lang.Object, but interface was expected> (0x0000000713723ce0) thrown at [s\src\hotspot\share\interpreter\linkResolver.cpp, line 839]
Event: 4.235 Thread 0x0000024e8ae16800 Exception <a 'java/lang/NoSuchMethodError'{0x00000007107c9d50}: 'void java.lang.invoke.DirectMethodHandle$Holder.invokeStatic(java.lang.Object, java.lang.Object, int)'> (0x00000007107c9d50) thrown at [s\src\hotspot\share\interpreter\linkResolver.cpp, line 773]

Events (20 events):
Event: 4.599 loading class springfox/documentation/spring/web/DocumentationCache done
Event: 4.600 loading class springfox/documentation/spring/web/json/JsonSerializer
Event: 4.600 loading class springfox/documentation/spring/web/json/JsonSerializer done
Event: 4.600 loading class springfox/documentation/spring/web/DescriptionResolver
Event: 4.600 loading class springfox/documentation/spring/web/DescriptionResolver done
Event: 4.601 loading class springfox/documentation/spring/web/WebMvcObjectMapperConfigurer
Event: 4.601 loading class springfox/documentation/spring/web/WebMvcObjectMapperConfigurer done
Event: 4.602 loading class springfox/documentation/spring/web/json/JacksonModuleRegistrar
Event: 4.602 loading class springfox/documentation/spring/web/json/JacksonModuleRegistrar done
Event: 4.602 loading class com/github/xiaoymin/knife4j/spring/configuration/Knife4jAutoConfiguration$Knife4jEnhanceAutoConfiguration
Event: 4.602 loading class com/github/xiaoymin/knife4j/spring/configuration/Knife4jAutoConfiguration$Knife4jEnhanceAutoConfiguration done
Event: 4.603 loading class com/github/xiaoymin/knife4j/spring/configuration/Knife4jProperties
Event: 4.603 loading class com/github/xiaoymin/knife4j/spring/configuration/Knife4jProperties done
Event: 4.604 loading class com/github/xiaoymin/knife4j/spring/common/bean/Knife4jI18nServiceModelToSwagger2MapperImpl
Event: 4.604 loading class com/github/xiaoymin/knife4j/spring/common/bean/Knife4jI18nServiceModelToSwagger2MapperImpl done
Event: 4.604 loading class com/github/xiaoymin/knife4j/spring/extension/OpenApiExtensionResolver
Event: 4.604 loading class com/github/xiaoymin/knife4j/spring/extension/OpenApiExtensionResolver done
Event: 4.605 loading class com/github/xiaoymin/knife4j/spring/common/bean/Knife4jDocketAutoRegistry
Event: 4.605 loading class com/github/xiaoymin/knife4j/spring/common/bean/Knife4jDocketAutoRegistry done
Event: 4.606 Executing VM operation: CollectForMetadataAllocation


Dynamic libraries:
0x00007ff621ea0000 - 0x00007ff621eae000 	C:\Users\22183\.jdks\corretto-11.0.25\bin\java.exe
0x00007ffd16240000 - 0x00007ffd16449000 	C:\windows\SYSTEM32\ntdll.dll
0x00007ffd140d0000 - 0x00007ffd1418d000 	C:\windows\System32\KERNEL32.DLL
0x00007ffd13d00000 - 0x00007ffd14084000 	C:\windows\System32\KERNELBASE.dll
0x00007ffd13840000 - 0x00007ffd13951000 	C:\windows\System32\ucrtbase.dll
0x00007ffcf58e0000 - 0x00007ffcf58f7000 	C:\Users\22183\.jdks\corretto-11.0.25\bin\jli.dll
0x00007ffd15000000 - 0x00007ffd151ad000 	C:\windows\System32\USER32.dll
0x00007ffcf5900000 - 0x00007ffcf591b000 	C:\Users\22183\.jdks\corretto-11.0.25\bin\VCRUNTIME140.dll
0x00007ffd13a70000 - 0x00007ffd13a96000 	C:\windows\System32\win32u.dll
0x00007ffd14a40000 - 0x00007ffd14a6a000 	C:\windows\System32\GDI32.dll
0x00007ffd13b20000 - 0x00007ffd13c3e000 	C:\windows\System32\gdi32full.dll
0x00007ffd139d0000 - 0x00007ffd13a6d000 	C:\windows\System32\msvcp_win.dll
0x00007ffcf9c30000 - 0x00007ffcf9ed5000 	C:\windows\WinSxS\amd64_microsoft.windows.common-controls_6595b64144ccf1df_6.0.22000.120_none_9d947278b86cc467\COMCTL32.dll
0x00007ffd15960000 - 0x00007ffd15a03000 	C:\windows\System32\msvcrt.dll
0x00007ffd14090000 - 0x00007ffd140c1000 	C:\windows\System32\IMM32.DLL
0x0000000070270000 - 0x000000007027d000 	C:\Program Files (x86)\360\360Safe\safemon\SafeWrapper.dll
0x00007ffd15230000 - 0x00007ffd152de000 	C:\windows\System32\ADVAPI32.dll
0x00007ffd14ae0000 - 0x00007ffd14b7e000 	C:\windows\System32\sechost.dll
0x00007ffd155a0000 - 0x00007ffd156c1000 	C:\windows\System32\RPCRT4.dll
0x00007ffd0ea40000 - 0x00007ffd0eb45000 	C:\Program Files (x86)\360\360Safe\safemon\libzdtp64.dll
0x00007ffd15a30000 - 0x00007ffd161f5000 	C:\windows\System32\SHELL32.dll
0x00007ffd156d0000 - 0x00007ffd1572d000 	C:\windows\System32\SHLWAPI.dll
0x00007ffd13030000 - 0x00007ffd1303a000 	C:\windows\SYSTEM32\VERSION.dll
0x00007ffd0e8e0000 - 0x00007ffd0e8ec000 	C:\Users\22183\.jdks\corretto-11.0.25\bin\vcruntime140_1.dll
0x00007ffce1440000 - 0x00007ffce14cd000 	C:\Users\22183\.jdks\corretto-11.0.25\bin\msvcp140.dll
0x00007ffc7b030000 - 0x00007ffc7bbf5000 	C:\Users\22183\.jdks\corretto-11.0.25\bin\server\jvm.dll
0x00007ffd14280000 - 0x00007ffd142ef000 	C:\windows\System32\WS2_32.dll
0x00007ffd14410000 - 0x00007ffd14418000 	C:\windows\System32\PSAPI.DLL
0x00007ffd0c9f0000 - 0x00007ffd0ca23000 	C:\windows\SYSTEM32\WINMM.dll
0x00007ffd12650000 - 0x00007ffd12668000 	C:\windows\SYSTEM32\kernel.appcore.dll
0x00007ffd0cbe0000 - 0x00007ffd0cbf0000 	C:\Users\22183\.jdks\corretto-11.0.25\bin\verify.dll
0x00007ffd10de0000 - 0x00007ffd11001000 	C:\windows\SYSTEM32\DBGHELP.DLL
0x00007ffcf1250000 - 0x00007ffcf1281000 	C:\windows\SYSTEM32\dbgcore.DLL
0x00007ffd13aa0000 - 0x00007ffd13b1f000 	C:\windows\System32\bcryptPrimitives.dll
0x00007ffcee520000 - 0x00007ffcee548000 	C:\Users\22183\.jdks\corretto-11.0.25\bin\java.dll
0x00007ffd0cb90000 - 0x00007ffd0cb9a000 	C:\Users\22183\.jdks\corretto-11.0.25\bin\jimage.dll
0x00007ffcf58c0000 - 0x00007ffcf58d8000 	C:\Users\22183\.jdks\corretto-11.0.25\bin\zip.dll
0x00007ffd116e0000 - 0x00007ffd11f42000 	C:\windows\SYSTEM32\windows.storage.dll
0x00007ffd14b80000 - 0x00007ffd14ef6000 	C:\windows\System32\combase.dll
0x00007ffd11570000 - 0x00007ffd116d7000 	C:\windows\SYSTEM32\wintypes.dll
0x00007ffd154b0000 - 0x00007ffd1559a000 	C:\windows\System32\SHCORE.dll
0x00007ffd13600000 - 0x00007ffd13625000 	C:\windows\SYSTEM32\profapi.dll
0x00007ffcf3f10000 - 0x00007ffcf3f29000 	C:\Users\22183\.jdks\corretto-11.0.25\bin\net.dll
0x00007ffd0da10000 - 0x00007ffd0db24000 	C:\windows\SYSTEM32\WINHTTP.dll
0x0000000180000000 - 0x000000018008c000 	C:\windows\system32\ASProxy64.dll
0x00007ffd148a0000 - 0x00007ffd14a3a000 	C:\windows\System32\ole32.dll
0x00007ffd14f20000 - 0x00007ffd14ff6000 	C:\windows\System32\OLEAUT32.dll
0x00007ffd12b00000 - 0x00007ffd12b67000 	C:\windows\SYSTEM32\MSWSOCK.dll
0x00007ffd13040000 - 0x00007ffd1306d000 	C:\windows\SYSTEM32\IPHLPAPI.DLL
0x00007ffd128e0000 - 0x00007ffd12922000 	C:\windows\SYSTEM32\SspiCli.dll
0x00007ffcee320000 - 0x00007ffcee332000 	C:\Users\22183\.jdks\corretto-11.0.25\bin\nio.dll
0x00007ffd0ea20000 - 0x00007ffd0ea29000 	C:\Users\22183\.jdks\corretto-11.0.25\bin\management.dll
0x00007ffd0ca40000 - 0x00007ffd0ca4b000 	C:\Users\22183\.jdks\corretto-11.0.25\bin\management_ext.dll
0x00007ffd0fec0000 - 0x00007ffd0ff6c000 	C:\windows\system32\uxtheme.dll
0x00007ffce46d0000 - 0x00007ffce46e7000 	C:\windows\system32\napinsp.dll
0x00007ffce46b0000 - 0x00007ffce46cb000 	C:\windows\system32\pnrpnsp.dll
0x00007ffd12190000 - 0x00007ffd12277000 	C:\windows\SYSTEM32\DNSAPI.dll
0x00007ffd151b0000 - 0x00007ffd151b9000 	C:\windows\System32\NSI.dll
0x00007ffce4690000 - 0x00007ffce46a2000 	C:\windows\System32\winrnr.dll
0x00007ffce4670000 - 0x00007ffce4685000 	C:\windows\system32\wshbth.dll
0x00007ffce4650000 - 0x00007ffce466f000 	C:\windows\system32\nlansp_c.dll
0x000000006e890000 - 0x000000006e89b000 	C:\Program Files\National Instruments\Shared\mDNS Responder\nimdnsNSP.dll
0x000000006e870000 - 0x000000006e881000 	C:\windows\SYSTEM32\nimdnsResponder.dll
0x000000006e810000 - 0x000000006e836000 	C:\Program Files\Bonjour\mdnsNSP.dll
0x00007ffd0b910000 - 0x00007ffd0b91a000 	C:\Windows\System32\rasadhlp.dll
0x00007ffd0b970000 - 0x00007ffd0b9f1000 	C:\windows\System32\fwpuclnt.dll

dbghelp: loaded successfully - version: 4.0.5 - missing functions: none
symbol engine: initialized successfully - sym options: 0x614 - pdb path: .;C:\Users\22183\.jdks\corretto-11.0.25\bin;C:\windows\SYSTEM32;C:\windows\WinSxS\amd64_microsoft.windows.common-controls_6595b64144ccf1df_6.0.22000.120_none_9d947278b86cc467;C:\Program Files (x86)\360\360Safe\safemon;C:\Users\22183\.jdks\corretto-11.0.25\bin\server;C:\Program Files\National Instruments\Shared\mDNS Responder;C:\Program Files\Bonjour

VM Arguments:
java_command: C:\Users\22183\AppData\Local\Temp\surefire15366507088397709022\surefirebooter-20251015171306962_3.jar C:\Users\22183\AppData\Local\Temp\surefire15366507088397709022 2025-10-15T17-13-05_818-jvmRun1 surefire-20251015171306962_1tmp surefire_0-20251015171306962_2tmp
java_class_path (initial): C:\Users\22183\AppData\Local\Temp\surefire15366507088397709022\surefirebooter-20251015171306962_3.jar
Launcher Type: SUN_STANDARD

[Global flags]
     intx CICompilerCount                          = 4                                         {product} {ergonomic}
     uint ConcGCThreads                            = 3                                         {product} {ergonomic}
     uint G1ConcRefinementThreads                  = 10                                        {product} {ergonomic}
   size_t G1HeapRegionSize                         = 1048576                                   {product} {ergonomic}
    uintx GCDrainStackTargetSize                   = 64                                        {product} {ergonomic}
   size_t InitialHeapSize                          = 264241152                                 {product} {ergonomic}
   size_t MarkStackSize                            = 4194304                                   {product} {ergonomic}
   size_t MaxHeapSize                              = 4219469824                                {product} {ergonomic}
   size_t MaxNewSize                               = 2531262464                                {product} {ergonomic}
   size_t MinHeapDeltaBytes                        = 1048576                                   {product} {ergonomic}
    uintx NonNMethodCodeHeapSize                   = 5836300                                {pd product} {ergonomic}
    uintx NonProfiledCodeHeapSize                  = 122910970                              {pd product} {ergonomic}
    uintx ProfiledCodeHeapSize                     = 122910970                              {pd product} {ergonomic}
    uintx ReservedCodeCacheSize                    = 251658240                              {pd product} {ergonomic}
     bool SegmentedCodeCache                       = true                                      {product} {ergonomic}
     bool UseCompressedClassPointers               = true                                 {lp64_product} {ergonomic}
     bool UseCompressedOops                        = true                                 {lp64_product} {ergonomic}
     bool UseG1GC                                  = true                                      {product} {ergonomic}
     bool UseLargePagesIndividualAllocation        = false                                  {pd product} {ergonomic}

Logging:
Log output configuration:
 #0: stdout all=warning uptime,level,tags
 #1: stderr all=off uptime,level,tags

Environment Variables:
JAVA_HOME=C:\Program Files\Java\jdk1.8.0_202
PATH=C:\Program Files;C:\\Windows\System32;C:\Program Files\Microsoft SQL Server\Client SDK\ODBC\170\Tools\Binn\;C:\Program Files\Microsoft SQL Server\160\DTS\Binn\;D:\Git\cmd;C:\Program Files\Microsoft SQL Server\150\Tools\Binn\;"C:\windows\system32;C:\windows;C:\windows\System32\Wbem;";C:\Program Files\apache-maven-3.9.6\bin;D:\Home\MySQL\bin;D:\Program Files\MATLAB\R2023b\runtime\win64;D:\Program Files\MATLAB\R2023b\bin;C:\Program Files\Docker\Docker\resources\bin;D:\Program Files\MATLAB\R2021b\runtime\win64;D:\Program Files\MATLAB\R2021b\bin;C:\Users\22183\Desktop\web\dll;es (x86)\Microsoft SQL Server\160\DTS\Binn\;C:\Program Files (x86)\Microsoft SQL Server\160\Tools\Binn\;C:\Program Files\Microsoft SQL Server\160\Tools\Binn\;C:\Program Files\Java\jdk1.8.0_202\bin;C:\windows\System32\WindowsPowerShell\v1.0\;C:\Program Files\python;C:\Program Files\python\Scripts;D:\BtSoft\panel\script;C:\Program Files (x86)\Git\cmd;C:\Program Files (x86)\NetSarang\Xftp 7\;C:\Program Files (x86)\NetSarang\Xlpd 7\;C:\Program Files\PuTTY\;C:\windows\system32;D:\nvm;D:\nvm\nodejs;D:\Program Files\Rational\common;D:\nodejs\node_global\node_modules\yarn\bin;D:\nodejs\node_global;C:\Program Files (x86)\Windows Kits\10\Windows Performance Toolkit\;;C:\Program Files\HP\HP One Agent;D:\Ruby32-x64\bin;C:\Users\22183\AppData\Local\Programs\Python\Python36-32\Scripts\;C:\Users\22183\AppData\Local\Programs\Python\Python36-32\;C:\Users\22183\AppData\Local\Microsoft\WindowsApps;D:\Microsoft VS Code\bin;C:\Program Files\Azure Data Studio\bin;D:\WebStorm 2021.1.3\bin;;C:\Users\22183\AppData\Local\GitHubDesktop\bin;C:\ProgramData\22183\GitHubDesktop\bin;C:\Program Files\Java\jdk1.8.0_202\jre;D:\nvm;D:\nvm\nodejs;D:\Program Files\IntelliJ IDEA 2024.2.3\bin;
USERNAME=22183
OS=Windows_NT
PROCESSOR_IDENTIFIER=Intel64 Family 6 Model 154 Stepping 4, GenuineIntel
TMP=C:\Users\22183\AppData\Local\Temp
TEMP=C:\Users\22183\AppData\Local\Temp



---------------  S Y S T E M  ---------------

OS: Windows 11 , 64 bit Build 22000 (10.0.22000.2538)
OS uptime: 0 days 6:55 hours
Hyper-V role detected

CPU:total 12 (initial active 12) (6 cores per cpu, 2 threads per core) family 6 model 154 stepping 4 microcode 0x419, cmov, cx8, fxsr, mmx, sse, sse2, sse3, ssse3, sse4.1, sse4.2, popcnt, avx, avx2, aes, clmul, erms, 3dnowpref, lzcnt, ht, tsc, tscinvbit, bmi1, bmi2, adx, sha, fma

Memory: 4k page, system-wide physical 16095M (374M free)
TotalPageFile size 24473M (AvailPageFile size 39M)
current process WorkingSet (physical memory assigned to process): 228M, peak: 228M
current process commit charge ("private bytes"): 419M, peak: 470M

vm_info: OpenJDK 64-Bit Server VM (11.0.25+9-LTS) for windows-amd64 JRE (11.0.25+9-LTS), built on Oct 10 2024 00:01:59 by "Administrator" with MS VC++ 16.10 / 16.11 (VS2019)

END.
