#
# There is insufficient memory for the Java Runtime Environment to continue.
# Native memory allocation (mmap) failed to map 53477376 bytes for Failed to commit area from 0x0000000714400000 to 0x0000000717700000 of length 53477376.
# Possible reasons:
#   The system is out of physical RAM or swap space
#   The process is running with CompressedOops enabled, and the Java Heap may be blocking the growth of the native heap
# Possible solutions:
#   Reduce memory load on the system
#   Increase physical memory or swap space
#   Check if swap backing store is full
#   Decrease Java heap size (-Xmx/-Xms)
#   Decrease number of Java threads
#   Decrease Java thread stack sizes (-Xss)
#   Set larger code cache with -XX:ReservedCodeCacheSize=
#   JVM is running with Zero Based Compressed Oops mode in which the Java heap is
#     placed in the first 32GB address space. The Java Heap base address is the
#     maximum limit for the native heap growth. Please use -XX:HeapBaseMinAddress
#     to set the Java Heap base and to place the Java Heap above 32GB virtual address.
# This output file may be truncated or incomplete.
#
#  Out of Memory Error (os_windows.cpp:3388), pid=12816, tid=32528
#
# JRE version: OpenJDK Runtime Environment Corretto-11.0.25.9.1 (11.0.25+9) (build 11.0.25+9-LTS)
# Java VM: OpenJDK 64-Bit Server VM Corretto-11.0.25.9.1 (11.0.25+9-LTS, mixed mode, tiered, compressed oops, g1 gc, windows-amd64)
# No core dump will be written. Minidumps are not enabled by default on client versions of Windows
#

---------------  S U M M A R Y ------------

Command Line: C:\Users\22183\AppData\Local\Temp\surefire16414257831144761955\surefirebooter-20250930002720103_3.jar C:\Users\22183\AppData\Local\Temp\surefire16414257831144761955 2025-09-30T00-27-19_511-jvmRun1 surefire-20250930002720103_1tmp surefire_0-20250930002720103_2tmp

Host: 12th Gen Intel(R) Core(TM) i7-1255U, 12 cores, 15G,  Windows 11 , 64 bit Build 22000 (10.0.22000.2538)
Time: Tue Sep 30 00:27:35 2025  Windows 11 , 64 bit Build 22000 (10.0.22000.2538) elapsed time: 15.245187 seconds (0d 0h 0m 15s)

---------------  T H R E A D  ---------------

Current thread (0x000001d25757a000):  VMThread "VM Thread" [stack: 0x000000bb3ac00000,0x000000bb3ad00000] [id=32528]

Stack: [0x000000bb3ac00000,0x000000bb3ad00000]
[error occurred during error reporting (printing stack bounds), id 0xc0000005, EXCEPTION_ACCESS_VIOLATION (0xc0000005) at pc=0x000001d23ae3112d]

Native frames: (J=compiled Java code, j=interpreted, Vv=VM code, C=native code)
V  [jvm.dll+0x64644a]
V  [jvm.dll+0x7daca9]
V  [jvm.dll+0x7dc3a9]
V  [jvm.dll+0x7dc9f5]
V  [jvm.dll+0x7dc9ab]
V  [jvm.dll+0x645755]
V  [jvm.dll+0x645e58]
C  [ntdll.dll+0xa8cdf]
C  [ntdll.dll+0x35bea]
C  [ntdll.dll+0xa7cce]
C  0x000001d23ae3112d

VM_Operation (0x000000bb3a6f93c0): G1CollectForAllocation, mode: safepoint, requested by thread 0x000001d230a95000


---------------  P R O C E S S  ---------------

Threads class SMR info:
_java_thread_list=0x000001d258931d20, length=15, elements={
0x000001d230a95000, 0x000001d25759c000, 0x000001d25759d800, 0x000001d2575b4000,
0x000001d2575b7000, 0x000001d2575fb800, 0x000001d2575ff800, 0x000001d257600800,
0x000001d257602000, 0x000001d25776d000, 0x000001d25824d800, 0x000001d258394800,
0x000001d25bf3b800, 0x000001d25945e800, 0x000001d2581c3000
}

Java Threads: ( => current thread )
  0x000001d230a95000 JavaThread "main" [_thread_blocked, id=31924, stack(0x000000bb3a600000,0x000000bb3a700000)]
  0x000001d25759c000 JavaThread "Reference Handler" daemon [_thread_blocked, id=31188, stack(0x000000bb3ad00000,0x000000bb3ae00000)]
  0x000001d25759d800 JavaThread "Finalizer" daemon [_thread_blocked, id=6972, stack(0x000000bb3ae00000,0x000000bb3af00000)]
  0x000001d2575b4000 JavaThread "Signal Dispatcher" daemon [_thread_blocked, id=26160, stack(0x000000bb3af00000,0x000000bb3b000000)]
  0x000001d2575b7000 JavaThread "Attach Listener" daemon [_thread_blocked, id=32408, stack(0x000000bb3b000000,0x000000bb3b100000)]
  0x000001d2575fb800 JavaThread "Service Thread" daemon [_thread_blocked, id=32476, stack(0x000000bb3b100000,0x000000bb3b200000)]
  0x000001d2575ff800 JavaThread "C2 CompilerThread0" daemon [_thread_blocked, id=2836, stack(0x000000bb3b200000,0x000000bb3b300000)]
  0x000001d257600800 JavaThread "C1 CompilerThread0" daemon [_thread_blocked, id=33260, stack(0x000000bb3b300000,0x000000bb3b400000)]
  0x000001d257602000 JavaThread "Sweeper thread" daemon [_thread_blocked, id=32820, stack(0x000000bb3b400000,0x000000bb3b500000)]
  0x000001d25776d000 JavaThread "Common-Cleaner" daemon [_thread_blocked, id=12588, stack(0x000000bb3b600000,0x000000bb3b700000)]
  0x000001d25824d800 JavaThread "surefire-forkedjvm-stream-flusher" daemon [_thread_blocked, id=26588, stack(0x000000bb3c300000,0x000000bb3c400000)]
  0x000001d258394800 JavaThread "surefire-forkedjvm-command-thread" daemon [_thread_in_native, id=31032, stack(0x000000bb3c600000,0x000000bb3c700000)]
  0x000001d25bf3b800 JavaThread "mysql-cj-abandoned-connection-cleanup" daemon [_thread_blocked, id=33224, stack(0x000000bb3ce00000,0x000000bb3cf00000)]
  0x000001d25945e800 JavaThread "Thread-2" daemon [_thread_blocked, id=2252, stack(0x000000bb3c500000,0x000000bb3c600000)]
  0x000001d2581c3000 JavaThread "lettuce-timer-3-1" daemon [_thread_blocked, id=3064, stack(0x000000bb3cf00000,0x000000bb3d000000)]

Other Threads:
=>0x000001d25757a000 VMThread "VM Thread" [stack: 0x000000bb3ac00000,0x000000bb3ad00000] [id=32528]
  0x000001d25776c800 WatcherThread [stack: 0x000000bb3b500000,0x000000bb3b600000] [id=32840]
  0x000001d230ab0800 GCTaskThread "GC Thread#0" [stack: 0x000000bb3a700000,0x000000bb3a800000] [id=32728]
  0x000001d258f62800 GCTaskThread "GC Thread#1" [stack: 0x000000bb3c700000,0x000000bb3c800000] [id=32968]
  0x000001d258b5c800 GCTaskThread "GC Thread#2" [stack: 0x000000bb3c800000,0x000000bb3c900000] [id=33328]
  0x000001d258de1000 GCTaskThread "GC Thread#3" [stack: 0x000000bb3c900000,0x000000bb3ca00000] [id=32884]
  0x000001d2591a9800 GCTaskThread "GC Thread#4" [stack: 0x000000bb3ca00000,0x000000bb3cb00000] [id=25596]
  0x000001d2589ef800 GCTaskThread "GC Thread#5" [stack: 0x000000bb3cb00000,0x000000bb3cc00000] [id=22600]
  0x000001d230b0b000 ConcurrentGCThread "G1 Main Marker" [stack: 0x000000bb3a800000,0x000000bb3a900000] [id=13444]
  0x000001d230b0c800 ConcurrentGCThread "G1 Conc#0" [stack: 0x000000bb3a900000,0x000000bb3aa00000] [id=23644]
  0x000001d25928d800 ConcurrentGCThread "G1 Conc#1" [stack: 0x000000bb3cc00000,0x000000bb3cd00000] [id=33232]
  0x000001d25901a800 ConcurrentGCThread "G1 Conc#2" [stack: 0x000000bb3cd00000,0x000000bb3ce00000] [id=29940]
  0x000001d256bdd000 ConcurrentGCThread "G1 Refine#0" [stack: 0x000000bb3aa00000,0x000000bb3ab00000] [id=22416]
  0x000001d256bde000 ConcurrentGCThread "G1 Young RemSet Sampling" [stack: 0x000000bb3ab00000,0x000000bb3ac00000] [id=29968]

Threads with active compile tasks:
C2 CompilerThread0    15306 5905       4       org.springframework.beans.factory.support.AbstractBeanFactory::isTypeMatch (607 bytes)

VM state:at safepoint (normal execution)

VM Mutex/Monitor currently owned by a thread:  ([mutex/lock_event])
[0x000001d230a92540] Threads_lock - owner thread: 0x000001d25757a000
[0x000001d230a92390] Heap_lock - owner thread: 0x000001d230a95000

Heap address: 0x0000000704800000, size: 4024 MB, Compressed Oops mode: Zero based, Oop shift amount: 3
Narrow klass base: 0x0000000800000000, Narrow klass shift: 0
Compressed class space size: 1073741824 Address: 0x0000000800000000

Heap:
 garbage-first heap   total 310272K, used 35642K [0x0000000704800000, 0x0000000800000000)
  region size 1024K, 15 young (15360K), 15 survivors (15360K)
 Metaspace       used 62918K, capacity 64739K, committed 64776K, reserved 1105920K
  class space    used 7568K, capacity 8287K, committed 8320K, reserved 1048576K
Heap Regions: E=young(eden), S=young(survivor), O=old, HS=humongous(starts), HC=humongous(continues), CS=collection set, F=free, A=archive, TAMS=top-at-mark-start (previous, next)
|   0|0x0000000704800000, 0x0000000704900000, 0x0000000704900000|100%| O|  |TAMS 0x0000000704900000, 0x0000000704800000| Untracked 
|   1|0x0000000704900000, 0x0000000704a00000, 0x0000000704a00000|100%| O|  |TAMS 0x0000000704a00000, 0x0000000704900000| Untracked 
|   2|0x0000000704a00000, 0x0000000704b00000, 0x0000000704b00000|100%| O|  |TAMS 0x0000000704b00000, 0x0000000704a00000| Untracked 
|   3|0x0000000704b00000, 0x0000000704c00000, 0x0000000704c00000|100%| O|  |TAMS 0x0000000704c00000, 0x0000000704b00000| Untracked 
|   4|0x0000000704c00000, 0x0000000704d00000, 0x0000000704d00000|100%| O|  |TAMS 0x0000000704d00000, 0x0000000704c00000| Untracked 
|   5|0x0000000704d00000, 0x0000000704e00000, 0x0000000704e00000|100%| O|  |TAMS 0x0000000704e00000, 0x0000000704d00000| Untracked 
|   6|0x0000000704e00000, 0x0000000704f00000, 0x0000000704f00000|100%| O|  |TAMS 0x0000000704f00000, 0x0000000704e00000| Untracked 
|   7|0x0000000704f00000, 0x0000000705000000, 0x0000000705000000|100%| O|  |TAMS 0x0000000705000000, 0x0000000704f00000| Untracked 
|   8|0x0000000705000000, 0x0000000705100000, 0x0000000705100000|100%| O|  |TAMS 0x0000000705100000, 0x0000000705000000| Untracked 
|   9|0x0000000705100000, 0x0000000705200000, 0x0000000705200000|100%| O|  |TAMS 0x0000000705200000, 0x0000000705100000| Untracked 
|  10|0x0000000705200000, 0x0000000705300000, 0x0000000705300000|100%| O|  |TAMS 0x0000000705300000, 0x0000000705200000| Untracked 
|  11|0x0000000705300000, 0x0000000705400000, 0x0000000705400000|100%| O|  |TAMS 0x0000000705400000, 0x0000000705300000| Untracked 
|  12|0x0000000705400000, 0x0000000705500000, 0x0000000705500000|100%| O|  |TAMS 0x0000000705500000, 0x0000000705400000| Untracked 
|  13|0x0000000705500000, 0x0000000705600000, 0x0000000705600000|100%| O|  |TAMS 0x0000000705600000, 0x0000000705500000| Untracked 
|  14|0x0000000705600000, 0x0000000705700000, 0x0000000705700000|100%| O|  |TAMS 0x0000000705700000, 0x0000000705600000| Untracked 
|  15|0x0000000705700000, 0x0000000705800000, 0x0000000705800000|100%| O|  |TAMS 0x0000000705728200, 0x0000000705700000| Untracked 
|  16|0x0000000705800000, 0x0000000705900000, 0x0000000705900000|100%| O|  |TAMS 0x0000000705800000, 0x0000000705800000| Untracked 
|  17|0x0000000705900000, 0x0000000705a00000, 0x0000000705a00000|100%| O|  |TAMS 0x0000000705900000, 0x0000000705900000| Untracked 
|  18|0x0000000705a00000, 0x0000000705b00000, 0x0000000705b00000|100%| O|  |TAMS 0x0000000705a00000, 0x0000000705a00000| Untracked 
|  19|0x0000000705b00000, 0x0000000705c00000, 0x0000000705c00000|100%| O|  |TAMS 0x0000000705b00000, 0x0000000705b00000| Untracked 
|  20|0x0000000705c00000, 0x0000000705c73000, 0x0000000705d00000| 44%| O|  |TAMS 0x0000000705c00000, 0x0000000705c00000| Untracked 
|  21|0x0000000705d00000, 0x0000000705d00000, 0x0000000705e00000|  0%| F|  |TAMS 0x0000000705d00000, 0x0000000705d00000| Untracked 
|  22|0x0000000705e00000, 0x0000000705e00000, 0x0000000705f00000|  0%| F|  |TAMS 0x0000000705e00000, 0x0000000705e00000| Untracked 
|  23|0x0000000705f00000, 0x0000000705f00000, 0x0000000706000000|  0%| F|  |TAMS 0x0000000705f00000, 0x0000000705f00000| Untracked 
|  24|0x0000000706000000, 0x0000000706000000, 0x0000000706100000|  0%| F|  |TAMS 0x0000000706000000, 0x0000000706000000| Untracked 
|  25|0x0000000706100000, 0x0000000706100000, 0x0000000706200000|  0%| F|  |TAMS 0x0000000706100000, 0x0000000706100000| Untracked 
|  26|0x0000000706200000, 0x0000000706200000, 0x0000000706300000|  0%| F|  |TAMS 0x0000000706200000, 0x0000000706200000| Untracked 
|  27|0x0000000706300000, 0x0000000706300000, 0x0000000706400000|  0%| F|  |TAMS 0x0000000706300000, 0x0000000706300000| Untracked 
|  28|0x0000000706400000, 0x0000000706400000, 0x0000000706500000|  0%| F|  |TAMS 0x0000000706400000, 0x0000000706400000| Untracked 
|  29|0x0000000706500000, 0x0000000706500000, 0x0000000706600000|  0%| F|  |TAMS 0x0000000706500000, 0x0000000706500000| Untracked 
|  30|0x0000000706600000, 0x0000000706600000, 0x0000000706700000|  0%| F|  |TAMS 0x0000000706600000, 0x0000000706600000| Untracked 
|  31|0x0000000706700000, 0x0000000706700000, 0x0000000706800000|  0%| F|  |TAMS 0x0000000706700000, 0x0000000706700000| Untracked 
|  32|0x0000000706800000, 0x0000000706800000, 0x0000000706900000|  0%| F|  |TAMS 0x0000000706800000, 0x0000000706800000| Untracked 
|  33|0x0000000706900000, 0x0000000706900000, 0x0000000706a00000|  0%| F|  |TAMS 0x0000000706900000, 0x0000000706900000| Untracked 
|  34|0x0000000706a00000, 0x0000000706a00000, 0x0000000706b00000|  0%| F|  |TAMS 0x0000000706a00000, 0x0000000706a00000| Untracked 
|  35|0x0000000706b00000, 0x0000000706b00000, 0x0000000706c00000|  0%| F|  |TAMS 0x0000000706b00000, 0x0000000706b00000| Untracked 
|  36|0x0000000706c00000, 0x0000000706c00000, 0x0000000706d00000|  0%| F|  |TAMS 0x0000000706c00000, 0x0000000706c00000| Untracked 
|  37|0x0000000706d00000, 0x0000000706d00000, 0x0000000706e00000|  0%| F|  |TAMS 0x0000000706d00000, 0x0000000706d00000| Untracked 
|  38|0x0000000706e00000, 0x0000000706e00000, 0x0000000706f00000|  0%| F|  |TAMS 0x0000000706e00000, 0x0000000706e00000| Untracked 
|  39|0x0000000706f00000, 0x0000000706f00000, 0x0000000707000000|  0%| F|  |TAMS 0x0000000706f00000, 0x0000000706f00000| Untracked 
|  40|0x0000000707000000, 0x0000000707000000, 0x0000000707100000|  0%| F|  |TAMS 0x0000000707000000, 0x0000000707000000| Untracked 
|  41|0x0000000707100000, 0x0000000707100000, 0x0000000707200000|  0%| F|  |TAMS 0x0000000707100000, 0x0000000707100000| Untracked 
|  42|0x0000000707200000, 0x0000000707200000, 0x0000000707300000|  0%| F|  |TAMS 0x0000000707200000, 0x0000000707200000| Untracked 
|  43|0x0000000707300000, 0x0000000707300000, 0x0000000707400000|  0%| F|  |TAMS 0x0000000707300000, 0x0000000707300000| Untracked 
|  44|0x0000000707400000, 0x0000000707400000, 0x0000000707500000|  0%| F|  |TAMS 0x0000000707400000, 0x0000000707400000| Untracked 
|  45|0x0000000707500000, 0x0000000707500000, 0x0000000707600000|  0%| F|  |TAMS 0x0000000707500000, 0x0000000707500000| Untracked 
|  46|0x0000000707600000, 0x0000000707600000, 0x0000000707700000|  0%| F|  |TAMS 0x0000000707600000, 0x0000000707600000| Untracked 
|  47|0x0000000707700000, 0x0000000707700000, 0x0000000707800000|  0%| F|  |TAMS 0x0000000707700000, 0x0000000707700000| Untracked 
|  48|0x0000000707800000, 0x0000000707800000, 0x0000000707900000|  0%| F|  |TAMS 0x0000000707800000, 0x0000000707800000| Untracked 
|  49|0x0000000707900000, 0x0000000707900000, 0x0000000707a00000|  0%| F|  |TAMS 0x0000000707900000, 0x0000000707900000| Untracked 
|  50|0x0000000707a00000, 0x0000000707a00000, 0x0000000707b00000|  0%| F|  |TAMS 0x0000000707a00000, 0x0000000707a00000| Untracked 
|  51|0x0000000707b00000, 0x0000000707b00000, 0x0000000707c00000|  0%| F|  |TAMS 0x0000000707b00000, 0x0000000707b00000| Untracked 
|  52|0x0000000707c00000, 0x0000000707c00000, 0x0000000707d00000|  0%| F|  |TAMS 0x0000000707c00000, 0x0000000707c00000| Untracked 
|  53|0x0000000707d00000, 0x0000000707d00000, 0x0000000707e00000|  0%| F|  |TAMS 0x0000000707d00000, 0x0000000707d00000| Untracked 
|  54|0x0000000707e00000, 0x0000000707e00000, 0x0000000707f00000|  0%| F|  |TAMS 0x0000000707e00000, 0x0000000707e00000| Untracked 
|  55|0x0000000707f00000, 0x0000000707f00000, 0x0000000708000000|  0%| F|  |TAMS 0x0000000707f00000, 0x0000000707f00000| Untracked 
|  56|0x0000000708000000, 0x0000000708000000, 0x0000000708100000|  0%| F|  |TAMS 0x0000000708000000, 0x0000000708000000| Untracked 
|  57|0x0000000708100000, 0x0000000708100000, 0x0000000708200000|  0%| F|  |TAMS 0x0000000708100000, 0x0000000708100000| Untracked 
|  58|0x0000000708200000, 0x0000000708200000, 0x0000000708300000|  0%| F|  |TAMS 0x0000000708200000, 0x0000000708200000| Untracked 
|  59|0x0000000708300000, 0x0000000708300000, 0x0000000708400000|  0%| F|  |TAMS 0x0000000708300000, 0x0000000708300000| Untracked 
|  60|0x0000000708400000, 0x0000000708400000, 0x0000000708500000|  0%| F|  |TAMS 0x0000000708400000, 0x0000000708400000| Untracked 
|  61|0x0000000708500000, 0x0000000708500000, 0x0000000708600000|  0%| F|  |TAMS 0x0000000708500000, 0x0000000708500000| Untracked 
|  62|0x0000000708600000, 0x0000000708600000, 0x0000000708700000|  0%| F|  |TAMS 0x0000000708600000, 0x0000000708600000| Untracked 
|  63|0x0000000708700000, 0x0000000708700000, 0x0000000708800000|  0%| F|  |TAMS 0x0000000708700000, 0x0000000708700000| Untracked 
|  64|0x0000000708800000, 0x0000000708800000, 0x0000000708900000|  0%| F|  |TAMS 0x0000000708800000, 0x0000000708800000| Untracked 
|  65|0x0000000708900000, 0x0000000708900000, 0x0000000708a00000|  0%| F|  |TAMS 0x0000000708900000, 0x0000000708900000| Untracked 
|  66|0x0000000708a00000, 0x0000000708a00000, 0x0000000708b00000|  0%| F|  |TAMS 0x0000000708a00000, 0x0000000708a00000| Untracked 
|  67|0x0000000708b00000, 0x0000000708b00000, 0x0000000708c00000|  0%| F|  |TAMS 0x0000000708b00000, 0x0000000708b00000| Untracked 
|  68|0x0000000708c00000, 0x0000000708c00000, 0x0000000708d00000|  0%| F|  |TAMS 0x0000000708c00000, 0x0000000708c00000| Untracked 
|  69|0x0000000708d00000, 0x0000000708d00000, 0x0000000708e00000|  0%| F|  |TAMS 0x0000000708d00000, 0x0000000708d00000| Untracked 
|  70|0x0000000708e00000, 0x0000000708e00000, 0x0000000708f00000|  0%| F|  |TAMS 0x0000000708e00000, 0x0000000708e00000| Untracked 
|  71|0x0000000708f00000, 0x0000000708f00000, 0x0000000709000000|  0%| F|  |TAMS 0x0000000708f00000, 0x0000000708f00000| Untracked 
|  72|0x0000000709000000, 0x0000000709000000, 0x0000000709100000|  0%| F|  |TAMS 0x0000000709000000, 0x0000000709000000| Untracked 
|  73|0x0000000709100000, 0x0000000709100000, 0x0000000709200000|  0%| F|  |TAMS 0x0000000709100000, 0x0000000709100000| Untracked 
|  74|0x0000000709200000, 0x0000000709200000, 0x0000000709300000|  0%| F|  |TAMS 0x0000000709200000, 0x0000000709200000| Untracked 
|  75|0x0000000709300000, 0x0000000709300000, 0x0000000709400000|  0%| F|  |TAMS 0x0000000709300000, 0x0000000709300000| Untracked 
|  76|0x0000000709400000, 0x0000000709400000, 0x0000000709500000|  0%| F|  |TAMS 0x0000000709400000, 0x0000000709400000| Untracked 
|  77|0x0000000709500000, 0x0000000709500000, 0x0000000709600000|  0%| F|  |TAMS 0x0000000709500000, 0x0000000709500000| Untracked 
|  78|0x0000000709600000, 0x0000000709600000, 0x0000000709700000|  0%| F|  |TAMS 0x0000000709600000, 0x0000000709600000| Untracked 
|  79|0x0000000709700000, 0x0000000709700000, 0x0000000709800000|  0%| F|  |TAMS 0x0000000709700000, 0x0000000709700000| Untracked 
|  80|0x0000000709800000, 0x0000000709800000, 0x0000000709900000|  0%| F|  |TAMS 0x0000000709800000, 0x0000000709800000| Untracked 
|  81|0x0000000709900000, 0x0000000709900000, 0x0000000709a00000|  0%| F|  |TAMS 0x0000000709900000, 0x0000000709900000| Untracked 
|  82|0x0000000709a00000, 0x0000000709a00000, 0x0000000709b00000|  0%| F|  |TAMS 0x0000000709a00000, 0x0000000709a00000| Untracked 
|  83|0x0000000709b00000, 0x0000000709b00000, 0x0000000709c00000|  0%| F|  |TAMS 0x0000000709b00000, 0x0000000709b00000| Untracked 
|  84|0x0000000709c00000, 0x0000000709c00000, 0x0000000709d00000|  0%| F|  |TAMS 0x0000000709c00000, 0x0000000709c00000| Untracked 
|  85|0x0000000709d00000, 0x0000000709d00000, 0x0000000709e00000|  0%| F|  |TAMS 0x0000000709d00000, 0x0000000709d00000| Untracked 
|  86|0x0000000709e00000, 0x0000000709e5bac8, 0x0000000709f00000| 35%| S|CS|TAMS 0x0000000709e00000, 0x0000000709e00000| Complete 
|  87|0x0000000709f00000, 0x000000070a000000, 0x000000070a000000|100%| S|CS|TAMS 0x0000000709f00000, 0x0000000709f00000| Complete 
|  88|0x000000070a000000, 0x000000070a100000, 0x000000070a100000|100%| S|CS|TAMS 0x000000070a000000, 0x000000070a000000| Complete 
|  89|0x000000070a100000, 0x000000070a200000, 0x000000070a200000|100%| S|CS|TAMS 0x000000070a100000, 0x000000070a100000| Complete 
|  90|0x000000070a200000, 0x000000070a300000, 0x000000070a300000|100%| S|CS|TAMS 0x000000070a200000, 0x000000070a200000| Complete 
|  91|0x000000070a300000, 0x000000070a400000, 0x000000070a400000|100%| S|CS|TAMS 0x000000070a300000, 0x000000070a300000| Complete 
|  92|0x000000070a400000, 0x000000070a500000, 0x000000070a500000|100%| S|CS|TAMS 0x000000070a400000, 0x000000070a400000| Complete 
|  93|0x000000070a500000, 0x000000070a600000, 0x000000070a600000|100%| S|CS|TAMS 0x000000070a500000, 0x000000070a500000| Complete 
|  94|0x000000070a600000, 0x000000070a700000, 0x000000070a700000|100%| S|CS|TAMS 0x000000070a600000, 0x000000070a600000| Complete 
|  95|0x000000070a700000, 0x000000070a800000, 0x000000070a800000|100%| S|CS|TAMS 0x000000070a700000, 0x000000070a700000| Complete 
|  96|0x000000070a800000, 0x000000070a900000, 0x000000070a900000|100%| S|CS|TAMS 0x000000070a800000, 0x000000070a800000| Complete 
|  97|0x000000070a900000, 0x000000070aa00000, 0x000000070aa00000|100%| S|CS|TAMS 0x000000070a900000, 0x000000070a900000| Complete 
|  98|0x000000070aa00000, 0x000000070ab00000, 0x000000070ab00000|100%| S|CS|TAMS 0x000000070aa00000, 0x000000070aa00000| Complete 
|  99|0x000000070ab00000, 0x000000070ac00000, 0x000000070ac00000|100%| S|CS|TAMS 0x000000070ab00000, 0x000000070ab00000| Complete 
| 100|0x000000070ac00000, 0x000000070ad00000, 0x000000070ad00000|100%| S|CS|TAMS 0x000000070ac00000, 0x000000070ac00000| Complete 
| 101|0x000000070ad00000, 0x000000070ad00000, 0x000000070ae00000|  0%| F|  |TAMS 0x000000070ad00000, 0x000000070ad00000| Untracked 
| 102|0x000000070ae00000, 0x000000070ae00000, 0x000000070af00000|  0%| F|  |TAMS 0x000000070ae00000, 0x000000070ae00000| Untracked 
| 103|0x000000070af00000, 0x000000070af00000, 0x000000070b000000|  0%| F|  |TAMS 0x000000070af00000, 0x000000070af00000| Untracked 
| 104|0x000000070b000000, 0x000000070b000000, 0x000000070b100000|  0%| F|  |TAMS 0x000000070b000000, 0x000000070b000000| Untracked 
| 105|0x000000070b100000, 0x000000070b100000, 0x000000070b200000|  0%| F|  |TAMS 0x000000070b100000, 0x000000070b100000| Untracked 
| 106|0x000000070b200000, 0x000000070b200000, 0x000000070b300000|  0%| F|  |TAMS 0x000000070b200000, 0x000000070b200000| Untracked 
| 107|0x000000070b300000, 0x000000070b300000, 0x000000070b400000|  0%| F|  |TAMS 0x000000070b300000, 0x000000070b300000| Untracked 
| 108|0x000000070b400000, 0x000000070b400000, 0x000000070b500000|  0%| F|  |TAMS 0x000000070b400000, 0x000000070b400000| Untracked 
| 109|0x000000070b500000, 0x000000070b500000, 0x000000070b600000|  0%| F|  |TAMS 0x000000070b500000, 0x000000070b500000| Untracked 
| 110|0x000000070b600000, 0x000000070b600000, 0x000000070b700000|  0%| F|  |TAMS 0x000000070b600000, 0x000000070b600000| Untracked 
| 111|0x000000070b700000, 0x000000070b700000, 0x000000070b800000|  0%| F|  |TAMS 0x000000070b700000, 0x000000070b700000| Untracked 
| 112|0x000000070b800000, 0x000000070b800000, 0x000000070b900000|  0%| F|  |TAMS 0x000000070b800000, 0x000000070b800000| Untracked 
| 113|0x000000070b900000, 0x000000070b900000, 0x000000070ba00000|  0%| F|  |TAMS 0x000000070b900000, 0x000000070b900000| Untracked 
| 114|0x000000070ba00000, 0x000000070ba00000, 0x000000070bb00000|  0%| F|  |TAMS 0x000000070ba00000, 0x000000070ba00000| Untracked 
| 115|0x000000070bb00000, 0x000000070bb00000, 0x000000070bc00000|  0%| F|  |TAMS 0x000000070bb00000, 0x000000070bb00000| Untracked 
| 116|0x000000070bc00000, 0x000000070bc00000, 0x000000070bd00000|  0%| F|  |TAMS 0x000000070bc00000, 0x000000070bc00000| Untracked 
| 117|0x000000070bd00000, 0x000000070bd00000, 0x000000070be00000|  0%| F|  |TAMS 0x000000070bd00000, 0x000000070bd00000| Untracked 
| 118|0x000000070be00000, 0x000000070be00000, 0x000000070bf00000|  0%| F|  |TAMS 0x000000070be00000, 0x000000070be00000| Untracked 
| 119|0x000000070bf00000, 0x000000070bf00000, 0x000000070c000000|  0%| F|  |TAMS 0x000000070bf00000, 0x000000070bf00000| Untracked 
| 120|0x000000070c000000, 0x000000070c000000, 0x000000070c100000|  0%| F|  |TAMS 0x000000070c000000, 0x000000070c000000| Untracked 
| 121|0x000000070c100000, 0x000000070c100000, 0x000000070c200000|  0%| F|  |TAMS 0x000000070c100000, 0x000000070c100000| Untracked 
| 122|0x000000070c200000, 0x000000070c200000, 0x000000070c300000|  0%| F|  |TAMS 0x000000070c200000, 0x000000070c200000| Untracked 
| 123|0x000000070c300000, 0x000000070c300000, 0x000000070c400000|  0%| F|  |TAMS 0x000000070c300000, 0x000000070c300000| Untracked 
| 124|0x000000070c400000, 0x000000070c400000, 0x000000070c500000|  0%| F|  |TAMS 0x000000070c400000, 0x000000070c400000| Untracked 
| 125|0x000000070c500000, 0x000000070c500000, 0x000000070c600000|  0%| F|  |TAMS 0x000000070c500000, 0x000000070c500000| Untracked 
| 126|0x000000070c600000, 0x000000070c600000, 0x000000070c700000|  0%| F|  |TAMS 0x000000070c600000, 0x000000070c600000| Untracked 
| 127|0x000000070c700000, 0x000000070c700000, 0x000000070c800000|  0%| F|  |TAMS 0x000000070c700000, 0x000000070c700000| Untracked 
| 128|0x000000070c800000, 0x000000070c800000, 0x000000070c900000|  0%| F|  |TAMS 0x000000070c800000, 0x000000070c800000| Untracked 
| 129|0x000000070c900000, 0x000000070c900000, 0x000000070ca00000|  0%| F|  |TAMS 0x000000070c900000, 0x000000070c900000| Untracked 
| 130|0x000000070ca00000, 0x000000070ca00000, 0x000000070cb00000|  0%| F|  |TAMS 0x000000070ca00000, 0x000000070ca00000| Untracked 
| 131|0x000000070cb00000, 0x000000070cb00000, 0x000000070cc00000|  0%| F|  |TAMS 0x000000070cb00000, 0x000000070cb00000| Untracked 
| 132|0x000000070cc00000, 0x000000070cc00000, 0x000000070cd00000|  0%| F|  |TAMS 0x000000070cc00000, 0x000000070cc00000| Untracked 
| 133|0x000000070cd00000, 0x000000070cd00000, 0x000000070ce00000|  0%| F|  |TAMS 0x000000070cd00000, 0x000000070cd00000| Untracked 
| 134|0x000000070ce00000, 0x000000070ce00000, 0x000000070cf00000|  0%| F|  |TAMS 0x000000070ce00000, 0x000000070ce00000| Untracked 
| 135|0x000000070cf00000, 0x000000070cf00000, 0x000000070d000000|  0%| F|  |TAMS 0x000000070cf00000, 0x000000070cf00000| Untracked 
| 136|0x000000070d000000, 0x000000070d000000, 0x000000070d100000|  0%| F|  |TAMS 0x000000070d000000, 0x000000070d000000| Untracked 
| 137|0x000000070d100000, 0x000000070d100000, 0x000000070d200000|  0%| F|  |TAMS 0x000000070d100000, 0x000000070d100000| Untracked 
| 138|0x000000070d200000, 0x000000070d200000, 0x000000070d300000|  0%| F|  |TAMS 0x000000070d200000, 0x000000070d200000| Untracked 
| 139|0x000000070d300000, 0x000000070d300000, 0x000000070d400000|  0%| F|  |TAMS 0x000000070d300000, 0x000000070d300000| Untracked 
| 140|0x000000070d400000, 0x000000070d400000, 0x000000070d500000|  0%| F|  |TAMS 0x000000070d400000, 0x000000070d400000| Untracked 
| 141|0x000000070d500000, 0x000000070d500000, 0x000000070d600000|  0%| F|  |TAMS 0x000000070d500000, 0x000000070d500000| Untracked 
| 142|0x000000070d600000, 0x000000070d600000, 0x000000070d700000|  0%| F|  |TAMS 0x000000070d600000, 0x000000070d600000| Untracked 
| 143|0x000000070d700000, 0x000000070d700000, 0x000000070d800000|  0%| F|  |TAMS 0x000000070d700000, 0x000000070d700000| Untracked 
| 144|0x000000070d800000, 0x000000070d800000, 0x000000070d900000|  0%| F|  |TAMS 0x000000070d800000, 0x000000070d800000| Untracked 
| 145|0x000000070d900000, 0x000000070d900000, 0x000000070da00000|  0%| F|  |TAMS 0x000000070d900000, 0x000000070d900000| Untracked 
| 146|0x000000070da00000, 0x000000070da00000, 0x000000070db00000|  0%| F|  |TAMS 0x000000070da00000, 0x000000070da00000| Untracked 
| 147|0x000000070db00000, 0x000000070db00000, 0x000000070dc00000|  0%| F|  |TAMS 0x000000070db00000, 0x000000070db00000| Untracked 
| 148|0x000000070dc00000, 0x000000070dc00000, 0x000000070dd00000|  0%| F|  |TAMS 0x000000070dc00000, 0x000000070dc00000| Untracked 
| 149|0x000000070dd00000, 0x000000070dd00000, 0x000000070de00000|  0%| F|  |TAMS 0x000000070dd00000, 0x000000070dd00000| Untracked 
| 150|0x000000070de00000, 0x000000070de00000, 0x000000070df00000|  0%| F|  |TAMS 0x000000070de00000, 0x000000070de00000| Untracked 
| 151|0x000000070df00000, 0x000000070df00000, 0x000000070e000000|  0%| F|  |TAMS 0x000000070df00000, 0x000000070df00000| Untracked 
| 152|0x000000070e000000, 0x000000070e000000, 0x000000070e100000|  0%| F|  |TAMS 0x000000070e000000, 0x000000070e000000| Untracked 
| 153|0x000000070e100000, 0x000000070e100000, 0x000000070e200000|  0%| F|  |TAMS 0x000000070e100000, 0x000000070e100000| Untracked 
| 154|0x000000070e200000, 0x000000070e200000, 0x000000070e300000|  0%| F|  |TAMS 0x000000070e200000, 0x000000070e200000| Untracked 
| 155|0x000000070e300000, 0x000000070e300000, 0x000000070e400000|  0%| F|  |TAMS 0x000000070e300000, 0x000000070e300000| Untracked 
| 156|0x000000070e400000, 0x000000070e400000, 0x000000070e500000|  0%| F|  |TAMS 0x000000070e400000, 0x000000070e400000| Untracked 
| 157|0x000000070e500000, 0x000000070e500000, 0x000000070e600000|  0%| F|  |TAMS 0x000000070e500000, 0x000000070e500000| Untracked 
| 158|0x000000070e600000, 0x000000070e600000, 0x000000070e700000|  0%| F|  |TAMS 0x000000070e600000, 0x000000070e600000| Untracked 
| 159|0x000000070e700000, 0x000000070e700000, 0x000000070e800000|  0%| F|  |TAMS 0x000000070e700000, 0x000000070e700000| Untracked 
| 160|0x000000070e800000, 0x000000070e800000, 0x000000070e900000|  0%| F|  |TAMS 0x000000070e800000, 0x000000070e800000| Untracked 
| 161|0x000000070e900000, 0x000000070e900000, 0x000000070ea00000|  0%| F|  |TAMS 0x000000070e900000, 0x000000070e900000| Untracked 
| 162|0x000000070ea00000, 0x000000070ea00000, 0x000000070eb00000|  0%| F|  |TAMS 0x000000070ea00000, 0x000000070ea00000| Untracked 
| 163|0x000000070eb00000, 0x000000070eb00000, 0x000000070ec00000|  0%| F|  |TAMS 0x000000070eb00000, 0x000000070eb00000| Untracked 
| 164|0x000000070ec00000, 0x000000070ec00000, 0x000000070ed00000|  0%| F|  |TAMS 0x000000070ec00000, 0x000000070ec00000| Untracked 
| 165|0x000000070ed00000, 0x000000070ed00000, 0x000000070ee00000|  0%| F|  |TAMS 0x000000070ed00000, 0x000000070ed00000| Untracked 
| 166|0x000000070ee00000, 0x000000070ee00000, 0x000000070ef00000|  0%| F|  |TAMS 0x000000070ee00000, 0x000000070ee00000| Untracked 
| 167|0x000000070ef00000, 0x000000070ef00000, 0x000000070f000000|  0%| F|  |TAMS 0x000000070ef00000, 0x000000070ef00000| Untracked 
| 168|0x000000070f000000, 0x000000070f000000, 0x000000070f100000|  0%| F|  |TAMS 0x000000070f000000, 0x000000070f000000| Untracked 
| 169|0x000000070f100000, 0x000000070f100000, 0x000000070f200000|  0%| F|  |TAMS 0x000000070f100000, 0x000000070f100000| Untracked 
| 170|0x000000070f200000, 0x000000070f200000, 0x000000070f300000|  0%| F|  |TAMS 0x000000070f200000, 0x000000070f200000| Untracked 
| 171|0x000000070f300000, 0x000000070f300000, 0x000000070f400000|  0%| F|  |TAMS 0x000000070f300000, 0x000000070f300000| Untracked 
| 172|0x000000070f400000, 0x000000070f400000, 0x000000070f500000|  0%| F|  |TAMS 0x000000070f400000, 0x000000070f400000| Untracked 
| 173|0x000000070f500000, 0x000000070f500000, 0x000000070f600000|  0%| F|  |TAMS 0x000000070f500000, 0x000000070f500000| Untracked 
| 174|0x000000070f600000, 0x000000070f600000, 0x000000070f700000|  0%| F|  |TAMS 0x000000070f600000, 0x000000070f600000| Untracked 
| 175|0x000000070f700000, 0x000000070f700000, 0x000000070f800000|  0%| F|  |TAMS 0x000000070f700000, 0x000000070f700000| Untracked 
| 176|0x000000070f800000, 0x000000070f800000, 0x000000070f900000|  0%| F|  |TAMS 0x000000070f800000, 0x000000070f800000| Untracked 
| 177|0x000000070f900000, 0x000000070f900000, 0x000000070fa00000|  0%| F|  |TAMS 0x000000070f900000, 0x000000070f900000| Untracked 
| 178|0x000000070fa00000, 0x000000070fa00000, 0x000000070fb00000|  0%| F|  |TAMS 0x000000070fa00000, 0x000000070fa00000| Untracked 
| 179|0x000000070fb00000, 0x000000070fb00000, 0x000000070fc00000|  0%| F|  |TAMS 0x000000070fb00000, 0x000000070fb00000| Untracked 
| 180|0x000000070fc00000, 0x000000070fc00000, 0x000000070fd00000|  0%| F|  |TAMS 0x000000070fc00000, 0x000000070fc00000| Untracked 
| 181|0x000000070fd00000, 0x000000070fd00000, 0x000000070fe00000|  0%| F|  |TAMS 0x000000070fd00000, 0x000000070fd00000| Untracked 
| 182|0x000000070fe00000, 0x000000070fe00000, 0x000000070ff00000|  0%| F|  |TAMS 0x000000070fe00000, 0x000000070fe00000| Untracked 
| 183|0x000000070ff00000, 0x000000070ff00000, 0x0000000710000000|  0%| F|  |TAMS 0x000000070ff00000, 0x000000070ff00000| Untracked 
| 184|0x0000000710000000, 0x0000000710000000, 0x0000000710100000|  0%| F|  |TAMS 0x0000000710000000, 0x0000000710000000| Untracked 
| 185|0x0000000710100000, 0x0000000710100000, 0x0000000710200000|  0%| F|  |TAMS 0x0000000710100000, 0x0000000710100000| Untracked 
| 186|0x0000000710200000, 0x0000000710200000, 0x0000000710300000|  0%| F|  |TAMS 0x0000000710200000, 0x0000000710200000| Untracked 
| 187|0x0000000710300000, 0x0000000710300000, 0x0000000710400000|  0%| F|  |TAMS 0x0000000710300000, 0x0000000710300000| Untracked 
| 188|0x0000000710400000, 0x0000000710400000, 0x0000000710500000|  0%| F|  |TAMS 0x0000000710400000, 0x0000000710400000| Untracked 
| 189|0x0000000710500000, 0x0000000710500000, 0x0000000710600000|  0%| F|  |TAMS 0x0000000710500000, 0x0000000710500000| Untracked 
| 190|0x0000000710600000, 0x0000000710600000, 0x0000000710700000|  0%| F|  |TAMS 0x0000000710600000, 0x0000000710600000| Untracked 
| 191|0x0000000710700000, 0x0000000710700000, 0x0000000710800000|  0%| F|  |TAMS 0x0000000710700000, 0x0000000710700000| Untracked 
| 192|0x0000000710800000, 0x0000000710800000, 0x0000000710900000|  0%| F|  |TAMS 0x0000000710800000, 0x0000000710800000| Untracked 
| 193|0x0000000710900000, 0x0000000710900000, 0x0000000710a00000|  0%| F|  |TAMS 0x0000000710900000, 0x0000000710900000| Untracked 
| 194|0x0000000710a00000, 0x0000000710a00000, 0x0000000710b00000|  0%| F|  |TAMS 0x0000000710a00000, 0x0000000710a00000| Untracked 
| 195|0x0000000710b00000, 0x0000000710b00000, 0x0000000710c00000|  0%| F|  |TAMS 0x0000000710b00000, 0x0000000710b00000| Untracked 
| 196|0x0000000710c00000, 0x0000000710c00000, 0x0000000710d00000|  0%| F|  |TAMS 0x0000000710c00000, 0x0000000710c00000| Untracked 
| 197|0x0000000710d00000, 0x0000000710d00000, 0x0000000710e00000|  0%| F|  |TAMS 0x0000000710d00000, 0x0000000710d00000| Untracked 
| 198|0x0000000710e00000, 0x0000000710e00000, 0x0000000710f00000|  0%| F|  |TAMS 0x0000000710e00000, 0x0000000710e00000| Untracked 
| 199|0x0000000710f00000, 0x0000000710f00000, 0x0000000711000000|  0%| F|  |TAMS 0x0000000710f00000, 0x0000000710f00000| Untracked 
| 200|0x0000000711000000, 0x0000000711000000, 0x0000000711100000|  0%| F|  |TAMS 0x0000000711000000, 0x0000000711000000| Untracked 
| 201|0x0000000711100000, 0x0000000711100000, 0x0000000711200000|  0%| F|  |TAMS 0x0000000711100000, 0x0000000711100000| Untracked 
| 202|0x0000000711200000, 0x0000000711200000, 0x0000000711300000|  0%| F|  |TAMS 0x0000000711200000, 0x0000000711200000| Untracked 
| 203|0x0000000711300000, 0x0000000711300000, 0x0000000711400000|  0%| F|  |TAMS 0x0000000711300000, 0x0000000711300000| Untracked 
| 204|0x0000000711400000, 0x0000000711400000, 0x0000000711500000|  0%| F|  |TAMS 0x0000000711400000, 0x0000000711400000| Untracked 
| 205|0x0000000711500000, 0x0000000711500000, 0x0000000711600000|  0%| F|  |TAMS 0x0000000711500000, 0x0000000711500000| Untracked 
| 206|0x0000000711600000, 0x0000000711600000, 0x0000000711700000|  0%| F|  |TAMS 0x0000000711600000, 0x0000000711600000| Untracked 
| 207|0x0000000711700000, 0x0000000711700000, 0x0000000711800000|  0%| F|  |TAMS 0x0000000711700000, 0x0000000711700000| Untracked 
| 208|0x0000000711800000, 0x0000000711800000, 0x0000000711900000|  0%| F|  |TAMS 0x0000000711800000, 0x0000000711800000| Untracked 
| 209|0x0000000711900000, 0x0000000711900000, 0x0000000711a00000|  0%| F|  |TAMS 0x0000000711900000, 0x0000000711900000| Untracked 
| 210|0x0000000711a00000, 0x0000000711a00000, 0x0000000711b00000|  0%| F|  |TAMS 0x0000000711a00000, 0x0000000711a00000| Untracked 
| 211|0x0000000711b00000, 0x0000000711b00000, 0x0000000711c00000|  0%| F|  |TAMS 0x0000000711b00000, 0x0000000711b00000| Untracked 
| 212|0x0000000711c00000, 0x0000000711c00000, 0x0000000711d00000|  0%| F|  |TAMS 0x0000000711c00000, 0x0000000711c00000| Untracked 
| 213|0x0000000711d00000, 0x0000000711d00000, 0x0000000711e00000|  0%| F|  |TAMS 0x0000000711d00000, 0x0000000711d00000| Untracked 
| 214|0x0000000711e00000, 0x0000000711e00000, 0x0000000711f00000|  0%| F|  |TAMS 0x0000000711e00000, 0x0000000711e00000| Untracked 
| 215|0x0000000711f00000, 0x0000000711f00000, 0x0000000712000000|  0%| F|  |TAMS 0x0000000711f00000, 0x0000000711f00000| Untracked 
| 216|0x0000000712000000, 0x0000000712000000, 0x0000000712100000|  0%| F|  |TAMS 0x0000000712000000, 0x0000000712000000| Untracked 
| 217|0x0000000712100000, 0x0000000712100000, 0x0000000712200000|  0%| F|  |TAMS 0x0000000712100000, 0x0000000712100000| Untracked 
| 218|0x0000000712200000, 0x0000000712200000, 0x0000000712300000|  0%| F|  |TAMS 0x0000000712200000, 0x0000000712200000| Untracked 
| 219|0x0000000712300000, 0x0000000712300000, 0x0000000712400000|  0%| F|  |TAMS 0x0000000712300000, 0x0000000712300000| Untracked 
| 220|0x0000000712400000, 0x0000000712400000, 0x0000000712500000|  0%| F|  |TAMS 0x0000000712400000, 0x0000000712400000| Untracked 
| 221|0x0000000712500000, 0x0000000712500000, 0x0000000712600000|  0%| F|  |TAMS 0x0000000712500000, 0x0000000712500000| Untracked 
| 222|0x0000000712600000, 0x0000000712600000, 0x0000000712700000|  0%| F|  |TAMS 0x0000000712600000, 0x0000000712600000| Untracked 
| 223|0x0000000712700000, 0x0000000712700000, 0x0000000712800000|  0%| F|  |TAMS 0x0000000712700000, 0x0000000712700000| Untracked 
| 224|0x0000000712800000, 0x0000000712800000, 0x0000000712900000|  0%| F|  |TAMS 0x0000000712800000, 0x0000000712800000| Untracked 
| 225|0x0000000712900000, 0x0000000712900000, 0x0000000712a00000|  0%| F|  |TAMS 0x0000000712900000, 0x0000000712900000| Untracked 
| 226|0x0000000712a00000, 0x0000000712a00000, 0x0000000712b00000|  0%| F|  |TAMS 0x0000000712a00000, 0x0000000712a00000| Untracked 
| 227|0x0000000712b00000, 0x0000000712b00000, 0x0000000712c00000|  0%| F|  |TAMS 0x0000000712b00000, 0x0000000712b00000| Untracked 
| 228|0x0000000712c00000, 0x0000000712c00000, 0x0000000712d00000|  0%| F|  |TAMS 0x0000000712c00000, 0x0000000712c00000| Untracked 
| 229|0x0000000712d00000, 0x0000000712d00000, 0x0000000712e00000|  0%| F|  |TAMS 0x0000000712d00000, 0x0000000712d00000| Untracked 
| 230|0x0000000712e00000, 0x0000000712e00000, 0x0000000712f00000|  0%| F|  |TAMS 0x0000000712e00000, 0x0000000712e00000| Untracked 
| 231|0x0000000712f00000, 0x0000000712f00000, 0x0000000713000000|  0%| F|  |TAMS 0x0000000712f00000, 0x0000000712f00000| Untracked 
| 232|0x0000000713000000, 0x0000000713000000, 0x0000000713100000|  0%| F|  |TAMS 0x0000000713000000, 0x0000000713000000| Untracked 
| 233|0x0000000713100000, 0x0000000713100000, 0x0000000713200000|  0%| F|  |TAMS 0x0000000713100000, 0x0000000713100000| Untracked 
| 234|0x0000000713200000, 0x0000000713200000, 0x0000000713300000|  0%| F|  |TAMS 0x0000000713200000, 0x0000000713200000| Untracked 
| 235|0x0000000713300000, 0x0000000713300000, 0x0000000713400000|  0%| F|  |TAMS 0x0000000713300000, 0x0000000713300000| Untracked 
| 236|0x0000000713400000, 0x0000000713400000, 0x0000000713500000|  0%| F|  |TAMS 0x0000000713400000, 0x0000000713400000| Untracked 
| 237|0x0000000713500000, 0x0000000713500000, 0x0000000713600000|  0%| F|  |TAMS 0x0000000713500000, 0x0000000713500000| Untracked 
| 238|0x0000000713600000, 0x0000000713600000, 0x0000000713700000|  0%| F|  |TAMS 0x0000000713600000, 0x0000000713600000| Untracked 
| 239|0x0000000713700000, 0x0000000713700000, 0x0000000713800000|  0%| F|  |TAMS 0x0000000713700000, 0x0000000713700000| Untracked 
| 240|0x0000000713800000, 0x0000000713800000, 0x0000000713900000|  0%| F|  |TAMS 0x0000000713800000, 0x0000000713800000| Untracked 
| 241|0x0000000713900000, 0x0000000713900000, 0x0000000713a00000|  0%| F|  |TAMS 0x0000000713900000, 0x0000000713900000| Untracked 
| 242|0x0000000713a00000, 0x0000000713a00000, 0x0000000713b00000|  0%| F|  |TAMS 0x0000000713a00000, 0x0000000713a00000| Untracked 
| 243|0x0000000713b00000, 0x0000000713b00000, 0x0000000713c00000|  0%| F|  |TAMS 0x0000000713b00000, 0x0000000713b00000| Untracked 
| 244|0x0000000713c00000, 0x0000000713c00000, 0x0000000713d00000|  0%| F|  |TAMS 0x0000000713c00000, 0x0000000713c00000| Untracked 
| 245|0x0000000713d00000, 0x0000000713d00000, 0x0000000713e00000|  0%| F|  |TAMS 0x0000000713d00000, 0x0000000713d00000| Untracked 
| 246|0x0000000713e00000, 0x0000000713e00000, 0x0000000713f00000|  0%| F|  |TAMS 0x0000000713e00000, 0x0000000713e00000| Untracked 
| 247|0x0000000713f00000, 0x0000000713f00000, 0x0000000714000000|  0%| F|  |TAMS 0x0000000713f00000, 0x0000000713f00000| Untracked 
| 248|0x0000000714000000, 0x0000000714000000, 0x0000000714100000|  0%| F|  |TAMS 0x0000000714000000, 0x0000000714000000| Untracked 
| 249|0x0000000714100000, 0x0000000714100000, 0x0000000714200000|  0%| F|  |TAMS 0x0000000714100000, 0x0000000714100000| Untracked 
| 250|0x0000000714200000, 0x0000000714200000, 0x0000000714300000|  0%| F|  |TAMS 0x0000000714200000, 0x0000000714200000| Untracked 
| 251|0x0000000714300000, 0x0000000714300000, 0x0000000714400000|  0%| F|  |TAMS 0x0000000714300000, 0x0000000714300000| Untracked 

Card table byte_map: [0x000001d24b1c0000,0x000001d24b9a0000] _byte_map_base: 0x000001d24799c000

Marking Bits (Prev, Next): (CMBitMap*) 0x000001d230afa580, (CMBitMap*) 0x000001d230afa548
 Prev Bits: [0x000001d250060000, 0x000001d253f40000)
 Next Bits: [0x000001d24c180000, 0x000001d250060000)

Polling page: 0x000001d230a10000

Metaspace:

Usage:
  Non-class:     55.13 MB capacity,    54.05 MB ( 98%) used,   872.21 KB (  2%) free+waste,   229.00 KB ( <1%) overhead. 
      Class:      8.09 MB capacity,     7.39 MB ( 91%) used,   609.23 KB (  7%) free+waste,   109.62 KB (  1%) overhead. 
       Both:     63.22 MB capacity,    61.44 MB ( 97%) used,     1.45 MB (  2%) free+waste,   338.62 KB ( <1%) overhead. 

Virtual space:
  Non-class space:       56.00 MB reserved,      55.13 MB ( 98%) committed 
      Class space:        1.00 GB reserved,       8.12 MB ( <1%) committed 
             Both:        1.05 GB reserved,      63.26 MB (  6%) committed 

Chunk freelists:
   Non-Class:  4.00 KB
       Class:  0 bytes
        Both:  4.00 KB

MaxMetaspaceSize: 17179869184.00 GB
CompressedClassSpaceSize: 1.00 GB
Initial GC threshold: 20.80 MB
Current GC threshold: 98.55 MB
CDS: off

CodeHeap 'non-profiled nmethods': size=120000Kb used=3256Kb max_used=3256Kb free=116743Kb
 bounds [0x000001d242900000, 0x000001d242c30000, 0x000001d249e30000]
CodeHeap 'profiled nmethods': size=120000Kb used=14414Kb max_used=14414Kb free=105585Kb
 bounds [0x000001d23b3d0000, 0x000001d23c1f0000, 0x000001d242900000]
CodeHeap 'non-nmethods': size=5760Kb used=1284Kb max_used=1344Kb free=4475Kb
 bounds [0x000001d23ae30000, 0x000001d23b0a0000, 0x000001d23b3d0000]
 total_blobs=6532 nmethods=5955 adapters=489
 compilation: enabled
              stopped_count=0, restarted_count=0
 full_count=0

Compilation events (20 events):
Event: 15.144 Thread 0x000001d257600800 6051       2       java.lang.invoke.BoundMethodHandle$Specializer$Factory::chooseFieldName (25 bytes)
Event: 15.145 Thread 0x000001d257600800 nmethod 6051 0x000001d23c1df890 code [0x000001d23c1dfae0, 0x000001d23c1dfff8]
Event: 15.145 Thread 0x000001d257600800 6053       2       java.util.AbstractCollection::toArray (70 bytes)
Event: 15.145 Thread 0x000001d257600800 nmethod 6053 0x000001d23c1e0310 code [0x000001d23c1e0520, 0x000001d23c1e09a8]
Event: 15.145 Thread 0x000001d257600800 6052       2       java.lang.invoke.ClassSpecializer$Factory::chooseFieldName (32 bytes)
Event: 15.146 Thread 0x000001d257600800 nmethod 6052 0x000001d23c1e0b90 code [0x000001d23c1e0dc0, 0x000001d23c1e11d8]
Event: 15.162 Thread 0x000001d257600800 6056       1       org.springframework.core.env.PropertySource$StubPropertySource::getProperty (2 bytes)
Event: 15.163 Thread 0x000001d257600800 nmethod 6056 0x000001d242c2da10 code [0x000001d242c2dbc0, 0x000001d242c2dc78]
Event: 15.191 Thread 0x000001d257600800 6058       1       jdk.internal.loader.AbstractClassLoaderValue$Sub::key (5 bytes)
Event: 15.191 Thread 0x000001d257600800 nmethod 6058 0x000001d242c2e010 code [0x000001d242c2e1c0, 0x000001d242c2e278]
Event: 15.202 Thread 0x000001d257600800 6059       2       org.springframework.boot.context.properties.bind.Binder::findProperty (75 bytes)
Event: 15.202 Thread 0x000001d257600800 nmethod 6059 0x000001d23c1e1490 code [0x000001d23c1e16a0, 0x000001d23c1e19e8]
Event: 15.217 Thread 0x000001d257600800 6060       2       org.springframework.beans.factory.support.AbstractAutowireCapableBeanFactory::resolveBeforeInstantiation (83 bytes)
Event: 15.217 Thread 0x000001d257600800 nmethod 6060 0x000001d23c1e1c90 code [0x000001d23c1e1ea0, 0x000001d23c1e22c8]
Event: 15.218 Thread 0x000001d257600800 6062       2       java.beans.Introspector::addPropertyDescriptors (37 bytes)
Event: 15.218 Thread 0x000001d257600800 nmethod 6062 0x000001d23c1e2510 code [0x000001d23c1e26c0, 0x000001d23c1e2888]
Event: 15.218 Thread 0x000001d257600800 6061       2       java.beans.Introspector::getPropertyDescriptors (37 bytes)
Event: 15.218 Thread 0x000001d257600800 nmethod 6061 0x000001d23c1e2990 code [0x000001d23c1e2b60, 0x000001d23c1e2d58]
Event: 15.221 Thread 0x000001d257600800 6063       2       org.springframework.context.support.PostProcessorRegistrationDelegate$BeanPostProcessorChecker::postProcessAfterInitialization (91 bytes)
Event: 15.222 Thread 0x000001d257600800 nmethod 6063 0x000001d23c1e2e90 code [0x000001d23c1e3100, 0x000001d23c1e3748]

GC Heap History (13 events):
Event: 0.602 GC heap before
{Heap before GC invocations=0 (full 0):
 garbage-first heap   total 258048K, used 24576K [0x0000000704800000, 0x0000000800000000)
  region size 1024K, 24 young (24576K), 0 survivors (0K)
 Metaspace       used 11021K, capacity 11363K, committed 11648K, reserved 1060864K
  class space    used 1028K, capacity 1112K, committed 1152K, reserved 1048576K
}
Event: 0.608 GC heap after
{Heap after GC invocations=1 (full 0):
 garbage-first heap   total 258048K, used 9065K [0x0000000704800000, 0x0000000800000000)
  region size 1024K, 3 young (3072K), 3 survivors (3072K)
 Metaspace       used 11021K, capacity 11363K, committed 11648K, reserved 1060864K
  class space    used 1028K, capacity 1112K, committed 1152K, reserved 1048576K
}
Event: 0.997 GC heap before
{Heap before GC invocations=1 (full 0):
 garbage-first heap   total 258048K, used 31593K [0x0000000704800000, 0x0000000800000000)
  region size 1024K, 25 young (25600K), 3 survivors (3072K)
 Metaspace       used 15569K, capacity 16164K, committed 16512K, reserved 1064960K
  class space    used 1603K, capacity 1806K, committed 1920K, reserved 1048576K
}
Event: 1.000 GC heap after
{Heap after GC invocations=2 (full 0):
 garbage-first heap   total 258048K, used 10175K [0x0000000704800000, 0x0000000800000000)
  region size 1024K, 2 young (2048K), 2 survivors (2048K)
 Metaspace       used 15569K, capacity 16164K, committed 16512K, reserved 1064960K
  class space    used 1603K, capacity 1806K, committed 1920K, reserved 1048576K
}
Event: 1.532 GC heap before
{Heap before GC invocations=2 (full 0):
 garbage-first heap   total 258048K, used 47039K [0x0000000704800000, 0x0000000800000000)
  region size 1024K, 39 young (39936K), 2 survivors (2048K)
 Metaspace       used 20539K, capacity 21207K, committed 21296K, reserved 1069056K
  class space    used 2224K, capacity 2490K, committed 2560K, reserved 1048576K
}
Event: 1.536 GC heap after
{Heap after GC invocations=3 (full 0):
 garbage-first heap   total 258048K, used 11255K [0x0000000704800000, 0x0000000800000000)
  region size 1024K, 3 young (3072K), 3 survivors (3072K)
 Metaspace       used 20539K, capacity 21207K, committed 21296K, reserved 1069056K
  class space    used 2224K, capacity 2490K, committed 2560K, reserved 1048576K
}
Event: 3.639 GC heap before
{Heap before GC invocations=4 (full 0):
 garbage-first heap   total 258048K, used 157687K [0x0000000704800000, 0x0000000800000000)
  region size 1024K, 147 young (150528K), 3 survivors (3072K)
 Metaspace       used 34797K, capacity 35823K, committed 35920K, reserved 1081344K
  class space    used 3972K, capacity 4408K, committed 4480K, reserved 1048576K
}
Event: 3.659 GC heap after
{Heap after GC invocations=5 (full 0):
 garbage-first heap   total 258048K, used 16273K [0x0000000704800000, 0x0000000800000000)
  region size 1024K, 7 young (7168K), 7 survivors (7168K)
 Metaspace       used 34797K, capacity 35823K, committed 35920K, reserved 1081344K
  class space    used 3972K, capacity 4408K, committed 4480K, reserved 1048576K
}
Event: 8.513 GC heap before
{Heap before GC invocations=6 (full 0):
 garbage-first heap   total 258048K, used 163729K [0x0000000704800000, 0x0000000800000000)
  region size 1024K, 151 young (154624K), 7 survivors (7168K)
 Metaspace       used 48605K, capacity 50017K, committed 50128K, reserved 1093632K
  class space    used 5746K, capacity 6332K, committed 6400K, reserved 1048576K
}
Event: 8.523 GC heap after
{Heap after GC invocations=7 (full 0):
 garbage-first heap   total 258048K, used 21314K [0x0000000704800000, 0x0000000800000000)
  region size 1024K, 12 young (12288K), 12 survivors (12288K)
 Metaspace       used 48605K, capacity 50017K, committed 50128K, reserved 1093632K
  class space    used 5746K, capacity 6332K, committed 6400K, reserved 1048576K
}
Event: 12.398 GC heap before
{Heap before GC invocations=7 (full 0):
 garbage-first heap   total 258048K, used 108354K [0x0000000704800000, 0x0000000800000000)
  region size 1024K, 98 young (100352K), 12 survivors (12288K)
 Metaspace       used 58650K, capacity 60176K, committed 60296K, reserved 1101824K
  class space    used 7035K, capacity 7671K, committed 7680K, reserved 1048576K
}
Event: 12.441 GC heap after
{Heap after GC invocations=8 (full 0):
 garbage-first heap   total 258048K, used 27795K [0x0000000704800000, 0x0000000800000000)
  region size 1024K, 12 young (12288K), 12 survivors (12288K)
 Metaspace       used 58650K, capacity 60176K, committed 60296K, reserved 1101824K
  class space    used 7035K, capacity 7671K, committed 7680K, reserved 1048576K
}
Event: 15.225 GC heap before
{Heap before GC invocations=9 (full 0):
 garbage-first heap   total 258048K, used 170131K [0x0000000704800000, 0x0000000800000000)
  region size 1024K, 151 young (154624K), 12 survivors (12288K)
 Metaspace       used 62918K, capacity 64739K, committed 64776K, reserved 1105920K
  class space    used 7568K, capacity 8287K, committed 8320K, reserved 1048576K
}

Deoptimization events (20 events):
Event: 14.948 Thread 0x000001d230a95000 Uncommon trap: trap_request=0xffffff4d fr.pc=0x000001d242a69b58 relative=0x0000000000000418
Event: 14.948 Thread 0x000001d230a95000 Uncommon trap: reason=unstable_if action=reinterpret pc=0x000001d242a69b58 method=java.lang.String.substring(I)Ljava/lang/String; @ 43 c2
Event: 14.948 Thread 0x000001d230a95000 DEOPT PACKING pc=0x000001d242a69b58 sp=0x000000bb3a6fad20
Event: 14.948 Thread 0x000001d230a95000 DEOPT UNPACKING pc=0x000001d23ae7a1af sp=0x000000bb3a6face8 mode 2
Event: 14.973 Thread 0x000001d230a95000 DEOPT PACKING pc=0x000001d23c1caed8 sp=0x000000bb3a6faea0
Event: 14.973 Thread 0x000001d230a95000 DEOPT UNPACKING pc=0x000001d23ae7a95e sp=0x000000bb3a6fa3b8 mode 0
Event: 15.006 Thread 0x000001d230a95000 DEOPT PACKING pc=0x000001d23c1caed8 sp=0x000000bb3a6facf0
Event: 15.006 Thread 0x000001d230a95000 DEOPT UNPACKING pc=0x000001d23ae7a95e sp=0x000000bb3a6fa1f8 mode 0
Event: 15.038 Thread 0x000001d230a95000 DEOPT PACKING pc=0x000001d23c1caed8 sp=0x000000bb3a6fae60
Event: 15.038 Thread 0x000001d230a95000 DEOPT UNPACKING pc=0x000001d23ae7a95e sp=0x000000bb3a6fa368 mode 0
Event: 15.041 Thread 0x000001d230a95000 Uncommon trap: trap_request=0xffffff4d fr.pc=0x000001d242a60220 relative=0x0000000000000760
Event: 15.041 Thread 0x000001d230a95000 Uncommon trap: reason=unstable_if action=reinterpret pc=0x000001d242a60220 method=java.lang.AbstractStringBuilder.appendChars(Ljava/lang/CharSequence;II)V @ 4 c2
Event: 15.041 Thread 0x000001d230a95000 DEOPT PACKING pc=0x000001d242a60220 sp=0x000000bb3a6fae90
Event: 15.041 Thread 0x000001d230a95000 DEOPT UNPACKING pc=0x000001d23ae7a1af sp=0x000000bb3a6fade0 mode 2
Event: 15.094 Thread 0x000001d230a95000 DEOPT PACKING pc=0x000001d23c1caed8 sp=0x000000bb3a6f9330
Event: 15.094 Thread 0x000001d230a95000 DEOPT UNPACKING pc=0x000001d23ae7a95e sp=0x000000bb3a6f8838 mode 0
Event: 15.183 Thread 0x000001d230a95000 DEOPT PACKING pc=0x000001d23c1caed8 sp=0x000000bb3a6fa1b0
Event: 15.183 Thread 0x000001d230a95000 DEOPT UNPACKING pc=0x000001d23ae7a95e sp=0x000000bb3a6f96b8 mode 0
Event: 15.223 Thread 0x000001d230a95000 DEOPT PACKING pc=0x000001d23c1caed8 sp=0x000000bb3a6faaf0
Event: 15.223 Thread 0x000001d230a95000 DEOPT UNPACKING pc=0x000001d23ae7a95e sp=0x000000bb3a6f9ff8 mode 0

Classes redefined (0 events):
No events

Internal exceptions (20 events):
Event: 15.211 Thread 0x000001d230a95000 Exception <a 'java/lang/ClassNotFoundException'{0x000000070af9b010}: java/lang/ObjectCustomizer> (0x000000070af9b010) thrown at [s\src\hotspot\share\classfile\systemDictionary.cpp, line 230]
Event: 15.212 Thread 0x000001d230a95000 Exception <a 'java/lang/ClassNotFoundException'{0x000000070afbf238}: org/springframework/context/support/ApplicationObjectSupportCustomizer> (0x000000070afbf238) thrown at [s\src\hotspot\share\classfile\systemDictionary.cpp, line 230]
Event: 15.213 Thread 0x000001d230a95000 Exception <a 'java/lang/ClassNotFoundException'{0x000000070afe4878}: org/springframework/web/context/support/WebApplicationObjectSupportCustomizer> (0x000000070afe4878) thrown at [s\src\hotspot\share\classfile\systemDictionary.cpp, line 230]
Event: 15.213 Thread 0x000001d230a95000 Exception <a 'java/lang/ClassNotFoundException'{0x000000070ae070a0}: org/springframework/web/servlet/view/BeanNameViewResolverCustomizer> (0x000000070ae070a0) thrown at [s\src\hotspot\share\classfile\systemDictionary.cpp, line 230]
Event: 15.214 Thread 0x000001d230a95000 Exception <a 'java/lang/ClassNotFoundException'{0x000000070ae28f38}: org/springframework/web/servlet/ViewResolverCustomizer> (0x000000070ae28f38) thrown at [s\src\hotspot\share\classfile\systemDictionary.cpp, line 230]
Event: 15.214 Thread 0x000001d230a95000 Exception <a 'java/lang/ClassNotFoundException'{0x000000070ae43368}: org/springframework/core/OrderedCustomizer> (0x000000070ae43368) thrown at [s\src\hotspot\share\classfile\systemDictionary.cpp, line 230]
Event: 15.215 Thread 0x000001d230a95000 Exception <a 'java/lang/ClassNotFoundException'{0x000000070ae62838}: org/springframework/web/context/ServletContextAwareCustomizer> (0x000000070ae62838) thrown at [s\src\hotspot\share\classfile\systemDictionary.cpp, line 230]
Event: 15.215 Thread 0x000001d230a95000 Exception <a 'java/lang/ClassNotFoundException'{0x000000070ae7e510}: org/springframework/beans/factory/AwareCustomizer> (0x000000070ae7e510) thrown at [s\src\hotspot\share\classfile\systemDictionary.cpp, line 230]
Event: 15.215 Thread 0x000001d230a95000 Exception <a 'java/lang/ClassNotFoundException'{0x000000070ae9d100}: org/springframework/context/ApplicationContextAwareCustomizer> (0x000000070ae9d100) thrown at [s\src\hotspot\share\classfile\systemDictionary.cpp, line 230]
Event: 15.216 Thread 0x000001d230a95000 Exception <a 'java/lang/ClassNotFoundException'{0x000000070aeb92f8}: org/springframework/beans/factory/AwareCustomizer> (0x000000070aeb92f8) thrown at [s\src\hotspot\share\classfile\systemDictionary.cpp, line 230]
Event: 15.217 Thread 0x000001d230a95000 Exception <a 'java/lang/ClassNotFoundException'{0x000000070aec9570}: java/lang/ObjectCustomizer> (0x000000070aec9570) thrown at [s\src\hotspot\share\classfile\systemDictionary.cpp, line 230]
Event: 15.218 Thread 0x000001d230a95000 Exception <a 'java/lang/ClassNotFoundException'{0x000000070aefd168}: org/springframework/boot/autoconfigure/web/servlet/error/ErrorMvcAutoConfiguration$DefaultErrorViewResolverConfigurationCustomizer> (0x000000070aefd168) thrown at [s\src\hotspot\share\classfile\systemDictionary.cpp, line 230]
Event: 15.219 Thread 0x000001d230a95000 Exception <a 'java/lang/ClassNotFoundException'{0x000000070ad08ff8}: java/lang/ObjectCustomizer> (0x000000070ad08ff8) thrown at [s\src\hotspot\share\classfile\systemDictionary.cpp, line 230]
Event: 15.220 Thread 0x000001d230a95000 Exception <a 'java/lang/ClassNotFoundException'{0x000000070ad330b0}: org/springframework/boot/autoconfigure/web/servlet/error/DefaultErrorViewResolverCustomizer> (0x000000070ad330b0) thrown at [s\src\hotspot\share\classfile\systemDictionary.cpp, line 230]
Event: 15.221 Thread 0x000001d230a95000 Exception <a 'java/lang/ClassNotFoundException'{0x000000070ad5ce88}: org/springframework/boot/autoconfigure/web/servlet/error/ErrorViewResolverCustomizer> (0x000000070ad5ce88) thrown at [s\src\hotspot\share\classfile\systemDictionary.cpp, line 230]
Event: 15.221 Thread 0x000001d230a95000 Exception <a 'java/lang/ClassNotFoundException'{0x000000070ad786c0}: org/springframework/core/OrderedCustomizer> (0x000000070ad786c0) thrown at [s\src\hotspot\share\classfile\systemDictionary.cpp, line 230]
Event: 15.222 Thread 0x000001d230a95000 Exception <a 'java/lang/ClassNotFoundException'{0x000000070ad886f8}: java/lang/ObjectCustomizer> (0x000000070ad886f8) thrown at [s\src\hotspot\share\classfile\systemDictionary.cpp, line 230]
Event: 15.223 Thread 0x000001d230a95000 Exception <a 'java/lang/ClassNotFoundException'{0x000000070adae430}: org/springframework/boot/web/servlet/error/DefaultErrorAttributesCustomizer> (0x000000070adae430) thrown at [s\src\hotspot\share\classfile\systemDictionary.cpp, line 230]
Event: 15.224 Thread 0x000001d230a95000 Exception <a 'java/lang/ClassNotFoundException'{0x000000070add4788}: org/springframework/boot/web/servlet/error/ErrorAttributesCustomizer> (0x000000070add4788) thrown at [s\src\hotspot\share\classfile\systemDictionary.cpp, line 230]
Event: 15.224 Thread 0x000001d230a95000 Exception <a 'java/lang/ClassNotFoundException'{0x000000070adf6628}: org/springframework/web/servlet/HandlerExceptionResolverCustomizer> (0x000000070adf6628) thrown at [s\src\hotspot\share\classfile\systemDictionary.cpp, line 230]

Events (20 events):
Event: 15.223 loading class org/springframework/boot/web/servlet/error/DefaultErrorAttributesCustomizer done
Event: 15.223 loading class org/springframework/boot/web/servlet/error/DefaultErrorAttributesCustomizer
Event: 15.223 loading class org/springframework/boot/web/servlet/error/DefaultErrorAttributesCustomizer done
Event: 15.223 loading class org/springframework/boot/web/servlet/error/DefaultErrorAttributesCustomizer
Event: 15.223 loading class org/springframework/boot/web/servlet/error/DefaultErrorAttributesCustomizer done
Event: 15.223 loading class org/springframework/boot/web/servlet/error/ErrorAttributesCustomizer
Event: 15.223 loading class org/springframework/boot/web/servlet/error/ErrorAttributesCustomizer done
Event: 15.224 loading class org/springframework/boot/web/servlet/error/ErrorAttributesCustomizer
Event: 15.224 loading class org/springframework/boot/web/servlet/error/ErrorAttributesCustomizer done
Event: 15.224 loading class org/springframework/boot/web/servlet/error/ErrorAttributesCustomizer
Event: 15.224 loading class org/springframework/boot/web/servlet/error/ErrorAttributesCustomizer done
Event: 15.224 loading class org/springframework/web/servlet/HandlerExceptionResolverCustomizer
Event: 15.224 loading class org/springframework/web/servlet/HandlerExceptionResolverCustomizer done
Event: 15.224 loading class org/springframework/web/servlet/HandlerExceptionResolverCustomizer
Event: 15.224 loading class org/springframework/web/servlet/HandlerExceptionResolverCustomizer done
Event: 15.224 loading class org/springframework/web/servlet/HandlerExceptionResolverCustomizer
Event: 15.224 loading class org/springframework/web/servlet/HandlerExceptionResolverCustomizer done
Event: 15.224 loading class org/springframework/core/OrderedCustomizer
Event: 15.224 loading class org/springframework/core/OrderedCustomizer done
Event: 15.225 Executing VM operation: G1CollectForAllocation


Dynamic libraries:
0x00007ff6dc710000 - 0x00007ff6dc71e000 	C:\Users\22183\.jdks\corretto-11.0.25\bin\java.exe
0x00007ffcbaf20000 - 0x00007ffcbb129000 	C:\windows\SYSTEM32\ntdll.dll
0x00007ffcb9c10000 - 0x00007ffcb9ccd000 	C:\windows\System32\KERNEL32.DLL
0x00007ffcb83e0000 - 0x00007ffcb8764000 	C:\windows\System32\KERNELBASE.dll
0x00007ffcb8910000 - 0x00007ffcb8a21000 	C:\windows\System32\ucrtbase.dll
0x00007ffcb2120000 - 0x00007ffcb213b000 	C:\Users\22183\.jdks\corretto-11.0.25\bin\VCRUNTIME140.dll
0x00007ffcb3410000 - 0x00007ffcb3427000 	C:\Users\22183\.jdks\corretto-11.0.25\bin\jli.dll
0x00007ffcb8d70000 - 0x00007ffcb8f1d000 	C:\windows\System32\USER32.dll
0x00007ffcb83b0000 - 0x00007ffcb83d6000 	C:\windows\System32\win32u.dll
0x00007ffcb94c0000 - 0x00007ffcb94ea000 	C:\windows\System32\GDI32.dll
0x00007ffcb8770000 - 0x00007ffcb888e000 	C:\windows\System32\gdi32full.dll
0x00007ffcb8cd0000 - 0x00007ffcb8d6d000 	C:\windows\System32\msvcp_win.dll
0x00007ffc9c8b0000 - 0x00007ffc9cb55000 	C:\windows\WinSxS\amd64_microsoft.windows.common-controls_6595b64144ccf1df_6.0.22000.120_none_9d947278b86cc467\COMCTL32.dll
0x00007ffcba040000 - 0x00007ffcba0e3000 	C:\windows\System32\msvcrt.dll
0x00007ffcb9d40000 - 0x00007ffcb9d71000 	C:\windows\System32\IMM32.DLL
0x0000000057b50000 - 0x0000000057b5d000 	C:\Program Files (x86)\360\360Safe\safemon\SafeWrapper.dll
0x00007ffcb9680000 - 0x00007ffcb972e000 	C:\windows\System32\ADVAPI32.dll
0x00007ffcb8f20000 - 0x00007ffcb8fbe000 	C:\windows\System32\sechost.dll
0x00007ffcb9830000 - 0x00007ffcb9951000 	C:\windows\System32\RPCRT4.dll
0x00007ffcb0f50000 - 0x00007ffcb1055000 	C:\Program Files (x86)\360\360Safe\safemon\libzdtp64.dll
0x00007ffcba100000 - 0x00007ffcba8c5000 	C:\windows\System32\SHELL32.dll
0x00007ffcba8e0000 - 0x00007ffcba93d000 	C:\windows\System32\SHLWAPI.dll
0x00007ffcb7e40000 - 0x00007ffcb7e4a000 	C:\windows\SYSTEM32\VERSION.dll
0x00007ffcb3460000 - 0x00007ffcb346c000 	C:\Users\22183\.jdks\corretto-11.0.25\bin\vcruntime140_1.dll
0x00007ffc85aa0000 - 0x00007ffc85b2d000 	C:\Users\22183\.jdks\corretto-11.0.25\bin\msvcp140.dll
0x00007ffc4b1f0000 - 0x00007ffc4bdb5000 	C:\Users\22183\.jdks\corretto-11.0.25\bin\server\jvm.dll
0x00007ffcb9d80000 - 0x00007ffcb9def000 	C:\windows\System32\WS2_32.dll
0x00007ffcb9670000 - 0x00007ffcb9678000 	C:\windows\System32\PSAPI.DLL
0x00007ffcb16d0000 - 0x00007ffcb1703000 	C:\windows\SYSTEM32\WINMM.dll
0x00007ffcb7460000 - 0x00007ffcb7478000 	C:\windows\SYSTEM32\kernel.appcore.dll
0x00007ffcb2200000 - 0x00007ffcb2210000 	C:\Users\22183\.jdks\corretto-11.0.25\bin\verify.dll
0x00007ffcb5ad0000 - 0x00007ffcb5cf1000 	C:\windows\SYSTEM32\DBGHELP.DLL
0x00007ffc932c0000 - 0x00007ffc932f1000 	C:\windows\SYSTEM32\dbgcore.DLL
0x00007ffcb8890000 - 0x00007ffcb890f000 	C:\windows\System32\bcryptPrimitives.dll
0x00007ffc96850000 - 0x00007ffc96878000 	C:\Users\22183\.jdks\corretto-11.0.25\bin\java.dll
0x00007ffc978c0000 - 0x00007ffc978ca000 	C:\Users\22183\.jdks\corretto-11.0.25\bin\jimage.dll
0x00007ffc96110000 - 0x00007ffc96128000 	C:\Users\22183\.jdks\corretto-11.0.25\bin\zip.dll
0x00007ffcb63d0000 - 0x00007ffcb6c32000 	C:\windows\SYSTEM32\windows.storage.dll
0x00007ffcba9a0000 - 0x00007ffcbad16000 	C:\windows\System32\combase.dll
0x00007ffcb6260000 - 0x00007ffcb63c7000 	C:\windows\SYSTEM32\wintypes.dll
0x00007ffcb94f0000 - 0x00007ffcb95da000 	C:\windows\System32\SHCORE.dll
0x00007ffcb82e0000 - 0x00007ffcb8305000 	C:\windows\SYSTEM32\profapi.dll
0x00007ffc95650000 - 0x00007ffc95669000 	C:\Users\22183\.jdks\corretto-11.0.25\bin\net.dll
0x00007ffcb27e0000 - 0x00007ffcb28f4000 	C:\windows\SYSTEM32\WINHTTP.dll
0x0000000180000000 - 0x000000018008c000 	C:\windows\system32\ASProxy64.dll
0x00007ffcb9a50000 - 0x00007ffcb9bea000 	C:\windows\System32\ole32.dll
0x00007ffcb9730000 - 0x00007ffcb9806000 	C:\windows\System32\OLEAUT32.dll
0x00007ffcb7fe0000 - 0x00007ffcb800d000 	C:\windows\SYSTEM32\IPHLPAPI.DLL
0x00007ffcb7910000 - 0x00007ffcb7977000 	C:\windows\SYSTEM32\MSWSOCK.dll
0x00007ffcb76f0000 - 0x00007ffcb7732000 	C:\windows\SYSTEM32\SspiCli.dll
0x00007ffc95510000 - 0x00007ffc95522000 	C:\Users\22183\.jdks\corretto-11.0.25\bin\nio.dll
0x00007ffc97620000 - 0x00007ffc97629000 	C:\Users\22183\.jdks\corretto-11.0.25\bin\management.dll
0x00007ffc96b00000 - 0x00007ffc96b0b000 	C:\Users\22183\.jdks\corretto-11.0.25\bin\management_ext.dll
0x00007ffcb4600000 - 0x00007ffcb46ac000 	C:\windows\system32\uxtheme.dll
0x00007ffc888a0000 - 0x00007ffc888b7000 	C:\windows\system32\napinsp.dll
0x00007ffc88880000 - 0x00007ffc8889b000 	C:\windows\system32\pnrpnsp.dll
0x00007ffcb6fb0000 - 0x00007ffcb7097000 	C:\windows\SYSTEM32\DNSAPI.dll
0x00007ffcb9df0000 - 0x00007ffcb9df9000 	C:\windows\System32\NSI.dll
0x00007ffc88860000 - 0x00007ffc88872000 	C:\windows\System32\winrnr.dll
0x00007ffc88840000 - 0x00007ffc88855000 	C:\windows\system32\wshbth.dll
0x00007ffc88820000 - 0x00007ffc8883f000 	C:\windows\system32\nlansp_c.dll
0x0000000056190000 - 0x000000005619b000 	C:\Program Files\National Instruments\Shared\mDNS Responder\nimdnsNSP.dll
0x0000000056170000 - 0x0000000056181000 	C:\windows\SYSTEM32\nimdnsResponder.dll
0x0000000056140000 - 0x0000000056166000 	C:\Program Files\Bonjour\mdnsNSP.dll
0x00007ffcb0b80000 - 0x00007ffcb0b8a000 	C:\Windows\System32\rasadhlp.dll
0x00007ffcb0c00000 - 0x00007ffcb0c81000 	C:\windows\System32\fwpuclnt.dll
0x00007ffcb2750000 - 0x00007ffcb2769000 	C:\windows\SYSTEM32\dhcpcsvc6.DLL
0x00007ffcb2980000 - 0x00007ffcb299e000 	C:\windows\SYSTEM32\dhcpcsvc.DLL
0x00007ffc969c0000 - 0x00007ffc969ce000 	C:\Users\22183\.jdks\corretto-11.0.25\bin\sunmscapi.dll
0x00007ffcb8af0000 - 0x00007ffcb8c52000 	C:\windows\System32\CRYPT32.dll
0x00007ffcb7ca0000 - 0x00007ffcb7cc8000 	C:\windows\SYSTEM32\ncrypt.dll
0x00007ffcb7c60000 - 0x00007ffcb7c97000 	C:\windows\SYSTEM32\NTASN1.dll
0x00007ffc90a60000 - 0x00007ffc90a87000 	C:\Users\22183\.jdks\corretto-11.0.25\bin\sunec.dll
0x00007ffcb7b60000 - 0x00007ffcb7b78000 	C:\windows\SYSTEM32\CRYPTSP.dll
0x00007ffcb73a0000 - 0x00007ffcb73d5000 	C:\windows\system32\rsaenh.dll
0x00007ffcb7a00000 - 0x00007ffcb7a2c000 	C:\windows\SYSTEM32\USERENV.dll
0x00007ffcb7cd0000 - 0x00007ffcb7cf7000 	C:\windows\SYSTEM32\bcrypt.dll
0x00007ffcb7b50000 - 0x00007ffcb7b5c000 	C:\windows\SYSTEM32\CRYPTBASE.dll

dbghelp: loaded successfully - version: 4.0.5 - missing functions: none
symbol engine: initialized successfully - sym options: 0x614 - pdb path: .;C:\Users\22183\.jdks\corretto-11.0.25\bin;C:\windows\SYSTEM32;C:\windows\WinSxS\amd64_microsoft.windows.common-controls_6595b64144ccf1df_6.0.22000.120_none_9d947278b86cc467;C:\Program Files (x86)\360\360Safe\safemon;C:\Users\22183\.jdks\corretto-11.0.25\bin\server;C:\Program Files\National Instruments\Shared\mDNS Responder;C:\Program Files\Bonjour

VM Arguments:
java_command: C:\Users\22183\AppData\Local\Temp\surefire16414257831144761955\surefirebooter-20250930002720103_3.jar C:\Users\22183\AppData\Local\Temp\surefire16414257831144761955 2025-09-30T00-27-19_511-jvmRun1 surefire-20250930002720103_1tmp surefire_0-20250930002720103_2tmp
java_class_path (initial): C:\Users\22183\AppData\Local\Temp\surefire16414257831144761955\surefirebooter-20250930002720103_3.jar
Launcher Type: SUN_STANDARD

[Global flags]
     intx CICompilerCount                          = 4                                         {product} {ergonomic}
     uint ConcGCThreads                            = 3                                         {product} {ergonomic}
     uint G1ConcRefinementThreads                  = 10                                        {product} {ergonomic}
   size_t G1HeapRegionSize                         = 1048576                                   {product} {ergonomic}
    uintx GCDrainStackTargetSize                   = 64                                        {product} {ergonomic}
   size_t InitialHeapSize                          = 264241152                                 {product} {ergonomic}
   size_t MarkStackSize                            = 4194304                                   {product} {ergonomic}
   size_t MaxHeapSize                              = 4219469824                                {product} {ergonomic}
   size_t MaxNewSize                               = 2531262464                                {product} {ergonomic}
   size_t MinHeapDeltaBytes                        = 1048576                                   {product} {ergonomic}
    uintx NonNMethodCodeHeapSize                   = 5836300                                {pd product} {ergonomic}
    uintx NonProfiledCodeHeapSize                  = 122910970                              {pd product} {ergonomic}
    uintx ProfiledCodeHeapSize                     = 122910970                              {pd product} {ergonomic}
    uintx ReservedCodeCacheSize                    = 251658240                              {pd product} {ergonomic}
     bool SegmentedCodeCache                       = true                                      {product} {ergonomic}
     bool UseCompressedClassPointers               = true                                 {lp64_product} {ergonomic}
     bool UseCompressedOops                        = true                                 {lp64_product} {ergonomic}
     bool UseG1GC                                  = true                                      {product} {ergonomic}
     bool UseLargePagesIndividualAllocation        = false                                  {pd product} {ergonomic}

Logging:
Log output configuration:
 #0: stdout all=warning uptime,level,tags
 #1: stderr all=off uptime,level,tags

Environment Variables:
JAVA_HOME=C:\Program Files\Java\jdk1.8.0_202
PATH=C:\Program Files;C:\\Windows\System32;C:\Program Files\Microsoft SQL Server\Client SDK\ODBC\170\Tools\Binn\;C:\Program Files\Microsoft SQL Server\160\DTS\Binn\;D:\Git\cmd;C:\Program Files\Microsoft SQL Server\150\Tools\Binn\;"C:\windows\system32;C:\windows;C:\windows\System32\Wbem;";C:\Program Files\apache-maven-3.9.6\bin;D:\Home\MySQL\bin;D:\Program Files\MATLAB\R2023b\runtime\win64;D:\Program Files\MATLAB\R2023b\bin;C:\Program Files\Docker\Docker\resources\bin;D:\Program Files\MATLAB\R2021b\runtime\win64;D:\Program Files\MATLAB\R2021b\bin;C:\Users\22183\Desktop\web\dll;es (x86)\Microsoft SQL Server\160\DTS\Binn\;C:\Program Files (x86)\Microsoft SQL Server\160\Tools\Binn\;C:\Program Files\Microsoft SQL Server\160\Tools\Binn\;C:\Program Files\Java\jdk1.8.0_202\bin;C:\windows\System32\WindowsPowerShell\v1.0\;C:\Program Files\python;C:\Program Files\python\Scripts;D:\BtSoft\panel\script;C:\Program Files (x86)\Git\cmd;C:\Program Files (x86)\NetSarang\Xftp 7\;C:\Program Files (x86)\NetSarang\Xlpd 7\;C:\Program Files\PuTTY\;C:\windows\system32;D:\nvm;D:\nvm\nodejs;D:\Program Files\Rational\common;D:\nodejs\node_global\node_modules\yarn\bin;D:\nodejs\node_global;C:\Program Files (x86)\Windows Kits\10\Windows Performance Toolkit\;;C:\Program Files\HP\HP One Agent;D:\Ruby32-x64\bin;C:\Users\22183\AppData\Local\Programs\Python\Python36-32\Scripts\;C:\Users\22183\AppData\Local\Programs\Python\Python36-32\;C:\Users\22183\AppData\Local\Microsoft\WindowsApps;D:\Microsoft VS Code\bin;C:\Program Files\Azure Data Studio\bin;D:\WebStorm 2021.1.3\bin;;C:\Users\22183\AppData\Local\GitHubDesktop\bin;C:\ProgramData\22183\GitHubDesktop\bin;C:\Program Files\Java\jdk1.8.0_202\jre;D:\nvm;D:\nvm\nodejs;D:\Program Files\IntelliJ IDEA 2024.2.3\bin;
USERNAME=22183
OS=Windows_NT
PROCESSOR_IDENTIFIER=Intel64 Family 6 Model 154 Stepping 4, GenuineIntel
TMP=C:\Users\22183\AppData\Local\Temp
TEMP=C:\Users\22183\AppData\Local\Temp



---------------  S Y S T E M  ---------------

OS: Windows 11 , 64 bit Build 22000 (10.0.22000.2538)
OS uptime: 0 days 3:15 hours
Hyper-V role detected

CPU:total 12 (initial active 12) (6 cores per cpu, 2 threads per core) family 6 model 154 stepping 4 microcode 0x419, cmov, cx8, fxsr, mmx, sse, sse2, sse3, ssse3, sse4.1, sse4.2, popcnt, avx, avx2, aes, clmul, erms, 3dnowpref, lzcnt, ht, tsc, tscinvbit, bmi1, bmi2, adx, sha, fma

Memory: 4k page, system-wide physical 16095M (239M free)
TotalPageFile size 28499M (AvailPageFile size 57M)
current process WorkingSet (physical memory assigned to process): 372M, peak: 376M
current process commit charge ("private bytes"): 481M, peak: 536M

vm_info: OpenJDK 64-Bit Server VM (11.0.25+9-LTS) for windows-amd64 JRE (11.0.25+9-LTS), built on Oct 10 2024 00:01:59 by "Administrator" with MS VC++ 16.10 / 16.11 (VS2019)

END.
