#
# There is insufficient memory for the Java Runtime Environment to continue.
# Native memory allocation (malloc) failed to allocate 32744 bytes for ChunkPool::allocate
# Possible reasons:
#   The system is out of physical RAM or swap space
#   The process is running with CompressedOops enabled, and the Java Heap may be blocking the growth of the native heap
# Possible solutions:
#   Reduce memory load on the system
#   Increase physical memory or swap space
#   Check if swap backing store is full
#   Decrease Java heap size (-Xmx/-Xms)
#   Decrease number of Java threads
#   Decrease Java thread stack sizes (-Xss)
#   Set larger code cache with -XX:ReservedCodeCacheSize=
#   JVM is running with Zero Based Compressed Oops mode in which the Java heap is
#     placed in the first 32GB address space. The Java Heap base address is the
#     maximum limit for the native heap growth. Please use -XX:HeapBaseMinAddress
#     to set the Java Heap base and to place the Java Heap above 32GB virtual address.
# This output file may be truncated or incomplete.
#
#  Out of Memory Error (arena.cpp:81), pid=14508, tid=22272
#
# JRE version: OpenJDK Runtime Environment Corretto-11.0.25.9.1 (11.0.25+9) (build 11.0.25+9-LTS)
# Java VM: OpenJDK 64-Bit Server VM Corretto-11.0.25.9.1 (11.0.25+9-LTS, mixed mode, tiered, compressed oops, g1 gc, windows-amd64)
# No core dump will be written. Minidumps are not enabled by default on client versions of Windows
#

---------------  S U M M A R Y ------------

Command Line: -Dmaven.multiModuleProjectDirectory=E:\picture-master\picture-master -Djansi.passthrough=true -Dmaven.home=D:\Program Files\IntelliJ IDEA 2024.2.3\plugins\maven\lib\maven3 -Dclassworlds.conf=D:\Program Files\IntelliJ IDEA 2024.2.3\plugins\maven\lib\maven3\bin\m2.conf -Dmaven.ext.class.path=D:\Program Files\IntelliJ IDEA 2024.2.3\plugins\maven\lib\maven-event-listener.jar -Dfile.encoding=UTF-8 org.codehaus.classworlds.Launcher -Didea.version=2024.2.3 install --non-recursive

Host: 12th Gen Intel(R) Core(TM) i7-1255U, 12 cores, 15G,  Windows 11 , 64 bit Build 22000 (10.0.22000.2538)
Time: Wed Oct  8 02:14:15 2025  Windows 11 , 64 bit Build 22000 (10.0.22000.2538) elapsed time: 32.502181 seconds (0d 0h 0m 32s)

---------------  T H R E A D  ---------------

Current thread (0x0000022cfc944800):  JavaThread "C1 CompilerThread0" daemon [_thread_in_native, id=22272, stack(0x000000748ab00000,0x000000748ac00000)]


Current CompileTask:
C1:  32502 10038   !   3       org.apache.maven.surefire.stream.EventDecoder::decode (399 bytes)

Stack: [0x000000748ab00000,0x000000748ac00000]
Native frames: (J=compiled Java code, j=interpreted, Vv=VM code, C=native code)
V  [jvm.dll+0x64644a]
V  [jvm.dll+0x7daca9]
V  [jvm.dll+0x7dc3a9]
V  [jvm.dll+0x7dca93]
V  [jvm.dll+0x269da5]
V  [jvm.dll+0xc23df]
V  [jvm.dll+0xc272c]
V  [jvm.dll+0x632f83]
V  [jvm.dll+0x153c2c]
V  [jvm.dll+0x159dc7]
V  [jvm.dll+0x13a7d1]
V  [jvm.dll+0x15af82]
V  [jvm.dll+0x13c9a3]
V  [jvm.dll+0x13c49a]
V  [jvm.dll+0x13c684]
V  [jvm.dll+0x13b9d2]
V  [jvm.dll+0x13d86c]
V  [jvm.dll+0x230cb9]
V  [jvm.dll+0x22ee2f]
V  [jvm.dll+0x79bed1]
V  [jvm.dll+0x794ba4]
V  [jvm.dll+0x645205]
C  [ucrtbase.dll+0x26c0c]
C  [KERNEL32.DLL+0x153e0]
C  [ntdll.dll+0x485b]


---------------  P R O C E S S  ---------------

Threads class SMR info:
_java_thread_list=0x0000022cfd4e54c0, length=17, elements={
0x0000022cd74e9800, 0x0000022cfc8b9800, 0x0000022cfc8e0000, 0x0000022cfc8fa800,
0x0000022cfc8fc000, 0x0000022cfc8fd800, 0x0000022cfc8fe800, 0x0000022cfc944800,
0x0000022cfc946000, 0x0000022cfcabd000, 0x0000022cfddfc000, 0x0000022cff97f000,
0x0000022cff980000, 0x0000022c8283c000, 0x0000022c844cd800, 0x0000022c844ce800,
0x0000022cfe81a800
}

Java Threads: ( => current thread )
  0x0000022cd74e9800 JavaThread "main" [_thread_in_native, id=36348, stack(0x0000007489e00000,0x0000007489f00000)]
  0x0000022cfc8b9800 JavaThread "Reference Handler" daemon [_thread_blocked, id=13068, stack(0x000000748a500000,0x000000748a600000)]
  0x0000022cfc8e0000 JavaThread "Finalizer" daemon [_thread_blocked, id=37492, stack(0x000000748a600000,0x000000748a700000)]
  0x0000022cfc8fa800 JavaThread "Signal Dispatcher" daemon [_thread_blocked, id=25928, stack(0x000000748a700000,0x000000748a800000)]
  0x0000022cfc8fc000 JavaThread "Attach Listener" daemon [_thread_blocked, id=36564, stack(0x000000748a800000,0x000000748a900000)]
  0x0000022cfc8fd800 JavaThread "Service Thread" daemon [_thread_blocked, id=34876, stack(0x000000748a900000,0x000000748aa00000)]
  0x0000022cfc8fe800 JavaThread "C2 CompilerThread0" daemon [_thread_in_native, id=15884, stack(0x000000748aa00000,0x000000748ab00000)]
=>0x0000022cfc944800 JavaThread "C1 CompilerThread0" daemon [_thread_in_native, id=22272, stack(0x000000748ab00000,0x000000748ac00000)]
  0x0000022cfc946000 JavaThread "Sweeper thread" daemon [_thread_blocked, id=35340, stack(0x000000748ac00000,0x000000748ad00000)]
  0x0000022cfcabd000 JavaThread "Common-Cleaner" daemon [_thread_blocked, id=35096, stack(0x000000748ae00000,0x000000748af00000)]
  0x0000022cfddfc000 JavaThread "Thread-1" daemon [_thread_blocked, id=9360, stack(0x000000748c400000,0x000000748c500000)]
  0x0000022cff97f000 JavaThread "timeout-check-timer" daemon [_thread_blocked, id=34532, stack(0x000000748cb00000,0x000000748cc00000)]
  0x0000022cff980000 JavaThread "ping-timer-10s" daemon [_thread_blocked, id=37876, stack(0x000000748cc00000,0x000000748cd00000)]
  0x0000022c8283c000 JavaThread "ThreadedStreamConsumer" daemon [_thread_blocked, id=29116, stack(0x000000748cd00000,0x000000748ce00000)]
  0x0000022c844cd800 JavaThread "fork-1-err-thread" daemon [_thread_in_native, id=35732, stack(0x000000748ce00000,0x000000748cf00000)]
  0x0000022c844ce800 JavaThread "commands-fork-1" daemon [_thread_blocked, id=37428, stack(0x000000748cf00000,0x000000748d000000)]
  0x0000022cfe81a800 JavaThread "fork-1-event-thread" daemon [_thread_in_native, id=18600, stack(0x000000748d000000,0x000000748d100000)]

Other Threads:
  0x0000022cfc8b6800 VMThread "VM Thread" [stack: 0x000000748a400000,0x000000748a500000] [id=37204]
  0x0000022cfcab4800 WatcherThread [stack: 0x000000748ad00000,0x000000748ae00000] [id=24968]
  0x0000022cd7501800 GCTaskThread "GC Thread#0" [stack: 0x0000007489f00000,0x000000748a000000] [id=34708]
  0x0000022cfde25000 GCTaskThread "GC Thread#1" [stack: 0x000000748be00000,0x000000748bf00000] [id=37004]
  0x0000022cfdc6c800 GCTaskThread "GC Thread#2" [stack: 0x000000748bf00000,0x000000748c000000] [id=37420]
  0x0000022cfdc6d800 GCTaskThread "GC Thread#3" [stack: 0x000000748c000000,0x000000748c100000] [id=37688]
  0x0000022cfdded800 GCTaskThread "GC Thread#4" [stack: 0x000000748c100000,0x000000748c200000] [id=36736]
  0x0000022cfddee800 GCTaskThread "GC Thread#5" [stack: 0x000000748c200000,0x000000748c300000] [id=35572]
  0x0000022cd755d800 ConcurrentGCThread "G1 Main Marker" [stack: 0x000000748a000000,0x000000748a100000] [id=35232]
  0x0000022cd755f000 ConcurrentGCThread "G1 Conc#0" [stack: 0x000000748a100000,0x000000748a200000] [id=33448]
  0x0000022cff0d0800 ConcurrentGCThread "G1 Conc#1" [stack: 0x000000748bb00000,0x000000748bc00000] [id=4840]
  0x0000022cfdcfb800 ConcurrentGCThread "G1 Conc#2" [stack: 0x000000748c300000,0x000000748c400000] [id=31528]
  0x0000022cfbf20000 ConcurrentGCThread "G1 Refine#0" [stack: 0x000000748a200000,0x000000748a300000] [id=33488]
  0x0000022c80a73800 ConcurrentGCThread "G1 Refine#1" [stack: 0x000000748c600000,0x000000748c700000] [id=23720]
  0x0000022cfe656000 ConcurrentGCThread "G1 Refine#2" [stack: 0x000000748c700000,0x000000748c800000] [id=36176]
  0x0000022cff994800 ConcurrentGCThread "G1 Refine#3" [stack: 0x000000748c800000,0x000000748c900000] [id=1448]
  0x0000022cff995000 ConcurrentGCThread "G1 Refine#4" [stack: 0x000000748c900000,0x000000748ca00000] [id=36416]
  0x0000022c82162800 ConcurrentGCThread "G1 Refine#5" [stack: 0x000000748ca00000,0x000000748cb00000] [id=34928]
  0x0000022c82d7a000 ConcurrentGCThread "G1 Refine#6" [stack: 0x000000748c500000,0x000000748c600000] [id=37288]
  0x0000022cfbf21000 ConcurrentGCThread "G1 Young RemSet Sampling" [stack: 0x000000748a300000,0x000000748a400000] [id=37524]

Threads with active compile tasks:
C2 CompilerThread0    32556 10027       4       java.lang.invoke.MethodType::makeImpl (108 bytes)
C1 CompilerThread0    32556 10038   !   3       org.apache.maven.surefire.stream.EventDecoder::decode (399 bytes)

VM state:not at safepoint (normal execution)

VM Mutex/Monitor currently owned by a thread: None

Heap address: 0x0000000704800000, size: 4024 MB, Compressed Oops mode: Zero based, Oop shift amount: 3
Narrow klass base: 0x0000000800000000, Narrow klass shift: 0
Compressed class space size: 1073741824 Address: 0x0000000800000000

Heap:
 garbage-first heap   total 258048K, used 172974K [0x0000000704800000, 0x0000000800000000)
  region size 1024K, 106 young (108544K), 16 survivors (16384K)
 Metaspace       used 46037K, capacity 47330K, committed 47440K, reserved 1091584K
  class space    used 4707K, capacity 5107K, committed 5200K, reserved 1048576K
Heap Regions: E=young(eden), S=young(survivor), O=old, HS=humongous(starts), HC=humongous(continues), CS=collection set, F=free, A=archive, TAMS=top-at-mark-start (previous, next)
|   0|0x0000000704800000, 0x0000000704900000, 0x0000000704900000|100%| O|  |TAMS 0x0000000704900000, 0x0000000704800000| Untracked 
|   1|0x0000000704900000, 0x0000000704a00000, 0x0000000704a00000|100%| O|  |TAMS 0x0000000704a00000, 0x0000000704900000| Untracked 
|   2|0x0000000704a00000, 0x0000000704b00000, 0x0000000704b00000|100%| O|  |TAMS 0x0000000704b00000, 0x0000000704a00000| Untracked 
|   3|0x0000000704b00000, 0x0000000704c00000, 0x0000000704c00000|100%| O|  |TAMS 0x0000000704c00000, 0x0000000704b00000| Untracked 
|   4|0x0000000704c00000, 0x0000000704d00000, 0x0000000704d00000|100%| O|  |TAMS 0x0000000704d00000, 0x0000000704c00000| Untracked 
|   5|0x0000000704d00000, 0x0000000704e00000, 0x0000000704e00000|100%| O|  |TAMS 0x0000000704e00000, 0x0000000704d00000| Untracked 
|   6|0x0000000704e00000, 0x0000000704f00000, 0x0000000704f00000|100%| O|  |TAMS 0x0000000704f00000, 0x0000000704e00000| Untracked 
|   7|0x0000000704f00000, 0x0000000705000000, 0x0000000705000000|100%| O|  |TAMS 0x0000000705000000, 0x0000000704f00000| Untracked 
|   8|0x0000000705000000, 0x0000000705100000, 0x0000000705100000|100%| O|  |TAMS 0x0000000705100000, 0x0000000705000000| Untracked 
|   9|0x0000000705100000, 0x0000000705200000, 0x0000000705200000|100%| O|  |TAMS 0x0000000705200000, 0x0000000705100000| Untracked 
|  10|0x0000000705200000, 0x0000000705300000, 0x0000000705300000|100%| O|  |TAMS 0x0000000705300000, 0x0000000705200000| Untracked 
|  11|0x0000000705300000, 0x0000000705400000, 0x0000000705400000|100%| O|  |TAMS 0x0000000705400000, 0x0000000705300000| Untracked 
|  12|0x0000000705400000, 0x0000000705500000, 0x0000000705500000|100%| O|  |TAMS 0x0000000705500000, 0x0000000705400000| Untracked 
|  13|0x0000000705500000, 0x0000000705600000, 0x0000000705600000|100%| O|  |TAMS 0x0000000705600000, 0x0000000705500000| Untracked 
|  14|0x0000000705600000, 0x0000000705700000, 0x0000000705700000|100%| O|  |TAMS 0x0000000705700000, 0x0000000705600000| Untracked 
|  15|0x0000000705700000, 0x0000000705800000, 0x0000000705800000|100%| O|  |TAMS 0x0000000705800000, 0x0000000705700000| Untracked 
|  16|0x0000000705800000, 0x0000000705900000, 0x0000000705900000|100%| O|  |TAMS 0x0000000705900000, 0x0000000705800000| Untracked 
|  17|0x0000000705900000, 0x0000000705a00000, 0x0000000705a00000|100%| O|  |TAMS 0x0000000705a00000, 0x0000000705900000| Untracked 
|  18|0x0000000705a00000, 0x0000000705b00000, 0x0000000705b00000|100%| O|  |TAMS 0x0000000705b00000, 0x0000000705a00000| Untracked 
|  19|0x0000000705b00000, 0x0000000705c00000, 0x0000000705c00000|100%| O|  |TAMS 0x0000000705c00000, 0x0000000705b00000| Untracked 
|  20|0x0000000705c00000, 0x0000000705d00000, 0x0000000705d00000|100%| O|  |TAMS 0x0000000705d00000, 0x0000000705c00000| Untracked 
|  21|0x0000000705d00000, 0x0000000705e00000, 0x0000000705e00000|100%| O|  |TAMS 0x0000000705e00000, 0x0000000705d00000| Untracked 
|  22|0x0000000705e00000, 0x0000000705f00000, 0x0000000705f00000|100%| O|  |TAMS 0x0000000705f00000, 0x0000000705e00000| Untracked 
|  23|0x0000000705f00000, 0x0000000706000000, 0x0000000706000000|100%| O|  |TAMS 0x0000000706000000, 0x0000000705f00000| Untracked 
|  24|0x0000000706000000, 0x0000000706100000, 0x0000000706100000|100%| O|  |TAMS 0x0000000706100000, 0x0000000706000000| Untracked 
|  25|0x0000000706100000, 0x0000000706200000, 0x0000000706200000|100%| O|  |TAMS 0x0000000706200000, 0x0000000706100000| Untracked 
|  26|0x0000000706200000, 0x0000000706300000, 0x0000000706300000|100%| O|  |TAMS 0x0000000706300000, 0x0000000706200000| Untracked 
|  27|0x0000000706300000, 0x0000000706400000, 0x0000000706400000|100%| O|  |TAMS 0x0000000706400000, 0x0000000706300000| Untracked 
|  28|0x0000000706400000, 0x0000000706500000, 0x0000000706500000|100%| O|  |TAMS 0x0000000706500000, 0x0000000706400000| Untracked 
|  29|0x0000000706500000, 0x0000000706600000, 0x0000000706600000|100%| O|  |TAMS 0x0000000706600000, 0x0000000706500000| Untracked 
|  30|0x0000000706600000, 0x0000000706700000, 0x0000000706700000|100%| O|  |TAMS 0x0000000706600000, 0x0000000706600000| Untracked 
|  31|0x0000000706700000, 0x0000000706800000, 0x0000000706800000|100%| O|  |TAMS 0x0000000706700000, 0x0000000706700000| Untracked 
|  32|0x0000000706800000, 0x0000000706900000, 0x0000000706900000|100%| O|  |TAMS 0x0000000706800000, 0x0000000706800000| Untracked 
|  33|0x0000000706900000, 0x0000000706a00000, 0x0000000706a00000|100%| O|  |TAMS 0x0000000706900000, 0x0000000706900000| Untracked 
|  34|0x0000000706a00000, 0x0000000706b00000, 0x0000000706b00000|100%| O|  |TAMS 0x0000000706a00000, 0x0000000706a00000| Untracked 
|  35|0x0000000706b00000, 0x0000000706c00000, 0x0000000706c00000|100%| O|  |TAMS 0x0000000706b00000, 0x0000000706b00000| Untracked 
|  36|0x0000000706c00000, 0x0000000706d00000, 0x0000000706d00000|100%| O|  |TAMS 0x0000000706c00000, 0x0000000706c00000| Untracked 
|  37|0x0000000706d00000, 0x0000000706e00000, 0x0000000706e00000|100%| O|  |TAMS 0x0000000706d00000, 0x0000000706d00000| Untracked 
|  38|0x0000000706e00000, 0x0000000706f00000, 0x0000000706f00000|100%| O|  |TAMS 0x0000000706e00000, 0x0000000706e00000| Untracked 
|  39|0x0000000706f00000, 0x0000000707000000, 0x0000000707000000|100%| O|  |TAMS 0x0000000706f00000, 0x0000000706f00000| Untracked 
|  40|0x0000000707000000, 0x0000000707100000, 0x0000000707100000|100%| O|  |TAMS 0x0000000707000000, 0x0000000707000000| Untracked 
|  41|0x0000000707100000, 0x0000000707200000, 0x0000000707200000|100%| O|  |TAMS 0x0000000707100000, 0x0000000707100000| Untracked 
|  42|0x0000000707200000, 0x0000000707300000, 0x0000000707300000|100%| O|  |TAMS 0x0000000707200000, 0x0000000707200000| Untracked 
|  43|0x0000000707300000, 0x0000000707400000, 0x0000000707400000|100%| O|  |TAMS 0x0000000707300000, 0x0000000707300000| Untracked 
|  44|0x0000000707400000, 0x0000000707500000, 0x0000000707500000|100%| O|  |TAMS 0x0000000707400000, 0x0000000707400000| Untracked 
|  45|0x0000000707500000, 0x0000000707600000, 0x0000000707600000|100%| O|  |TAMS 0x0000000707500000, 0x0000000707500000| Untracked 
|  46|0x0000000707600000, 0x0000000707700000, 0x0000000707700000|100%| O|  |TAMS 0x0000000707600000, 0x0000000707600000| Untracked 
|  47|0x0000000707700000, 0x0000000707800000, 0x0000000707800000|100%| O|  |TAMS 0x0000000707700000, 0x0000000707700000| Untracked 
|  48|0x0000000707800000, 0x0000000707900000, 0x0000000707900000|100%| O|  |TAMS 0x0000000707800000, 0x0000000707800000| Untracked 
|  49|0x0000000707900000, 0x0000000707a00000, 0x0000000707a00000|100%| O|  |TAMS 0x0000000707900000, 0x0000000707900000| Untracked 
|  50|0x0000000707a00000, 0x0000000707a00000, 0x0000000707b00000|  0%| F|  |TAMS 0x0000000707a00000, 0x0000000707a00000| Untracked 
|  51|0x0000000707b00000, 0x0000000707b00000, 0x0000000707c00000|  0%| F|  |TAMS 0x0000000707b00000, 0x0000000707b00000| Untracked 
|  52|0x0000000707c00000, 0x0000000707d00000, 0x0000000707d00000|100%| O|  |TAMS 0x0000000707c00000, 0x0000000707c00000| Untracked 
|  53|0x0000000707d00000, 0x0000000707e00000, 0x0000000707e00000|100%| O|  |TAMS 0x0000000707d00000, 0x0000000707d00000| Untracked 
|  54|0x0000000707e00000, 0x0000000707f00000, 0x0000000707f00000|100%| O|  |TAMS 0x0000000707e00000, 0x0000000707e00000| Untracked 
|  55|0x0000000707f00000, 0x0000000708000000, 0x0000000708000000|100%| O|  |TAMS 0x0000000707f00000, 0x0000000707f00000| Untracked 
|  56|0x0000000708000000, 0x0000000708100000, 0x0000000708100000|100%| O|  |TAMS 0x0000000708000000, 0x0000000708000000| Untracked 
|  57|0x0000000708100000, 0x0000000708200000, 0x0000000708200000|100%| O|  |TAMS 0x0000000708100000, 0x0000000708100000| Untracked 
|  58|0x0000000708200000, 0x0000000708300000, 0x0000000708300000|100%| O|  |TAMS 0x0000000708200000, 0x0000000708200000| Untracked 
|  59|0x0000000708300000, 0x0000000708400000, 0x0000000708400000|100%| O|  |TAMS 0x0000000708300000, 0x0000000708300000| Untracked 
|  60|0x0000000708400000, 0x0000000708500000, 0x0000000708500000|100%| O|  |TAMS 0x0000000708400000, 0x0000000708400000| Untracked 
|  61|0x0000000708500000, 0x0000000708600000, 0x0000000708600000|100%| O|  |TAMS 0x0000000708500000, 0x0000000708500000| Untracked 
|  62|0x0000000708600000, 0x0000000708700000, 0x0000000708700000|100%| O|  |TAMS 0x0000000708600000, 0x0000000708600000| Untracked 
|  63|0x0000000708700000, 0x0000000708800000, 0x0000000708800000|100%| O|  |TAMS 0x0000000708700000, 0x0000000708700000| Untracked 
|  64|0x0000000708800000, 0x0000000708900000, 0x0000000708900000|100%| O|  |TAMS 0x0000000708800000, 0x0000000708800000| Untracked 
|  65|0x0000000708900000, 0x0000000708a00000, 0x0000000708a00000|100%| O|  |TAMS 0x0000000708900000, 0x0000000708900000| Untracked 
|  66|0x0000000708a00000, 0x0000000708aeba00, 0x0000000708b00000| 92%| O|  |TAMS 0x0000000708a00000, 0x0000000708a00000| Untracked 
|  67|0x0000000708b00000, 0x0000000708b00000, 0x0000000708c00000|  0%| F|  |TAMS 0x0000000708b00000, 0x0000000708b00000| Untracked 
|  68|0x0000000708c00000, 0x0000000708c00000, 0x0000000708d00000|  0%| F|  |TAMS 0x0000000708c00000, 0x0000000708c00000| Untracked 
|  69|0x0000000708d00000, 0x0000000708d00000, 0x0000000708e00000|  0%| F|  |TAMS 0x0000000708d00000, 0x0000000708d00000| Untracked 
|  70|0x0000000708e00000, 0x0000000708e00000, 0x0000000708f00000|  0%| F|  |TAMS 0x0000000708e00000, 0x0000000708e00000| Untracked 
|  71|0x0000000708f00000, 0x0000000708f00000, 0x0000000709000000|  0%| F|  |TAMS 0x0000000708f00000, 0x0000000708f00000| Untracked 
|  72|0x0000000709000000, 0x0000000709000000, 0x0000000709100000|  0%| F|  |TAMS 0x0000000709000000, 0x0000000709000000| Untracked 
|  73|0x0000000709100000, 0x0000000709100000, 0x0000000709200000|  0%| F|  |TAMS 0x0000000709100000, 0x0000000709100000| Untracked 
|  74|0x0000000709200000, 0x0000000709200000, 0x0000000709300000|  0%| F|  |TAMS 0x0000000709200000, 0x0000000709200000| Untracked 
|  75|0x0000000709300000, 0x0000000709300000, 0x0000000709400000|  0%| F|  |TAMS 0x0000000709300000, 0x0000000709300000| Untracked 
|  76|0x0000000709400000, 0x0000000709400000, 0x0000000709500000|  0%| F|  |TAMS 0x0000000709400000, 0x0000000709400000| Untracked 
|  77|0x0000000709500000, 0x0000000709500000, 0x0000000709600000|  0%| F|  |TAMS 0x0000000709500000, 0x0000000709500000| Untracked 
|  78|0x0000000709600000, 0x0000000709600000, 0x0000000709700000|  0%| F|  |TAMS 0x0000000709600000, 0x0000000709600000| Untracked 
|  79|0x0000000709700000, 0x0000000709700000, 0x0000000709800000|  0%| F|  |TAMS 0x0000000709700000, 0x0000000709700000| Untracked 
|  80|0x0000000709800000, 0x0000000709800000, 0x0000000709900000|  0%| F|  |TAMS 0x0000000709800000, 0x0000000709800000| Untracked 
|  81|0x0000000709900000, 0x0000000709900000, 0x0000000709a00000|  0%| F|  |TAMS 0x0000000709900000, 0x0000000709900000| Untracked 
|  82|0x0000000709a00000, 0x0000000709a00000, 0x0000000709b00000|  0%| F|  |TAMS 0x0000000709a00000, 0x0000000709a00000| Untracked 
|  83|0x0000000709b00000, 0x0000000709b00000, 0x0000000709c00000|  0%| F|  |TAMS 0x0000000709b00000, 0x0000000709b00000| Untracked 
|  84|0x0000000709c00000, 0x0000000709c00000, 0x0000000709d00000|  0%| F|  |TAMS 0x0000000709c00000, 0x0000000709c00000| Untracked 
|  85|0x0000000709d00000, 0x0000000709d00000, 0x0000000709e00000|  0%| F|  |TAMS 0x0000000709d00000, 0x0000000709d00000| Untracked 
|  86|0x0000000709e00000, 0x0000000709e00000, 0x0000000709f00000|  0%| F|  |TAMS 0x0000000709e00000, 0x0000000709e00000| Untracked 
|  87|0x0000000709f00000, 0x0000000709f00000, 0x000000070a000000|  0%| F|  |TAMS 0x0000000709f00000, 0x0000000709f00000| Untracked 
|  88|0x000000070a000000, 0x000000070a000000, 0x000000070a100000|  0%| F|  |TAMS 0x000000070a000000, 0x000000070a000000| Untracked 
|  89|0x000000070a100000, 0x000000070a100000, 0x000000070a200000|  0%| F|  |TAMS 0x000000070a100000, 0x000000070a100000| Untracked 
|  90|0x000000070a200000, 0x000000070a200000, 0x000000070a300000|  0%| F|  |TAMS 0x000000070a200000, 0x000000070a200000| Untracked 
|  91|0x000000070a300000, 0x000000070a300000, 0x000000070a400000|  0%| F|  |TAMS 0x000000070a300000, 0x000000070a300000| Untracked 
|  92|0x000000070a400000, 0x000000070a400000, 0x000000070a500000|  0%| F|  |TAMS 0x000000070a400000, 0x000000070a400000| Untracked 
|  93|0x000000070a500000, 0x000000070a500000, 0x000000070a600000|  0%| F|  |TAMS 0x000000070a500000, 0x000000070a500000| Untracked 
|  94|0x000000070a600000, 0x000000070a600000, 0x000000070a700000|  0%| F|  |TAMS 0x000000070a600000, 0x000000070a600000| Untracked 
|  95|0x000000070a700000, 0x000000070a700000, 0x000000070a800000|  0%| F|  |TAMS 0x000000070a700000, 0x000000070a700000| Untracked 
|  96|0x000000070a800000, 0x000000070a800000, 0x000000070a900000|  0%| F|  |TAMS 0x000000070a800000, 0x000000070a800000| Untracked 
|  97|0x000000070a900000, 0x000000070a900000, 0x000000070aa00000|  0%| F|  |TAMS 0x000000070a900000, 0x000000070a900000| Untracked 
|  98|0x000000070aa00000, 0x000000070aa00000, 0x000000070ab00000|  0%| F|  |TAMS 0x000000070aa00000, 0x000000070aa00000| Untracked 
|  99|0x000000070ab00000, 0x000000070ab00000, 0x000000070ac00000|  0%| F|  |TAMS 0x000000070ab00000, 0x000000070ab00000| Untracked 
| 100|0x000000070ac00000, 0x000000070ac00000, 0x000000070ad00000|  0%| F|  |TAMS 0x000000070ac00000, 0x000000070ac00000| Untracked 
| 101|0x000000070ad00000, 0x000000070ad00000, 0x000000070ae00000|  0%| F|  |TAMS 0x000000070ad00000, 0x000000070ad00000| Untracked 
| 102|0x000000070ae00000, 0x000000070ae00000, 0x000000070af00000|  0%| F|  |TAMS 0x000000070ae00000, 0x000000070ae00000| Untracked 
| 103|0x000000070af00000, 0x000000070af00000, 0x000000070b000000|  0%| F|  |TAMS 0x000000070af00000, 0x000000070af00000| Untracked 
| 104|0x000000070b000000, 0x000000070b000000, 0x000000070b100000|  0%| F|  |TAMS 0x000000070b000000, 0x000000070b000000| Untracked 
| 105|0x000000070b100000, 0x000000070b100000, 0x000000070b200000|  0%| F|  |TAMS 0x000000070b100000, 0x000000070b100000| Untracked 
| 106|0x000000070b200000, 0x000000070b200000, 0x000000070b300000|  0%| F|  |TAMS 0x000000070b200000, 0x000000070b200000| Untracked 
| 107|0x000000070b300000, 0x000000070b300000, 0x000000070b400000|  0%| F|  |TAMS 0x000000070b300000, 0x000000070b300000| Untracked 
| 108|0x000000070b400000, 0x000000070b400000, 0x000000070b500000|  0%| F|  |TAMS 0x000000070b400000, 0x000000070b400000| Untracked 
| 109|0x000000070b500000, 0x000000070b500000, 0x000000070b600000|  0%| F|  |TAMS 0x000000070b500000, 0x000000070b500000| Untracked 
| 110|0x000000070b600000, 0x000000070b600000, 0x000000070b700000|  0%| F|  |TAMS 0x000000070b600000, 0x000000070b600000| Untracked 
| 111|0x000000070b700000, 0x000000070b700000, 0x000000070b800000|  0%| F|  |TAMS 0x000000070b700000, 0x000000070b700000| Untracked 
| 112|0x000000070b800000, 0x000000070b800000, 0x000000070b900000|  0%| F|  |TAMS 0x000000070b800000, 0x000000070b800000| Untracked 
| 113|0x000000070b900000, 0x000000070b900000, 0x000000070ba00000|  0%| F|  |TAMS 0x000000070b900000, 0x000000070b900000| Untracked 
| 114|0x000000070ba00000, 0x000000070ba00000, 0x000000070bb00000|  0%| F|  |TAMS 0x000000070ba00000, 0x000000070ba00000| Untracked 
| 115|0x000000070bb00000, 0x000000070bc00000, 0x000000070bc00000|100%| S|CS|TAMS 0x000000070bb00000, 0x000000070bb00000| Complete 
| 116|0x000000070bc00000, 0x000000070bd00000, 0x000000070bd00000|100%| S|CS|TAMS 0x000000070bc00000, 0x000000070bc00000| Complete 
| 117|0x000000070bd00000, 0x000000070be00000, 0x000000070be00000|100%| S|CS|TAMS 0x000000070bd00000, 0x000000070bd00000| Complete 
| 118|0x000000070be00000, 0x000000070bf00000, 0x000000070bf00000|100%| S|CS|TAMS 0x000000070be00000, 0x000000070be00000| Complete 
| 119|0x000000070bf00000, 0x000000070c000000, 0x000000070c000000|100%| S|CS|TAMS 0x000000070bf00000, 0x000000070bf00000| Complete 
| 120|0x000000070c000000, 0x000000070c100000, 0x000000070c100000|100%| S|CS|TAMS 0x000000070c000000, 0x000000070c000000| Complete 
| 121|0x000000070c100000, 0x000000070c200000, 0x000000070c200000|100%| S|CS|TAMS 0x000000070c100000, 0x000000070c100000| Complete 
| 122|0x000000070c200000, 0x000000070c300000, 0x000000070c300000|100%| S|CS|TAMS 0x000000070c200000, 0x000000070c200000| Complete 
| 123|0x000000070c300000, 0x000000070c400000, 0x000000070c400000|100%| S|CS|TAMS 0x000000070c300000, 0x000000070c300000| Complete 
| 124|0x000000070c400000, 0x000000070c500000, 0x000000070c500000|100%| S|CS|TAMS 0x000000070c400000, 0x000000070c400000| Complete 
| 125|0x000000070c500000, 0x000000070c600000, 0x000000070c600000|100%| S|CS|TAMS 0x000000070c500000, 0x000000070c500000| Complete 
| 126|0x000000070c600000, 0x000000070c700000, 0x000000070c700000|100%| S|CS|TAMS 0x000000070c600000, 0x000000070c600000| Complete 
| 127|0x000000070c700000, 0x000000070c800000, 0x000000070c800000|100%| S|CS|TAMS 0x000000070c700000, 0x000000070c700000| Complete 
| 128|0x000000070c800000, 0x000000070c900000, 0x000000070c900000|100%| S|CS|TAMS 0x000000070c800000, 0x000000070c800000| Complete 
| 129|0x000000070c900000, 0x000000070c900000, 0x000000070ca00000|  0%| F|  |TAMS 0x000000070c900000, 0x000000070c900000| Untracked 
| 130|0x000000070ca00000, 0x000000070ca00000, 0x000000070cb00000|  0%| F|  |TAMS 0x000000070ca00000, 0x000000070ca00000| Untracked 
| 131|0x000000070cb00000, 0x000000070cb00000, 0x000000070cc00000|  0%| F|  |TAMS 0x000000070cb00000, 0x000000070cb00000| Untracked 
| 132|0x000000070cc00000, 0x000000070cc00000, 0x000000070cd00000|  0%| F|  |TAMS 0x000000070cc00000, 0x000000070cc00000| Untracked 
| 133|0x000000070cd00000, 0x000000070cd00000, 0x000000070ce00000|  0%| F|  |TAMS 0x000000070cd00000, 0x000000070cd00000| Untracked 
| 134|0x000000070ce00000, 0x000000070ce00000, 0x000000070cf00000|  0%| F|  |TAMS 0x000000070ce00000, 0x000000070ce00000| Untracked 
| 135|0x000000070cf00000, 0x000000070cf00000, 0x000000070d000000|  0%| F|  |TAMS 0x000000070cf00000, 0x000000070cf00000| Untracked 
| 136|0x000000070d000000, 0x000000070d000000, 0x000000070d100000|  0%| F|  |TAMS 0x000000070d000000, 0x000000070d000000| Untracked 
| 137|0x000000070d100000, 0x000000070d200000, 0x000000070d200000|100%| S|CS|TAMS 0x000000070d100000, 0x000000070d100000| Complete 
| 138|0x000000070d200000, 0x000000070d300000, 0x000000070d300000|100%| S|CS|TAMS 0x000000070d200000, 0x000000070d200000| Complete 
| 139|0x000000070d300000, 0x000000070d300000, 0x000000070d400000|  0%| F|  |TAMS 0x000000070d300000, 0x000000070d300000| Untracked 
| 140|0x000000070d400000, 0x000000070d400000, 0x000000070d500000|  0%| F|  |TAMS 0x000000070d400000, 0x000000070d400000| Untracked 
| 141|0x000000070d500000, 0x000000070d500000, 0x000000070d600000|  0%| F|  |TAMS 0x000000070d500000, 0x000000070d500000| Untracked 
| 142|0x000000070d600000, 0x000000070d600000, 0x000000070d700000|  0%| F|  |TAMS 0x000000070d600000, 0x000000070d600000| Untracked 
| 143|0x000000070d700000, 0x000000070d700000, 0x000000070d800000|  0%| F|  |TAMS 0x000000070d700000, 0x000000070d700000| Untracked 
| 144|0x000000070d800000, 0x000000070d800000, 0x000000070d900000|  0%| F|  |TAMS 0x000000070d800000, 0x000000070d800000| Untracked 
| 145|0x000000070d900000, 0x000000070d900000, 0x000000070da00000|  0%| F|  |TAMS 0x000000070d900000, 0x000000070d900000| Untracked 
| 146|0x000000070da00000, 0x000000070da00000, 0x000000070db00000|  0%| F|  |TAMS 0x000000070da00000, 0x000000070da00000| Untracked 
| 147|0x000000070db00000, 0x000000070db00000, 0x000000070dc00000|  0%| F|  |TAMS 0x000000070db00000, 0x000000070db00000| Untracked 
| 148|0x000000070dc00000, 0x000000070dc00000, 0x000000070dd00000|  0%| F|  |TAMS 0x000000070dc00000, 0x000000070dc00000| Untracked 
| 149|0x000000070dd00000, 0x000000070dd00000, 0x000000070de00000|  0%| F|  |TAMS 0x000000070dd00000, 0x000000070dd00000| Untracked 
| 150|0x000000070de00000, 0x000000070de00000, 0x000000070df00000|  0%| F|  |TAMS 0x000000070de00000, 0x000000070de00000| Untracked 
| 151|0x000000070df00000, 0x000000070df00000, 0x000000070e000000|  0%| F|  |TAMS 0x000000070df00000, 0x000000070df00000| Untracked 
| 152|0x000000070e000000, 0x000000070e000000, 0x000000070e100000|  0%| F|  |TAMS 0x000000070e000000, 0x000000070e000000| Untracked 
| 153|0x000000070e100000, 0x000000070e100000, 0x000000070e200000|  0%| F|  |TAMS 0x000000070e100000, 0x000000070e100000| Untracked 
| 154|0x000000070e200000, 0x000000070e200000, 0x000000070e300000|  0%| F|  |TAMS 0x000000070e200000, 0x000000070e200000| Untracked 
| 155|0x000000070e300000, 0x000000070e300000, 0x000000070e400000|  0%| F|  |TAMS 0x000000070e300000, 0x000000070e300000| Untracked 
| 156|0x000000070e400000, 0x000000070e400000, 0x000000070e500000|  0%| F|  |TAMS 0x000000070e400000, 0x000000070e400000| Untracked 
| 157|0x000000070e500000, 0x000000070e500000, 0x000000070e600000|  0%| F|  |TAMS 0x000000070e500000, 0x000000070e500000| Untracked 
| 158|0x000000070e600000, 0x000000070e600000, 0x000000070e700000|  0%| F|  |TAMS 0x000000070e600000, 0x000000070e600000| Untracked 
| 159|0x000000070e700000, 0x000000070e700000, 0x000000070e800000|  0%| F|  |TAMS 0x000000070e700000, 0x000000070e700000| Untracked 
| 160|0x000000070e800000, 0x000000070e800000, 0x000000070e900000|  0%| F|  |TAMS 0x000000070e800000, 0x000000070e800000| Untracked 
| 161|0x000000070e900000, 0x000000070e900000, 0x000000070ea00000|  0%| F|  |TAMS 0x000000070e900000, 0x000000070e900000| Untracked 
| 162|0x000000070ea00000, 0x000000070eb00000, 0x000000070eb00000|100%| E|  |TAMS 0x000000070ea00000, 0x000000070ea00000| Complete 
| 163|0x000000070eb00000, 0x000000070ec00000, 0x000000070ec00000|100%| E|CS|TAMS 0x000000070eb00000, 0x000000070eb00000| Complete 
| 164|0x000000070ec00000, 0x000000070ed00000, 0x000000070ed00000|100%| E|CS|TAMS 0x000000070ec00000, 0x000000070ec00000| Complete 
| 165|0x000000070ed00000, 0x000000070ee00000, 0x000000070ee00000|100%| E|CS|TAMS 0x000000070ed00000, 0x000000070ed00000| Complete 
| 166|0x000000070ee00000, 0x000000070ef00000, 0x000000070ef00000|100%| E|CS|TAMS 0x000000070ee00000, 0x000000070ee00000| Complete 
| 167|0x000000070ef00000, 0x000000070f000000, 0x000000070f000000|100%| E|CS|TAMS 0x000000070ef00000, 0x000000070ef00000| Complete 
| 168|0x000000070f000000, 0x000000070f100000, 0x000000070f100000|100%| E|CS|TAMS 0x000000070f000000, 0x000000070f000000| Complete 
| 169|0x000000070f100000, 0x000000070f200000, 0x000000070f200000|100%| E|CS|TAMS 0x000000070f100000, 0x000000070f100000| Complete 
| 170|0x000000070f200000, 0x000000070f300000, 0x000000070f300000|100%| E|CS|TAMS 0x000000070f200000, 0x000000070f200000| Complete 
| 171|0x000000070f300000, 0x000000070f400000, 0x000000070f400000|100%| E|CS|TAMS 0x000000070f300000, 0x000000070f300000| Complete 
| 172|0x000000070f400000, 0x000000070f500000, 0x000000070f500000|100%| E|CS|TAMS 0x000000070f400000, 0x000000070f400000| Complete 
| 173|0x000000070f500000, 0x000000070f600000, 0x000000070f600000|100%| E|CS|TAMS 0x000000070f500000, 0x000000070f500000| Complete 
| 174|0x000000070f600000, 0x000000070f700000, 0x000000070f700000|100%| E|CS|TAMS 0x000000070f600000, 0x000000070f600000| Complete 
| 175|0x000000070f700000, 0x000000070f800000, 0x000000070f800000|100%| E|CS|TAMS 0x000000070f700000, 0x000000070f700000| Complete 
| 176|0x000000070f800000, 0x000000070f900000, 0x000000070f900000|100%| E|CS|TAMS 0x000000070f800000, 0x000000070f800000| Complete 
| 177|0x000000070f900000, 0x000000070fa00000, 0x000000070fa00000|100%| E|CS|TAMS 0x000000070f900000, 0x000000070f900000| Complete 
| 178|0x000000070fa00000, 0x000000070fb00000, 0x000000070fb00000|100%| E|CS|TAMS 0x000000070fa00000, 0x000000070fa00000| Complete 
| 179|0x000000070fb00000, 0x000000070fc00000, 0x000000070fc00000|100%| E|CS|TAMS 0x000000070fb00000, 0x000000070fb00000| Complete 
| 180|0x000000070fc00000, 0x000000070fd00000, 0x000000070fd00000|100%| E|CS|TAMS 0x000000070fc00000, 0x000000070fc00000| Complete 
| 181|0x000000070fd00000, 0x000000070fe00000, 0x000000070fe00000|100%| E|CS|TAMS 0x000000070fd00000, 0x000000070fd00000| Complete 
| 182|0x000000070fe00000, 0x000000070ff00000, 0x000000070ff00000|100%| E|CS|TAMS 0x000000070fe00000, 0x000000070fe00000| Complete 
| 183|0x000000070ff00000, 0x0000000710000000, 0x0000000710000000|100%| E|CS|TAMS 0x000000070ff00000, 0x000000070ff00000| Complete 
| 184|0x0000000710000000, 0x0000000710100000, 0x0000000710100000|100%| E|CS|TAMS 0x0000000710000000, 0x0000000710000000| Complete 
| 185|0x0000000710100000, 0x0000000710200000, 0x0000000710200000|100%| E|CS|TAMS 0x0000000710100000, 0x0000000710100000| Complete 
| 186|0x0000000710200000, 0x0000000710300000, 0x0000000710300000|100%| E|CS|TAMS 0x0000000710200000, 0x0000000710200000| Complete 
| 187|0x0000000710300000, 0x0000000710400000, 0x0000000710400000|100%| E|CS|TAMS 0x0000000710300000, 0x0000000710300000| Complete 
| 188|0x0000000710400000, 0x0000000710500000, 0x0000000710500000|100%| E|CS|TAMS 0x0000000710400000, 0x0000000710400000| Complete 
| 189|0x0000000710500000, 0x0000000710600000, 0x0000000710600000|100%| E|CS|TAMS 0x0000000710500000, 0x0000000710500000| Complete 
| 190|0x0000000710600000, 0x0000000710700000, 0x0000000710700000|100%| E|CS|TAMS 0x0000000710600000, 0x0000000710600000| Complete 
| 191|0x0000000710700000, 0x0000000710800000, 0x0000000710800000|100%| E|CS|TAMS 0x0000000710700000, 0x0000000710700000| Complete 
| 192|0x0000000710800000, 0x0000000710900000, 0x0000000710900000|100%| E|CS|TAMS 0x0000000710800000, 0x0000000710800000| Complete 
| 193|0x0000000710900000, 0x0000000710a00000, 0x0000000710a00000|100%| E|CS|TAMS 0x0000000710900000, 0x0000000710900000| Complete 
| 194|0x0000000710a00000, 0x0000000710b00000, 0x0000000710b00000|100%| E|CS|TAMS 0x0000000710a00000, 0x0000000710a00000| Complete 
| 195|0x0000000710b00000, 0x0000000710c00000, 0x0000000710c00000|100%| E|CS|TAMS 0x0000000710b00000, 0x0000000710b00000| Complete 
| 196|0x0000000710c00000, 0x0000000710d00000, 0x0000000710d00000|100%| E|CS|TAMS 0x0000000710c00000, 0x0000000710c00000| Complete 
| 197|0x0000000710d00000, 0x0000000710e00000, 0x0000000710e00000|100%| E|CS|TAMS 0x0000000710d00000, 0x0000000710d00000| Complete 
| 198|0x0000000710e00000, 0x0000000710f00000, 0x0000000710f00000|100%| E|CS|TAMS 0x0000000710e00000, 0x0000000710e00000| Complete 
| 199|0x0000000710f00000, 0x0000000711000000, 0x0000000711000000|100%| E|CS|TAMS 0x0000000710f00000, 0x0000000710f00000| Complete 
| 200|0x0000000711000000, 0x0000000711100000, 0x0000000711100000|100%| E|CS|TAMS 0x0000000711000000, 0x0000000711000000| Complete 
| 201|0x0000000711100000, 0x0000000711200000, 0x0000000711200000|100%| E|CS|TAMS 0x0000000711100000, 0x0000000711100000| Complete 
| 202|0x0000000711200000, 0x0000000711300000, 0x0000000711300000|100%| E|CS|TAMS 0x0000000711200000, 0x0000000711200000| Complete 
| 203|0x0000000711300000, 0x0000000711400000, 0x0000000711400000|100%| E|CS|TAMS 0x0000000711300000, 0x0000000711300000| Complete 
| 204|0x0000000711400000, 0x0000000711500000, 0x0000000711500000|100%| E|CS|TAMS 0x0000000711400000, 0x0000000711400000| Complete 
| 205|0x0000000711500000, 0x0000000711600000, 0x0000000711600000|100%| E|CS|TAMS 0x0000000711500000, 0x0000000711500000| Complete 
| 206|0x0000000711600000, 0x0000000711700000, 0x0000000711700000|100%| E|CS|TAMS 0x0000000711600000, 0x0000000711600000| Complete 
| 207|0x0000000711700000, 0x0000000711800000, 0x0000000711800000|100%| E|CS|TAMS 0x0000000711700000, 0x0000000711700000| Complete 
| 208|0x0000000711800000, 0x0000000711900000, 0x0000000711900000|100%| E|CS|TAMS 0x0000000711800000, 0x0000000711800000| Complete 
| 209|0x0000000711900000, 0x0000000711a00000, 0x0000000711a00000|100%| E|CS|TAMS 0x0000000711900000, 0x0000000711900000| Complete 
| 210|0x0000000711a00000, 0x0000000711b00000, 0x0000000711b00000|100%| E|CS|TAMS 0x0000000711a00000, 0x0000000711a00000| Complete 
| 211|0x0000000711b00000, 0x0000000711c00000, 0x0000000711c00000|100%| E|CS|TAMS 0x0000000711b00000, 0x0000000711b00000| Complete 
| 212|0x0000000711c00000, 0x0000000711d00000, 0x0000000711d00000|100%| E|CS|TAMS 0x0000000711c00000, 0x0000000711c00000| Complete 
| 213|0x0000000711d00000, 0x0000000711e00000, 0x0000000711e00000|100%| E|CS|TAMS 0x0000000711d00000, 0x0000000711d00000| Complete 
| 214|0x0000000711e00000, 0x0000000711f00000, 0x0000000711f00000|100%| E|CS|TAMS 0x0000000711e00000, 0x0000000711e00000| Complete 
| 215|0x0000000711f00000, 0x0000000712000000, 0x0000000712000000|100%| E|CS|TAMS 0x0000000711f00000, 0x0000000711f00000| Complete 
| 216|0x0000000712000000, 0x0000000712100000, 0x0000000712100000|100%| E|CS|TAMS 0x0000000712000000, 0x0000000712000000| Complete 
| 217|0x0000000712100000, 0x0000000712200000, 0x0000000712200000|100%| E|CS|TAMS 0x0000000712100000, 0x0000000712100000| Complete 
| 218|0x0000000712200000, 0x0000000712300000, 0x0000000712300000|100%| E|CS|TAMS 0x0000000712200000, 0x0000000712200000| Complete 
| 219|0x0000000712300000, 0x0000000712400000, 0x0000000712400000|100%| E|CS|TAMS 0x0000000712300000, 0x0000000712300000| Complete 
| 220|0x0000000712400000, 0x0000000712500000, 0x0000000712500000|100%| E|CS|TAMS 0x0000000712400000, 0x0000000712400000| Complete 
| 221|0x0000000712500000, 0x0000000712600000, 0x0000000712600000|100%| E|CS|TAMS 0x0000000712500000, 0x0000000712500000| Complete 
| 222|0x0000000712600000, 0x0000000712700000, 0x0000000712700000|100%| E|CS|TAMS 0x0000000712600000, 0x0000000712600000| Complete 
| 223|0x0000000712700000, 0x0000000712800000, 0x0000000712800000|100%| E|CS|TAMS 0x0000000712700000, 0x0000000712700000| Complete 
| 224|0x0000000712800000, 0x0000000712900000, 0x0000000712900000|100%| E|CS|TAMS 0x0000000712800000, 0x0000000712800000| Complete 
| 225|0x0000000712900000, 0x0000000712a00000, 0x0000000712a00000|100%| E|CS|TAMS 0x0000000712900000, 0x0000000712900000| Complete 
| 226|0x0000000712a00000, 0x0000000712b00000, 0x0000000712b00000|100%| E|CS|TAMS 0x0000000712a00000, 0x0000000712a00000| Complete 
| 227|0x0000000712b00000, 0x0000000712c00000, 0x0000000712c00000|100%| E|CS|TAMS 0x0000000712b00000, 0x0000000712b00000| Complete 
| 228|0x0000000712c00000, 0x0000000712d00000, 0x0000000712d00000|100%| E|CS|TAMS 0x0000000712c00000, 0x0000000712c00000| Complete 
| 229|0x0000000712d00000, 0x0000000712e00000, 0x0000000712e00000|100%| E|CS|TAMS 0x0000000712d00000, 0x0000000712d00000| Complete 
| 230|0x0000000712e00000, 0x0000000712f00000, 0x0000000712f00000|100%| E|CS|TAMS 0x0000000712e00000, 0x0000000712e00000| Complete 
| 231|0x0000000712f00000, 0x0000000713000000, 0x0000000713000000|100%| E|CS|TAMS 0x0000000712f00000, 0x0000000712f00000| Complete 
| 232|0x0000000713000000, 0x0000000713100000, 0x0000000713100000|100%| E|CS|TAMS 0x0000000713000000, 0x0000000713000000| Complete 
| 233|0x0000000713100000, 0x0000000713200000, 0x0000000713200000|100%| E|CS|TAMS 0x0000000713100000, 0x0000000713100000| Complete 
| 234|0x0000000713200000, 0x0000000713300000, 0x0000000713300000|100%| E|CS|TAMS 0x0000000713200000, 0x0000000713200000| Complete 
| 235|0x0000000713300000, 0x0000000713400000, 0x0000000713400000|100%| E|CS|TAMS 0x0000000713300000, 0x0000000713300000| Complete 
| 236|0x0000000713400000, 0x0000000713500000, 0x0000000713500000|100%| E|CS|TAMS 0x0000000713400000, 0x0000000713400000| Complete 
| 237|0x0000000713500000, 0x0000000713600000, 0x0000000713600000|100%| E|  |TAMS 0x0000000713500000, 0x0000000713500000| Complete 
| 238|0x0000000713600000, 0x0000000713700000, 0x0000000713700000|100%| E|CS|TAMS 0x0000000713600000, 0x0000000713600000| Complete 
| 239|0x0000000713700000, 0x0000000713800000, 0x0000000713800000|100%| E|CS|TAMS 0x0000000713700000, 0x0000000713700000| Complete 
| 240|0x0000000713800000, 0x0000000713900000, 0x0000000713900000|100%| E|CS|TAMS 0x0000000713800000, 0x0000000713800000| Complete 
| 241|0x0000000713900000, 0x0000000713a00000, 0x0000000713a00000|100%| E|CS|TAMS 0x0000000713900000, 0x0000000713900000| Complete 
| 242|0x0000000713a00000, 0x0000000713b00000, 0x0000000713b00000|100%| E|CS|TAMS 0x0000000713a00000, 0x0000000713a00000| Complete 
| 243|0x0000000713b00000, 0x0000000713c00000, 0x0000000713c00000|100%| E|CS|TAMS 0x0000000713b00000, 0x0000000713b00000| Complete 
| 244|0x0000000713c00000, 0x0000000713d00000, 0x0000000713d00000|100%| E|CS|TAMS 0x0000000713c00000, 0x0000000713c00000| Complete 
| 245|0x0000000713d00000, 0x0000000713e00000, 0x0000000713e00000|100%| E|CS|TAMS 0x0000000713d00000, 0x0000000713d00000| Complete 
| 246|0x0000000713e00000, 0x0000000713f00000, 0x0000000713f00000|100%| E|CS|TAMS 0x0000000713e00000, 0x0000000713e00000| Complete 
| 247|0x0000000713f00000, 0x0000000714000000, 0x0000000714000000|100%| E|CS|TAMS 0x0000000713f00000, 0x0000000713f00000| Complete 
| 248|0x0000000714000000, 0x0000000714100000, 0x0000000714100000|100%| E|CS|TAMS 0x0000000714000000, 0x0000000714000000| Complete 
| 249|0x0000000714100000, 0x0000000714200000, 0x0000000714200000|100%| E|CS|TAMS 0x0000000714100000, 0x0000000714100000| Complete 
| 250|0x0000000714200000, 0x0000000714300000, 0x0000000714300000|100%| E|CS|TAMS 0x0000000714200000, 0x0000000714200000| Complete 
| 251|0x0000000714300000, 0x0000000714400000, 0x0000000714400000|100%| E|CS|TAMS 0x0000000714300000, 0x0000000714300000| Complete 

Card table byte_map: [0x0000022cf04f0000,0x0000022cf0cd0000] _byte_map_base: 0x0000022cecccc000

Marking Bits (Prev, Next): (CMBitMap*) 0x0000022cd754cf98, (CMBitMap*) 0x0000022cd754cfd0
 Prev Bits: [0x0000022cf14b0000, 0x0000022cf5390000)
 Next Bits: [0x0000022cf5390000, 0x0000022cf9270000)

Polling page: 0x0000022cd5ca0000

Metaspace:

Usage:
  Non-class:     41.23 MB capacity,    40.36 MB ( 98%) used,   778.87 KB (  2%) free+waste,   114.44 KB ( <1%) overhead. 
      Class:      4.99 MB capacity,     4.60 MB ( 92%) used,   352.93 KB (  7%) free+waste,    46.56 KB ( <1%) overhead. 
       Both:     46.22 MB capacity,    44.96 MB ( 97%) used,     1.11 MB (  2%) free+waste,   161.00 KB ( <1%) overhead. 

Virtual space:
  Non-class space:       42.00 MB reserved,      41.25 MB ( 98%) committed 
      Class space:        1.00 GB reserved,       5.08 MB ( <1%) committed 
             Both:        1.04 GB reserved,      46.33 MB (  4%) committed 

Chunk freelists:
   Non-Class:  17.00 KB
       Class:  13.00 KB
        Both:  30.00 KB

MaxMetaspaceSize: 17179869184.00 GB
CompressedClassSpaceSize: 1.00 GB
Initial GC threshold: 20.80 MB
Current GC threshold: 59.09 MB
CDS: off

CodeHeap 'non-profiled nmethods': size=120000Kb used=6757Kb max_used=6757Kb free=113242Kb
 bounds [0x0000022ce7b60000, 0x0000022ce8200000, 0x0000022cef090000]
CodeHeap 'profiled nmethods': size=120000Kb used=24280Kb max_used=24280Kb free=95720Kb
 bounds [0x0000022ce0630000, 0x0000022ce1df0000, 0x0000022ce7b60000]
CodeHeap 'non-nmethods': size=5760Kb used=1248Kb max_used=1314Kb free=4511Kb
 bounds [0x0000022ce0090000, 0x0000022ce0300000, 0x0000022ce0630000]
 total_blobs=10326 nmethods=9799 adapters=438
 compilation: enabled
              stopped_count=0, restarted_count=0
 full_count=0

Compilation events (20 events):
Event: 32.118 Thread 0x0000022cfc944800 10026       1       org.apache.maven.plugin.surefire.booterclient.ForkStarter::access$300 (5 bytes)
Event: 32.118 Thread 0x0000022cfc944800 nmethod 10026 0x0000022ce81f8210 code [0x0000022ce81f83c0, 0x0000022ce81f8458]
Event: 32.492 Thread 0x0000022cfc8fe800 10027       4       java.lang.invoke.MethodType::makeImpl (108 bytes)
Event: 32.492 Thread 0x0000022cfc944800 10028       3       sun.invoke.util.Wrapper::isSubwordOrInt (20 bytes)
Event: 32.492 Thread 0x0000022cfc944800 nmethod 10028 0x0000022ce1de4d10 code [0x0000022ce1de4ee0, 0x0000022ce1de52f8]
Event: 32.492 Thread 0x0000022cfc944800 10029       3       sun.invoke.util.Wrapper::isIntegral (23 bytes)
Event: 32.492 Thread 0x0000022cfc944800 nmethod 10029 0x0000022ce1de5410 code [0x0000022ce1de55c0, 0x0000022ce1de5818]
Event: 32.492 Thread 0x0000022cfc944800 10030       3       sun.invoke.util.Wrapper::isNumeric (16 bytes)
Event: 32.492 Thread 0x0000022cfc944800 nmethod 10030 0x0000022ce1de5910 code [0x0000022ce1de5ac0, 0x0000022ce1de5c18]
Event: 32.492 Thread 0x0000022cfc944800 10032       1       org.apache.maven.surefire.api.stream.AbstractStreamDecoder$MalformedFrameException::readFrom (5 bytes)
Event: 32.493 Thread 0x0000022cfc944800 nmethod 10032 0x0000022ce81f8810 code [0x0000022ce81f89c0, 0x0000022ce81f8a78]
Event: 32.493 Thread 0x0000022cfc944800 10034  s    1       java.lang.StringBuffer::length (5 bytes)
Event: 32.493 Thread 0x0000022cfc944800 nmethod 10034 0x0000022ce81f8b10 code [0x0000022ce81f8cc0, 0x0000022ce81f8ef8]
Event: 32.493 Thread 0x0000022cfc944800 10035       1       org.apache.maven.surefire.api.stream.AbstractStreamDecoder$MalformedFrameException::readTo (5 bytes)
Event: 32.493 Thread 0x0000022cfc944800 nmethod 10035 0x0000022ce81f8f90 code [0x0000022ce81f9140, 0x0000022ce81f91f8]
Event: 32.494 Thread 0x0000022cfc944800 10036       1       sun.util.calendar.BaseCalendar$Date::getCachedJan1 (5 bytes)
Event: 32.494 Thread 0x0000022cfc944800 nmethod 10036 0x0000022ce81f9290 code [0x0000022ce81f9440, 0x0000022ce81f94f8]
Event: 32.494 Thread 0x0000022cfc944800 10037       3       org.apache.maven.surefire.stream.EventDecoder::getEncodedMagicNumber (4 bytes)
Event: 32.494 Thread 0x0000022cfc944800 nmethod 10037 0x0000022ce1de5c90 code [0x0000022ce1de5e40, 0x0000022ce1de5f58]
Event: 32.494 Thread 0x0000022cfc944800 10038   !   3       org.apache.maven.surefire.stream.EventDecoder::decode (399 bytes)

GC Heap History (20 events):
Event: 4.504 GC heap before
{Heap before GC invocations=3 (full 0):
 garbage-first heap   total 258048K, used 78278K [0x0000000704800000, 0x0000000800000000)
  region size 1024K, 77 young (78848K), 7 survivors (7168K)
 Metaspace       used 24287K, capacity 24862K, committed 25088K, reserved 1071104K
  class space    used 2598K, capacity 2760K, committed 2816K, reserved 1048576K
}
Event: 4.516 GC heap after
{Heap after GC invocations=4 (full 0):
 garbage-first heap   total 258048K, used 13116K [0x0000000704800000, 0x0000000800000000)
  region size 1024K, 10 young (10240K), 10 survivors (10240K)
 Metaspace       used 24287K, capacity 24862K, committed 25088K, reserved 1071104K
  class space    used 2598K, capacity 2760K, committed 2816K, reserved 1048576K
}
Event: 9.361 GC heap before
{Heap before GC invocations=4 (full 0):
 garbage-first heap   total 258048K, used 158524K [0x0000000704800000, 0x0000000800000000)
  region size 1024K, 151 young (154624K), 10 survivors (10240K)
 Metaspace       used 34686K, capacity 35465K, committed 35712K, reserved 1081344K
  class space    used 3661K, capacity 3933K, committed 3968K, reserved 1048576K
}
Event: 9.376 GC heap after
{Heap after GC invocations=5 (full 0):
 garbage-first heap   total 258048K, used 27777K [0x0000000704800000, 0x0000000800000000)
  region size 1024K, 19 young (19456K), 19 survivors (19456K)
 Metaspace       used 34686K, capacity 35465K, committed 35712K, reserved 1081344K
  class space    used 3661K, capacity 3933K, committed 3968K, reserved 1048576K
}
Event: 9.429 GC heap before
{Heap before GC invocations=5 (full 0):
 garbage-first heap   total 258048K, used 28801K [0x0000000704800000, 0x0000000800000000)
  region size 1024K, 20 young (20480K), 19 survivors (19456K)
 Metaspace       used 34694K, capacity 35529K, committed 35712K, reserved 1081344K
  class space    used 3661K, capacity 3933K, committed 3968K, reserved 1048576K
}
Event: 9.440 GC heap after
{Heap after GC invocations=6 (full 0):
 garbage-first heap   total 258048K, used 29919K [0x0000000704800000, 0x0000000800000000)
  region size 1024K, 2 young (2048K), 2 survivors (2048K)
 Metaspace       used 34694K, capacity 35529K, committed 35712K, reserved 1081344K
  class space    used 3661K, capacity 3933K, committed 3968K, reserved 1048576K
}
Event: 10.635 GC heap before
{Heap before GC invocations=6 (full 0):
 garbage-first heap   total 258048K, used 67807K [0x0000000704800000, 0x0000000800000000)
  region size 1024K, 40 young (40960K), 2 survivors (2048K)
 Metaspace       used 35127K, capacity 35928K, committed 36048K, reserved 1081344K
  class space    used 3697K, capacity 3979K, committed 4048K, reserved 1048576K
}
Event: 10.641 GC heap after
{Heap after GC invocations=7 (full 0):
 garbage-first heap   total 258048K, used 39936K [0x0000000704800000, 0x0000000800000000)
  region size 1024K, 9 young (9216K), 9 survivors (9216K)
 Metaspace       used 35127K, capacity 35928K, committed 36048K, reserved 1081344K
  class space    used 3697K, capacity 3979K, committed 4048K, reserved 1048576K
}
Event: 12.216 GC heap before
{Heap before GC invocations=8 (full 0):
 garbage-first heap   total 258048K, used 123904K [0x0000000704800000, 0x0000000800000000)
  region size 1024K, 92 young (94208K), 9 survivors (9216K)
 Metaspace       used 37645K, capacity 38549K, committed 38608K, reserved 1083392K
  class space    used 3932K, capacity 4246K, committed 4304K, reserved 1048576K
}
Event: 12.228 GC heap after
{Heap after GC invocations=9 (full 0):
 garbage-first heap   total 258048K, used 51343K [0x0000000704800000, 0x0000000800000000)
  region size 1024K, 11 young (11264K), 11 survivors (11264K)
 Metaspace       used 37645K, capacity 38549K, committed 38608K, reserved 1083392K
  class space    used 3932K, capacity 4246K, committed 4304K, reserved 1048576K
}
Event: 12.770 GC heap before
{Heap before GC invocations=9 (full 0):
 garbage-first heap   total 258048K, used 143503K [0x0000000704800000, 0x0000000800000000)
  region size 1024K, 101 young (103424K), 11 survivors (11264K)
 Metaspace       used 38405K, capacity 39364K, committed 39504K, reserved 1085440K
  class space    used 3998K, capacity 4311K, committed 4432K, reserved 1048576K
}
Event: 12.780 GC heap after
{Heap after GC invocations=10 (full 0):
 garbage-first heap   total 258048K, used 53823K [0x0000000704800000, 0x0000000800000000)
  region size 1024K, 3 young (3072K), 3 survivors (3072K)
 Metaspace       used 38405K, capacity 39364K, committed 39504K, reserved 1085440K
  class space    used 3998K, capacity 4311K, committed 4432K, reserved 1048576K
}
Event: 12.985 GC heap before
{Heap before GC invocations=10 (full 0):
 garbage-first heap   total 258048K, used 152127K [0x0000000704800000, 0x0000000800000000)
  region size 1024K, 99 young (101376K), 3 survivors (3072K)
 Metaspace       used 38594K, capacity 39526K, committed 39760K, reserved 1085440K
  class space    used 4001K, capacity 4313K, committed 4432K, reserved 1048576K
}
Event: 12.990 GC heap after
{Heap after GC invocations=11 (full 0):
 garbage-first heap   total 258048K, used 55158K [0x0000000704800000, 0x0000000800000000)
  region size 1024K, 4 young (4096K), 4 survivors (4096K)
 Metaspace       used 38594K, capacity 39526K, committed 39760K, reserved 1085440K
  class space    used 4001K, capacity 4313K, committed 4432K, reserved 1048576K
}
Event: 13.397 GC heap before
{Heap before GC invocations=11 (full 0):
 garbage-first heap   total 258048K, used 160630K [0x0000000704800000, 0x0000000800000000)
  region size 1024K, 107 young (109568K), 4 survivors (4096K)
 Metaspace       used 38721K, capacity 39671K, committed 40016K, reserved 1085440K
  class space    used 4003K, capacity 4315K, committed 4432K, reserved 1048576K
}
Event: 13.403 GC heap after
{Heap after GC invocations=12 (full 0):
 garbage-first heap   total 258048K, used 57020K [0x0000000704800000, 0x0000000800000000)
  region size 1024K, 6 young (6144K), 6 survivors (6144K)
 Metaspace       used 38721K, capacity 39671K, committed 40016K, reserved 1085440K
  class space    used 4003K, capacity 4315K, committed 4432K, reserved 1048576K
}
Event: 14.381 GC heap before
{Heap before GC invocations=12 (full 0):
 garbage-first heap   total 258048K, used 168636K [0x0000000704800000, 0x0000000800000000)
  region size 1024K, 115 young (117760K), 6 survivors (6144K)
 Metaspace       used 40691K, capacity 41721K, committed 41936K, reserved 1087488K
  class space    used 4181K, capacity 4545K, committed 4560K, reserved 1048576K
}
Event: 14.391 GC heap after
{Heap after GC invocations=13 (full 0):
 garbage-first heap   total 258048K, used 59003K [0x0000000704800000, 0x0000000800000000)
  region size 1024K, 8 young (8192K), 8 survivors (8192K)
 Metaspace       used 40691K, capacity 41721K, committed 41936K, reserved 1087488K
  class space    used 4181K, capacity 4545K, committed 4560K, reserved 1048576K
}
Event: 16.247 GC heap before
{Heap before GC invocations=13 (full 0):
 garbage-first heap   total 258048K, used 175739K [0x0000000704800000, 0x0000000800000000)
  region size 1024K, 121 young (123904K), 8 survivors (8192K)
 Metaspace       used 41289K, capacity 42459K, committed 42832K, reserved 1087488K
  class space    used 4214K, capacity 4570K, committed 4688K, reserved 1048576K
}
Event: 16.266 GC heap after
{Heap after GC invocations=14 (full 0):
 garbage-first heap   total 258048K, used 82862K [0x0000000704800000, 0x0000000800000000)
  region size 1024K, 16 young (16384K), 16 survivors (16384K)
 Metaspace       used 41289K, capacity 42459K, committed 42832K, reserved 1087488K
  class space    used 4214K, capacity 4570K, committed 4688K, reserved 1048576K
}

Deoptimization events (20 events):
Event: 19.337 Thread 0x0000022c8283c000 Uncommon trap: trap_request=0xffffffde fr.pc=0x0000022ce817eff8 relative=0x00000000000000b8
Event: 19.337 Thread 0x0000022c8283c000 Uncommon trap: reason=class_check action=maybe_recompile pc=0x0000022ce817eff8 method=java.util.regex.Pattern.lambda$union$4(Ljava/util/regex/Pattern$CharPredicate;Ljava/util/regex/Pattern$CharPredicate;I)Z @ 12 c2
Event: 19.337 Thread 0x0000022c8283c000 DEOPT PACKING pc=0x0000022ce817eff8 sp=0x000000748cdfdef0
Event: 19.337 Thread 0x0000022c8283c000 DEOPT UNPACKING pc=0x0000022ce00da1af sp=0x000000748cdfde08 mode 2
Event: 19.337 Thread 0x0000022c8283c000 Uncommon trap: trap_request=0xffffffde fr.pc=0x0000022ce817eff8 relative=0x00000000000000b8
Event: 19.337 Thread 0x0000022c8283c000 Uncommon trap: reason=class_check action=maybe_recompile pc=0x0000022ce817eff8 method=java.util.regex.Pattern.lambda$union$4(Ljava/util/regex/Pattern$CharPredicate;Ljava/util/regex/Pattern$CharPredicate;I)Z @ 12 c2
Event: 19.337 Thread 0x0000022c8283c000 DEOPT PACKING pc=0x0000022ce817eff8 sp=0x000000748cdfdf20
Event: 19.337 Thread 0x0000022c8283c000 DEOPT UNPACKING pc=0x0000022ce00da1af sp=0x000000748cdfde38 mode 2
Event: 19.337 Thread 0x0000022c8283c000 Uncommon trap: trap_request=0xffffffde fr.pc=0x0000022ce817eff8 relative=0x00000000000000b8
Event: 19.337 Thread 0x0000022c8283c000 Uncommon trap: reason=class_check action=maybe_recompile pc=0x0000022ce817eff8 method=java.util.regex.Pattern.lambda$union$4(Ljava/util/regex/Pattern$CharPredicate;Ljava/util/regex/Pattern$CharPredicate;I)Z @ 12 c2
Event: 19.337 Thread 0x0000022c8283c000 DEOPT PACKING pc=0x0000022ce817eff8 sp=0x000000748cdfdef0
Event: 19.337 Thread 0x0000022c8283c000 DEOPT UNPACKING pc=0x0000022ce00da1af sp=0x000000748cdfde08 mode 2
Event: 19.337 Thread 0x0000022c8283c000 Uncommon trap: trap_request=0xffffffde fr.pc=0x0000022ce817eff8 relative=0x00000000000000b8
Event: 19.337 Thread 0x0000022c8283c000 Uncommon trap: reason=class_check action=maybe_recompile pc=0x0000022ce817eff8 method=java.util.regex.Pattern.lambda$union$4(Ljava/util/regex/Pattern$CharPredicate;Ljava/util/regex/Pattern$CharPredicate;I)Z @ 12 c2
Event: 19.337 Thread 0x0000022c8283c000 DEOPT PACKING pc=0x0000022ce817eff8 sp=0x000000748cdfdf20
Event: 19.337 Thread 0x0000022c8283c000 DEOPT UNPACKING pc=0x0000022ce00da1af sp=0x000000748cdfde38 mode 2
Event: 19.337 Thread 0x0000022c8283c000 Uncommon trap: trap_request=0xffffffde fr.pc=0x0000022ce80596a4 relative=0x0000000000000804
Event: 19.337 Thread 0x0000022c8283c000 Uncommon trap: reason=class_check action=maybe_recompile pc=0x0000022ce80596a4 method=java.util.HashMap.computeIfAbsent(Ljava/lang/Object;Ljava/util/function/Function;)Ljava/lang/Object; @ 286 c2
Event: 19.337 Thread 0x0000022c8283c000 DEOPT PACKING pc=0x0000022ce80596a4 sp=0x000000748cdfe2b0
Event: 19.337 Thread 0x0000022c8283c000 DEOPT UNPACKING pc=0x0000022ce00da1af sp=0x000000748cdfe230 mode 2

Classes redefined (0 events):
No events

Internal exceptions (20 events):
Event: 16.702 Thread 0x0000022cd74e9800 Exception <a 'sun/nio/fs/WindowsException'{0x0000000711e39330}> (0x0000000711e39330) thrown at [s\src\hotspot\share\prims\jni.cpp, line 617]
Event: 16.702 Thread 0x0000022cd74e9800 Exception <a 'sun/nio/fs/WindowsException'{0x0000000711e395c0}> (0x0000000711e395c0) thrown at [s\src\hotspot\share\prims\jni.cpp, line 617]
Event: 16.703 Thread 0x0000022cd74e9800 Exception <a 'sun/nio/fs/WindowsException'{0x0000000711e3aed0}> (0x0000000711e3aed0) thrown at [s\src\hotspot\share\prims\jni.cpp, line 617]
Event: 16.703 Thread 0x0000022cd74e9800 Exception <a 'sun/nio/fs/WindowsException'{0x0000000711e3b110}> (0x0000000711e3b110) thrown at [s\src\hotspot\share\prims\jni.cpp, line 617]
Event: 16.703 Thread 0x0000022cd74e9800 Exception <a 'sun/nio/fs/WindowsException'{0x0000000711e3cbd8}> (0x0000000711e3cbd8) thrown at [s\src\hotspot\share\prims\jni.cpp, line 617]
Event: 16.703 Thread 0x0000022cd74e9800 Exception <a 'sun/nio/fs/WindowsException'{0x0000000711e3ce60}> (0x0000000711e3ce60) thrown at [s\src\hotspot\share\prims\jni.cpp, line 617]
Event: 16.703 Thread 0x0000022cd74e9800 Exception <a 'sun/nio/fs/WindowsException'{0x0000000711e3e860}> (0x0000000711e3e860) thrown at [s\src\hotspot\share\prims\jni.cpp, line 617]
Event: 16.703 Thread 0x0000022cd74e9800 Exception <a 'sun/nio/fs/WindowsException'{0x0000000711e3ebb0}> (0x0000000711e3ebb0) thrown at [s\src\hotspot\share\prims\jni.cpp, line 617]
Event: 16.705 Thread 0x0000022cd74e9800 Exception <a 'sun/nio/fs/WindowsException'{0x0000000711e5a788}> (0x0000000711e5a788) thrown at [s\src\hotspot\share\prims\jni.cpp, line 617]
Event: 16.707 Thread 0x0000022cd74e9800 Exception <a 'sun/nio/fs/WindowsException'{0x0000000711e7a418}> (0x0000000711e7a418) thrown at [s\src\hotspot\share\prims\jni.cpp, line 617]
Event: 16.712 Thread 0x0000022cd74e9800 Exception <a 'sun/nio/fs/WindowsException'{0x0000000711ea59e0}> (0x0000000711ea59e0) thrown at [s\src\hotspot\share\prims\jni.cpp, line 617]
Event: 17.226 Thread 0x0000022c8283c000 Exception <a 'java/lang/NoSuchMethodError'{0x000000070ff3fd90}: 'java.lang.Object java.lang.invoke.DirectMethodHandle$Holder.invokeStaticInit(java.lang.Object, java.lang.Object, long, java.lang.Object)'> (0x000000070ff3fd90) thrown at [s\src\hotspot\share\interpreter\linkResolver.cpp, line 773]
Event: 17.227 Thread 0x0000022c8283c000 Exception <a 'java/lang/NoSuchMethodError'{0x000000070ff4beb0}: 'java.lang.Object java.lang.invoke.Invokers$Holder.linkToTargetMethod(java.lang.Object, long, java.lang.Object)'> (0x000000070ff4beb0) thrown at [s\src\hotspot\share\interpreter\linkResolver.cpp, line 773]
Event: 17.265 Thread 0x0000022cd74e9800 Exception <a 'java/lang/NoSuchMethodError'{0x000000070fc77d58}: 'int java.lang.invoke.DirectMethodHandle$Holder.invokeInterface(java.lang.Object, java.lang.Object)'> (0x000000070fc77d58) thrown at [s\src\hotspot\share\interpreter\linkResolver.cpp, line 773]
Event: 17.742 Thread 0x0000022cd74e9800 Exception <a 'java/lang/NoSuchMethodError'{0x000000070fb17090}: 'java.lang.Object java.lang.invoke.DirectMethodHandle$Holder.invokeStaticInit(java.lang.Object, java.lang.Object, int, int, int, int)'> (0x000000070fb17090) thrown at [s\src\hotspot\share\interpreter\linkResolver.cpp, line 773]
Event: 17.869 Thread 0x0000022cd74e9800 Exception <a 'java/lang/NoSuchMethodError'{0x000000070f378078}: 'java.lang.Object java.lang.invoke.DirectMethodHandle$Holder.invokeStaticInit(java.lang.Object, int)'> (0x000000070f378078) thrown at [s\src\hotspot\share\interpreter\linkResolver.cpp, line 773]
Event: 18.039 Thread 0x0000022cd74e9800 Exception <a 'java/lang/NoSuchMethodError'{0x000000070eefbe40}: 'void java.lang.invoke.DirectMethodHandle$Holder.invokeStatic(java.lang.Object, long)'> (0x000000070eefbe40) thrown at [s\src\hotspot\share\interpreter\linkResolver.cpp, line 773]
Event: 18.039 Thread 0x0000022cd74e9800 Exception <a 'java/lang/NoSuchMethodError'{0x000000070ed01aa8}: 'java.lang.Object java.lang.invoke.DirectMethodHandle$Holder.invokeStatic(java.lang.Object, long)'> (0x000000070ed01aa8) thrown at [s\src\hotspot\share\interpreter\linkResolver.cpp, line 773]
Event: 18.040 Thread 0x0000022cd74e9800 Exception <a 'java/lang/NoSuchMethodError'{0x000000070ed04dd0}: 'java.lang.Object java.lang.invoke.DirectMethodHandle$Holder.invokeSpecial(java.lang.Object, java.lang.Object, long)'> (0x000000070ed04dd0) thrown at [s\src\hotspot\share\interpreter\linkResolver.cpp, line 773]
Event: 18.040 Thread 0x0000022cd74e9800 Exception <a 'java/lang/NoSuchMethodError'{0x000000070ed07b38}: 'java.lang.Object java.lang.invoke.Invokers$Holder.linkToTargetMethod(long, java.lang.Object)'> (0x000000070ed07b38) thrown at [s\src\hotspot\share\interpreter\linkResolver.cpp, line 773]

Events (20 events):
Event: 19.335 loading class org/apache/maven/surefire/api/report/TestOutputReportEntry
Event: 19.335 loading class org/apache/maven/surefire/api/report/TestOutputReportEntry done
Event: 19.335 loading class org/apache/maven/surefire/api/report/TestOutputReportEntry
Event: 19.335 loading class org/apache/maven/surefire/api/report/TestOutputReportEntry done
Event: 19.336 loading class org/apache/maven/surefire/api/util/SureFireFileManager
Event: 19.336 loading class org/apache/maven/surefire/api/util/SureFireFileManager done
Event: 19.336 loading class org/apache/maven/surefire/api/util/SureFireFileManager
Event: 19.336 loading class org/apache/maven/surefire/api/util/SureFireFileManager done
Event: 32.488 Executing VM operation: RevokeBias
Event: 32.488 Executing VM operation: RevokeBias done
Event: 32.490 Executing VM operation: BulkRevokeBias
Event: 32.491 Executing VM operation: BulkRevokeBias done
Event: 32.491 loading class java/util/concurrent/ThreadLocalRandom
Event: 32.491 loading class java/util/concurrent/ThreadLocalRandom done
Event: 32.491 loading class java/lang/invoke/VarHandleLongs$FieldInstanceReadWrite
Event: 32.492 loading class java/lang/invoke/VarHandleLongs$FieldInstanceReadOnly
Event: 32.492 loading class java/lang/invoke/VarHandleLongs$FieldInstanceReadOnly done
Event: 32.492 loading class java/lang/invoke/VarHandleLongs$FieldInstanceReadWrite done
Event: 32.492 loading class java/util/concurrent/atomic/Striped64$1
Event: 32.492 loading class java/util/concurrent/atomic/Striped64$1 done


Dynamic libraries:
0x00007ff65ea00000 - 0x00007ff65ea0e000 	C:\Users\22183\.jdks\corretto-11.0.25\bin\java.exe
0x00007ffbc6800000 - 0x00007ffbc6a09000 	C:\windows\SYSTEM32\ntdll.dll
0x00007ffbc6090000 - 0x00007ffbc614d000 	C:\windows\System32\KERNEL32.DLL
0x00007ffbc42c0000 - 0x00007ffbc4644000 	C:\windows\System32\KERNELBASE.dll
0x00007ffbc3fa0000 - 0x00007ffbc40b1000 	C:\windows\System32\ucrtbase.dll
0x00007ffbbec80000 - 0x00007ffbbec9b000 	C:\Users\22183\.jdks\corretto-11.0.25\bin\VCRUNTIME140.dll
0x00007ffbbed00000 - 0x00007ffbbed17000 	C:\Users\22183\.jdks\corretto-11.0.25\bin\jli.dll
0x00007ffbc6470000 - 0x00007ffbc661d000 	C:\windows\System32\USER32.dll
0x00007ffbc4220000 - 0x00007ffbc4246000 	C:\windows\System32\win32u.dll
0x00007ffbc4d00000 - 0x00007ffbc4d2a000 	C:\windows\System32\GDI32.dll
0x00007ffbc3d10000 - 0x00007ffbc3e2e000 	C:\windows\System32\gdi32full.dll
0x00007ffbc4180000 - 0x00007ffbc421d000 	C:\windows\System32\msvcp_win.dll
0x00007ffba8450000 - 0x00007ffba86f5000 	C:\windows\WinSxS\amd64_microsoft.windows.common-controls_6595b64144ccf1df_6.0.22000.120_none_9d947278b86cc467\COMCTL32.dll
0x00007ffbc4b20000 - 0x00007ffbc4bc3000 	C:\windows\System32\msvcrt.dll
0x00007ffbc4cc0000 - 0x00007ffbc4cf1000 	C:\windows\System32\IMM32.DLL
0x0000000056060000 - 0x000000005606d000 	C:\Program Files (x86)\360\360Safe\safemon\SafeWrapper.dll
0x00007ffbc5650000 - 0x00007ffbc56fe000 	C:\windows\System32\ADVAPI32.dll
0x00007ffbc62e0000 - 0x00007ffbc637e000 	C:\windows\System32\sechost.dll
0x00007ffbc4970000 - 0x00007ffbc4a91000 	C:\windows\System32\RPCRT4.dll
0x00007ffbbd670000 - 0x00007ffbbd775000 	C:\Program Files (x86)\360\360Safe\safemon\libzdtp64.dll
0x00007ffbc4e00000 - 0x00007ffbc55c5000 	C:\windows\System32\SHELL32.dll
0x00007ffbc6410000 - 0x00007ffbc646d000 	C:\windows\System32\SHLWAPI.dll
0x00007ffbc36e0000 - 0x00007ffbc36ea000 	C:\windows\SYSTEM32\VERSION.dll
0x00007ffbbecf0000 - 0x00007ffbbecfc000 	C:\Users\22183\.jdks\corretto-11.0.25\bin\vcruntime140_1.dll
0x00007ffb9e350000 - 0x00007ffb9e3dd000 	C:\Users\22183\.jdks\corretto-11.0.25\bin\msvcp140.dll
0x00007ffaf9d90000 - 0x00007ffafa955000 	C:\Users\22183\.jdks\corretto-11.0.25\bin\server\jvm.dll
0x00007ffbc6150000 - 0x00007ffbc61bf000 	C:\windows\System32\WS2_32.dll
0x00007ffbc4aa0000 - 0x00007ffbc4aa8000 	C:\windows\System32\PSAPI.DLL
0x00007ffbbc820000 - 0x00007ffbbc853000 	C:\windows\SYSTEM32\WINMM.dll
0x00007ffbc2d00000 - 0x00007ffbc2d18000 	C:\windows\SYSTEM32\kernel.appcore.dll
0x00007ffbbec70000 - 0x00007ffbbec80000 	C:\Users\22183\.jdks\corretto-11.0.25\bin\verify.dll
0x00007ffbc1530000 - 0x00007ffbc1751000 	C:\windows\SYSTEM32\DBGHELP.DLL
0x00007ffb9d220000 - 0x00007ffb9d251000 	C:\windows\SYSTEM32\dbgcore.DLL
0x00007ffbc3c90000 - 0x00007ffbc3d0f000 	C:\windows\System32\bcryptPrimitives.dll
0x00007ffba0df0000 - 0x00007ffba0e18000 	C:\Users\22183\.jdks\corretto-11.0.25\bin\java.dll
0x00007ffbbec60000 - 0x00007ffbbec6a000 	C:\Users\22183\.jdks\corretto-11.0.25\bin\jimage.dll
0x00007ffba5ca0000 - 0x00007ffba5cb8000 	C:\Users\22183\.jdks\corretto-11.0.25\bin\zip.dll
0x00007ffbc1cb0000 - 0x00007ffbc2512000 	C:\windows\SYSTEM32\windows.storage.dll
0x00007ffbc5890000 - 0x00007ffbc5c06000 	C:\windows\System32\combase.dll
0x00007ffbc1b40000 - 0x00007ffbc1ca7000 	C:\windows\SYSTEM32\wintypes.dll
0x00007ffbc4bd0000 - 0x00007ffbc4cba000 	C:\windows\System32\SHCORE.dll
0x00007ffbc3bc0000 - 0x00007ffbc3be5000 	C:\windows\SYSTEM32\profapi.dll
0x00007ffba2390000 - 0x00007ffba23a9000 	C:\Users\22183\.jdks\corretto-11.0.25\bin\net.dll
0x00007ffbbdd50000 - 0x00007ffbbde64000 	C:\windows\SYSTEM32\WINHTTP.dll
0x0000000180000000 - 0x000000018008c000 	C:\windows\system32\ASProxy64.dll
0x00007ffbc6620000 - 0x00007ffbc67ba000 	C:\windows\System32\ole32.dll
0x00007ffbc4650000 - 0x00007ffbc4726000 	C:\windows\System32\OLEAUT32.dll
0x00007ffbc3730000 - 0x00007ffbc375d000 	C:\windows\SYSTEM32\IPHLPAPI.DLL
0x00007ffbc31b0000 - 0x00007ffbc3217000 	C:\windows\SYSTEM32\MSWSOCK.dll
0x00007ffbc2fa0000 - 0x00007ffbc2fe2000 	C:\windows\SYSTEM32\SspiCli.dll
0x00007ffba1a70000 - 0x00007ffba1a82000 	C:\Users\22183\.jdks\corretto-11.0.25\bin\nio.dll
0x00007ffbbfd10000 - 0x00007ffbbfdbc000 	C:\windows\system32\uxtheme.dll
0x00007ffb91800000 - 0x00007ffb91824000 	C:\Users\22183\AppData\Local\Temp\jansi-2.4.1-a38b3b9c5f1da7b7-jansi.dll
0x00007ffbc3410000 - 0x00007ffbc3428000 	C:\windows\SYSTEM32\CRYPTSP.dll
0x00007ffbc2c60000 - 0x00007ffbc2c95000 	C:\windows\system32\rsaenh.dll
0x00007ffbc32c0000 - 0x00007ffbc32ec000 	C:\windows\SYSTEM32\USERENV.dll
0x00007ffbc35b0000 - 0x00007ffbc35d7000 	C:\windows\SYSTEM32\bcrypt.dll
0x00007ffbc3430000 - 0x00007ffbc343c000 	C:\windows\SYSTEM32\CRYPTBASE.dll
0x00007ffbc5640000 - 0x00007ffbc5649000 	C:\windows\System32\NSI.dll
0x00007ffbbdc80000 - 0x00007ffbbdc99000 	C:\windows\SYSTEM32\dhcpcsvc6.DLL
0x00007ffbbe250000 - 0x00007ffbbe26e000 	C:\windows\SYSTEM32\dhcpcsvc.DLL
0x00007ffbc2850000 - 0x00007ffbc2937000 	C:\windows\SYSTEM32\DNSAPI.dll

dbghelp: loaded successfully - version: 4.0.5 - missing functions: none
symbol engine: initialized successfully - sym options: 0x614 - pdb path: .;C:\Users\22183\.jdks\corretto-11.0.25\bin;C:\windows\SYSTEM32;C:\windows\WinSxS\amd64_microsoft.windows.common-controls_6595b64144ccf1df_6.0.22000.120_none_9d947278b86cc467;C:\Program Files (x86)\360\360Safe\safemon;C:\Users\22183\.jdks\corretto-11.0.25\bin\server;C:\Users\22183\AppData\Local\Temp

VM Arguments:
jvm_args: -Dmaven.multiModuleProjectDirectory=E:\picture-master\picture-master -Djansi.passthrough=true -Dmaven.home=D:\Program Files\IntelliJ IDEA 2024.2.3\plugins\maven\lib\maven3 -Dclassworlds.conf=D:\Program Files\IntelliJ IDEA 2024.2.3\plugins\maven\lib\maven3\bin\m2.conf -Dmaven.ext.class.path=D:\Program Files\IntelliJ IDEA 2024.2.3\plugins\maven\lib\maven-event-listener.jar -Dfile.encoding=UTF-8 
java_command: org.codehaus.classworlds.Launcher -Didea.version=2024.2.3 install --non-recursive
java_class_path (initial): D:\Program Files\IntelliJ IDEA 2024.2.3\plugins\maven\lib\maven3\boot\plexus-classworlds-2.8.0.jar;D:\Program Files\IntelliJ IDEA 2024.2.3\plugins\maven\lib\maven3\boot\plexus-classworlds.license
Launcher Type: SUN_STANDARD

[Global flags]
     intx CICompilerCount                          = 4                                         {product} {ergonomic}
     uint ConcGCThreads                            = 3                                         {product} {ergonomic}
     uint G1ConcRefinementThreads                  = 10                                        {product} {ergonomic}
   size_t G1HeapRegionSize                         = 1048576                                   {product} {ergonomic}
    uintx GCDrainStackTargetSize                   = 64                                        {product} {ergonomic}
   size_t InitialHeapSize                          = 264241152                                 {product} {ergonomic}
   size_t MarkStackSize                            = 4194304                                   {product} {ergonomic}
   size_t MaxHeapSize                              = 4219469824                                {product} {ergonomic}
   size_t MaxNewSize                               = 2531262464                                {product} {ergonomic}
   size_t MinHeapDeltaBytes                        = 1048576                                   {product} {ergonomic}
    uintx NonNMethodCodeHeapSize                   = 5836300                                {pd product} {ergonomic}
    uintx NonProfiledCodeHeapSize                  = 122910970                              {pd product} {ergonomic}
    uintx ProfiledCodeHeapSize                     = 122910970                              {pd product} {ergonomic}
    uintx ReservedCodeCacheSize                    = 251658240                              {pd product} {ergonomic}
     bool SegmentedCodeCache                       = true                                      {product} {ergonomic}
     bool UseCompressedClassPointers               = true                                 {lp64_product} {ergonomic}
     bool UseCompressedOops                        = true                                 {lp64_product} {ergonomic}
     bool UseG1GC                                  = true                                      {product} {ergonomic}
     bool UseLargePagesIndividualAllocation        = false                                  {pd product} {ergonomic}

Logging:
Log output configuration:
 #0: stdout all=warning uptime,level,tags
 #1: stderr all=off uptime,level,tags

Environment Variables:
JAVA_HOME=C:\Program Files\Java\jdk1.8.0_202
PATH=C:\Program Files;C:\\Windows\System32;C:\Program Files\Microsoft SQL Server\Client SDK\ODBC\170\Tools\Binn\;C:\Program Files\Microsoft SQL Server\160\DTS\Binn\;D:\Git\cmd;C:\Program Files\Microsoft SQL Server\150\Tools\Binn\;"C:\windows\system32;C:\windows;C:\windows\System32\Wbem;";C:\Program Files\apache-maven-3.9.6\bin;D:\Home\MySQL\bin;D:\Program Files\MATLAB\R2023b\runtime\win64;D:\Program Files\MATLAB\R2023b\bin;C:\Program Files\Docker\Docker\resources\bin;D:\Program Files\MATLAB\R2021b\runtime\win64;D:\Program Files\MATLAB\R2021b\bin;C:\Users\22183\Desktop\web\dll;es (x86)\Microsoft SQL Server\160\DTS\Binn\;C:\Program Files (x86)\Microsoft SQL Server\160\Tools\Binn\;C:\Program Files\Microsoft SQL Server\160\Tools\Binn\;C:\Program Files\Java\jdk1.8.0_202\bin;C:\windows\System32\WindowsPowerShell\v1.0\;C:\Program Files\python;C:\Program Files\python\Scripts;D:\BtSoft\panel\script;C:\Program Files (x86)\Git\cmd;C:\Program Files (x86)\NetSarang\Xftp 7\;C:\Program Files (x86)\NetSarang\Xlpd 7\;C:\Program Files\PuTTY\;C:\windows\system32;D:\nvm;D:\nvm\nodejs;D:\Program Files\Rational\common;D:\nodejs\node_global\node_modules\yarn\bin;D:\nodejs\node_global;C:\Program Files (x86)\Windows Kits\10\Windows Performance Toolkit\;;C:\Program Files\HP\HP One Agent;D:\Ruby32-x64\bin;C:\Users\22183\AppData\Local\Programs\Python\Python36-32\Scripts\;C:\Users\22183\AppData\Local\Programs\Python\Python36-32\;C:\Users\22183\AppData\Local\Microsoft\WindowsApps;D:\Microsoft VS Code\bin;C:\Program Files\Azure Data Studio\bin;D:\WebStorm 2021.1.3\bin;;C:\Users\22183\AppData\Local\GitHubDesktop\bin;C:\ProgramData\22183\GitHubDesktop\bin;C:\Program Files\Java\jdk1.8.0_202\jre;D:\nvm;D:\nvm\nodejs;D:\Program Files\IntelliJ IDEA 2024.2.3\bin;
USERNAME=22183
OS=Windows_NT
PROCESSOR_IDENTIFIER=Intel64 Family 6 Model 154 Stepping 4, GenuineIntel
TMP=C:\Users\22183\AppData\Local\Temp
TEMP=C:\Users\22183\AppData\Local\Temp



---------------  S Y S T E M  ---------------

OS: Windows 11 , 64 bit Build 22000 (10.0.22000.2538)
OS uptime: 0 days 3:42 hours
Hyper-V role detected

CPU:total 12 (initial active 12) (6 cores per cpu, 2 threads per core) family 6 model 154 stepping 4 microcode 0x419, cmov, cx8, fxsr, mmx, sse, sse2, sse3, ssse3, sse4.1, sse4.2, popcnt, avx, avx2, aes, clmul, erms, 3dnowpref, lzcnt, ht, tsc, tscinvbit, bmi1, bmi2, adx, sha, fma

Memory: 4k page, system-wide physical 16095M (217M free)
TotalPageFile size 28221M (AvailPageFile size 5M)
current process WorkingSet (physical memory assigned to process): 386M, peak: 426M
current process commit charge ("private bytes"): 442M, peak: 495M

vm_info: OpenJDK 64-Bit Server VM (11.0.25+9-LTS) for windows-amd64 JRE (11.0.25+9-LTS), built on Oct 10 2024 00:01:59 by "Administrator" with MS VC++ 16.10 / 16.11 (VS2019)

END.
