#
# There is insufficient memory for the Java Runtime Environment to continue.
# Native memory allocation (malloc) failed to allocate 561776 bytes for Chunk::new
# Possible reasons:
#   The system is out of physical RAM or swap space
#   The process is running with CompressedOops enabled, and the Java Heap may be blocking the growth of the native heap
# Possible solutions:
#   Reduce memory load on the system
#   Increase physical memory or swap space
#   Check if swap backing store is full
#   Decrease Java heap size (-Xmx/-Xms)
#   Decrease number of Java threads
#   Decrease Java thread stack sizes (-Xss)
#   Set larger code cache with -XX:ReservedCodeCacheSize=
#   JVM is running with Zero Based Compressed Oops mode in which the Java heap is
#     placed in the first 32GB address space. The Java Heap base address is the
#     maximum limit for the native heap growth. Please use -XX:HeapBaseMinAddress
#     to set the Java Heap base and to place the Java Heap above 32GB virtual address.
# This output file may be truncated or incomplete.
#
#  Out of Memory Error (arena.cpp:197), pid=28108, tid=30504
#
# JRE version: OpenJDK Runtime Environment Corretto-11.0.25.9.1 (11.0.25+9) (build 11.0.25+9-LTS)
# Java VM: OpenJDK 64-Bit Server VM Corretto-11.0.25.9.1 (11.0.25+9-LTS, mixed mode, tiered, compressed oops, g1 gc, windows-amd64)
# No core dump will be written. Minidumps are not enabled by default on client versions of Windows
#

---------------  S U M M A R Y ------------

Command Line: -Dmaven.multiModuleProjectDirectory=E:\picture-master\picture-master -Djansi.passthrough=true -Dmaven.home=D:\Program Files\IntelliJ IDEA 2024.2.3\plugins\maven\lib\maven3 -Dclassworlds.conf=D:\Program Files\IntelliJ IDEA 2024.2.3\plugins\maven\lib\maven3\bin\m2.conf -Dmaven.ext.class.path=D:\Program Files\IntelliJ IDEA 2024.2.3\plugins\maven\lib\maven-event-listener.jar -Dfile.encoding=UTF-8 org.codehaus.classworlds.Launcher -Didea.version=2024.2.3 install

Host: 12th Gen Intel(R) Core(TM) i7-1255U, 12 cores, 15G,  Windows 11 , 64 bit Build 22000 (10.0.22000.2538)
Time: Sat Dec 27 18:47:56 2025  Windows 11 , 64 bit Build 22000 (10.0.22000.2538) elapsed time: 1.166659 seconds (0d 0h 0m 1s)

---------------  T H R E A D  ---------------

Current thread (0x000001cf300dc800):  JavaThread "C2 CompilerThread0" daemon [_thread_in_native, id=30504, stack(0x00000094c5b00000,0x00000094c5c00000)]


Current CompileTask:
C2:   1166 1712   !   4       java.net.URL::<init> (543 bytes)

Stack: [0x00000094c5b00000,0x00000094c5c00000]
Native frames: (J=compiled Java code, j=interpreted, Vv=VM code, C=native code)
V  [jvm.dll+0x64644a]
V  [jvm.dll+0x7daca9]
V  [jvm.dll+0x7dc3a9]
V  [jvm.dll+0x7dca93]
V  [jvm.dll+0x269da5]
V  [jvm.dll+0xc217c]
V  [jvm.dll+0xc272c]
V  [jvm.dll+0x2dc162]
V  [jvm.dll+0x55130b]
V  [jvm.dll+0x2215bb]
V  [jvm.dll+0x22364a]
V  [jvm.dll+0x220cf4]
V  [jvm.dll+0x19ea01]
V  [jvm.dll+0x230cb9]
V  [jvm.dll+0x22ee2f]
V  [jvm.dll+0x79bed1]
V  [jvm.dll+0x794ba4]
V  [jvm.dll+0x645205]
C  [ucrtbase.dll+0x26c0c]
C  [KERNEL32.DLL+0x153e0]
C  [ntdll.dll+0x485b]


---------------  P R O C E S S  ---------------

Threads class SMR info:
_java_thread_list=0x000001cf312d2610, length=12, elements={
0x000001cf0abe7800, 0x000001cf3007d000, 0x000001cf30080000, 0x000001cf30094800,
0x000001cf30095800, 0x000001cf30097000, 0x000001cf300dc800, 0x000001cf300dd800,
0x000001cf300de800, 0x000001cf302a2800, 0x000001cf30378000, 0x000001cf30bce800
}

Java Threads: ( => current thread )
  0x000001cf0abe7800 JavaThread "main" [_thread_in_vm, id=4540, stack(0x00000094c4f00000,0x00000094c5000000)]
  0x000001cf3007d000 JavaThread "Reference Handler" daemon [_thread_blocked, id=18596, stack(0x00000094c5600000,0x00000094c5700000)]
  0x000001cf30080000 JavaThread "Finalizer" daemon [_thread_blocked, id=33268, stack(0x00000094c5700000,0x00000094c5800000)]
  0x000001cf30094800 JavaThread "Signal Dispatcher" daemon [_thread_blocked, id=33628, stack(0x00000094c5800000,0x00000094c5900000)]
  0x000001cf30095800 JavaThread "Attach Listener" daemon [_thread_blocked, id=32964, stack(0x00000094c5900000,0x00000094c5a00000)]
  0x000001cf30097000 JavaThread "Service Thread" daemon [_thread_blocked, id=11308, stack(0x00000094c5a00000,0x00000094c5b00000)]
=>0x000001cf300dc800 JavaThread "C2 CompilerThread0" daemon [_thread_in_native, id=30504, stack(0x00000094c5b00000,0x00000094c5c00000)]
  0x000001cf300dd800 JavaThread "C1 CompilerThread0" daemon [_thread_in_vm, id=30248, stack(0x00000094c5c00000,0x00000094c5d00000)]
  0x000001cf300de800 JavaThread "Sweeper thread" daemon [_thread_blocked, id=4420, stack(0x00000094c5d00000,0x00000094c5e00000)]
  0x000001cf302a2800 JavaThread "Common-Cleaner" daemon [_thread_blocked, id=10504, stack(0x00000094c5f00000,0x00000094c6000000)]
  0x000001cf30378000 JavaThread "C2 CompilerThread1" daemon [_thread_in_native, id=27332, stack(0x00000094c6e00000,0x00000094c6f00000)]
  0x000001cf30bce800 JavaThread "C2 CompilerThread2" daemon [_thread_in_native, id=4576, stack(0x00000094c6c00000,0x00000094c6d00000)]

Other Threads:
  0x000001cf30059000 VMThread "VM Thread" [stack: 0x00000094c5500000,0x00000094c5600000] [id=30264]
  0x000001cf3029e000 WatcherThread [stack: 0x00000094c5e00000,0x00000094c5f00000] [id=8560]
  0x000001cf0abff800 GCTaskThread "GC Thread#0" [stack: 0x00000094c5000000,0x00000094c5100000] [id=4764]
  0x000001cf313c5800 GCTaskThread "GC Thread#1" [stack: 0x00000094c6f00000,0x00000094c7000000] [id=16064]
  0x000001cf30bff800 GCTaskThread "GC Thread#2" [stack: 0x00000094c7000000,0x00000094c7100000] [id=10636]
  0x000001cf308c6800 GCTaskThread "GC Thread#3" [stack: 0x00000094c7100000,0x00000094c7200000] [id=10540]
  0x000001cf3129f000 GCTaskThread "GC Thread#4" [stack: 0x00000094c7200000,0x00000094c7300000] [id=31840]
  0x000001cf3129f800 GCTaskThread "GC Thread#5" [stack: 0x00000094c7300000,0x00000094c7400000] [id=32956]
  0x000001cf0ac5c000 ConcurrentGCThread "G1 Main Marker" [stack: 0x00000094c5100000,0x00000094c5200000] [id=21952]
  0x000001cf0ac5d800 ConcurrentGCThread "G1 Conc#0" [stack: 0x00000094c5200000,0x00000094c5300000] [id=13252]
  0x000001cf2f6bd000 ConcurrentGCThread "G1 Refine#0" [stack: 0x00000094c5300000,0x00000094c5400000] [id=23812]
  0x000001cf2f6c0000 ConcurrentGCThread "G1 Young RemSet Sampling" [stack: 0x00000094c5400000,0x00000094c5500000] [id=32432]

Threads with active compile tasks:
C2 CompilerThread0     1204 1712   !   4       java.net.URL::<init> (543 bytes)
C1 CompilerThread0     1204 1812       3       java.lang.invoke.MemberName::<init> (47 bytes)
C2 CompilerThread1     1204 1731       4       java.net.URLStreamHandler::setURL (73 bytes)
C2 CompilerThread2     1204 1739       4       java.util.HashMap::resize (356 bytes)

VM state:not at safepoint (normal execution)

VM Mutex/Monitor currently owned by a thread: None

Heap address: 0x0000000704800000, size: 4024 MB, Compressed Oops mode: Zero based, Oop shift amount: 3
Narrow klass base: 0x0000000800000000, Narrow klass shift: 0
Compressed class space size: 1073741824 Address: 0x0000000800000000

Heap:
 garbage-first heap   total 258048K, used 53634K [0x0000000704800000, 0x0000000800000000)
  region size 1024K, 53 young (54272K), 3 survivors (3072K)
 Metaspace       used 19042K, capacity 19416K, committed 19584K, reserved 1067008K
  class space    used 2043K, capacity 2166K, committed 2176K, reserved 1048576K
Heap Regions: E=young(eden), S=young(survivor), O=old, HS=humongous(starts), HC=humongous(continues), CS=collection set, F=free, A=archive, TAMS=top-at-mark-start (previous, next)
|   0|0x0000000704800000, 0x0000000704860a08, 0x0000000704900000| 37%| O|  |TAMS 0x0000000704800000, 0x0000000704800000| Untracked 
|   1|0x0000000704900000, 0x0000000704900000, 0x0000000704a00000|  0%| F|  |TAMS 0x0000000704900000, 0x0000000704900000| Untracked 
|   2|0x0000000704a00000, 0x0000000704a00000, 0x0000000704b00000|  0%| F|  |TAMS 0x0000000704a00000, 0x0000000704a00000| Untracked 
|   3|0x0000000704b00000, 0x0000000704b00000, 0x0000000704c00000|  0%| F|  |TAMS 0x0000000704b00000, 0x0000000704b00000| Untracked 
|   4|0x0000000704c00000, 0x0000000704c00000, 0x0000000704d00000|  0%| F|  |TAMS 0x0000000704c00000, 0x0000000704c00000| Untracked 
|   5|0x0000000704d00000, 0x0000000704d00000, 0x0000000704e00000|  0%| F|  |TAMS 0x0000000704d00000, 0x0000000704d00000| Untracked 
|   6|0x0000000704e00000, 0x0000000704e00000, 0x0000000704f00000|  0%| F|  |TAMS 0x0000000704e00000, 0x0000000704e00000| Untracked 
|   7|0x0000000704f00000, 0x0000000704f00000, 0x0000000705000000|  0%| F|  |TAMS 0x0000000704f00000, 0x0000000704f00000| Untracked 
|   8|0x0000000705000000, 0x0000000705000000, 0x0000000705100000|  0%| F|  |TAMS 0x0000000705000000, 0x0000000705000000| Untracked 
|   9|0x0000000705100000, 0x0000000705100000, 0x0000000705200000|  0%| F|  |TAMS 0x0000000705100000, 0x0000000705100000| Untracked 
|  10|0x0000000705200000, 0x0000000705200000, 0x0000000705300000|  0%| F|  |TAMS 0x0000000705200000, 0x0000000705200000| Untracked 
|  11|0x0000000705300000, 0x0000000705300000, 0x0000000705400000|  0%| F|  |TAMS 0x0000000705300000, 0x0000000705300000| Untracked 
|  12|0x0000000705400000, 0x0000000705400000, 0x0000000705500000|  0%| F|  |TAMS 0x0000000705400000, 0x0000000705400000| Untracked 
|  13|0x0000000705500000, 0x0000000705500000, 0x0000000705600000|  0%| F|  |TAMS 0x0000000705500000, 0x0000000705500000| Untracked 
|  14|0x0000000705600000, 0x0000000705600000, 0x0000000705700000|  0%| F|  |TAMS 0x0000000705600000, 0x0000000705600000| Untracked 
|  15|0x0000000705700000, 0x0000000705700000, 0x0000000705800000|  0%| F|  |TAMS 0x0000000705700000, 0x0000000705700000| Untracked 
|  16|0x0000000705800000, 0x0000000705800000, 0x0000000705900000|  0%| F|  |TAMS 0x0000000705800000, 0x0000000705800000| Untracked 
|  17|0x0000000705900000, 0x0000000705900000, 0x0000000705a00000|  0%| F|  |TAMS 0x0000000705900000, 0x0000000705900000| Untracked 
|  18|0x0000000705a00000, 0x0000000705a00000, 0x0000000705b00000|  0%| F|  |TAMS 0x0000000705a00000, 0x0000000705a00000| Untracked 
|  19|0x0000000705b00000, 0x0000000705b00000, 0x0000000705c00000|  0%| F|  |TAMS 0x0000000705b00000, 0x0000000705b00000| Untracked 
|  20|0x0000000705c00000, 0x0000000705c00000, 0x0000000705d00000|  0%| F|  |TAMS 0x0000000705c00000, 0x0000000705c00000| Untracked 
|  21|0x0000000705d00000, 0x0000000705d00000, 0x0000000705e00000|  0%| F|  |TAMS 0x0000000705d00000, 0x0000000705d00000| Untracked 
|  22|0x0000000705e00000, 0x0000000705e00000, 0x0000000705f00000|  0%| F|  |TAMS 0x0000000705e00000, 0x0000000705e00000| Untracked 
|  23|0x0000000705f00000, 0x0000000705f00000, 0x0000000706000000|  0%| F|  |TAMS 0x0000000705f00000, 0x0000000705f00000| Untracked 
|  24|0x0000000706000000, 0x0000000706000000, 0x0000000706100000|  0%| F|  |TAMS 0x0000000706000000, 0x0000000706000000| Untracked 
|  25|0x0000000706100000, 0x0000000706100000, 0x0000000706200000|  0%| F|  |TAMS 0x0000000706100000, 0x0000000706100000| Untracked 
|  26|0x0000000706200000, 0x0000000706200000, 0x0000000706300000|  0%| F|  |TAMS 0x0000000706200000, 0x0000000706200000| Untracked 
|  27|0x0000000706300000, 0x0000000706300000, 0x0000000706400000|  0%| F|  |TAMS 0x0000000706300000, 0x0000000706300000| Untracked 
|  28|0x0000000706400000, 0x0000000706400000, 0x0000000706500000|  0%| F|  |TAMS 0x0000000706400000, 0x0000000706400000| Untracked 
|  29|0x0000000706500000, 0x0000000706500000, 0x0000000706600000|  0%| F|  |TAMS 0x0000000706500000, 0x0000000706500000| Untracked 
|  30|0x0000000706600000, 0x0000000706600000, 0x0000000706700000|  0%| F|  |TAMS 0x0000000706600000, 0x0000000706600000| Untracked 
|  31|0x0000000706700000, 0x0000000706700000, 0x0000000706800000|  0%| F|  |TAMS 0x0000000706700000, 0x0000000706700000| Untracked 
|  32|0x0000000706800000, 0x0000000706800000, 0x0000000706900000|  0%| F|  |TAMS 0x0000000706800000, 0x0000000706800000| Untracked 
|  33|0x0000000706900000, 0x0000000706900000, 0x0000000706a00000|  0%| F|  |TAMS 0x0000000706900000, 0x0000000706900000| Untracked 
|  34|0x0000000706a00000, 0x0000000706a00000, 0x0000000706b00000|  0%| F|  |TAMS 0x0000000706a00000, 0x0000000706a00000| Untracked 
|  35|0x0000000706b00000, 0x0000000706b00000, 0x0000000706c00000|  0%| F|  |TAMS 0x0000000706b00000, 0x0000000706b00000| Untracked 
|  36|0x0000000706c00000, 0x0000000706c00000, 0x0000000706d00000|  0%| F|  |TAMS 0x0000000706c00000, 0x0000000706c00000| Untracked 
|  37|0x0000000706d00000, 0x0000000706d00000, 0x0000000706e00000|  0%| F|  |TAMS 0x0000000706d00000, 0x0000000706d00000| Untracked 
|  38|0x0000000706e00000, 0x0000000706e00000, 0x0000000706f00000|  0%| F|  |TAMS 0x0000000706e00000, 0x0000000706e00000| Untracked 
|  39|0x0000000706f00000, 0x0000000706f00000, 0x0000000707000000|  0%| F|  |TAMS 0x0000000706f00000, 0x0000000706f00000| Untracked 
|  40|0x0000000707000000, 0x0000000707000000, 0x0000000707100000|  0%| F|  |TAMS 0x0000000707000000, 0x0000000707000000| Untracked 
|  41|0x0000000707100000, 0x0000000707100000, 0x0000000707200000|  0%| F|  |TAMS 0x0000000707100000, 0x0000000707100000| Untracked 
|  42|0x0000000707200000, 0x0000000707200000, 0x0000000707300000|  0%| F|  |TAMS 0x0000000707200000, 0x0000000707200000| Untracked 
|  43|0x0000000707300000, 0x0000000707300000, 0x0000000707400000|  0%| F|  |TAMS 0x0000000707300000, 0x0000000707300000| Untracked 
|  44|0x0000000707400000, 0x0000000707400000, 0x0000000707500000|  0%| F|  |TAMS 0x0000000707400000, 0x0000000707400000| Untracked 
|  45|0x0000000707500000, 0x0000000707500000, 0x0000000707600000|  0%| F|  |TAMS 0x0000000707500000, 0x0000000707500000| Untracked 
|  46|0x0000000707600000, 0x0000000707600000, 0x0000000707700000|  0%| F|  |TAMS 0x0000000707600000, 0x0000000707600000| Untracked 
|  47|0x0000000707700000, 0x0000000707700000, 0x0000000707800000|  0%| F|  |TAMS 0x0000000707700000, 0x0000000707700000| Untracked 
|  48|0x0000000707800000, 0x0000000707800000, 0x0000000707900000|  0%| F|  |TAMS 0x0000000707800000, 0x0000000707800000| Untracked 
|  49|0x0000000707900000, 0x0000000707900000, 0x0000000707a00000|  0%| F|  |TAMS 0x0000000707900000, 0x0000000707900000| Untracked 
|  50|0x0000000707a00000, 0x0000000707a00000, 0x0000000707b00000|  0%| F|  |TAMS 0x0000000707a00000, 0x0000000707a00000| Untracked 
|  51|0x0000000707b00000, 0x0000000707b00000, 0x0000000707c00000|  0%| F|  |TAMS 0x0000000707b00000, 0x0000000707b00000| Untracked 
|  52|0x0000000707c00000, 0x0000000707c00000, 0x0000000707d00000|  0%| F|  |TAMS 0x0000000707c00000, 0x0000000707c00000| Untracked 
|  53|0x0000000707d00000, 0x0000000707d00000, 0x0000000707e00000|  0%| F|  |TAMS 0x0000000707d00000, 0x0000000707d00000| Untracked 
|  54|0x0000000707e00000, 0x0000000707e00000, 0x0000000707f00000|  0%| F|  |TAMS 0x0000000707e00000, 0x0000000707e00000| Untracked 
|  55|0x0000000707f00000, 0x0000000707f00000, 0x0000000708000000|  0%| F|  |TAMS 0x0000000707f00000, 0x0000000707f00000| Untracked 
|  56|0x0000000708000000, 0x0000000708000000, 0x0000000708100000|  0%| F|  |TAMS 0x0000000708000000, 0x0000000708000000| Untracked 
|  57|0x0000000708100000, 0x0000000708100000, 0x0000000708200000|  0%| F|  |TAMS 0x0000000708100000, 0x0000000708100000| Untracked 
|  58|0x0000000708200000, 0x0000000708200000, 0x0000000708300000|  0%| F|  |TAMS 0x0000000708200000, 0x0000000708200000| Untracked 
|  59|0x0000000708300000, 0x0000000708300000, 0x0000000708400000|  0%| F|  |TAMS 0x0000000708300000, 0x0000000708300000| Untracked 
|  60|0x0000000708400000, 0x0000000708400000, 0x0000000708500000|  0%| F|  |TAMS 0x0000000708400000, 0x0000000708400000| Untracked 
|  61|0x0000000708500000, 0x0000000708500000, 0x0000000708600000|  0%| F|  |TAMS 0x0000000708500000, 0x0000000708500000| Untracked 
|  62|0x0000000708600000, 0x0000000708600000, 0x0000000708700000|  0%| F|  |TAMS 0x0000000708600000, 0x0000000708600000| Untracked 
|  63|0x0000000708700000, 0x0000000708700000, 0x0000000708800000|  0%| F|  |TAMS 0x0000000708700000, 0x0000000708700000| Untracked 
|  64|0x0000000708800000, 0x0000000708800000, 0x0000000708900000|  0%| F|  |TAMS 0x0000000708800000, 0x0000000708800000| Untracked 
|  65|0x0000000708900000, 0x0000000708900000, 0x0000000708a00000|  0%| F|  |TAMS 0x0000000708900000, 0x0000000708900000| Untracked 
|  66|0x0000000708a00000, 0x0000000708a00000, 0x0000000708b00000|  0%| F|  |TAMS 0x0000000708a00000, 0x0000000708a00000| Untracked 
|  67|0x0000000708b00000, 0x0000000708b00000, 0x0000000708c00000|  0%| F|  |TAMS 0x0000000708b00000, 0x0000000708b00000| Untracked 
|  68|0x0000000708c00000, 0x0000000708c00000, 0x0000000708d00000|  0%| F|  |TAMS 0x0000000708c00000, 0x0000000708c00000| Untracked 
|  69|0x0000000708d00000, 0x0000000708d00000, 0x0000000708e00000|  0%| F|  |TAMS 0x0000000708d00000, 0x0000000708d00000| Untracked 
|  70|0x0000000708e00000, 0x0000000708e00000, 0x0000000708f00000|  0%| F|  |TAMS 0x0000000708e00000, 0x0000000708e00000| Untracked 
|  71|0x0000000708f00000, 0x0000000708f00000, 0x0000000709000000|  0%| F|  |TAMS 0x0000000708f00000, 0x0000000708f00000| Untracked 
|  72|0x0000000709000000, 0x0000000709000000, 0x0000000709100000|  0%| F|  |TAMS 0x0000000709000000, 0x0000000709000000| Untracked 
|  73|0x0000000709100000, 0x0000000709100000, 0x0000000709200000|  0%| F|  |TAMS 0x0000000709100000, 0x0000000709100000| Untracked 
|  74|0x0000000709200000, 0x0000000709200000, 0x0000000709300000|  0%| F|  |TAMS 0x0000000709200000, 0x0000000709200000| Untracked 
|  75|0x0000000709300000, 0x0000000709300000, 0x0000000709400000|  0%| F|  |TAMS 0x0000000709300000, 0x0000000709300000| Untracked 
|  76|0x0000000709400000, 0x0000000709400000, 0x0000000709500000|  0%| F|  |TAMS 0x0000000709400000, 0x0000000709400000| Untracked 
|  77|0x0000000709500000, 0x0000000709500000, 0x0000000709600000|  0%| F|  |TAMS 0x0000000709500000, 0x0000000709500000| Untracked 
|  78|0x0000000709600000, 0x0000000709600000, 0x0000000709700000|  0%| F|  |TAMS 0x0000000709600000, 0x0000000709600000| Untracked 
|  79|0x0000000709700000, 0x0000000709700000, 0x0000000709800000|  0%| F|  |TAMS 0x0000000709700000, 0x0000000709700000| Untracked 
|  80|0x0000000709800000, 0x0000000709800000, 0x0000000709900000|  0%| F|  |TAMS 0x0000000709800000, 0x0000000709800000| Untracked 
|  81|0x0000000709900000, 0x0000000709900000, 0x0000000709a00000|  0%| F|  |TAMS 0x0000000709900000, 0x0000000709900000| Untracked 
|  82|0x0000000709a00000, 0x0000000709a00000, 0x0000000709b00000|  0%| F|  |TAMS 0x0000000709a00000, 0x0000000709a00000| Untracked 
|  83|0x0000000709b00000, 0x0000000709b00000, 0x0000000709c00000|  0%| F|  |TAMS 0x0000000709b00000, 0x0000000709b00000| Untracked 
|  84|0x0000000709c00000, 0x0000000709c00000, 0x0000000709d00000|  0%| F|  |TAMS 0x0000000709c00000, 0x0000000709c00000| Untracked 
|  85|0x0000000709d00000, 0x0000000709d00000, 0x0000000709e00000|  0%| F|  |TAMS 0x0000000709d00000, 0x0000000709d00000| Untracked 
|  86|0x0000000709e00000, 0x0000000709e00000, 0x0000000709f00000|  0%| F|  |TAMS 0x0000000709e00000, 0x0000000709e00000| Untracked 
|  87|0x0000000709f00000, 0x0000000709f00000, 0x000000070a000000|  0%| F|  |TAMS 0x0000000709f00000, 0x0000000709f00000| Untracked 
|  88|0x000000070a000000, 0x000000070a000000, 0x000000070a100000|  0%| F|  |TAMS 0x000000070a000000, 0x000000070a000000| Untracked 
|  89|0x000000070a100000, 0x000000070a100000, 0x000000070a200000|  0%| F|  |TAMS 0x000000070a100000, 0x000000070a100000| Untracked 
|  90|0x000000070a200000, 0x000000070a200000, 0x000000070a300000|  0%| F|  |TAMS 0x000000070a200000, 0x000000070a200000| Untracked 
|  91|0x000000070a300000, 0x000000070a300000, 0x000000070a400000|  0%| F|  |TAMS 0x000000070a300000, 0x000000070a300000| Untracked 
|  92|0x000000070a400000, 0x000000070a400000, 0x000000070a500000|  0%| F|  |TAMS 0x000000070a400000, 0x000000070a400000| Untracked 
|  93|0x000000070a500000, 0x000000070a500000, 0x000000070a600000|  0%| F|  |TAMS 0x000000070a500000, 0x000000070a500000| Untracked 
|  94|0x000000070a600000, 0x000000070a600000, 0x000000070a700000|  0%| F|  |TAMS 0x000000070a600000, 0x000000070a600000| Untracked 
|  95|0x000000070a700000, 0x000000070a700000, 0x000000070a800000|  0%| F|  |TAMS 0x000000070a700000, 0x000000070a700000| Untracked 
|  96|0x000000070a800000, 0x000000070a800000, 0x000000070a900000|  0%| F|  |TAMS 0x000000070a800000, 0x000000070a800000| Untracked 
|  97|0x000000070a900000, 0x000000070a900000, 0x000000070aa00000|  0%| F|  |TAMS 0x000000070a900000, 0x000000070a900000| Untracked 
|  98|0x000000070aa00000, 0x000000070aa00000, 0x000000070ab00000|  0%| F|  |TAMS 0x000000070aa00000, 0x000000070aa00000| Untracked 
|  99|0x000000070ab00000, 0x000000070ab00000, 0x000000070ac00000|  0%| F|  |TAMS 0x000000070ab00000, 0x000000070ab00000| Untracked 
| 100|0x000000070ac00000, 0x000000070ac00000, 0x000000070ad00000|  0%| F|  |TAMS 0x000000070ac00000, 0x000000070ac00000| Untracked 
| 101|0x000000070ad00000, 0x000000070ad00000, 0x000000070ae00000|  0%| F|  |TAMS 0x000000070ad00000, 0x000000070ad00000| Untracked 
| 102|0x000000070ae00000, 0x000000070ae00000, 0x000000070af00000|  0%| F|  |TAMS 0x000000070ae00000, 0x000000070ae00000| Untracked 
| 103|0x000000070af00000, 0x000000070af00000, 0x000000070b000000|  0%| F|  |TAMS 0x000000070af00000, 0x000000070af00000| Untracked 
| 104|0x000000070b000000, 0x000000070b000000, 0x000000070b100000|  0%| F|  |TAMS 0x000000070b000000, 0x000000070b000000| Untracked 
| 105|0x000000070b100000, 0x000000070b100000, 0x000000070b200000|  0%| F|  |TAMS 0x000000070b100000, 0x000000070b100000| Untracked 
| 106|0x000000070b200000, 0x000000070b200000, 0x000000070b300000|  0%| F|  |TAMS 0x000000070b200000, 0x000000070b200000| Untracked 
| 107|0x000000070b300000, 0x000000070b300000, 0x000000070b400000|  0%| F|  |TAMS 0x000000070b300000, 0x000000070b300000| Untracked 
| 108|0x000000070b400000, 0x000000070b400000, 0x000000070b500000|  0%| F|  |TAMS 0x000000070b400000, 0x000000070b400000| Untracked 
| 109|0x000000070b500000, 0x000000070b500000, 0x000000070b600000|  0%| F|  |TAMS 0x000000070b500000, 0x000000070b500000| Untracked 
| 110|0x000000070b600000, 0x000000070b600000, 0x000000070b700000|  0%| F|  |TAMS 0x000000070b600000, 0x000000070b600000| Untracked 
| 111|0x000000070b700000, 0x000000070b700000, 0x000000070b800000|  0%| F|  |TAMS 0x000000070b700000, 0x000000070b700000| Untracked 
| 112|0x000000070b800000, 0x000000070b800000, 0x000000070b900000|  0%| F|  |TAMS 0x000000070b800000, 0x000000070b800000| Untracked 
| 113|0x000000070b900000, 0x000000070b900000, 0x000000070ba00000|  0%| F|  |TAMS 0x000000070b900000, 0x000000070b900000| Untracked 
| 114|0x000000070ba00000, 0x000000070ba00000, 0x000000070bb00000|  0%| F|  |TAMS 0x000000070ba00000, 0x000000070ba00000| Untracked 
| 115|0x000000070bb00000, 0x000000070bb00000, 0x000000070bc00000|  0%| F|  |TAMS 0x000000070bb00000, 0x000000070bb00000| Untracked 
| 116|0x000000070bc00000, 0x000000070bc00000, 0x000000070bd00000|  0%| F|  |TAMS 0x000000070bc00000, 0x000000070bc00000| Untracked 
| 117|0x000000070bd00000, 0x000000070bd00000, 0x000000070be00000|  0%| F|  |TAMS 0x000000070bd00000, 0x000000070bd00000| Untracked 
| 118|0x000000070be00000, 0x000000070be00000, 0x000000070bf00000|  0%| F|  |TAMS 0x000000070be00000, 0x000000070be00000| Untracked 
| 119|0x000000070bf00000, 0x000000070bf00000, 0x000000070c000000|  0%| F|  |TAMS 0x000000070bf00000, 0x000000070bf00000| Untracked 
| 120|0x000000070c000000, 0x000000070c000000, 0x000000070c100000|  0%| F|  |TAMS 0x000000070c000000, 0x000000070c000000| Untracked 
| 121|0x000000070c100000, 0x000000070c100000, 0x000000070c200000|  0%| F|  |TAMS 0x000000070c100000, 0x000000070c100000| Untracked 
| 122|0x000000070c200000, 0x000000070c200000, 0x000000070c300000|  0%| F|  |TAMS 0x000000070c200000, 0x000000070c200000| Untracked 
| 123|0x000000070c300000, 0x000000070c300000, 0x000000070c400000|  0%| F|  |TAMS 0x000000070c300000, 0x000000070c300000| Untracked 
| 124|0x000000070c400000, 0x000000070c400000, 0x000000070c500000|  0%| F|  |TAMS 0x000000070c400000, 0x000000070c400000| Untracked 
| 125|0x000000070c500000, 0x000000070c500000, 0x000000070c600000|  0%| F|  |TAMS 0x000000070c500000, 0x000000070c500000| Untracked 
| 126|0x000000070c600000, 0x000000070c600000, 0x000000070c700000|  0%| F|  |TAMS 0x000000070c600000, 0x000000070c600000| Untracked 
| 127|0x000000070c700000, 0x000000070c700000, 0x000000070c800000|  0%| F|  |TAMS 0x000000070c700000, 0x000000070c700000| Untracked 
| 128|0x000000070c800000, 0x000000070c800000, 0x000000070c900000|  0%| F|  |TAMS 0x000000070c800000, 0x000000070c800000| Untracked 
| 129|0x000000070c900000, 0x000000070c900000, 0x000000070ca00000|  0%| F|  |TAMS 0x000000070c900000, 0x000000070c900000| Untracked 
| 130|0x000000070ca00000, 0x000000070ca00000, 0x000000070cb00000|  0%| F|  |TAMS 0x000000070ca00000, 0x000000070ca00000| Untracked 
| 131|0x000000070cb00000, 0x000000070cb00000, 0x000000070cc00000|  0%| F|  |TAMS 0x000000070cb00000, 0x000000070cb00000| Untracked 
| 132|0x000000070cc00000, 0x000000070cc00000, 0x000000070cd00000|  0%| F|  |TAMS 0x000000070cc00000, 0x000000070cc00000| Untracked 
| 133|0x000000070cd00000, 0x000000070cd00000, 0x000000070ce00000|  0%| F|  |TAMS 0x000000070cd00000, 0x000000070cd00000| Untracked 
| 134|0x000000070ce00000, 0x000000070ce00000, 0x000000070cf00000|  0%| F|  |TAMS 0x000000070ce00000, 0x000000070ce00000| Untracked 
| 135|0x000000070cf00000, 0x000000070cf00000, 0x000000070d000000|  0%| F|  |TAMS 0x000000070cf00000, 0x000000070cf00000| Untracked 
| 136|0x000000070d000000, 0x000000070d000000, 0x000000070d100000|  0%| F|  |TAMS 0x000000070d000000, 0x000000070d000000| Untracked 
| 137|0x000000070d100000, 0x000000070d100000, 0x000000070d200000|  0%| F|  |TAMS 0x000000070d100000, 0x000000070d100000| Untracked 
| 138|0x000000070d200000, 0x000000070d200000, 0x000000070d300000|  0%| F|  |TAMS 0x000000070d200000, 0x000000070d200000| Untracked 
| 139|0x000000070d300000, 0x000000070d300000, 0x000000070d400000|  0%| F|  |TAMS 0x000000070d300000, 0x000000070d300000| Untracked 
| 140|0x000000070d400000, 0x000000070d400000, 0x000000070d500000|  0%| F|  |TAMS 0x000000070d400000, 0x000000070d400000| Untracked 
| 141|0x000000070d500000, 0x000000070d500000, 0x000000070d600000|  0%| F|  |TAMS 0x000000070d500000, 0x000000070d500000| Untracked 
| 142|0x000000070d600000, 0x000000070d600000, 0x000000070d700000|  0%| F|  |TAMS 0x000000070d600000, 0x000000070d600000| Untracked 
| 143|0x000000070d700000, 0x000000070d700000, 0x000000070d800000|  0%| F|  |TAMS 0x000000070d700000, 0x000000070d700000| Untracked 
| 144|0x000000070d800000, 0x000000070d800000, 0x000000070d900000|  0%| F|  |TAMS 0x000000070d800000, 0x000000070d800000| Untracked 
| 145|0x000000070d900000, 0x000000070d900000, 0x000000070da00000|  0%| F|  |TAMS 0x000000070d900000, 0x000000070d900000| Untracked 
| 146|0x000000070da00000, 0x000000070da00000, 0x000000070db00000|  0%| F|  |TAMS 0x000000070da00000, 0x000000070da00000| Untracked 
| 147|0x000000070db00000, 0x000000070db00000, 0x000000070dc00000|  0%| F|  |TAMS 0x000000070db00000, 0x000000070db00000| Untracked 
| 148|0x000000070dc00000, 0x000000070dc00000, 0x000000070dd00000|  0%| F|  |TAMS 0x000000070dc00000, 0x000000070dc00000| Untracked 
| 149|0x000000070dd00000, 0x000000070dd00000, 0x000000070de00000|  0%| F|  |TAMS 0x000000070dd00000, 0x000000070dd00000| Untracked 
| 150|0x000000070de00000, 0x000000070de00000, 0x000000070df00000|  0%| F|  |TAMS 0x000000070de00000, 0x000000070de00000| Untracked 
| 151|0x000000070df00000, 0x000000070df00000, 0x000000070e000000|  0%| F|  |TAMS 0x000000070df00000, 0x000000070df00000| Untracked 
| 152|0x000000070e000000, 0x000000070e000000, 0x000000070e100000|  0%| F|  |TAMS 0x000000070e000000, 0x000000070e000000| Untracked 
| 153|0x000000070e100000, 0x000000070e100000, 0x000000070e200000|  0%| F|  |TAMS 0x000000070e100000, 0x000000070e100000| Untracked 
| 154|0x000000070e200000, 0x000000070e200000, 0x000000070e300000|  0%| F|  |TAMS 0x000000070e200000, 0x000000070e200000| Untracked 
| 155|0x000000070e300000, 0x000000070e300000, 0x000000070e400000|  0%| F|  |TAMS 0x000000070e300000, 0x000000070e300000| Untracked 
| 156|0x000000070e400000, 0x000000070e400000, 0x000000070e500000|  0%| F|  |TAMS 0x000000070e400000, 0x000000070e400000| Untracked 
| 157|0x000000070e500000, 0x000000070e500000, 0x000000070e600000|  0%| F|  |TAMS 0x000000070e500000, 0x000000070e500000| Untracked 
| 158|0x000000070e600000, 0x000000070e600000, 0x000000070e700000|  0%| F|  |TAMS 0x000000070e600000, 0x000000070e600000| Untracked 
| 159|0x000000070e700000, 0x000000070e700000, 0x000000070e800000|  0%| F|  |TAMS 0x000000070e700000, 0x000000070e700000| Untracked 
| 160|0x000000070e800000, 0x000000070e800000, 0x000000070e900000|  0%| F|  |TAMS 0x000000070e800000, 0x000000070e800000| Untracked 
| 161|0x000000070e900000, 0x000000070e900000, 0x000000070ea00000|  0%| F|  |TAMS 0x000000070e900000, 0x000000070e900000| Untracked 
| 162|0x000000070ea00000, 0x000000070ea00000, 0x000000070eb00000|  0%| F|  |TAMS 0x000000070ea00000, 0x000000070ea00000| Untracked 
| 163|0x000000070eb00000, 0x000000070eb00000, 0x000000070ec00000|  0%| F|  |TAMS 0x000000070eb00000, 0x000000070eb00000| Untracked 
| 164|0x000000070ec00000, 0x000000070ec00000, 0x000000070ed00000|  0%| F|  |TAMS 0x000000070ec00000, 0x000000070ec00000| Untracked 
| 165|0x000000070ed00000, 0x000000070ed00000, 0x000000070ee00000|  0%| F|  |TAMS 0x000000070ed00000, 0x000000070ed00000| Untracked 
| 166|0x000000070ee00000, 0x000000070ee00000, 0x000000070ef00000|  0%| F|  |TAMS 0x000000070ee00000, 0x000000070ee00000| Untracked 
| 167|0x000000070ef00000, 0x000000070ef00000, 0x000000070f000000|  0%| F|  |TAMS 0x000000070ef00000, 0x000000070ef00000| Untracked 
| 168|0x000000070f000000, 0x000000070f000000, 0x000000070f100000|  0%| F|  |TAMS 0x000000070f000000, 0x000000070f000000| Untracked 
| 169|0x000000070f100000, 0x000000070f100000, 0x000000070f200000|  0%| F|  |TAMS 0x000000070f100000, 0x000000070f100000| Untracked 
| 170|0x000000070f200000, 0x000000070f200000, 0x000000070f300000|  0%| F|  |TAMS 0x000000070f200000, 0x000000070f200000| Untracked 
| 171|0x000000070f300000, 0x000000070f300000, 0x000000070f400000|  0%| F|  |TAMS 0x000000070f300000, 0x000000070f300000| Untracked 
| 172|0x000000070f400000, 0x000000070f400000, 0x000000070f500000|  0%| F|  |TAMS 0x000000070f400000, 0x000000070f400000| Untracked 
| 173|0x000000070f500000, 0x000000070f500000, 0x000000070f600000|  0%| F|  |TAMS 0x000000070f500000, 0x000000070f500000| Untracked 
| 174|0x000000070f600000, 0x000000070f600000, 0x000000070f700000|  0%| F|  |TAMS 0x000000070f600000, 0x000000070f600000| Untracked 
| 175|0x000000070f700000, 0x000000070f700000, 0x000000070f800000|  0%| F|  |TAMS 0x000000070f700000, 0x000000070f700000| Untracked 
| 176|0x000000070f800000, 0x000000070f800000, 0x000000070f900000|  0%| F|  |TAMS 0x000000070f800000, 0x000000070f800000| Untracked 
| 177|0x000000070f900000, 0x000000070f900000, 0x000000070fa00000|  0%| F|  |TAMS 0x000000070f900000, 0x000000070f900000| Untracked 
| 178|0x000000070fa00000, 0x000000070fa00000, 0x000000070fb00000|  0%| F|  |TAMS 0x000000070fa00000, 0x000000070fa00000| Untracked 
| 179|0x000000070fb00000, 0x000000070fb00000, 0x000000070fc00000|  0%| F|  |TAMS 0x000000070fb00000, 0x000000070fb00000| Untracked 
| 180|0x000000070fc00000, 0x000000070fc00000, 0x000000070fd00000|  0%| F|  |TAMS 0x000000070fc00000, 0x000000070fc00000| Untracked 
| 181|0x000000070fd00000, 0x000000070fd00000, 0x000000070fe00000|  0%| F|  |TAMS 0x000000070fd00000, 0x000000070fd00000| Untracked 
| 182|0x000000070fe00000, 0x000000070fe00000, 0x000000070ff00000|  0%| F|  |TAMS 0x000000070fe00000, 0x000000070fe00000| Untracked 
| 183|0x000000070ff00000, 0x000000070ff00000, 0x0000000710000000|  0%| F|  |TAMS 0x000000070ff00000, 0x000000070ff00000| Untracked 
| 184|0x0000000710000000, 0x0000000710000000, 0x0000000710100000|  0%| F|  |TAMS 0x0000000710000000, 0x0000000710000000| Untracked 
| 185|0x0000000710100000, 0x0000000710100000, 0x0000000710200000|  0%| F|  |TAMS 0x0000000710100000, 0x0000000710100000| Untracked 
| 186|0x0000000710200000, 0x0000000710200000, 0x0000000710300000|  0%| F|  |TAMS 0x0000000710200000, 0x0000000710200000| Untracked 
| 187|0x0000000710300000, 0x0000000710300000, 0x0000000710400000|  0%| F|  |TAMS 0x0000000710300000, 0x0000000710300000| Untracked 
| 188|0x0000000710400000, 0x0000000710400000, 0x0000000710500000|  0%| F|  |TAMS 0x0000000710400000, 0x0000000710400000| Untracked 
| 189|0x0000000710500000, 0x0000000710500000, 0x0000000710600000|  0%| F|  |TAMS 0x0000000710500000, 0x0000000710500000| Untracked 
| 190|0x0000000710600000, 0x0000000710600000, 0x0000000710700000|  0%| F|  |TAMS 0x0000000710600000, 0x0000000710600000| Untracked 
| 191|0x0000000710700000, 0x0000000710700000, 0x0000000710800000|  0%| F|  |TAMS 0x0000000710700000, 0x0000000710700000| Untracked 
| 192|0x0000000710800000, 0x0000000710800000, 0x0000000710900000|  0%| F|  |TAMS 0x0000000710800000, 0x0000000710800000| Untracked 
| 193|0x0000000710900000, 0x0000000710900000, 0x0000000710a00000|  0%| F|  |TAMS 0x0000000710900000, 0x0000000710900000| Untracked 
| 194|0x0000000710a00000, 0x0000000710a00000, 0x0000000710b00000|  0%| F|  |TAMS 0x0000000710a00000, 0x0000000710a00000| Untracked 
| 195|0x0000000710b00000, 0x0000000710b00000, 0x0000000710c00000|  0%| F|  |TAMS 0x0000000710b00000, 0x0000000710b00000| Untracked 
| 196|0x0000000710c00000, 0x0000000710c00000, 0x0000000710d00000|  0%| F|  |TAMS 0x0000000710c00000, 0x0000000710c00000| Untracked 
| 197|0x0000000710d00000, 0x0000000710d00000, 0x0000000710e00000|  0%| F|  |TAMS 0x0000000710d00000, 0x0000000710d00000| Untracked 
| 198|0x0000000710e00000, 0x0000000710e00000, 0x0000000710f00000|  0%| F|  |TAMS 0x0000000710e00000, 0x0000000710e00000| Untracked 
| 199|0x0000000710f00000, 0x0000000711000000, 0x0000000711000000|100%| E|  |TAMS 0x0000000710f00000, 0x0000000710f00000| Complete 
| 200|0x0000000711000000, 0x0000000711100000, 0x0000000711100000|100%| E|CS|TAMS 0x0000000711000000, 0x0000000711000000| Complete 
| 201|0x0000000711100000, 0x0000000711200000, 0x0000000711200000|100%| E|CS|TAMS 0x0000000711100000, 0x0000000711100000| Complete 
| 202|0x0000000711200000, 0x0000000711300000, 0x0000000711300000|100%| E|CS|TAMS 0x0000000711200000, 0x0000000711200000| Complete 
| 203|0x0000000711300000, 0x0000000711400000, 0x0000000711400000|100%| E|CS|TAMS 0x0000000711300000, 0x0000000711300000| Complete 
| 204|0x0000000711400000, 0x0000000711500000, 0x0000000711500000|100%| E|CS|TAMS 0x0000000711400000, 0x0000000711400000| Complete 
| 205|0x0000000711500000, 0x0000000711600000, 0x0000000711600000|100%| E|CS|TAMS 0x0000000711500000, 0x0000000711500000| Complete 
| 206|0x0000000711600000, 0x0000000711700000, 0x0000000711700000|100%| E|CS|TAMS 0x0000000711600000, 0x0000000711600000| Complete 
| 207|0x0000000711700000, 0x0000000711800000, 0x0000000711800000|100%| E|CS|TAMS 0x0000000711700000, 0x0000000711700000| Complete 
| 208|0x0000000711800000, 0x0000000711900000, 0x0000000711900000|100%| E|CS|TAMS 0x0000000711800000, 0x0000000711800000| Complete 
| 209|0x0000000711900000, 0x0000000711a00000, 0x0000000711a00000|100%| E|CS|TAMS 0x0000000711900000, 0x0000000711900000| Complete 
| 210|0x0000000711a00000, 0x0000000711b00000, 0x0000000711b00000|100%| E|CS|TAMS 0x0000000711a00000, 0x0000000711a00000| Complete 
| 211|0x0000000711b00000, 0x0000000711c00000, 0x0000000711c00000|100%| E|CS|TAMS 0x0000000711b00000, 0x0000000711b00000| Complete 
| 212|0x0000000711c00000, 0x0000000711d00000, 0x0000000711d00000|100%| E|CS|TAMS 0x0000000711c00000, 0x0000000711c00000| Complete 
| 213|0x0000000711d00000, 0x0000000711e00000, 0x0000000711e00000|100%| E|CS|TAMS 0x0000000711d00000, 0x0000000711d00000| Complete 
| 214|0x0000000711e00000, 0x0000000711f00000, 0x0000000711f00000|100%| E|CS|TAMS 0x0000000711e00000, 0x0000000711e00000| Complete 
| 215|0x0000000711f00000, 0x0000000712000000, 0x0000000712000000|100%| E|CS|TAMS 0x0000000711f00000, 0x0000000711f00000| Complete 
| 216|0x0000000712000000, 0x0000000712100000, 0x0000000712100000|100%| E|CS|TAMS 0x0000000712000000, 0x0000000712000000| Complete 
| 217|0x0000000712100000, 0x0000000712200000, 0x0000000712200000|100%| E|CS|TAMS 0x0000000712100000, 0x0000000712100000| Complete 
| 218|0x0000000712200000, 0x0000000712300000, 0x0000000712300000|100%| E|CS|TAMS 0x0000000712200000, 0x0000000712200000| Complete 
| 219|0x0000000712300000, 0x0000000712400000, 0x0000000712400000|100%| E|CS|TAMS 0x0000000712300000, 0x0000000712300000| Complete 
| 220|0x0000000712400000, 0x0000000712500000, 0x0000000712500000|100%| E|CS|TAMS 0x0000000712400000, 0x0000000712400000| Complete 
| 221|0x0000000712500000, 0x0000000712600000, 0x0000000712600000|100%| E|CS|TAMS 0x0000000712500000, 0x0000000712500000| Complete 
| 222|0x0000000712600000, 0x0000000712700000, 0x0000000712700000|100%| E|CS|TAMS 0x0000000712600000, 0x0000000712600000| Complete 
| 223|0x0000000712700000, 0x0000000712800000, 0x0000000712800000|100%| E|CS|TAMS 0x0000000712700000, 0x0000000712700000| Complete 
| 224|0x0000000712800000, 0x0000000712900000, 0x0000000712900000|100%| E|CS|TAMS 0x0000000712800000, 0x0000000712800000| Complete 
| 225|0x0000000712900000, 0x0000000712a00000, 0x0000000712a00000|100%| S|CS|TAMS 0x0000000712900000, 0x0000000712900000| Complete 
| 226|0x0000000712a00000, 0x0000000712b00000, 0x0000000712b00000|100%| S|CS|TAMS 0x0000000712a00000, 0x0000000712a00000| Complete 
| 227|0x0000000712b00000, 0x0000000712c00000, 0x0000000712c00000|100%| S|CS|TAMS 0x0000000712b00000, 0x0000000712b00000| Complete 
| 228|0x0000000712c00000, 0x0000000712d00000, 0x0000000712d00000|100%| E|CS|TAMS 0x0000000712c00000, 0x0000000712c00000| Complete 
| 229|0x0000000712d00000, 0x0000000712e00000, 0x0000000712e00000|100%| E|CS|TAMS 0x0000000712d00000, 0x0000000712d00000| Complete 
| 230|0x0000000712e00000, 0x0000000712f00000, 0x0000000712f00000|100%| E|CS|TAMS 0x0000000712e00000, 0x0000000712e00000| Complete 
| 231|0x0000000712f00000, 0x0000000713000000, 0x0000000713000000|100%| E|CS|TAMS 0x0000000712f00000, 0x0000000712f00000| Complete 
| 232|0x0000000713000000, 0x0000000713100000, 0x0000000713100000|100%| E|CS|TAMS 0x0000000713000000, 0x0000000713000000| Complete 
| 233|0x0000000713100000, 0x0000000713200000, 0x0000000713200000|100%| E|CS|TAMS 0x0000000713100000, 0x0000000713100000| Complete 
| 234|0x0000000713200000, 0x0000000713300000, 0x0000000713300000|100%| E|CS|TAMS 0x0000000713200000, 0x0000000713200000| Complete 
| 235|0x0000000713300000, 0x0000000713400000, 0x0000000713400000|100%| E|CS|TAMS 0x0000000713300000, 0x0000000713300000| Complete 
| 236|0x0000000713400000, 0x0000000713500000, 0x0000000713500000|100%| E|CS|TAMS 0x0000000713400000, 0x0000000713400000| Complete 
| 237|0x0000000713500000, 0x0000000713600000, 0x0000000713600000|100%| E|CS|TAMS 0x0000000713500000, 0x0000000713500000| Complete 
| 238|0x0000000713600000, 0x0000000713700000, 0x0000000713700000|100%| E|CS|TAMS 0x0000000713600000, 0x0000000713600000| Complete 
| 239|0x0000000713700000, 0x0000000713800000, 0x0000000713800000|100%| E|CS|TAMS 0x0000000713700000, 0x0000000713700000| Complete 
| 240|0x0000000713800000, 0x0000000713900000, 0x0000000713900000|100%| E|CS|TAMS 0x0000000713800000, 0x0000000713800000| Complete 
| 241|0x0000000713900000, 0x0000000713a00000, 0x0000000713a00000|100%| E|CS|TAMS 0x0000000713900000, 0x0000000713900000| Complete 
| 242|0x0000000713a00000, 0x0000000713b00000, 0x0000000713b00000|100%| E|CS|TAMS 0x0000000713a00000, 0x0000000713a00000| Complete 
| 243|0x0000000713b00000, 0x0000000713c00000, 0x0000000713c00000|100%| E|CS|TAMS 0x0000000713b00000, 0x0000000713b00000| Complete 
| 244|0x0000000713c00000, 0x0000000713d00000, 0x0000000713d00000|100%| E|CS|TAMS 0x0000000713c00000, 0x0000000713c00000| Complete 
| 245|0x0000000713d00000, 0x0000000713e00000, 0x0000000713e00000|100%| E|CS|TAMS 0x0000000713d00000, 0x0000000713d00000| Complete 
| 246|0x0000000713e00000, 0x0000000713f00000, 0x0000000713f00000|100%| E|CS|TAMS 0x0000000713e00000, 0x0000000713e00000| Complete 
| 247|0x0000000713f00000, 0x0000000714000000, 0x0000000714000000|100%| E|CS|TAMS 0x0000000713f00000, 0x0000000713f00000| Complete 
| 248|0x0000000714000000, 0x0000000714100000, 0x0000000714100000|100%| E|CS|TAMS 0x0000000714000000, 0x0000000714000000| Complete 
| 249|0x0000000714100000, 0x0000000714200000, 0x0000000714200000|100%| E|CS|TAMS 0x0000000714100000, 0x0000000714100000| Complete 
| 250|0x0000000714200000, 0x0000000714300000, 0x0000000714300000|100%| E|CS|TAMS 0x0000000714200000, 0x0000000714200000| Complete 
| 251|0x0000000714300000, 0x0000000714400000, 0x0000000714400000|100%| E|CS|TAMS 0x0000000714300000, 0x0000000714300000| Complete 

Card table byte_map: [0x000001cf23c90000,0x000001cf24470000] _byte_map_base: 0x000001cf2046c000

Marking Bits (Prev, Next): (CMBitMap*) 0x000001cf0ac4b488, (CMBitMap*) 0x000001cf0ac4b4c0
 Prev Bits: [0x000001cf24c50000, 0x000001cf28b30000)
 Next Bits: [0x000001cf28b30000, 0x000001cf2ca10000)

Polling page: 0x000001cf09540000

Metaspace:

Usage:
  Non-class:     16.91 MB capacity,    16.66 MB ( 99%) used,   230.92 KB (  1%) free+waste,    26.75 KB ( <1%) overhead. 
      Class:      2.15 MB capacity,     2.00 MB ( 93%) used,   135.59 KB (  6%) free+waste,    11.56 KB ( <1%) overhead. 
       Both:     19.06 MB capacity,    18.66 MB ( 98%) used,   366.52 KB (  2%) free+waste,    38.31 KB ( <1%) overhead. 

Virtual space:
  Non-class space:       18.00 MB reserved,      17.00 MB ( 94%) committed 
      Class space:        1.00 GB reserved,       2.25 MB ( <1%) committed 
             Both:        1.02 GB reserved,      19.25 MB (  2%) committed 

Chunk freelists:
   Non-Class:  29.00 KB
       Class:  10.00 KB
        Both:  39.00 KB

MaxMetaspaceSize: 17179869184.00 GB
CompressedClassSpaceSize: 1.00 GB
Initial GC threshold: 20.80 MB
Current GC threshold: 20.80 MB
CDS: off

CodeHeap 'non-profiled nmethods': size=120000Kb used=791Kb max_used=791Kb free=119208Kb
 bounds [0x000001cf1b2f0000, 0x000001cf1b560000, 0x000001cf22820000]
CodeHeap 'profiled nmethods': size=120000Kb used=3743Kb max_used=3743Kb free=116256Kb
 bounds [0x000001cf13dc0000, 0x000001cf14170000, 0x000001cf1b2f0000]
CodeHeap 'non-nmethods': size=5760Kb used=1162Kb max_used=1189Kb free=4597Kb
 bounds [0x000001cf13820000, 0x000001cf13a90000, 0x000001cf13dc0000]
 total_blobs=2230 nmethods=1812 adapters=330
 compilation: enabled
              stopped_count=0, restarted_count=0
 full_count=0

Compilation events (20 events):
Event: 1.144 Thread 0x000001cf300dd800 nmethod 1721 0x000001cf1412fe10 code [0x000001cf14130020, 0x000001cf141307b8]
Event: 1.144 Thread 0x000001cf300dd800 1724       3       com.google.common.collect.RegularImmutableList::listIterator (9 bytes)
Event: 1.144 Thread 0x000001cf300dd800 nmethod 1724 0x000001cf14130a10 code [0x000001cf14130c60, 0x000001cf14131468]
Event: 1.144 Thread 0x000001cf300dd800 1722       3       com.google.inject.spi.InjectionPoint::lambda$forConstructorOf$0 (26 bytes)
Event: 1.145 Thread 0x000001cf300dd800 nmethod 1722 0x000001cf14131790 code [0x000001cf14131a60, 0x000001cf14132ad8]
Event: 1.145 Thread 0x000001cf300dd800 1723       3       com.google.common.collect.Lists::newArrayList (8 bytes)
Event: 1.145 Thread 0x000001cf300dd800 nmethod 1723 0x000001cf14132f10 code [0x000001cf141330e0, 0x000001cf14133418]
Event: 1.149 Thread 0x000001cf300dd800 1726       3       com.google.common.collect.ImmutableList::construct (8 bytes)
Event: 1.150 Thread 0x000001cf300dd800 nmethod 1726 0x000001cf14133590 code [0x000001cf14133780, 0x000001cf14133ab8]
Event: 1.150 Thread 0x000001cf300dd800 1725       1       com.google.inject.internal.KotlinSupport$KotlinUnsupported::lambda$static$0 (2 bytes)
Event: 1.150 Thread 0x000001cf300dd800 nmethod 1725 0x000001cf1b3b2990 code [0x000001cf1b3b2b40, 0x000001cf1b3b2bd8]
Event: 1.150 Thread 0x000001cf300dd800 1727       3       java.lang.reflect.Executable::getGenericParameterTypes (20 bytes)
Event: 1.150 Thread 0x000001cf300dd800 nmethod 1727 0x000001cf14133c90 code [0x000001cf14133ea0, 0x000001cf14134588]
Event: 1.151 Thread 0x000001cf300dd800 1728       3       java.lang.reflect.Constructor::getGenericParameterTypes (5 bytes)
Event: 1.152 Thread 0x000001cf300dd800 nmethod 1728 0x000001cf14134710 code [0x000001cf141349c0, 0x000001cf14135978]
Event: 1.152 Thread 0x000001cf300dd800 1729       3       java.util.Arrays::fill (21 bytes)
Event: 1.152 Thread 0x000001cf30378000 1731       4       java.net.URLStreamHandler::setURL (73 bytes)
Event: 1.152 Thread 0x000001cf300dd800 nmethod 1729 0x000001cf14135e10 code [0x000001cf14135fe0, 0x000001cf14136318]
Event: 1.152 Thread 0x000001cf300dd800 1730       3       com.google.common.collect.Iterators$SingletonIterator::hasNext (13 bytes)
Event: 1.153 Thread 0x000001cf300dd800 nmethod 1730 0x000001cf14136410 code [0x000001cf141365c0, 0x000001cf14136718]

GC Heap History (2 events):
Event: 0.539 GC heap before
{Heap before GC invocations=0 (full 0):
 garbage-first heap   total 258048K, used 23552K [0x0000000704800000, 0x0000000800000000)
  region size 1024K, 24 young (24576K), 0 survivors (0K)
 Metaspace       used 13407K, capacity 13735K, committed 13824K, reserved 1060864K
  class space    used 1354K, capacity 1452K, committed 1536K, reserved 1048576K
}
Event: 0.542 GC heap after
{Heap after GC invocations=1 (full 0):
 garbage-first heap   total 258048K, used 3458K [0x0000000704800000, 0x0000000800000000)
  region size 1024K, 3 young (3072K), 3 survivors (3072K)
 Metaspace       used 13407K, capacity 13735K, committed 13824K, reserved 1060864K
  class space    used 1354K, capacity 1452K, committed 1536K, reserved 1048576K
}

Deoptimization events (20 events):
Event: 0.996 Thread 0x000001cf0abe7800 Uncommon trap: trap_request=0xffffff4d fr.pc=0x000001cf1b385050 relative=0x0000000000001450
Event: 0.996 Thread 0x000001cf0abe7800 Uncommon trap: reason=unstable_if action=reinterpret pc=0x000001cf1b385050 method=java.util.concurrent.ConcurrentHashMap.transfer([Ljava/util/concurrent/ConcurrentHashMap$Node;[Ljava/util/concurrent/ConcurrentHashMap$Node;)V @ 26 c2
Event: 0.996 Thread 0x000001cf0abe7800 DEOPT PACKING pc=0x000001cf1b385050 sp=0x00000094c4ffae30
Event: 0.996 Thread 0x000001cf0abe7800 DEOPT UNPACKING pc=0x000001cf1386a1af sp=0x00000094c4ffadd0 mode 2
Event: 1.127 Thread 0x000001cf0abe7800 Uncommon trap: trap_request=0xffffffd6 fr.pc=0x000001cf1b3aad00 relative=0x0000000000000160
Event: 1.127 Thread 0x000001cf0abe7800 Uncommon trap: reason=array_check action=maybe_recompile pc=0x000001cf1b3aad00 method=java.util.stream.Nodes$FixedNodeBuilder.accept(Ljava/lang/Object;)V @ 28 c2
Event: 1.127 Thread 0x000001cf0abe7800 DEOPT PACKING pc=0x000001cf1b3aad00 sp=0x00000094c4ffd770
Event: 1.127 Thread 0x000001cf0abe7800 DEOPT UNPACKING pc=0x000001cf1386a1af sp=0x00000094c4ffd720 mode 2
Event: 1.127 Thread 0x000001cf0abe7800 Uncommon trap: trap_request=0xffffffd6 fr.pc=0x000001cf1b3aad00 relative=0x0000000000000160
Event: 1.127 Thread 0x000001cf0abe7800 Uncommon trap: reason=array_check action=maybe_recompile pc=0x000001cf1b3aad00 method=java.util.stream.Nodes$FixedNodeBuilder.accept(Ljava/lang/Object;)V @ 28 c2
Event: 1.127 Thread 0x000001cf0abe7800 DEOPT PACKING pc=0x000001cf1b3aad00 sp=0x00000094c4ffd770
Event: 1.127 Thread 0x000001cf0abe7800 DEOPT UNPACKING pc=0x000001cf1386a1af sp=0x00000094c4ffd720 mode 2
Event: 1.127 Thread 0x000001cf0abe7800 Uncommon trap: trap_request=0xffffffd6 fr.pc=0x000001cf1b3aad00 relative=0x0000000000000160
Event: 1.127 Thread 0x000001cf0abe7800 Uncommon trap: reason=array_check action=maybe_recompile pc=0x000001cf1b3aad00 method=java.util.stream.Nodes$FixedNodeBuilder.accept(Ljava/lang/Object;)V @ 28 c2
Event: 1.127 Thread 0x000001cf0abe7800 DEOPT PACKING pc=0x000001cf1b3aad00 sp=0x00000094c4ffd770
Event: 1.127 Thread 0x000001cf0abe7800 DEOPT UNPACKING pc=0x000001cf1386a1af sp=0x00000094c4ffd720 mode 2
Event: 1.127 Thread 0x000001cf0abe7800 Uncommon trap: trap_request=0xffffffd6 fr.pc=0x000001cf1b3aad00 relative=0x0000000000000160
Event: 1.127 Thread 0x000001cf0abe7800 Uncommon trap: reason=array_check action=maybe_recompile pc=0x000001cf1b3aad00 method=java.util.stream.Nodes$FixedNodeBuilder.accept(Ljava/lang/Object;)V @ 28 c2
Event: 1.127 Thread 0x000001cf0abe7800 DEOPT PACKING pc=0x000001cf1b3aad00 sp=0x00000094c4ffd770
Event: 1.127 Thread 0x000001cf0abe7800 DEOPT UNPACKING pc=0x000001cf1386a1af sp=0x00000094c4ffd720 mode 2

Classes redefined (0 events):
No events

Internal exceptions (9 events):
Event: 0.107 Thread 0x000001cf0abe7800 Exception <a 'java/lang/NoSuchMethodError'{0x000000071428cea0}: 'int java.lang.invoke.DirectMethodHandle$Holder.invokeStatic(java.lang.Object, java.lang.Object, java.lang.Object, java.lang.Object, java.lang.Object)'> (0x000000071428cea0) thrown at [s\src\hotspot\share\interpreter\linkResolver.cpp, line 773]
Event: 0.119 Thread 0x000001cf0abe7800 Exception <a 'java/security/PrivilegedActionException'{0x00000007142c8d48}> (0x00000007142c8d48) thrown at [s\src\hotspot\share\prims\jvm.cpp, line 1306]
Event: 0.119 Thread 0x000001cf0abe7800 Exception <a 'java/security/PrivilegedActionException'{0x00000007142c9018}> (0x00000007142c9018) thrown at [s\src\hotspot\share\prims\jvm.cpp, line 1306]
Event: 0.169 Thread 0x000001cf0abe7800 Exception <a 'java/lang/NullPointerException'{0x0000000713f8aad8}> (0x0000000713f8aad8) thrown at [s\src\hotspot\share\interpreter\linkResolver.cpp, line 1358]
Event: 0.187 Thread 0x000001cf0abe7800 Exception <a 'sun/nio/fs/WindowsException'{0x0000000713ff2030}> (0x0000000713ff2030) thrown at [s\src\hotspot\share\prims\jni.cpp, line 617]
Event: 0.217 Thread 0x000001cf0abe7800 Exception <a 'java/lang/NoSuchMethodError'{0x0000000713d45610}: 'void java.lang.invoke.DirectMethodHandle$Holder.invokeStaticInit(java.lang.Object, java.lang.Object)'> (0x0000000713d45610) thrown at [s\src\hotspot\share\interpreter\linkResolver.cpp, line 773]
Event: 0.286 Thread 0x000001cf0abe7800 Exception <a 'java/lang/NoSuchMethodError'{0x0000000713be7bc8}: 'java.lang.Object java.lang.invoke.DirectMethodHandle$Holder.invokeSpecialIFC(java.lang.Object, java.lang.Object, java.lang.Object, java.lang.Object)'> (0x0000000713be7bc8) thrown at [s\src\hotspot\share\interpreter\linkResolver.cpp, line 773]
Event: 0.513 Thread 0x000001cf0abe7800 Exception <a 'java/lang/NoSuchMethodError'{0x0000000712e9a788}: 'int java.lang.invoke.DirectMethodHandle$Holder.invokeStaticInit(java.lang.Object, java.lang.Object)'> (0x0000000712e9a788) thrown at [s\src\hotspot\share\interpreter\linkResolver.cpp, line 773]
Event: 0.517 Thread 0x000001cf0abe7800 Exception <a 'java/lang/NoClassDefFoundError'{0x0000000712edf118}: javax/enterprise/inject/Typed> (0x0000000712edf118) thrown at [s\src\hotspot\share\classfile\systemDictionary.cpp, line 219]

Events (20 events):
Event: 1.148 loading class org/apache/maven/model/Relocation
Event: 1.148 loading class org/apache/maven/model/Relocation done
Event: 1.149 loading class org/eclipse/aether/impl/MetadataGenerator
Event: 1.149 loading class org/eclipse/aether/impl/MetadataGenerator done
Event: 1.150 loading class org/apache/http/client/HttpResponseException
Event: 1.150 loading class org/apache/http/client/HttpResponseException done
Event: 1.151 loading class org/apache/http/client/ClientProtocolException
Event: 1.151 loading class org/apache/http/client/ClientProtocolException done
Event: 1.152 loading class org/apache/maven/settings/building/SettingsProblemCollector
Event: 1.152 loading class org/apache/maven/settings/building/SettingsProblemCollector done
Event: 1.152 loading class org/apache/maven/settings/building/SettingsBuildingResult
Event: 1.152 loading class org/apache/maven/settings/building/SettingsBuildingResult done
Event: 1.152 loading class org/apache/maven/settings/building/SettingsProblem$Severity
Event: 1.152 loading class org/apache/maven/settings/building/SettingsProblem$Severity done
Event: 1.152 loading class org/apache/maven/settings/io/SettingsParseException
Event: 1.152 loading class org/apache/maven/settings/io/SettingsParseException done
Event: 1.153 loading class org/apache/maven/settings/merge/MavenSettingsMerger
Event: 1.153 loading class org/apache/maven/settings/merge/MavenSettingsMerger done
Event: 1.153 loading class org/apache/maven/settings/building/DefaultSettingsProblemCollector
Event: 1.153 loading class org/apache/maven/settings/building/DefaultSettingsProblemCollector done


Dynamic libraries:
0x00007ff65a8d0000 - 0x00007ff65a8de000 	C:\Users\22183\.jdks\corretto-11.0.25\bin\java.exe
0x00007fffda520000 - 0x00007fffda729000 	C:\windows\SYSTEM32\ntdll.dll
0x00007fffd92f0000 - 0x00007fffd93ad000 	C:\windows\System32\KERNEL32.DLL
0x00007fffd7ad0000 - 0x00007fffd7e54000 	C:\windows\System32\KERNELBASE.dll
0x00007fffd79b0000 - 0x00007fffd7ac1000 	C:\windows\System32\ucrtbase.dll
0x00007fffc3710000 - 0x00007fffc372b000 	C:\Users\22183\.jdks\corretto-11.0.25\bin\VCRUNTIME140.dll
0x00007fffb8910000 - 0x00007fffb8927000 	C:\Users\22183\.jdks\corretto-11.0.25\bin\jli.dll
0x00007fffd9da0000 - 0x00007fffd9f4d000 	C:\windows\System32\USER32.dll
0x00007fffd8280000 - 0x00007fffd82a6000 	C:\windows\System32\win32u.dll
0x00007fffda080000 - 0x00007fffda0aa000 	C:\windows\System32\GDI32.dll
0x00007fffd7fd0000 - 0x00007fffd80ee000 	C:\windows\System32\gdi32full.dll
0x00007fffd81e0000 - 0x00007fffd827d000 	C:\windows\System32\msvcp_win.dll
0x00007fffbc3e0000 - 0x00007fffbc685000 	C:\windows\WinSxS\amd64_microsoft.windows.common-controls_6595b64144ccf1df_6.0.22000.120_none_9d947278b86cc467\COMCTL32.dll
0x00007fffd8370000 - 0x00007fffd8413000 	C:\windows\System32\msvcrt.dll
0x00007fffd8780000 - 0x00007fffd87b1000 	C:\windows\System32\IMM32.DLL
0x0000000066100000 - 0x000000006610d000 	C:\Program Files (x86)\360\360Safe\safemon\SafeWrapper.dll
0x00007fffda400000 - 0x00007fffda4ae000 	C:\windows\System32\ADVAPI32.dll
0x00007fffd86e0000 - 0x00007fffd877e000 	C:\windows\System32\sechost.dll
0x00007fffd93b0000 - 0x00007fffd94d1000 	C:\windows\System32\RPCRT4.dll
0x00007fffd11f0000 - 0x00007fffd12f4000 	C:\Program Files (x86)\360\360Safe\safemon\libzdtp64.dll
0x00007fffd95c0000 - 0x00007fffd9d85000 	C:\windows\System32\SHELL32.dll
0x00007fffd8510000 - 0x00007fffd856d000 	C:\windows\System32\SHLWAPI.dll
0x00007fffd7400000 - 0x00007fffd740a000 	C:\windows\SYSTEM32\VERSION.dll
0x00007fffd11e0000 - 0x00007fffd11ec000 	C:\Users\22183\.jdks\corretto-11.0.25\bin\vcruntime140_1.dll
0x00007fffa4a70000 - 0x00007fffa4afd000 	C:\Users\22183\.jdks\corretto-11.0.25\bin\msvcp140.dll
0x00007fff2b4e0000 - 0x00007fff2c0a5000 	C:\Users\22183\.jdks\corretto-11.0.25\bin\server\jvm.dll
0x00007fffd8670000 - 0x00007fffd86df000 	C:\windows\System32\WS2_32.dll
0x00007fffd8660000 - 0x00007fffd8668000 	C:\windows\System32\PSAPI.DLL
0x00007fffcff70000 - 0x00007fffcffa3000 	C:\windows\SYSTEM32\WINMM.dll
0x00007fffd6a20000 - 0x00007fffd6a38000 	C:\windows\SYSTEM32\kernel.appcore.dll
0x00007fffbd420000 - 0x00007fffbd430000 	C:\Users\22183\.jdks\corretto-11.0.25\bin\verify.dll
0x00007fffd50b0000 - 0x00007fffd52d1000 	C:\windows\SYSTEM32\DBGHELP.DLL
0x00007fffb17c0000 - 0x00007fffb17f1000 	C:\windows\SYSTEM32\dbgcore.DLL
0x00007fffd8160000 - 0x00007fffd81df000 	C:\windows\System32\bcryptPrimitives.dll
0x00007fffb46b0000 - 0x00007fffb46d8000 	C:\Users\22183\.jdks\corretto-11.0.25\bin\java.dll
0x00007fffb89f0000 - 0x00007fffb89fa000 	C:\Users\22183\.jdks\corretto-11.0.25\bin\jimage.dll
0x00007fffb7670000 - 0x00007fffb7688000 	C:\Users\22183\.jdks\corretto-11.0.25\bin\zip.dll
0x00007fffd59d0000 - 0x00007fffd6232000 	C:\windows\SYSTEM32\windows.storage.dll
0x00007fffd8ef0000 - 0x00007fffd9266000 	C:\windows\System32\combase.dll
0x00007fffd5860000 - 0x00007fffd59c7000 	C:\windows\SYSTEM32\wintypes.dll
0x00007fffd8420000 - 0x00007fffd850a000 	C:\windows\System32\SHCORE.dll
0x00007fffd78e0000 - 0x00007fffd7905000 	C:\windows\SYSTEM32\profapi.dll
0x00007fffb4610000 - 0x00007fffb4629000 	C:\Users\22183\.jdks\corretto-11.0.25\bin\net.dll
0x00007fffd0d90000 - 0x00007fffd0ea4000 	C:\windows\SYSTEM32\WINHTTP.dll
0x0000000180000000 - 0x000000018008c000 	C:\windows\system32\ASProxy64.dll
0x00007fffda140000 - 0x00007fffda2da000 	C:\windows\System32\ole32.dll
0x00007fffd8570000 - 0x00007fffd8646000 	C:\windows\System32\OLEAUT32.dll
0x00007fffd7450000 - 0x00007fffd747d000 	C:\windows\SYSTEM32\IPHLPAPI.DLL
0x00007fffd6ed0000 - 0x00007fffd6f37000 	C:\windows\SYSTEM32\MSWSOCK.dll
0x00007fffd6cc0000 - 0x00007fffd6d02000 	C:\windows\SYSTEM32\SspiCli.dll
0x00007fffb3f60000 - 0x00007fffb3f72000 	C:\Users\22183\.jdks\corretto-11.0.25\bin\nio.dll
0x00007fffafa50000 - 0x00007fffafa74000 	C:\Users\22183\AppData\Local\Temp\jansi-2.4.1-45787deef09db083-jansi.dll
0x00007fffd3a30000 - 0x00007fffd3adc000 	C:\windows\system32\uxtheme.dll

dbghelp: loaded successfully - version: 4.0.5 - missing functions: none
symbol engine: initialized successfully - sym options: 0x614 - pdb path: .;C:\Users\22183\.jdks\corretto-11.0.25\bin;C:\windows\SYSTEM32;C:\windows\WinSxS\amd64_microsoft.windows.common-controls_6595b64144ccf1df_6.0.22000.120_none_9d947278b86cc467;C:\Program Files (x86)\360\360Safe\safemon;C:\Users\22183\.jdks\corretto-11.0.25\bin\server;C:\Users\22183\AppData\Local\Temp

VM Arguments:
jvm_args: -Dmaven.multiModuleProjectDirectory=E:\picture-master\picture-master -Djansi.passthrough=true -Dmaven.home=D:\Program Files\IntelliJ IDEA 2024.2.3\plugins\maven\lib\maven3 -Dclassworlds.conf=D:\Program Files\IntelliJ IDEA 2024.2.3\plugins\maven\lib\maven3\bin\m2.conf -Dmaven.ext.class.path=D:\Program Files\IntelliJ IDEA 2024.2.3\plugins\maven\lib\maven-event-listener.jar -Dfile.encoding=UTF-8 
java_command: org.codehaus.classworlds.Launcher -Didea.version=2024.2.3 install
java_class_path (initial): D:\Program Files\IntelliJ IDEA 2024.2.3\plugins\maven\lib\maven3\boot\plexus-classworlds-2.8.0.jar;D:\Program Files\IntelliJ IDEA 2024.2.3\plugins\maven\lib\maven3\boot\plexus-classworlds.license
Launcher Type: SUN_STANDARD

[Global flags]
     intx CICompilerCount                          = 4                                         {product} {ergonomic}
     uint ConcGCThreads                            = 3                                         {product} {ergonomic}
     uint G1ConcRefinementThreads                  = 10                                        {product} {ergonomic}
   size_t G1HeapRegionSize                         = 1048576                                   {product} {ergonomic}
    uintx GCDrainStackTargetSize                   = 64                                        {product} {ergonomic}
   size_t InitialHeapSize                          = 264241152                                 {product} {ergonomic}
   size_t MarkStackSize                            = 4194304                                   {product} {ergonomic}
   size_t MaxHeapSize                              = 4219469824                                {product} {ergonomic}
   size_t MaxNewSize                               = 2531262464                                {product} {ergonomic}
   size_t MinHeapDeltaBytes                        = 1048576                                   {product} {ergonomic}
    uintx NonNMethodCodeHeapSize                   = 5836300                                {pd product} {ergonomic}
    uintx NonProfiledCodeHeapSize                  = 122910970                              {pd product} {ergonomic}
    uintx ProfiledCodeHeapSize                     = 122910970                              {pd product} {ergonomic}
    uintx ReservedCodeCacheSize                    = 251658240                              {pd product} {ergonomic}
     bool SegmentedCodeCache                       = true                                      {product} {ergonomic}
     bool UseCompressedClassPointers               = true                                 {lp64_product} {ergonomic}
     bool UseCompressedOops                        = true                                 {lp64_product} {ergonomic}
     bool UseG1GC                                  = true                                      {product} {ergonomic}
     bool UseLargePagesIndividualAllocation        = false                                  {pd product} {ergonomic}

Logging:
Log output configuration:
 #0: stdout all=warning uptime,level,tags
 #1: stderr all=off uptime,level,tags

Environment Variables:
JAVA_HOME=C:\Program Files\Java\jdk1.8.0_202
PATH=C:\Program Files;C:\\Windows\System32;C:\Program Files\Microsoft SQL Server\Client SDK\ODBC\170\Tools\Binn\;C:\Program Files\Microsoft SQL Server\160\DTS\Binn\;D:\Git\cmd;C:\Program Files\Microsoft SQL Server\150\Tools\Binn\;"C:\windows\system32;C:\windows;C:\windows\System32\Wbem;";C:\Program Files\apache-maven-3.9.6\bin;D:\Home\MySQL\bin;D:\Program Files\MATLAB\R2023b\runtime\win64;D:\Program Files\MATLAB\R2023b\bin;C:\Program Files\Docker\Docker\resources\bin;D:\Program Files\MATLAB\R2021b\runtime\win64;D:\Program Files\MATLAB\R2021b\bin;C:\Users\22183\Desktop\web\dll;es (x86)\Microsoft SQL Server\160\DTS\Binn\;C:\Program Files (x86)\Microsoft SQL Server\160\Tools\Binn\;C:\Program Files\Microsoft SQL Server\160\Tools\Binn\;C:\Program Files\Java\jdk1.8.0_202\bin;C:\windows\System32\WindowsPowerShell\v1.0\;C:\Program Files\python;C:\Program Files\python\Scripts;D:\BtSoft\panel\script;C:\Program Files (x86)\Git\cmd;C:\Program Files (x86)\NetSarang\Xftp 7\;C:\Program Files (x86)\NetSarang\Xlpd 7\;C:\Program Files\PuTTY\;C:\windows\system32;D:\nvm;D:\nvm\nodejs;D:\Program Files\Rational\common;D:\nodejs\node_global\node_modules\yarn\bin;D:\nodejs\node_global;C:\Program Files (x86)\Windows Kits\10\Windows Performance Toolkit\;;C:\Program Files\HP\HP One Agent;D:\Ruby32-x64\bin;C:\Users\22183\AppData\Local\Programs\Python\Python36-32\Scripts\;C:\Users\22183\AppData\Local\Programs\Python\Python36-32\;C:\Users\22183\AppData\Local\Microsoft\WindowsApps;D:\Microsoft VS Code\bin;C:\Program Files\Azure Data Studio\bin;D:\WebStorm 2021.1.3\bin;;C:\Users\22183\AppData\Local\GitHubDesktop\bin;C:\ProgramData\22183\GitHubDesktop\bin;C:\Program Files\Java\jdk1.8.0_202\jre;D:\nvm;D:\nvm\nodejs;D:\Program Files\IntelliJ IDEA 2024.2.3\bin;
USERNAME=22183
OS=Windows_NT
PROCESSOR_IDENTIFIER=Intel64 Family 6 Model 154 Stepping 4, GenuineIntel
TMP=C:\Users\22183\AppData\Local\Temp
TEMP=C:\Users\22183\AppData\Local\Temp



---------------  S Y S T E M  ---------------

OS: Windows 11 , 64 bit Build 22000 (10.0.22000.2538)
OS uptime: 0 days 1:21 hours
Hyper-V role detected

CPU:total 12 (initial active 12) (6 cores per cpu, 2 threads per core) family 6 model 154 stepping 4 microcode 0x419, cmov, cx8, fxsr, mmx, sse, sse2, sse3, ssse3, sse4.1, sse4.2, popcnt, avx, avx2, aes, clmul, erms, 3dnowpref, lzcnt, ht, tsc, tscinvbit, bmi1, bmi2, adx, sha, fma

Memory: 4k page, system-wide physical 16095M (907M free)
TotalPageFile size 20535M (AvailPageFile size 49M)
current process WorkingSet (physical memory assigned to process): 144M, peak: 144M
current process commit charge ("private bytes"): 386M, peak: 388M

vm_info: OpenJDK 64-Bit Server VM (11.0.25+9-LTS) for windows-amd64 JRE (11.0.25+9-LTS), built on Oct 10 2024 00:01:59 by "Administrator" with MS VC++ 16.10 / 16.11 (VS2019)

END.
